Yes
OFZ,XCZ,IEV,YIS,YWM,LFS
ZLX,FSW,RMP,YRA
TAN,GAH,HNH,PVW,PLR
GPM,NXT,QZK,DXU
JJE,IND,WKL
TAD,YJW,WWR,KCW
HRJ,CTZ,UVT,NDT,PXW,ZCD
SGB,PKP,BUS,KDP,FRE,RPW
XYE,GGQ,RWF,LZA
QZS,LYV,HJN,ZTQ
ZYO,CPP,QMQ,VTB,ADH
XZJ,YVF,QBF,LXK,ZLU,LKR
DVC
FIP,GMA,SDQ,DWE
PGU,LPD,NIY,AIL,RGM
XAO,DED,QNY,HHC
LIS,WIB,BEP,FRY,JQE
JFV,TBY,BSN,GTE,EUE
IHZ,ROP,WSS,AAQ,FAG
AXU,KIP,SQI,KLV,TNN
AOD,REW,GOL,JXZ,UDP
JFP,PYO,SMS,BJS
BDD,SFB,LEN
GUO,EES,BSK,IQG
FIV,ZUR,WBM,KJK
AHL,PSL,ASE,JQH,RPJ
TIT,VDM,LVD,DGY,KRI,ITJ
reading, running, checking time: 40 ms