Yes
106XKS,110PVG
158HUQ,125ZJY
27MLW,199RYH,17UYQ
22ZRA,111DKA,78FKZ
51DUU
135QKV,126KLX,116LRL,72QSA
13EXF,120IMP,171XRJ,148KOQ,43IXG,58CWF
69VEZ
122SIZ,105PYD,108ZGN
28EJG,40JRP,76FFR,83UUX,128PSB
165WTR
49ORB,152BBL
138FIB
180CIJ,53GHE,134COT,102NJH,20DHX
176IUA,151EON,160HEB
35EIE,130URE,98MEQ,56GQY
174NEZ,168PZC,198IJN,45QGN,99SVN
37NDB,155EQV,55COX
18EYS,169FFZ,129TXM,54ZYW
191YSQ,14DPC,153AGF
25OHN,42QGU
79CUW,107MYK
46JCP,156AOU,73UOC
65ZRH,147XVT,34XRR,82XFF
159BDD,192KQR,97LCA
179MWO,142DIX
113JDX,139IXH
12OJB,70MIZ,161FIJ,163EPK
118EFG,47SOF
157LNX,112EPW
190IQX,115DOG,185DPQ,41VZZ,26OBS,196PZL
24LOA,38YNR,63NBF,74VSH
194QED,184IJS,164UGQ
124SPZ,16BVM,100FSS
103JOB,187BTJ,30ZKT
143POE,3JNE
67JQI,9HTI
177RBB,175OBH
62EXN,136ISZ
1BNZ
32WOD,131GQE
114AUP,144KCR,84VYR,92ERD,181ETP
52OYE,60BDP,166XFC
127CEG,188EEP,64FII
94BDU,146RQL,23RII
197ZYS,75WUK,189ROJ,10NNH,48HFG
0BMZ
101JWB,85TFH,44QLZ
167EKH,90YBU,109EUX
183YUS,89TZR,154EIJ,31YKI
145WOV,77TEK,50LPE
172LGH,150GUT,123DID
71KMF,36CUB,140XVC
162GKZ,8DIH
96NXI,7UDQ
88IRY,6LGD
173ETG,141RFF
66FOR,132PXK
86XRI,11DER,186DUB,68VUD,33VPN
119YWT
39BOH,170YRY,29PWF,81PSY
95TLF,133BGE,149DTT
91WIX,59QIQ
195HAK,193DES,5LIQ
15JHF,121TYK,57UYQ,178ICM
2TCV
4CKR,19YDK
87ITO,104FCA,61QHO,80UPY,182ZRI
21JHL,93OCB,137LVB,117VMX
None
None
reading, running, checking time: 167 ms