Yes
61IEX,185VIT,175TJR
88UOY,123SZC
25TZT,215GGU,125YWM,230XJR
142AUS,78IWN,154AOZ,205JFA
91ELT,18CJL,169IBA
252CIR,46IES,118DBY
132PTR,80SFR,65QZW
207COL,57VRL,58HGJ
75TVC,172FCY
157FII,197TSG,148YKC,153LZJ
211RKL
105EAI,163FTG,184ZAR,174ITW
226XUB,121EEG
122RSR,232ZRH,219MHA
110NRX,63GDY,33JUD
239SRL,178JXW,68XVC,195YLT
17ODG,136QSJ
84GGK,127JNT
188NHZ,217KPQ
141ZLH
89REH
30QMC,145NVH,220RPJ
50FOF,83SPA
176ZIE,41MML
73MNA,225EVF,98FGS,95RRO
74SAH,139KEO,210QBV,149LRL
236PSF,53TMB
134QXC,20IPW,42VYJ
51IGO
254CAZ,173HCR
255VIJ,77FDA
66CHO,109NSW,147IVD
96VKV
4AYB,181WAT,179HIZ
171ITD,156ALQ
212OJH,128UBX,62UXP,229JPL
177XGD
44ZUZ,48XXD,144KJZ
222JTI,124RCC,10VUB
32OSS,213NGG
47FJQ,168EFY
56HQL,253UYU,209FAL
130XPQ,162OKN
203QCP,36RGV
251IWR,90UCY,101EJD
193MAI,242NAF,167WYH
126YOG,160IGJ,72LPF,133RVL
201EPY,21RQW,59EMI,223SRE,243QSE
8SHR,49RCG
247KBM,76GTP,79HFN
16UEY,191IEU,97YMK,119VPM
82XLR,0IMH,93QKZ
114VVB
120QTH,129ZMH,22YIH,35OFH
137VLU
104QMU,228UYA,182RWF
234LXH
240CDD,152NDK
60OMI,117AQT,202ECH,43GEC,131JKZ
180XSK,64DJR,198QBK
12BYK
106JUK
200LLD,204LIK
224BNH
241UKH
92LUX,11YJO,7CNU
28ECM,194TBM,108SWE,24MDR
216TRS,113REK
3AVV,158LPZ,235RJB
37AXI,45NYO,27GEA
40AIG,55DPZ,165IWX
70CLZ
214EWH
71GZP,116NYV,138RPI,52BVI
14EQU
233ZRI,107YKU,146ZZH
249IGE,111ACB
231WGT,155AJZ
170SKV,190RMM,34DFD
246TGC,31EZO,135CGX
81VGT,151AWT
238VSX,103CSW
140RRD,39CHT
227ZWC,54KEG
206QQT,112XLW
87SQL,250NDU
237EVF,150KFQ
5BDT,115JSM
189NUE,29KSX
196KWG,186MMC,166JHM
192BSD
67BCS,26NLD,13QJN
159QGV
15XIM,164DPS
86GNI
9TQL,2AQZ,100BRZ
248XDZ,244VQH,23WCB
94WLU,199EYQ,99NEB,38ZAE
183KDT,208VUJ
69JVY,161JSP,19FUJ
6CRV,245ZUG,143CEZ
187SCG,1WAU,85SXP,218TWZ
221KMX,102NNQ
None
None
None
None
None
None
None
None
reading, running, checking time: 455 ms