Yes
38GHO,3ZKS
169JUL,7JCI
69XYS,64JNG,202HMN,153QOV
79BTR,87RHQ,4LGX
149JOZ,222ZDS,167JLZ
131WBQ,11OVF,140UKA,180CTG
2XDO,136ZTD,154GAE,181MCD,9FHP
16UBZ,44JNL,209DIB,198ONF
223ADV,148PZK,138PAO
224HDK,17OUI,212AAL
58FSP,164KYS,103ZNV,173BGT,99NCL
6WUK,22NDT,121GAZ,143CAD,126HBW
156TDJ,188LKW
66WRA,115INU,109SXI,68EYI
52PZD,90HCP,208GOU,158MHB,166JWR,45GVL
189SWA,114BFK,168ABY,172KCZ,77WAP
118IDJ,91ZCH,221UZS
48HVB,171DNA,159PZS,20NJT
95FKT,150BXS,113LVI
28LCX,105WFR,37DTO,39IWL,211TPV,176KJW
30WEP,40IKX,35TLD,49HGU,81ERR,132GUT
86CYB,26DYM,96NWY,204ZDB
46NDJ,193STP,73IUE,98ZKG
47YOS,125CWN,216JSD,210XUZ,117VEA
191OET,187SQH,50RJE,122GRQ,83CAO,85KBU
13TCI,178KJS,119JDA,139WMF
14WPC,179LUI,120LXZ
18EYX,170REM,207JQR,1RSW
108NBA,102UML,100MSI,133EAS,43YOL
127AMY,112ING,146KEW,124MIH
145HBM,196ACD,74WOA,116DJJ
71DOZ,56TSX,94RDJ,184RXJ
27OPV,62UZV,19SWC,67XTS
194CVN,32JWV,219JBS,134OFP,75OWJ
174XAD,220GCN,29TES
54RHX,110NCA,55DLT,213DUZ
177MAZ,214MMW,160XDV,157LAX,163YJG
72QPS,200NDY,12LTT,57WGR,70HTU,65HLD,111ADR
0SYB,106TXO,84BDL,175WOM,123DRO
183FMR,218IWW,162BLA
104DUY,197FAW,82DJE,182BYS,186IAX
31SSX,101ITI,185CBD,155RKR
152ASX,215QTX,88GMT
225SHP,190QQN,76GEL
97DVI,130IAS,142WNN
23OKM,135JYT,206GJJ,147VKB
78AFF,34ZMD,63LUV,53MBG
21MCU,144XRD,137AEC,15USC
199HXA,161MCP,107QVK
93ETP,61FLM,36GAL
151VNL,33GIE,195XTV
5ZJY,141ZUP,42VTV,51DNB,128DTY
10BJW,217HQQ,59JHL
60MEG,41MFQ,129DDZ
201WZH,80KYG,25HSM,92OAF,165ZDA
89OXO,203WOK,205XIQ
192VTI,24QVM,8BCH
reading, running, checking time: 165 ms