Yes
195VBX,163EVM,48IZU
189FCQ,207ZIE
212SXE,160WBK
68GDU,122OJV,149LBB
15SEW,210LIS,50UYV
82OCH,118AVD,12BWC
168SHW,34DWF,3YPU
62PXM
156DAI
35WNI
130KOM,172IIG
81JZV,199TFP,186MTI
133JRP,128CHW
94ELN
27VQL,47UUL
102XVQ,30YBE
126GGP
174LOK
8PYS,106FSQ,200YWZ,175SQK
111ASF,56UUC,37PSC
57SCF
183XUE
129AOM,153ZAO,40HEO,173DDY
113UGB,54PWL
42RCE,154UFE
197DZX,36JKI,96KMS
167FDM,135XLN
1RKB
10ZFT,194EQL,138MMR
116IUN,165XKZ
41CGU,24LLW,79ONI,205YBU
53JCE
26KMW
14IUO,213WMD
85ITF,132FVO
108WCR
147VBE,83POD,120DYR
87ZLO,187AQO
158AXD
77LWC
31BQZ,110MZO,13UCK
145CTG
63CBA,176JRB,71ASM,185JQH
162CGS,74QOC
127ZSB,148AKC,9VAR
146VHB,182PYN
140AVR,52MBR
5NSI,32BUA
151PWF,6SUF,142QEC
107KEZ,17EYO,114CQP
115QWD,88JFY,49VPL,105RJM
131TFX,45TUI
70UYU
65ABE,28ADU,43MYS
93FMU,117OYE,198OOR,209LBE
2PNF,76FGY
66IWK,150CLC,58WQD
123QYB,4UZO
161IDB,101OMY,59VSU
46XBK,89XAJ
119YSL,29GCZ,25LMD
159ART,152VRO,171ODM,55HNT
69YBT,44LMM,7CNJ
73ROX,78OXJ,109ABO
60DTD
38NHC,192IVQ
75CPI,80QRW
137IYO,177JBS,144NTN,95XJP
19QTT,184LIH,18ZLH,204BQJ,180XBN,178HZJ
125GCR,84RZL,157KBL
188EUK,191GQN,67KZK
202KGX,91QPA,61JJH,86WKL
21BZL,92OHE,193FAN
136WZA,97LDB
16MIW
164JFK
72PQE,90JHF
39HEP,155GPZ,98ZWX
179VFH,20CMH,103MTM
141CEG
23VCG,11JFF,64CWA
201UKI,169VDB,104ZML
134DOR,170OOH
208LFQ,196QDL,99AOE
181DBN,121FEZ,203PIY,214OAA,51MEF
124ZFC,190YKL,139LFR
100CTZ,166YFZ,0DSU,33PGU,112FJN
143HGF,206PDV,211VUQ,22TVJ
None
None
None
None
reading, running, checking time: 263 ms