Yes
274FXK
96SPD
240EKM,275OWL,288MNF
50IVK,191DRR
106FUV
16ICB,260QMT,77EEB,277LAN,154LWA
21VTG
25QMQ,159JCT
175JFM
140OOQ,24OZI
241RCM
282EJZ
131OFO
287PND,142DWK,71LBO
20CTY,248VFX
59TNL,107NKF,169IRK
134JEE
278WOR
103ZFE,289PZM,2XAH
44VCD
152HJV,87AAY
113DNE
83PRD
227FCY,127ZVK
149QYU
68CFZ
64AMB
208HMS,45AIN
78WMH
35CTV,80TWL
141DOY,188ZMU,147XZW
187EZE,215OHL
178HLV,203NNO,31LHI
52IDX,206WMV
132HDG
70RLK,259XIL
221ZGK
29WYG
72AKR
166RCF
34FSD
205UNB,128JEG
123YCL,268LPN
37ZMU
254FFA,112DSE
3CEI,101VOI
148SPG
266LLQ
61AIT
231FPS
204YFX,139LCP
95JXT,151VAY,91HXD,258ITT
285MRD
291KSM,19WWC,92EFY
115FSN,90OVT
224FRS,222JYI,57OCJ
58XWO,255HTI
198KYW,186RUN
54GRN
172OYD,66VCA
271KIF
234QGP
150STW
290ZON
12MTO,76HEY,161MVZ
170RMC,51HOI,67SNW
81HDM,270RWQ
129RKG,17ZXL
43WHI
269CJG,145UFN
239CAZ
262BGO,137CIB
1BYH,105PPQ,247SKX
179UZV,99PHA
110JEB,283ERZ
193BTL,118ABO
27RRR,197NUL
244VGQ
119WIV,124UNW,60DCH,8RVG
253PZS,184TZF,5EVM
228KKE,207IGC,210ANY
65FFB,111DKW,74SOG
177PFG
69TZE,158GIH,108IZC,33ZFY
217AQS,30HSO
88UNT,164HWG
174SFD,211VZO
49PMY,104BMV
39SJL,284UVK,273XKD
264ZOL,226VMO
55OSA,276YBU
196WMF
32PQS
36SZU,163ZCG
237LHV
209XWN,146YFI
46EWM
165WHC
9IXD,251AJV,199ADF,136ZLC,185TRT
194FYS
201ZFI
263OTB
53ZRF,279WRF
40TUT,82NWM
182QMC,246SCR,63LEZ
171URN
0JDE,102DYG,249FEM,89VGH
257PHT
160TQE,116UDZ
223NKG
212PYX,48BAH
256WWU,181OTT
236CVH,167RWP
133UAF
233IDE,281GNT,176UGF,135WZS
265URT
280VJY
13XBY
219BJU
155NSU,229NZW
79WVN
10DJK
272OGU,14VRT
220WFD,120OZA,73KWU
195SRT,121HPZ
216JJB
250ADL
202YWO
28JCL
26ONN
230EGG,109OAZ,62MWQ
84JQV
235WZW
117QRC
214MXR,157VRM
243SFD,153CUX
225AEJ,143TCQ
11UUG,18ZXY
125AKL
15ZAA
192PHR
218GAF
183CJH,22HLH
7XWM,189UBY
144EKR,122RHI
238BZG,138SVM,180XYQ
6XHW
168PWZ,114GVL,162JAT
86AZI
130UKN
213UVH,261UAS,292ZTD
245NEE,126WCE
41LHF,286JGH
100DGE
173UQH
23ZDI
200ANK
93RIN
94EBU
42LSU
252VBB,98PCN,85CUO,190NSI,47DJR
242KRO
97MIX,267VUS
75SEW
38USF
156SLO
56YYD,232TTQ,4DXZ
None
None
None
None
None
None
None
None
None
None
None
None
None
None
None
None
None
None
None
None
None
None
None
None
None
None
None
None
None
None
None
None
None
None
None
None
None
None
None
None
None
None
None
None
None
None
reading, running, checking time: 819 ms