Yes
146KFJ,215LDJ
94YGG,292XDU
190BLU
288FDR
147RJV
148QPU
24UUK,404JNM,182FXW
17PBF,60HBQ
74ONR
153BUY
164BXP
54LPR
199KZE,59MYO,184VKC
63FUZ
56LAZ
212AKU,119ZMI
224IKF
64HBL,25MHB
55NEJ
243NKB,375NXK,385JIP
402VVG
137UTA,393XDT,247NLM
186GGX,99SED,34KFT
301DPC,398LJU
394LIY
90YHM
61OPT
19VFC,73FDG
290QNN,217OLR
178NQD
322QDE
197IVJ
193OIB
27MLD
387AEU,361MYI
100QYV
296FFA
221GYI
158YZH
16DIR
18CXW,70EYI
113UBH
86VTP,150DCH
283DZG,89JSP,65MFM
38ALE,41TOV
294LOI,139BOI
297UDN,346SLY
251GGR,407ZIX
359JCQ
270QDP
284PUO
282XKP,149SLQ,81NEB,188MGO
260CRM
276BXX,356ZCK
295CYD
177OIX
257QFL,189UXV
9SWP
133CXC,128HXO
30MRL,196RRS
49WSE,389WQE
232NDH,151WJO
120YHZ,230RQU
285GRP,338CQU
76UJP
5YZJ
351PCH
111WKB
331KMP,206QUW,107UMI,167VVS
106JTD
6VJW
104KDL,291CMJ
163QIY,62CQP
1DHY,102QJE
208FIV,69PXW
20RQF,325CXN
303HHH
410MIW,134OCK
340VLA
185GVJ,236BSU,395HEH,37ITO
40JML,33AMX
210QMV,223RMV
203HQT,278OIB,399WVU
225YHC,152NHU
80GDT
273WSY,313URC
211DJL
383HUH,262NED
360XSM
161KMY,181BLR
21FQV
344ORF
235JUB
200BRY,391GLM
136TOT
13QOV
169WST
308JSM,364RLA
246GQX
362FQN
96LGW
304COR
300BVT,401ZJO,8IVD
408ZNO,132LFH
131YVL,358MBX
280UHY,140DAN
67GAO,314TGG
201ZAT
207DUN
31OZW
396OQQ
248LRV,115TDT
342EAU
264LNF
234WZY,22QTN
57DKX
105ODF
355RHQ,216EBD
32JZB,183FNO,242BIK
277TYU
126SPR
321RJV,118UGV
287OUF
53RLT,365EKP
179HIC,281XTH
79SQL
204WES
7QLZ
379YFG,171OOH
326CAY
0NZC
123QET
403HWM,83GZX
26CVQ
143MGH,142NHE
10JVN,411AXS
390VRY
165NEE
319HSJ
320TXA,347IBG
332RDU,345JCK
198TSD,44JEC
328VZF
388AQE
101JYG,39VUB
409FQX,349MSD
51GQB
187LUT
58NLA
333JEA,122QMR
117PMS
11OQA
339VXB,218KHF
337JPQ,145ZVZ,249QWC,368CCA
406TLK
255KAV
237XXY
341NVR
279ABP,374FOT
129VUL
271UDU
4ZAO,219LSV
52PNV
28HYM,176ISZ
366ZRE
323VHP,110QRY
71PSO
298FLB
228QMI
98MJG
202UGZ
160NZU,93OOH
156BZY
275ABR,265SDD,141IOS
370ITD
245PDS,77TJU
263ZBQ,130ROC
116FXW
48FDN
369HHM,36FNL,372OSF
306WDB,226NFT,42LKQ
68TNT,15KFQ
405SZR
78NZP,2UHS,299NIU
84FAW
353DDE
318XLZ,14XMF,45RKA
381KJN,43HVF
272LXK
46RWR
330USZ
335AUN
222WPX
302YYY,88OUN
138ZNJ
170MTL,310MSN
135BYV,256MKC
3FGD
180LQP,327FOF
400LBJ
258PQI
261GHG,114XRN
166FHZ,382YJX
311OLC
66FYZ,266EAO
47WMV,316SVD
259KZL
23NBC
253OHV
269JUU
254ULP
350ANF
412QOG
343FPR,205ECE
380TTC
268KTP
367ELK,229BKH,386QOE
109JOW
377UWJ
124ZCC
155RJD,397PGN
317QTJ
35EBP
173BHW,354QKN,238SBD
214ZDT
312UNF,82UWM
286DAS,378UIR
241QBY
75NRQ
274ENS
244GIW,329DRU
162DKY
92MHH,192PCV
91EHI,127VOQ
168FOS
233PTP,231VDT,227OPF
324QNK,363MCX
174STU
357DFB,121RWX
213GUU
50MTY,309EVZ
87KHY
125ROB
289FWL
334EPW,384ZPO
108GUM
97AMD
172VYE,305PPL
267ECJ
376QKN,348WAG
220UUL
103FVE,239YMU
175OCI,392XPN,112VHR
72KOI
252OEE,373OBX,154ACR
293ZKJ
29OJK
315HCE
194UKX,240ZNE
250IBX,12DDI,195ZXT
307HWP
336TCI
371UJQ,157WWU
159NSV,352TJM
209ZTA,191IHK
144NBF
95BBC,85HYM
None
None
None
None
None
None
None
None
None
None
None
None
None
None
None
None
None
None
None
None
None
None
None
None
None
None
None
None
None
None
None
None
None
None
None
None
None
None
None
None
None
None
None
None
None
None
None
None
None
None
None
None
None
None
None
None
None
None
None
None
None
None
None
None
None
None
None
None
None
None
None
None
None
None
None
None
None
None
None
None
None
None
None
None
None
None
None
None
None
reading, running, checking time: 3633 ms