Yes
29FAY
224NJO
41TPY,84TKV,203LZP,227GWH,159PQD
141TKG
64RBI,192NAN,108EEF
60QVR,15UBD,231WWX
205DNP
125KLU,182PBJ,76VMX
65CJU,189XKW
219PPO,171ECJ,180IYI
35HYF
47VEZ,153TLY,158SRA,229SZY
37EUC
149CQQ
220WAE,169SMC
89MHF
209ZXN,133PCP
71HRB
97VZA,107WCM
131HZP
46YVS
32JOH,100RXP
152TRM,164MIO
96YOF,79CHT
14VAO
70OUI
165JHT,83FGS
148XTB
139TAR
122SUO,126YCH,48RQK
130BUH,210OTT,93UGZ
121LRW,188DJJ
94PZJ,115XLQ
78UYI
195JEQ,136VVR,21XNJ
168SIZ,3HYI
202WVV
238SLL
217ZFA
207QWB
68WWN,103QKO,74DKJ
80LJH
81WHC,157KBI,206MEW
75NHV
218TVF
77SCS
212EHN
85RPL,190BRX
91QTN
90HYZ
10RQL,112UDN,92HYO
5QQF,184QVY
86DCW,38YSU,185HTP
44FCO
145ANW,111ZLN
34VZT,16AJS,27AKH
13XTM
99VHW,51RIL
143XPX,62ZIK,211LSY
166JRM
200IDR,106SRF
223OOH,30ZTS
114UMF,105SZP
56VQK
181ZME
20NCO,9IUR
49MWX,25CWU,147ZGA
61NOG
163QEX,234IEC
172EIR,52RBP
232DAY
138WLD,193BVG,57QZM
26OWA
198ZCN,191MZI
215HVF
45VPI
39VZX,95STI,221SHR
82IYH
104OZS
88UVH,144PDK,230YZC,137ZTS
128BRI,118JBU
22LCP
8NVG
142CQQ,214WRQ,176QHW
117FVX,54ZBV
69DSI,101IPJ,151YUH,155BZP,208UFK
235AUO,124SEW,6KIF
19BYJ,225YXU
170FVZ
134JWP,228CMT,199WDP
58DIJ,146QTU
43NQS,236WZQ,7QDI
110KVT,18PTS
175VNY,116ZYL,222HVT,194QLY
187LCQ,17JJP,63BYE,109MDU
161ZGD
72TXK,178LCZ,132IEE,183NVG
127YWR,179IHW
23OCM,59KSO
11KLH
31XOE
102AZI,177JIO,50MCD
4SYY,204DSC,66NOL
53FVL,150PAH
36DPM,173ATN
42HPY,1TYJ,237CRC
140JHH,119SOS,33FEH
40RCS
55IQB
154SFI
135YBF,98MDS,160NXY
213GLI,73MEM
233EOF,174MXQ
129HQL,216HLG,12RRX
120NNM
123YUG
196FWQ
67KXS,87ONM,24ABU
2GGG,226DCT,167UUU,186BML,113YJJ
156GQH
28FYE
197YRN
0HHO,201MQJ,162TCA
None
None
None
None
None
None
None
None
None
None
None
None
None
None
None
None
None
None
None
None
None
None
reading, running, checking time: 424 ms