Yes
186YHL,218JUJ,41FGN,66XBT
94QVR,117ZTW
162HFN,123HJM
200DDD,185AQN,77GGZ,6BBW
167DJI,147KIJ,136LKF,152NPE
12WZF,220WBL,25JEJ,81KMF
164TMN,82ZMG
75XSJ,40UYQ,166KNR,67XLR
233SVT,91KJZ,122YOW,188JGL,48JQA
125QAE,13IWE,3OLS,140OUX,46YQQ,148YGM
51GRT,142KKE,34SET,35GKW
16QCK,184PXZ,236UCK,170AVR
105IMR,92TEP,234NBP,191EPY
36TQD,0NDJ,205BWN,74GDS
110HMV,21LXC,175PJK
238WFB,168OPP,99PAP,198RTE
189ENY,231GTE,223FKD
180JSF,88ZZH,201HUD,14CQO,138AEW
206EPM,179KOG,194CBN,120EXX,232LCQ
87ELB
10MYK,143MJH,158XPF
80QYD,159NJE,145EVF
23YPH,56YYJ,113CXJ,115KAS,181JEO
151CVU,217EOT
57GCY,11INZ,90IEG,203JCK
237LLQ,79CWC,47MRC
187BTR,128BLD,22FWU
132CIR,124BHS,155BLS,156QVW,173VDA,149XLE,5KQC
161PAG,160GEY,131HIP
126RQW,49KKQ,202OKC,85LIK
228WJY,224AWS,93SNW,150RKC
4OOT,134OUG,153BGM,55AZU
118HDG,26FFX,219HZV,204UYZ
18MFQ,235TDW
192QUZ,44SYH,68KSX,106NCX,133JYS,96PEF
104OTQ,89LFP,95QHU,171QFP
127KUK,229XRT,210DYU,222WCM
114OPA,195WTC
61DVF,163KOW
100EUT,19QTV,86IYE,72NVC
32QFO,71NYG,39XFH
121FKO,58BEY,9RBS,64NAP
208UWL,182NRN,146OPZ,112FZF
165AAY,7CEY,53CUW,70NUX,193YJL
139SOQ,221QLR
119NGW,116DXZ
215VCG,176OUN,214RXV,196GBD,108ONW
157HDG,2XYE,97AZY
103CMD,102AUS,226HFS
209LLF,37BHB,172HYH,141GIG
129JTN,154NMB,63GGN,20VMH,197JMX
78KZC,43DSS,207BYV,230WXD,54RIG
31OSZ,38XVP
83AXY,190APU,27HLJ,15MYQ,73RRQ,130RIX
144IQW,29LKC,1THQ
109SPF,225BRE
239WBU,107SWL,8RRH,216HGX
227PER,211RZH,101HUI,169EJZ,62JFK
98KRU,69HZD
33BVZ,52HAN,178SZW,111JKD
213FII,212QSF,45PAB,76QMQ
137LWL,42ODZ,183QFU,174PFG
17KAA,24LRP
135PYB,60QXD,177SIL,50JIV,199CBT
59TSK
28ZHO,84SAM,65CJQ,30AZL
reading, running, checking time: 262 ms