Yes
141RLJ
82EXQ,62CQT
283FQR,287VRC,240FYU
25ASA,129GMP
101BVM
99DJB,266IWY
150KNQ
214TPC,162HUV
76NUL,66ONT
103OIX,242QNJ,191EYP
225SPH,209OAV,167ZZK
246GBQ,148FWM
217DSX
84UXT,241PSG
55RBU
51HCE,11KQX
61PHP
95ZGL,190VUE
12NYL
261PWO
91PUX
93YZZ,243DZH,278NBN
258UIS,125XMZ
46IFR
255DYT
173HPS,227RPX
56RJB,269EES,222YMA
106XAO,223TUJ,139PHE
155FUB,117SGV
224QWR,219RCC
2BXK,267HTI,17KVO
205QFR,5VKR
127FPP,172EXM
151WGB
144UOF
142KIF,179JZP
37ZUK,44KHN
157DSV
116BWU,64OKA,6OMG
212RTT,33JTK,32PCH
181IRX,175SBJ
158EAF
34EUN
57INE
7LWS,111OGN,165UCG
81NFI
126KRZ
186TEO
218WOR
108SYT,47KNG
239VYA
276KVG,28FPA,13IWF,63MIP
156AWT,176HAH
281ZHG,10TDA,110CZM
80WGN,97LAV
50SUL,100ROF
27PEX
134IVU,272HMG
200IMV,18CNU
238XFA
3RZU,182GNK
188LAX
68LLO,59EMR
290OYU,259GZH,208HJK,107LIV
275AZX,185ZCT
143UIA,236COS,136HAA
71VBT
121WNT
235RDN,174IYI,264PPA
41RKR
193XJF,60NIB
237FTH,49OZD
72XND,257XGN
263WAZ,22LFI,88EOF,249ANB
16GZB,244SRE
119CWV,75TOZ
79XHJ,58UVK,115JKI
213JZX,130RZW
206FOE
133BER
254STY,122LDL
45BST,40TFE
202USK,252PWH,132WOK
216SVT
160IGX,146LHN
286BBM,77FLN,94AME
92QML
123TMK,20RWT,166CBI
270JIL
262OET,273RNQ
23RCB,43CMC
228VIW,230OUL,271TMN
30WOA
137KWW
98CNJ
73WUV,67ACE
48CGN,19GDL
70XWE
265JIW,114RMT,234SMT
274YOR,89CGL,1YFD
187SMQ,54VWZ,124XWO,226LSS
192JAD
285BYP
8WBM
24WJG
163WHX
53FJP
229MDL
233OUF,170FIB,211WFF
210PDL,102CTA,147GKI,207RFK
164PKI
120PJY
250IBI
184HNR,96ONC
145TYK,52IRE,86IVQ
152HAD,38BKN
39LUE
69COC
199JQH,35SLV,203MPP
248TEO,215JPN
180DWW
14RIZ
282JVD,253SYH
198FYA
83OUN
256RAX
268CDZ,195FAZ,183PYX
87WWK
104MBD
284OGW,112DHU,118FAX
109DXV,169APA
90GBH
161SIU
231KNB
135QPM
131UWQ,289MSN
293OGL
31XEI
159SIW,292NWK
221RLI,138RXS
21VJG,178INJ
197CJW,85MVK,194MOH
29ZUV
9SKE,168DUP,177LYE
15GGI,171WTH,36CTY
232HHJ
154EFZ,279ACT,245HTF,113NNL
105AQZ,149CPV,4MMP
251GWR,201DNH,220PDA
0TIH
291LWP
78OSA
280IAT,128ADI
196MVV,260QEG,204HIX
26JFQ,277PSI
74BUG
288VGM,247DLA,153WCR
65FRV
140CLO
42QFP,189EOF
None
None
None
None
None
None
None
None
None
None
None
None
None
None
None
None
None
None
None
None
None
None
None
None
None
None
None
None
None
None
reading, running, checking time: 1141 ms