Yes
30ERZ,341XHH,110GOP
95FPC
198INW,309HOB
120KDJ
39TFP,196PDA
299TLE
114INX,82SFI,312HXQ
322ZYN,383EYU
301YUG
326DSM,272IFL
193WPW
358RFC
116IUZ,86YJY
58LUE
108GRF
293ACA
216OZE
239XZZ,323OYQ,344FVV
146TAO
268MLC
48LXJ,223FXG
104TEA
42PRH,93XLF
366NXE,314SAW
240FZC
76ZBQ
228EXM
123JVD,327QRQ
253PEC
117GVC
329TPU
44IXW,235ZOP,50MJH
257HJP,290BCS
377BLR,41FSR
359IKR
386FNT,45FSZ
26BYY,258TKI,340JED
71ZMR,392KHH,345ZAZ
222UOZ
389NEO,276YDF
131OCK
234RUI
159KVS
133BJT,294OQA
271JHM,154HHL
130ZRL,65ZLF
170KLQ
37LRK,134WWG
205HGW
125TZS
369GZP
98DIC
354ESE
77KBR
224YXX,202SUT
31RNO
283SUM
266QNN
145ZEL,343KGZ
209ZTM
348VIZ,313KWG
55AAI
394TDJ,238DFW,378TBG,333MKF
247ZAJ
12DPI,187XAS
365KUG,61CRH
137WBU
179ZAL
215JIU
367EKR,186HOM
237EDQ
195GMC,101MQH
349MEI
395CAK
126GRG,270SDK,295RYZ
161VEO
119ZPP,105HIY
280LFD
303YQV,118DWF
80CYM,28QDN
54BTD,23HVG
168YFG
153CDK
99ECP
277GIJ
219MTJ
279JJU
21ZHT,243XQT
188DYC,318GSX
181GLX,156NJX
144QDQ
388YRJ,284VKS
62YGS,371MZY
155LJU,87HSZ
129STV,263VNS
147JBT
14AOG,255STE
185FWB
384NAJ
56CEH
149GYT
298UZX
66EHQ
152QQD,319CTK,183NNN,5MPC,17VSN
362PYB
1JJT
67RHR
2SXA,175DIM
245OYA
375FSY
316DGT,3WYV
200WFH,171SVU,274ABF
328JNL,88IRN,190EYI
6UZJ,32KPH
27WYH,0BGG
308ZVQ,363UOW,334ACQ
391NLR
135UMQ
91EZM
393DWI
211ZNO
81WZO,10WIY
226VQQ,201JHD
106WED,124YZO,350TKT
304EUZ
281URE
248ARS
158JHC,47RMR
285DPZ,194RZA
382ZPJ,336WBS
346HCH,85PXK,380GCH
347ZEI
75DKI
355JZK,397JXW
246JLB,111OKB
292BQG,199UVU
231LOG
140OWQ,22ZFR
324TOG
206QVP
160XPN,227XEB,115VWY,203TWN
374TRS
68JOQ
60QFM,387PGR
252HJM
342EYF
282HAG
213YTU
69JEA
148BFD,83SFB
236AKR,225MRY
79CLM,167GOA,174DKR
379LSC
18WPM,269ICO
267SFV,102SDS
218LBR,372ENP,233MGM
73CKN,335CYG,217CSY
261SYF
142XTW
57DXR
24ZJF,127GQZ,232HCP
291QMS,9GNM,331QOS
25RCA,311RWG,264SVC
265FOG
191PLY
286ZKI
109KBH,317ULN
40EEG,351YCL
64TWM
273AJP
189LYN,361QCT,92OYZ
208JVO
178YPA
94OKB,70FFM,288QMR,184IKM
229DXJ,169BCW
172AFK
35GGO
52WLC,16FFM
163LJU,330WFS
302RIK,338FMK
122ECR,182LIE
297IHO
166SAS
78GDU,250VAP,352JLB
241WLD,165SCM
176SGR,242KWA
72BUM
51NQU,278CUG
396ZBW,337ROI
275DCD
59QRB,97PTZ
368DJW,7DNK
370EFR,310THV,230VXD,220UQB
157NKC
210XDQ,150MUT
325LSI,207PZE
321XLS,289ZXT,33ITJ
143CCS
356ZXX
381IFM,8NYH
121RWT
107ASD
139DLC
385RYK,204NJL
162HSP
103GNZ
373OSJ,259TJK
177HNL
4BKM,262EYM,320LYO
260DGC,112NUZ
307NZS
141LQP,300TPK,151RPT
15SFW,306BZY
244XSB
214JBC
251EAO
249PGS
63ZDN,180EPY
305HKI
360FBP,38ZUT
221OBW
89WCK
339FBX,96KUM
46OST,192TVI
20BCO
164MCE,353JTU,19CMU
173SOH,390NBW
332OSW
100PKA,34SWY
136QQX,53LTH
43NCC,212ABR
90REH,296WKG,36GBT
84TPW
315AVM,11QAC
138LWJ
74IFB,376PQP,13UTL,113STJ,256LDU
29MHM,128HAM
254HYL
132SJU,364FDG
287VGN,49XAP,197UPO
357SGU
None
None
None
None
None
None
None
None
None
None
None
None
None
None
None
None
None
None
None
None
None
None
None
None
None
None
None
None
None
None
None
None
None
None
None
None
None
None
None
None
None
None
None
None
None
None
None
None
None
None
None
None
None
None
None
None
None
None
None
None
None
None
None
None
None
None
None
None
None
None
None
None
None
None
None
None
None
None
None
None
None
None
None
None
None
reading, running, checking time: 1834 ms