Yes
91MAE,47EUT
225NBU,265GOY
26OJQ
121EAY,23WLN
42DRN,170LZL,38IUN,51LNR
126QRZ
113IQU,104QMK,237NPB,80RCJ
50YUO,267FEA
122XNU,6YUI
129IDM,14MNW
196ZTT,213JAE,220FSC
35TVP,234GOO
57XEL,184SLJ
127SVJ,98XCS
100HBS,77LUB
219MNB,176LIM
75GRC,89QLX,250DKO
25BKT
268WDT,116DQB
106TMY
65MNE,181ANC
41ZLB,258QIK,46CCH,111WUQ
257IRI,231OEW
271FUX,249WUY
148BKV
31PYM,256SXP
177UVS
180HKQ,109SXG,185KYJ
130QYR,101QSG
241IPI,49SHY
79VGF
147HGJ,3AQX
173KGZ,214QLW
166TMB
200TPO
21OJG
190EZS,171DHW
236XOJ,27CAJ
159CNU
110YST,90BZD
222KBA,60RTG,142EKK
228YWB
224SGL,117UGU,188XME
153NAV,240GNP,179YEI
95RQJ,243ALD,87CLC
246XFJ,56JRK
157TQU,10MOF
191GAJ
140MPH,205LPC
216SRJ
84VCK,169AUA,44DFR
37PCB
92JTX,78RXW
195BXN,154UAO
125KXP,251GRW
34FTZ,136YIX,137NIN
194POB
17LSK,19EOT,146ZGL,262XKL
139QDM,86PAW,0IBU
12QBZ,105SKM,30NFZ
62XTK,11IBI,18GSK,178DPD
134MMB,143ORS,208SUY
93QHP,227LAT
255LLJ
230DUK,165IJL
9TII,48TFU
161YDF,20YBY
24FAB
58ZLW
63XHN,124RYT
74HEG
8KZX,66TKD
149VDX,107ZVK
16XHK,242ZVE,270XFC,232AWU
155KKW,158QZD
152NGW
39QHT
247STL
226HSN
238EHD,128SBY,229CVS
202SED
201XVI,99HPE
131GXH,182HEM,88LPI
151YVN
94ZPX
97KJV,85OBJ
123PJJ,212WPB
233MVJ,1IUN
118DYK,135UXW
261ONV,2QVP,83GFY
209QDK,217PTS
150KVI,102JUG
221THU
192UPF,22DWF,45OFY
40MEM
189FHQ,133OOU
15MGL,70ZLG
259AAZ,187CJU,81QJY
160NZK,175WXH,7ZAA
260ERI,254BRU
204PWH,252PKI
67NRW,54LDQ
266HTE,263BFY,203ASA
82KHL,269WQG
206LVV
244UZP
64SVW
114PZI
73SQT,119XBV
156JVJ
132SFS,193SFR,199THL
13LOI,162SFC,215NXT
72CJT,218LTI
164TCW
167UWD
239GZY
141AXM
253VSA,174JLL,69VLN
183UPI,71OZD
210UTL,138TRF
198ZRZ,245VWZ
53MGH,264DBU
4NXN
207XBZ
68PXF,168RAI,144URI
36MXU,248JTB
43OZG,33TIR
108XIT,120QVK
52JDA,186HZP
223AJE
145GKJ,32EUW,115GCV
163XHT
28LZF,76ELM
211UAL,103CVG
197FKC,96HNM
235FQT,61ZLK,55YHL
172EQT,5ZLM
29HDQ,59XQC,112AZN
None
None
None
None
None
None
None
None
None
None
None
None
None
None
None
None
None
None
None
None
None
None
None
None
None
reading, running, checking time: 580 ms