Yes
71IBC,184GAZ,29CNY,150PKF
46CBH,140BJD,92RWU
121HYT,28JOV,167XDR
118JYJ,62MTE,151NRR
122ZUP,89JQW
1LDN,26JFI,128LGY,22SEE
10BCF,81JBV,88PEN,23LMV,142ABC
70WVN,79ENB,53KBU,11LKC
41BTP,69HVW,120EJV
66FDN
73MFU,137BNP,8NCI
197UJC,188IOF
159SXA
21XFZ,67SES,30RQE
60PMZ,18ZJS,43LPI
47AIX,160QDP
95LYA,103YUK,180YZM,76ERJ
177QZJ,57IXG,45MQW
16WZO,165JFO,12JXQ,83JNF
129CVF,99PHU
133WTS,161OKR
175ERH,178TIO,27XLJ,52HWC,74AXZ
39OAK,144BAV,7DUA,50EHH
139EBC
49OHU,20OCL,112MMF
127HLX,91OWF,96CST,78JPO
185YKB,104HFK,87BTO
179OGB,176DPN,163YYB
138WGF
152ESR
85BGK,100VRA,101EGL
147GWZ,172UHB,124JUK,171AQE
38KTZ,56RBY,59NWM,119JOH
98YNX,9UYZ,174UMZ
135YOP
170IVE,5FSJ,93PNS,134TJZ
155LKC,33GUZ,187ZFQ,13ZJG
182TTV,82IGI
181EBU,84LBL,153LLY
58MTA,110MYG
40HGX,19NES
31YTT
35VWO,61MCW,146LNG,36FOX
123EFD
190ACY,164FKQ,0DPI,113KJW
102VYD
117CAS,194AXP,157XQE,183BVO,111ZOA
2HPB,4CSK,65IDR,54BQZ
149XZH
154ENS,14PSL,158KMZ
106WNO,6ISL,126QDO,116KCL,107EBS
72HIN,64PEK,15AGE,148UQQ,196GZX,68AAO
166SPY,114BTF,34UNV
90BWX,48AWO,80OKB
195BDO,136FLN,130TDG
115OIY,17BXA,193XVK
145EVH,75VOF,105VMQ
63OHR
37AQH,97BLN,32JLY,192UOS,25JEE
169SGR,109VQR
108DXO,162IAH,42DII
132BML
168DGN,173XYD
77NGE,24OMA,51RUB
141VKH,55SSF,186KDQ
44RDD,3BJI,125BTL
94HHT,156JOQ,86RUJ
189GIP,191QKW,131PUI
143XXB
reading, running, checking time: 193 ms