Yes
119YLM,213ZCC
62OHL,115NTL,210ZCR
54FBJ,169NFJ,220MVO
178UIU,212AVG,154YTL,68GUR
202YGT,56FOS,71XXJ,182WJF
98FCB,124MKI,45AJU,215GPG
84GXI,52KKQ,167XLM
170OHZ,137VIC,188RKQ,34ZCI,136VKM
205JEX,8ETA
75EEN,217EQT,181SSN,31XOW,152EEZ
155SID,16JGZ,17LRT,176IQL,64CVW
58EWD,203MWD,90QYF
105ILL,70LYL,118SJW,38BQX
144FGF,12OYQ,177LDO,99BYB
120IQB,122HGW,128FAF
29GYR,214DJF,142DUJ,183GON,88KQC
22ARN,186SAU,127IUU
168QNQ,199FRO,165MDJ
103AOG,48BLI
107SCN,219PMY,4STD
112YBJ,15MXK,87FMZ,121DZW
106KES,129LAF,72FIC
79AUK,24MEW,83NKK
126GSX,67IMC,201LCA
91GBW,74WVT,195SHF,82PAH
172TQA,110YRW
179DLK,61POJ,27TGW,33DYY
30YUH,174NBG,113EMQ,163GYM,89TVS
206MKC,2ASU,198RYV
194SII,86GOO,208ZRH
134RUM,100EOI,53DIN,9VXS
10QTZ,66OXJ,96AJH,57REI
3ILP,197ESK,1MJI
60DGF,6DWB,171XPP,216UEU
55KTB,161EDK
80TEC,94HGT
160HRM,5LJF,104IPF,149ZHK,145NVC
69RMM,37PPS
132AES,111FJP
218CUV,131MSQ,153XTM,148NFN
23HCG,43THH,209NVT,191HKT
65QDS,138RLO,59KQG,95XYZ
139BKZ,35VAQ,190RSY
28RBI,143TZK
185BES,204XQA
85NYO,44VGG,130OTE,158RLE
76IMG,101FTV,150BRB,141QXX
40JFF
21WZD,193XZO,116YYC
159BND,49WDJ,117KJU,20PVD,13GRV
189QMX,109DIL
92WEC,41ZBR,151UYI
114LVN,164GXX,47FRX
18POC,39YDD,32JOG,0OVT
14XOS,200ERH,11XHN,207QVR,123LFX
81NIA,36TII,192NUA,77JKC
156JXP,108WBL
19SQV,162TJV,42UCJ
147QMO,211VXG,175WSZ,25MYC,97XRU
7EQE,166CGA
135SKL,157SUE,50DTC,125ZUW
187FWV,63JAW
180FBP,173QVM
196EDN,46ENC
78JEK,51VDH,133TPJ,73AJZ,184HJG
140QKQ,26ASV,102CVL
93LMQ,146JFV
None
reading, running, checking time: 214 ms