Yes
43CZU,41HXA,187AYS,62UHG,17ZZN
96JPA,164YSL,169BVL,7FEL,93PEX,174TOG
127OVJ,109SXF,179QSI,89UVQ,26KIW
121CMK,178ANM,67BWE,64CHA,15EHU
122FQD,58MOM,13QDS,97ARN,194VXQ
133QXV,75QPS,115WEN,154SVY,168DZC
28GSK,141TKS,107YZD,101JIX,111OBR,147CCE
94LBL,156VDO,135VRJ,37BLB,136WEH
130LJU,20LXR,138IEQ,32GEI,95ZBP
188XJZ,68MYQ,200NKZ,167JDG
108FYR,65SIM,73OHC,0LRT,162JDV,180KIS
103IQF,19LSL,88KGM,70KOC,40LGG
66QXV,159CZX,82ZJK
119MSY,196ORE,33NKZ,18JJL
71AON,84ZPM,118LWO,77CEE,190KYN,14HVE
9QBQ,81KTO,145KXG,27AKS
72XUM,35PPV,155ECK,176PFM,10AZT,54BKI
113GVA,146JUC,12FAV,92TOI,31NDX
152ZWP,69ERR,170RZS,59LHH
129QPU,45QFV,157TTY,120EFK,34CWO
21GVI,52RIC,25BTF,110TBI
24DQS,98IEX,44AON,123KFB,148BLX
140CVD,86LPQ,143MNZ,166LMT,2ODN,131TWH
55OMT,114KDK,117QDF,42UVB
163KZA,56QRH,74EOB,3AWG,161LIK,198OGW
1FCY,124PMI,90NMP,139AYV
173UVS,4MWV,104YZW,63PSQ,175NBV
60VBE,53HWB,5BEU,160WYG,30VPT
181DSS,183KBG,112ITN,49JJQ
39QQK,172IKD,193JZR,137FIH,22MBR
142IAY,189DPY,87KVT,23TYU,195QMR,150JHL
116LVO,8GTY,132KZF,192BMK,151FMC
80RKI,36FXZ,191DNY,29JWA,153IZD,144JIX
11KBI,16JLM,50MBW,197PFY
134UTW,106JRH,105AVO,199VSL,182QIB
51TFY,177MBH,38BTV,165BUW,100UYZ
171NEU,47WEY,185LEA,125SHI
126SUV,149EDF,184UOO,76MRD
186TME,48RRB,61NHM,128XOY
83UHG,78TYY,158PIX,57ASA,85WKA,102USU
46PRZ,79BUT,6CAX,91BDW,99XKI
reading, running, checking time: 173 ms