Yes
248LEF,45FCQ
213XLG
137ELZ
98GOM
144LNH,195BUC
198LPP
266PPL
194ECV
243CMX
257UGE
221KCW,261PZX,230EUS
281NJA,275GQG
91SPJ,90PFB,55TDY,20QVD
85DBU
7CUB
44BDS
14CXB
38KDP,19KDK
276ZKX
245NUG
282MRV
273SKM,107MBK,246GAV
171MBO,43ARA,219VBB
76ZGM
77FED,162FUW
267PLI
51ZUF,121OBC
61XLQ
50NPW,95SKP
191KJF,67QVO
40CKA,238BOE
46DBG
263BQD
189ESA
93KOX,27ZLQ,179MKK,220RMP
260YEO
103CGM
233DVP
97QZG
163WOQ
59ULO
269ZVU
130XCP,285MCH,168QCE
26ALL,134XUH
16AAL,65TZU
13OSM,56FQQ,274BBO
215YZR
188MAE,291SZS
174MNB
128MWF
156PJU,256WUH,135KNF,201NIR
23TND
21FAD
217QGQ
3EYW
187IDC,279RFF
132KIX
172UCS,31ZDI
127YOV,241JOK
214OAP
193YPO,37XAP
211TFV
111OHO,262KHW
283PCW
79AET,15VTC,287QSF,108DIH
227UNQ
92PRD,258OKQ,216TGV
63RJX
138KGX
208PVO,73CSP,280SWF
176BIM
52PDC,6BJQ
143DBP,83ICH,165YQJ
29OEU
60EDO
205VXB
118QLC,277BYN
122KXD,124UPQ
232ADJ
270CON,119FFX,152IGI
206EIJ,82MTL,139BJB
41WQM
185YCY,223DXV
192TXR
212MRP,36BLY
254IJR
33VTH,158YFA,190IWA
109VIV,4MQT
184ANC,148POM
2EMJ,150RBI
177YQZ
234SXB,202OUU,271CME
272KWY
81XCR
18OBX
12ADD,57FNG,54TAU,218CMO
80FBJ
278SZB,8EWS
155GMD
101HBG
22VGX,58PFS
228UFJ,28NTA,64HMT
9NGL
169GQE,140CPC,288ONI,166ORH
157UDW
250PKZ,66QUI
62KXY,224IFK
239PIX
286JHO
11LWS
153LRQ
207DUI,35FXF,70OXW
225MHT,133GBF
203BYD
129HSQ
75OOK,34VYH,160TMB,253GZS
68XDD
186JSI,289JHA
1VFW,123SJB,39ATH
113AHK,112TFS,141TXR
89ZAJ,204RPY,74UGK
265BVE,24NND
237VQQ,102MNM
164PYI,178FVJ
48IFF
229SFJ,136GJZ
235ZNR
47YLY,173XHW,53XKI
290TZD
42CEC,100CBZ,154DDE
72ANH
249VSK,145PRB
247RJM,196SNP,88VDU
252RSD,259ZEP,183IPC
5YTX,200ZXN,110KIO
197COF,251UJF
244HLZ
209OYA
126IAI,142TIR
84ONE,222ZUU
25IKZ,240HXL,99ATO
86KNC
131KIF,104IAK,87FEL
106TBW,78LHU
117UCJ,125CNJ,114WIV
71PYP,49XQM,116EAK
69XYW,105CBV,120LYV,242BIQ
210CJT
151UVN,199FQR
268IMB,96BFS,0IUH,264QIH
161OXB
159PBW
146JEL,17ZRS
236IES,170UZU
147HYX,226HNM
180UWF,175SNO,284SFC
182EJA
149IBE,231XKO
10JTE,167TBR
32FBD,255RSP
30GNB,94AEI,115BGF,181DPP
None
None
None
None
None
None
None
None
None
None
None
None
None
None
None
None
None
None
None
None
None
None
None
None
None
None
None
None
None
None
None
None
None
None
None
None
None
None
None
None
None
None
None
None
None
None
reading, running, checking time: 982 ms