Yes
35GYQ
337WXF,379VRI
225ISL
397DNV
254OBL,399PQV
289QMQ,235WBL
103FNK
375BQW
6PVJ,165CZH
68RYD
310MGC,120MFY,15SSA
394EFP
77VHN
240XKJ
349CZO,422GFO
288XQY
252EPF
141LJM
416CHX
343EMF,65MYS
82VWA,371SZS
333VKA,180JAY
318PIW
302VOB,133HTA,110IJX
29DSG,202TBJ
109PTF
377AXU
246QPE
395YVQ,384JFU
268RSI
242BQK,57SDY
150EUX,359SEL,210MNW
391FYC,305WDG
54XQG
420ZVP
188RXC,248MTU,25RDL
41LHJ
163CUO,396BNI
290GGN,212YBF,0CUH
197SKI
217RFV
405EIG,257DNN
314RJL
418QTA
114RKR,86FGD
146QCW,407VGW
18MWW,102FBF
411MZV
347HZG,139LFT
239OPQ
372BPQ
38QSM
179HUY,70IUU
230HDW
185YLG,152UWG,64LBF
183OSV
285PZN
419RGQ
53CGC
134JCI
69SSQ
338DWI,352GAK,389RBX
13PLE,147DCU
204YQB,143XLV,364CTM
329GIO
383EXR,49MLM
28TJC,196YXM
76IEX
215HPC
203HRE,136EZR,229KHP,187QHP
156SIN
265KWH,261CSC
224DIF,373YOC
172NPT,168CML,363VOR
350YFZ
11JQY,157TDS
132UHG
117XAA
73WYL
233XMS,8KBF
295UUR,323TVV
360SXK
128PLJ,282AEJ
423HUJ,78TNM,336PXD
223TGA
258RNR
306TCL
24LSN
50INS
321KLX
262IJI,130TZQ,79LIW
181NQG,319VIP,320DKS
326AWZ
280UPW
356UZE
206YCB
170PPC
26KZW,21TCY,271NFH
100NSX
108JKW
47PAH
191RKP
317JHN,346RFF
388VOW
104XYO
148MVE
334UBO
9KAA,213YMH
96OUS,386TRQ
293WZH
287FWO,243RJG
274TMM
192DRY
87TOQ
1EUL
214PYY
131HFD
43GXM
45MAZ,259UJX
71VDD
92ZKI
7TLP,378KTF
362WCL,256WSC
98JRM
162FWT
75RNV
380CCY,247FVS
278KPP,301MME,300NTS,154YGS
194QII
42BHX
339KAS
412DSA
12GSW
63EZV,159WZJ
327YVU,309GXX
325VHM
266QFA
51BRS,52KBA
169BWQ,112IRB,116TRO
270TDD
409DBO,374ZDG
138WUB
253UBI
231KJZ
211BJA
344JUJ
294FNQ
284YQI
122VUP
273VHB,291WSR,84GPG
370PTF,135RQP
357WBK,369LOQ,2NKZ
316IAN,27WIF,111QPX
186XBP
37VEV,20BPJ
408PFC,91OGF
189DKZ,244AHK
5EAD
342VQA
368RTW
90TMI,178EBP
140OEG,34UUI
275JEP
249WDH
421TIS
137XGQ,238QNQ,312ELG,201DHG
81ZQO
361CUJ,308NNF
94VND,83GID,403ZBX
88DFL,44SBT,414SVI
315PQJ,195YHC
404MHP,307MVQ
340BIG,260HTW
198AHU,190EPF
14DOX,200QEJ
99DZT,406GGK,97HHX,401NMZ
393XDT
269AUB
232QLK,234OIW
205SAO
62ZKW,119HNI,392YRX
366EOL,113EZS,193SFM
151EQR
171DZZ,330TPH
332EXF,23LPE
272PRI
123SWW
245NCL
126HZH,59WCV
236KBJ
328YQK
216ZKF
311NND,60EMM,276XLE
115ANU
398ZGV,335TFA
144QYU,89PFJ,228SGD
365PIT,39IJV
345MDT,226DFE
36CAI
354VWH
390UVI
367QCO
237COH
286NWT,303NNM
241OSR,182REV
264QND
19MND,304FMM
298OXO,385KXO
222FTN,250AAV,413APL
74TFG,149EWM,227AQF
184AYY,145ULV,283DPT
160ZEY
402SEF,381LJF,299SOQ
32MZJ
324KUO,48RKG
355ZEK,382JLJ,161OCM
267YIF,219IJQ,353GAR
376UXS,164JDZ
297IQK
118WNR,58JPM
142LDQ,16LEY,387CHJ,313GVP
209NQW
167RRU
175CTR,17XQH
105KNX
208FBI,33DYM
127ENV,348NHU
10RGX
292LUO
296IPP
106LVF
277FTG
415JXP,40HPN
341CZO,263KIE,174VEQ
358QCL
101UBD,425RLX
22MNE
351BHM,30NYV,173XJI
67TJY,158RXI
125HZC
424VSG,46GAJ
55OZD,107HOL,279AOI
80OUS
72IPQ
218WJV,166KVD
220ONX
56LKP
121FGU
199OCY,155MPU
176PYU,281FDA
410IVF
251ORF,95ATT
124PGR,31WIT
322OKB,417EQX
153RJM
207YBG
85WUF,255VMV
93DRU
61KVW
221GWU,3ONH
129PLG,331KBR
177TYX,400KWX
4NWS,66CGB
None
None
None
None
None
None
None
None
None
None
None
None
None
None
None
None
None
None
None
None
None
None
None
None
None
None
None
None
None
None
None
None
None
None
None
None
None
None
None
None
None
None
None
None
None
None
None
None
None
None
None
None
None
None
None
None
None
None
None
None
None
None
None
None
None
None
None
None
None
None
None
None
None
None
None
None
None
None
None
None
None
None
None
None
None
None
None
None
None
None
None
None
None
None
None
None
None
None
None
None
None
None
None
None
None
None
reading, running, checking time: 2721 ms