Yes
223ZID,114JNF
52OSL
159GGZ,25NFU
281GRF,132WFF,60ALR
252ELF
273FOQ,7JUQ
31ZEK,215WCR,218DSH
101PWO,256DKZ
96ENR
77OQN
33CKD
194LEH,231RPE,208EST
40QQG,81WCI,220IUJ
158ZVI
233QYN,150AAK,46TPH
30PLN,152DFF
221BPM
59GQB,64JZJ,162KAZ
193HZT
279QBE
120JBZ
78LVC,75VCA,167VST,161AYC
10XGH,280DRN,39AOT
28SYW,144XHS,173XQG
14OZV,228DFT
45VIS,111LNV
6YQF
49ETG,29XQU
139ZYM
202UXT,53TYK
95IUI,2MGK,149BUW
21BEK,79SXF
73EBV,232YOB
65KFO
258OPS
244AYZ
266UJP
191UQX,57EDZ,274XNC
147WCM,230KPU,257NPM,89KUA
136CUP,116ZLV
91CWS,148CTI
22HDG
94OQB,255NAV,142WEV
182PPQ
55SDD,226PBM,201XVV
135BWR,35COP
265NFP
174KTY,213XIM
153YCD,237PSS
23PXI,181YNL,143IUR,204UDN,61VLM
51NCC,198TZC
207MJM,183YGE
124FKP,84PTT,245EMC
126JXF,209VTA,19KNO
127GQJ,58MQR
102TJR
125RZE,56ODA,235BBS
98MNA
103SLZ,278JPC
137PXS
189TVZ,88OLC
206RAQ
104QKM
18APD,92MKJ
268JYZ,205MDY
277FDC
155LJA,123AAL,219PWX
166XPY,100KAK,112OOO,246YJC
62WHH,146MYF,38SHJ,227LPB
236HKL,154FLS,251RRW
253YLA,214SOR
70DXN,180YMF
186GCD,108WKT,212GKR
176SUB
0KOS,200VOH,168XEG,275QQV
192MXC,117LJN
47DZV,110XTQ
217JFP,109CUT,9FBX,197AAE,271PZB,190EIX
264SJJ,156QZM,145RPV
121YAC,12YSV
276FHH,11NRE,172YFN
115WBZ,76BTP,4INZ
72STT,187UZX
222NKZ
184LFW,133KJV
74NLP
17CEF
26HNJ,66RQP
170SJF,234ZOV
272CQS,122FOU
27RZD
32QVH,37VIV
164JUP,259DFN
129IRZ
119KUY
20NPG,99HMB
118ZDJ
248OLU
83QOB
247TXJ
93LET,260KCU,239WJD
97PJD,171DTM
269LAV
8ZKW
224IJQ,85NRX,151SOO
44EMR,67RXC
69BPP,157VQD
36KTJ,165SYT,270YUG,106LVK
13XRU
210MWY
241ZKK,250ICP
178JNO
24MFA
15GBD,1PAH,216HUV
42RQL,3CLS
211JPD
229UAP
82ZOM
5EXE,107UFZ
86YSZ,141OID
113SNA,34LXJ
138QOP
140JTP,50ZUM
131BLE,87ZIP
80TEF
71WPC,68LQV
41NGK,175RFW
105DCK
267IVQ
240DWR,225IKG
63HWA
262IFC
48AGP,90DEO
196JSC,254IRD
160BFO,249MZK
43DFD,238INI
203CMQ
242GKY,261PIP
195VXJ
243NVC
16ACP,179GKU,54YHB,177MWC,130EJP
199TTI,188UCG
128YZB,263AFU
185ZLN
169VIK
134EDI
163BHT
None
None
None
None
None
None
None
None
None
None
None
None
None
None
None
None
None
None
None
None
None
None
None
None
None
reading, running, checking time: 692 ms