Yes
223ZRV
56FUS,2JWD
66MIE
146OUJ
259FVM,122OST
152QRR
291XCP
26VCY
235MTV,260ISF,234EYY
81AVP,31DCZ
29DRR,70YCO
168WNI
77DBE
160HLA
301MTB
157KKZ,312SGA
239WJK,204UTD
58SCF
181GCX,258MRA
269ICE
53DGR
202FMH
93ZMW,287ZVL,169EFS
177JVG,96PLS,262MQV,264UWM
148CZR
55TRZ
217QJH
228RTH
206EYB,12SMB
124AWT
236UTG,92JUI
140UHU,309OWY
172UBL
290HJP,297XZJ
88VZE
107MNE,216HSK,18PTB
288MUY,238WBT
251YXY,101GPR,191MWF
154MWO,16MOZ,276GZX
161ZGN
163KJW
164ZUZ
199EXK,85XDJ
308ZOJ,91KNU,241KCC
244PKX
299FMX
61LWW,295JCA
68JXA,182QHY,170OGJ
188CHK
102DVP,130TTT,46UWX,6GVG
248NNM
198EGU
3CGQ
89VVT,103GEK
180ETK
108TWD
194GRM
195IDK
126NJX
280IBO,20WYT,54EPH,159NVQ
142ZVV,203KRY
21HAO,187OEU
243JDV
24WRA
230DXV,69OZB,246EEN,171DUH,37SMO
150OSE
0JMZ
165EUC
136JPV,84JIO
40YTJ,64GTZ
247OJX
15OLC,141DKO,60PAH
303FZD
73DIA
167MAA,196OKJ,74MFY
132EFG
82DWL,41LTL,115CRX
250HPG,189OJK
97KBK
305IQB
310AAP,166WNY
229SHL
109YBR,8WWH
281JBM,178KGN
131FOX,95GXI
311SOO,225CTK
43ZRT,144LAB
42EVS,267UUU
200QOV
59EKS,35HGP,79FUQ,137AOC
175XLZ
25SBU
221QUU
80NYT,315IRF
127YRN,273EHJ
117HGT,36SQM
252TJL,67BXX,114OMU
28QWA
268ZTH
215VQR,245QWX,302VPH
272HAH,120FJP
261DPS
134WZL
34MKL,214JNE
49SBP,75DAF
213JLA
300ACP
94LUR
173PUR,253KON,39QOP
98ATA
90LDY,78OBM
162VOA,293ABL,156JOR
304DPV,17KAL
279LMJ,277AWQ
104AXS,307PMA
133HVY,256EBT
226OQB
190LPU,220BCG
201ZZI
138FQP
47WTF
218SAK
197OVK,283PCQ
285XQB,86QZM
123QAN
296XSK
158IRT,240KRW
270EHH
222VLL,174JZM,193WYD
135MUT
10OEC
125PGZ,22YIR
99LEK,151EJW
7REU,227CTB
100EXY
118DNV,292EED,179VBE
183COD,186IWM,185MWV
30SUO
263MMY,210BSM
57SZN
265EAY,271MQN
207NLJ
112BXE
110AQK,76TAB
212BDZ
27UCR
232UJF
50YXC
254THL,147ZCO,106NDR,233CZE
284MDT
45PZP,119NTA
33WEW,249FDP
145ZPV,128SXK
32WRX
87UEV,257KIG
48LWP
237NWS
71MJU
255RUI
5WAA
313FUO
111LRL
11WYL,38KOM
52VOA
116RGY,44IJB
129VZH,143PUM
274JJN,282XSQ
149RYW,209GST
242QBJ,83SJZ,211CVT
1BQF
14RPY
231CLC
51WSC,205ZFE
13AMX
306UGI
176BXV,298CHB
278EPE
113PKF
139IQB,4PTB
289BXG,65ODC,275KMI
155PKN,219BRJ
72WVM
153PPA,19MPF
9ORG
286RRJ,184FCS
23XTY,63PKP
105EPF,314CNA
224LXY
294NRI
192LWG,266WLT,62UAI
121JIV
208JTV
None
None
None
None
None
None
None
None
None
None
None
None
None
None
None
None
None
None
None
None
None
None
None
None
None
None
None
None
None
None
None
None
None
None
None
None
None
None
None
None
None
None
None
None
None
None
None
None
None
None
None
None
None
None
None
None
None
None
None
reading, running, checking time: 1211 ms