Yes
118XIC
70BHR,215MYU
197TFS
53NPQ,113FWT,138BSY
180ZYX,105EML,3RTC
228SMQ,126MDF,213XSF
137VVT,142QCG,260BKZ
154DAR
51HEO
0NFX,14YLI
72LLC,67HRV
212PAK
194PUC,16UFE
173ENS,60XCA,159LCR,75FNA
198JTK
234DHZ,114TET
116MOO,39ZIF
115PES,244GLQ,48CJX,231DDN
190IFV,186TCQ,71NJZ
220CZB,110LFY
232BVK
248WQQ,195VHC
161KGA,56PCH,246VVH,281YHR
91BOL,279QWQ,57MFT
65AZX,82SIY
7OUO
225DAH
13MWC,152UCJ,200QHD
267BWX
69FFO,84GZD,34VUV
199IRC
219FKG,172WFC,262VQO,139FXG
63ORU,278FFK
235GXC
122ACK
140AFL,123QJJ
107RCD,33IDT,89XXO
8NKO,80GSM
19BRU
257POR
20XUG,135KND
28UND,239OSW
68BME
5JSF
274MVS
209RDX
255MDN,272CCT,184WYU
66ZVC
263ZMO
30ZBM,12LCD,192QNS
233FZV
189JFS,27SXR
171VIL,253LSV,95OCV
268ECT
74LGU,188ELN
149DYS,21WHV
141BRZ
4AVK
170LMD
58FUY
22GHL,103JMH,201DBB
151PYB,256OIY
216PRP
78TGB,183XPU,251YBP
167NGA,237VRL
23AIT
61PLJ
119PSE
40YDR,206FSJ
177BZK,87WXR
44HUU
64XRM,104VLF,97SXV
211FJP,249KPK
164HFJ,88KHI
223PJG,41FJT,132OYO
236YDP,155OSC
178WYB
35TMP,245CYR
156YQR,153HPL
100KCJ,187YLY
143TUE
38FLK
46WYQ,214YSP,106IWX,265SSD
254IGV,127TIA,252SPV
217JXY
196XTT,202WEE
270MBC
204CIH
277FBU
111NMY
280VFK,85ALG,43RMP
133GVU,109AHE,26MGZ,36NVM,269DEI
31WLD,273DJS,208AIB
205RBE
136WWB,243VNJ
101EJW
29LAG
276JEO
185VBZ
24EGK,145QEJ
92UJX
148YPU,125GBS,102VKB
241EPP
18ZUJ,128XUS,83WWP
15PJS,6JGY
242JFD,96XJR,222LMV
207BZI,54SOB
250KFD,99SGI
165QCX
108PFH
55ZKD,1WCV,224BKV,32YQS
227ZOR,166JBF
162HHG,76DSZ
150NII,25DOY
42SBY,240XTR
147VUU
176HTG,62USF
86RSD,121TGZ
157FMH
179WHD
130NBA,193QGF
221WWD,131HNG,203YTW
47KLJ,9DKO
129QBK,158RJQ
120DQH
191GWX
160ZBP,98MKZ,45DDI
17FEJ
81XCW,229KFO
261EII
271WQT
93TSJ,218JZX,210OVM
264XKX
49GQR
117ZIM
226BWI,10KVG,174TZA
258JGN,79JRB,52KRU
247EPA
275EJT,181HUE
90EKK,238XGA
73HIU,50ZOX,144XDO,59MXQ
94BES,112ZSB
266SEC,168CIW
11FNT
182OCD,2TEQ,163AAH
169AOC,37CXP
175QRX
259HXK,146MCG
124IRD,77JZM,230UEC
134MKS
None
None
None
None
None
None
None
None
None
None
None
None
None
None
None
None
None
None
None
None
None
None
None
None
reading, running, checking time: 689 ms