Yes
14PIX,62CDB,176SDT
16QSA,49IMK,194AZU,63XZB
178IWL,177YZB,192RSI,107FDZ,124QVT
187SDZ,149CJX,95HMP
173GDP,182TSI,46VGY,25TVA
82OLZ,84ZAS
54CBC,68QEM,122OHJ,24WOG
2WQL,78BZD,171PJL
41YTV,45RAG,60DAI,21IXQ,71DQZ
134DWM,57KNE,50CUD,30MDO,72IDZ,113CYQ
31VJM,64UFG,34AKS,169XMP
111NJA,145UAX,37AUP,55BIO
196LBU,48SOM,104IZL,39KPU
115OTP,8LKP,19EFI
179BKQ,3VCW,90GAA,139KGJ
77QRH,38BXI,133XCR,186AES,47JVO
143FRZ,86YFS,96MPI,9SFW
117KTT,33UIR,185CJR
120EDI,193XGZ,157TXI
53HKA,23BJP,129XAU,91YEN
69JIY,51OAK
20ZJB,154QDU,136AXT,28BOD
73XQY,43RUG
94YHS,140SZJ,40KMC,188RNN
190BTI,103EPJ,83RRI,52LTZ
12GCU,138OQQ
174VCM,170HCT
4UKI,80MSW,127DGB,128JIL
180TVF,35ZWC,105RSB,108LAP
0EMP,29HHO,99KNI,183JGS,87PCG,172XUF
198LOP,175MJS
159WCC,156KGJ
110AQD,141AWT,121QQZ,26RIR
164FAQ,148ADC,132BFW
97CPI
168BGB,42DND,109RCG
106BPI,130PUF
89GQV,70PUM,160ZQP
158TIU,112TXN,32AYC,79VFJ
93JZQ,101QXZ,116XBZ,142OIF,161MQP
155JMN,197NFZ,195DBV,6TCU
13UNK,10DNL,92GQT,118GKA,135QKP
144FXV,184IWD,151OSM,162JMW
166ELZ,75CGC
165ZTH,119NRR
44RQS,181ZZY,27FWO,191EYX
150PLL,137NEP,146OFN,65WCB
56HIF,88FLN,74OBP
167MCR,125SWB
66UNQ,98PEW
61FEE,17WEC
58MFY
152ATE,123KHE,11IOW,85STX
1TJN
189LSC
22UGD,114CCG
102WZU,126ICF,15QNQ,7QQN,163PSU,36DQA,153QYL
76AUI,131WBQ,18NUL
59YBQ,147AWU,100XBF,81TSQ
5ELS,67CXW
reading, running, checking time: 148 ms