Yes
226LRI,181GNA
18RBE,115HMO
213WWB
95LWE
75FVP,165DPD
85LCD,110YIE
67UHG
203PJT,90LLH,211IDO,148SXL
216MON,28WIE
145XAU,261PGP
78WHZ,24IOB,180OZS
15ZEQ,44BUD
61AZX,84ITO
35MOA,8GVB
93KCA,66SJD
250JVP
45PED
166MFZ,193SOP,39AFN
243EUH,70OMX
152GHT,21FFM,43HKH
34BZO,88AHU
6VZD,122AVT
129UKF,275HLO,183QCJ
258QPE
277AUX,209RAK,14IWC
170XSR,147YHJ
104IBE,253GZR,0SJM,121KPK
137XSG,280YNL,259JTT
123VVG,188DTP
40AYO,119FED
219XFZ,31XPQ
65GGN
139WXD
23ATR
111UXJ,256HRJ,237ISE,199MBT
74WIK
94LML
76LUL,98KFY
251AJL
228HIG
212XPR,255BJP,254WRG
100LHV,9DCG
175XUW,157EUX
169VBU,223QHI,214WJP
225ACP
210ZSI
278YBV,158IEQ
7SLN,36MOR,138YST
273EAS
114YEU
229MTS,96CJD,276TGU
89VXM,128NAU
224APU
82BAQ
190LXS
99SGB,217CSC,79VFT
192TWD
204UDQ,232IJD
179TNC
159CFU,120NNK
55ADI,52KIA,233VHN
162FFJ,105MIR,46QTX,246SOH
235UKD,41MRL
71LPK,118EAP,11JWP
60LUO
86LMB
20JCE,30JYA,168PGA
143HJD
108OVJ,154EDL
270VDC
271CMY,10LJF,173TTJ
241WXG,53JNU,247YCO
174CVS,222BAC
149YKU
252EHF,127GBP
260DCI,125UNQ
207IDX,117THG,77RNF,26HEU
54JMW,163MID,161BWQ
109ZGR,133KRW,59OXW
231MWP,142GKC
2MZC,140NHL
135PSQ,221OPI,171QKL
146TMH,177USY,16WIT
150TIR,167GFN
81TWT
218XKU
50WHJ
160QZN
13TQH
130KEW,172WZR
220TVK,69KNQ,25WRU
141ZVO
72APR,38DNS
124EZN,27KUX,164ETP
106BOC,42OBK,73SQH
131KCO
248SHR,155RZL,176UJZ,49GKX
113GLN,126VBN
194IJH
245LKF,136PDW,62VEN
83IPU
240XVM,196GWM,33JNG
91ZHR,264ZBF,56XFX,185EJM
200RNW
134TDI
151SQV
64TOX,144SFX
263SYK,101BEC,239UOL
37VSJ
132PIC,236QMA,112MCJ
262KPS
182DTN,12YWQ,191YUJ
19OKJ,63KIB
103HKF,102VRA,58EKB,153KUT
234GCK,201TYB
1ADK,238WXF,269UJH
202OJE
68EXA,47LIE
92HEL,244GHP
230TNK
107ZCD
32MSR,178HAP,198MQU
266QGO,208JUU
51DHZ,187GOM
116MOA,48ACA,206MOR
195WZX,29RLX,215DPV,267KDP
3TRW,272SOX,268VCZ
205KHT
257ADB
4KBR
97GGN,156FPN
186VIZ,5ARX
197TCU,265SUZ,227ILK
17WCR
189TDN,22SKY
87TBG,184RQN
80GJQ,57LDD,242KAG,249DNQ
279YZS,274GMV
None
None
None
None
None
None
None
None
None
None
None
None
None
None
None
None
None
reading, running, checking time: 692 ms