Yes
117MBI
168ZMP,75PJZ
81TNP
167CAD,202AXD,139FQK
165DDF,54KCT
246AIH,60DEN
146UNG,55NQH,157UUW
63CJE
179WPP
186EOF
158IQW,210QTQ
224MDG
77YTC
178AZY,82AHC
149VGI
188KSL,225XAU,72WVT
161EMQ,28YUE,24NHL
35WBA,44UGY
14AIG
145CIN,126AYF,248SSB,71KII
96BEX
98YJT,29IVR
94XUZ,185RSB,215IVY
211DOR
142MEO,1OVE
33TFD,32RVG,171ZXU
30SML,8JDD,135KZB
22OGM,258ALS
227MWG,170UXJ
23CVQ
159RRK,67BVR
190ODR,93DUE,6MLH
34BXO
13VJU
79XCV,104GUZ
200LME,59HPP
46DDM
166SWQ,251FBD
256VYE
3AZV,183BWA
231GCQ,19MWT,154RNF,144LXG
208WKE
241THF,150ZKC
95OSZ
130FIR,187CAJ,25AOG,10DLX
86UIW,213KYQ
219YHV
163NVX,9TWY
243ITQ
221JIF,140MZF,40RWB
131PIP,242OEB
189LTJ,252ZZZ,125OZE,156YDP
129VTV
52MES
240GXX
182ZFX,100MWN
108TJL
133HRA,78WAA
205SVZ,255MDL
164CIM
127BKE
80JGT
203RDC
176TQV,0KYH
103YAU
233IFP,197XIT
162EOQ,57IJH,66RAL
110QDY
5RHP,160OZB
207QWL
62ISH,97HKB
247CJD,70BFF
238ARA,51FYG,105HYI
92WCA
232ZKZ,42CDD
204BAU,90ICU
18CZD,36OHA
222EFL
172NQB
83YMH,122WNJ
16KKA,15KSM
253USG
38YMH
7ZWI,89EZP,114ZAF
12PHV,26GTA,120TJC
196BEB,216UKS
48PKO
223FJW,50CXP,20PKL,69OKG
191FCM,64CZE,152YAV
169RNF
45WUJ
141ZEZ,217JUQ,177JXN
236YHA,112DEH,17FJO
27IJT,11GCZ
218UCH
239TDY
214UBJ,173VBE,206RAK
85RYO,212ZAZ
136UDY,111ZIG
2BIL
180EUP
244RYS,73IEE
194VBG,58ZPK,201MOC
87UTZ,109TMF
134ABV,21MBA
192YRF
99BFQ
209MSW,47ZFG
118JIR
39KFP,37RDS
41THR,220LSF,107IEJ
245VRK
237QWI,138SZK,175XVY
113YVX,31KXM
132CLR
250VZG
153YJU,61KDX
101PJV
115JOM,76GDD
254DEU
121KLM,229HWF
4GCO
234HVY
49ZWN,65MYR
193YKB,184LXB,123MNQ
249IXG
91OZX
147EYV,230KYF,53OIL
181LBQ,124UYN
151SHR
198HGU,137VQC
235ZPA,102AHO,257MQH,84OXU
195NWK,226XZF
128FSH,148BOS
116APY
228XSL
155DOP,106HGW
74DTH,143VMU
174VVZ
199OZK
88EDI
119BEQ
68LEP
56TYL,43GID
None
None
None
None
None
None
None
None
None
None
None
None
None
None
None
None
None
None
None
None
None
None
None
None
None
None
None
None
None
None
None
None
None
None
None
None
None
None
reading, running, checking time: 648 ms