Yes
157FKH
147KJK,47QYA,46NUE
238HDZ,188YNK,170HWT
107LIZ
21DHD,242HDQ
240GZC,22TSP,167ZGF,184SAG
146CEH,87QRI
23BMA,44UBZ,30HBT,16WAS,125BNS
91AAC,101XOC,5IJD
228NVB,95WER
158XGD,58GTC,135CUS,41ECL
237PGT,32QDX
176ABC
38TXX,230PSH,77NBW
17EEG
1OIJ
98DCJ,86BSY
172WSG
164YUA
239CGA
53LTZ,171CSB,154UYV,205PJW,241HMZ
39CGY
166VLF,148RWQ,119ZZD
115HPA,13BRR,9KML,82LYE
161NQQ
178HHM,102OJK
142LEO,51KME
0TZO,141TZF,116QJW
90XRF,233EJF
18CTV,104ZQB,52YJT,97EBG
210UNB,185MAS,235PGZ
29CJW,28BEZ
218CCC,152UBP
153ACM,63LHF,126ETA
174YLS,163XXP
131DTZ,211HTO
15RNF,27AIZ,33NZY,108IIC
231LPS,194RGN
25OMX,79UMQ
209JFS,103KBU
159JZM,110HQF,245AKY
64YQT,149GEZ,71RFQ
85WFL
219CLU,62JFO
130DNZ
60MGH,42ADW
202VDX,203RRW
6PTX,69WKH
94TFA,4WET,196AWV
127IGN,14IYS,169TMK,66EKP
133LYU,8IQC,222YEE,204XHF
96RXG,89MGV
112PJO,214FHT,92WLP,118VER
134ICW
37NMM,81JEM
55ALL,200TDX,12OBX,105GCT
61KUX,199NHM
198FMV,137SBJ,35TDB
20GPT,11PTM,54CIM,232CCH,151HIP,143TUL
111FTS,187WCZ,122FER,76NIJ
229LAR,88XUS
253JHF,72DOV,249FUP,67FUH
3TTA,124OGH,234CTO,45USK
156WNE,74PYX
193FEF
247TQC,140BWH
117YIJ,251BOH
221EHE,208NRN
26JMG,128WXW,216OBM
236PBK,177CKR,179FDA
121JFT,244PNP,191NSJ
145BTB
250FMO,248UIF
197ZHL,226SOX,224ERC,2ZNX,120YFS,113XJI
75KBY,34OKX,65ZGW,139MAT
162GPY,206RBY,93YWD,220PEU
24YXW,70XMJ
182ORT,175DTN,83ELB,168KHV
136YHF
213EGE,57TZT,19PFK
183GTA,217PHY,215EUV
84WAW,212TSZ
109QLC,201OUH,252IOV
50NWH,192QFO,123DZP
246YZS,106VQE,227ZWT
99OIX,181QPA
165TUC
100GDP,223QIF,150BTW
173VYQ,10KCI
80UFD
59UTH,56CLS
186EDU,49TCQ
144JZR,190AHN
43QKR
180TUF,195RUE,114JDQ,138VVI
78CWN
225LOV,155GST
243DPD,48CCH,36KVB
189ZAM,160BKR,68STH,40QUB
207QTO,31QXQ,132YLZ
129MNQ
7BOB,73BLE
None
None
None
None
None
None
None
reading, running, checking time: 356 ms