Yes
207YBH
31AHI,208VCC
30OXU,164MOG
167AVS,77QYB,192CWG
11DYP,20JZL,168ZOQ
38AMR
70CTG,148FXH
175YUR
67YGZ,128ICI,1ALQ,107KYZ,240PIU
3PFP,155HPS,188SLK
153TVU,246NYO
226BFH
29UAP,187DTX,40FGB,176PYA
109IZW,234CRQ,96ANM,68EMP
171CXZ,206ZII,225XPL,141PVJ
172NRM,202YDE,53IQA
199MLB,203HXJ
108TJT,157UYC
170PMI,253HRF,78KJT
152XQP,151KNG,174PRJ
251XNI,132JTG
212DBC,177DLF,133PYD
74TSL,257WCT
110OPJ,215DVV,209JPO
111PPZ,119ROQ,9JDS,62JAW
117KIE,60WRW
56KFJ,232MQP
189LEH,83CXL
138YOA
15GME,23RSD,41DYK
124AAJ,85QIA,90MFV,160EHK
65GYP,237TDT
244JDW,18XHC,140JWP
239DTN,89MUC,227YHK,254TIQ
228VIE,159WLW
2KFC
116BTX,149ZHX,10KRJ
213VVC,112BHB
45ADY
101KQY,5ILI,95XMI
88PZQ,235JLM,98PSR
182GKM,26CRI
63MLH,71GAC
248ODZ,147HJS,47NFZ
137HAZ,241XXE,58KUG
93WOE
126TPQ,201IJR
61MJV,54ANP
42IKZ,0BJD,218BGO
94SMX,196KLD
82ESK,142FUW
84OFQ,39ODC
134ARB,102RIW,118SPK
255XLE,8QRK
197GAG,136NUC,72FXH
144ZFA
259DNJ
103TCY
135LFQ,50EBX
219GXO,210MLB
204PWZ
231WLA,250WVQ,243LWH
131CHL,81UVW
214KOL,247KVU,27HPZ
161CSU
230QID,36WON
191HFI,184BRW,33XZX
150OMV,125QPG,233ZPF
32HBM,221EIJ
104LJK,173VFL,186KRG
22TBZ,24RIL
156GEX,260VTU
223NFG,198BYS
80PYE
52OIM,59KLQ
7YEE
75PLU
252PBN,114KQT
183BYM
115BJR,158XSC,238FTN,163TTH
178MUL,76SBB,44SFC,69OOS
121ZNK,166RHN,220WUE,55PPA
146WMN,25NJR,193JVG
48FNB,195UJC,154CWF
129EVP,162FRX
179OPS,229IHC,105AXE,34KTI,185NXN
43KTP,120QFE,113SZF
4IHR,190KBP
13NUR
165NFU,21OVJ,66SEC
51FRL,181IYE
222PVO
123VQM
242HSZ,217SSD
256YHM,79TEW
194DTP
57WSS,130XVI,216MJA,200OSI
100ECY,28TDW,92BQL,139DFN
261HGZ
122CDK,91JUF,73YQS
249GUI,14OZD
49LKO
236SNE,37YXI,180MCD,19NMV,6CWC
35XMI,224OSA
169NSI,127TQV,87SKW,106NLZ
143XST,12ECG,64ZZS
258DPI
97PAQ,211CJY
86IUU,99PHS
245ZJB,205PPE
46PUI,16CID
145MIN,17EPJ
None
None
None
None
None
None
None
None
None
None
None
reading, running, checking time: 754 ms