Yes
18PON,196HDN,174BFQ,115TBK,228CZA
2VKS,69NPN,99YBV
7TNJ,166FXC,60WJT,155BTI,84ZQI,147GRH
27LLU,126GWW,8HLG
110TEW,54KQN,207MRU,204NXP
74UZH,41EUQ,158TYM
111GEC,218CML,34CSI,153VYJ,12XPR
198TDS,0CRI,39UNR
224JZT,213AQU,152XFL,42YDG
217BIL,184NGB,230LZP,23FZM
176STK,162OPJ,227NCO
51JLA,9MQK,123XCW,31SPM
35GUH,62LPS,14TTO,49NCC
67NUS,209GCI
202QFQ,140MKC,125DQC
56HQA,45KRW,3QQT
143ONI,47JKK,229GXR,32DIT,114PAI
180ZIF,159GGX,190SHU,95PCC
107YNH,113FEN,203AGY,182LBH,94VDI,101DNH
108DDI,61PLA,185UJS,231KLD,87CER
80BCE,40TZJ,89OBE,133GMQ
104NOW,81RDM,177DIT,53IBV,76RHZ,139DRK
192XCV,208OTE
122HFI,103AQX,150VDT,124YMB
212OKW,189EVP,44NFJ,20WFW
88XWM,5QUH
4RZB,168GPG,15TKJ,50BSS,205EZW,127ZWX
33UXB,165ZPI,120JPR
29EAD,106DZY,1VTS,73RIW,59WKY,16ZVX,72QEL
144IAF,173GYQ,77YAO,71CLU
148KZI,96KDN,75FXT,163MND,79LZU
26AQN,157KNM
116PZI,146FTF,58YKV
183DJP,210PBH,93ZPR
131LRY,193RRW,170CFU
221PCE,100EJE,36RVL,154EEO
132KFT,222TRX,6DLG,164EWX,38SHI
46XVX,119QOW,91OYK,137IMJ,86SYT
48OGW,102UXH,197XKY
151YHH,52URU,138XEP,181UIQ,63OXH
195KRA,57BVC,160YAN
136IJE,98GHX,92TVV
65NVI,97SJR,199YUL,214AUG
121RQL,130HFG,178MML,19XPY
25KAA,109OUB,68BTD,171FHF
70QBL,220HJQ,226YIO,216OBQ
211WHB,134XHA,167NHC,191HDC
66NPG,55VWM,179AYT,135ELM
117UPX,200UMG,28KVK,78ICD
112BIT,10KBT,64OHD,156UPI
90ZOG,225PJC,21GAI,128ZAQ,105DLV
141HMK,83IMQ,30IPC
219SXD,172RIM
149TGY,37MSE,187DAL,186DNZ,161BZG
145OOY,17LPM,175GVQ,85JGZ
215FSY,129ZXY,11INE,188EGJ
194OKJ,169NRF,82ZCJ,22OIQ,118SHE,24SFH
206KZC,142XMZ,232PVD
13CDT,43JNW,223ZQI,201SIN
reading, running, checking time: 179 ms