Yes
91GCX,74CBD
259RSU
163WRQ
122RLX
218JSW,181YRN
136DPO,141XIZ,76GEQ
32UKM,205YXD
37UBH,95ZOW
157LLW
152JLR,242ADE,24GZV
217UPB
111FGZ,60IGF
93PBF
148CMK
13HFH,55JOF
109ZOT
164IXD,150RFE
234TDM,10GEU
99DSP,56DCH
193SLR
230TLM
87DQR
167ZLZ
23LQY
256XLH,108IZI
65KYX,16ASC,71PVY
273QHQ
156DTT
226OYQ,139FEQ
78CQJ,123OCZ
243JDL
42WJR
67DDN
192UUN,159GRQ
8EGS
145XWJ
20YTX
179HMH,231RDO,223KLW
158QTJ
171ZYF
250LVH,168FQJ
69WOS
7EYI,17GAB
1OWF,224YVU
44RVR,137FXB
125JBS,70MDP
9XOW,88BDA
189OYI
183HBF,54PWZ,227WMD
126UNZ,198XJD
153AKS
31YPD,253JBU,195JAZ
204MRQ
280YIQ
281KXK,105OTZ,34GAU,266IWL
82NWY,279QKU
162SBV,11FCW
255LSA
154AKZ
19VTV
229BID
185HOP,282CQU
80OLY
190UJA
26VQI,274RFC
97HJL
129OWY,265WAS
187LMT,144BPL
210KQU,248XKJ
174PLC
225KLO,63NSB,165BJP,220RKH
166HMP
100HXO
260HLV,142BAG
177ELJ,252WAE
269EIA
264SAM,131KCG,45RFV,170VSI
241RGI
143JAU
79SSF,203EWX,134GSI
106CCQ,112IKC
124YNH
244IQE,188IFI
94CNY
232GYX
272ASW,14JQE
72JUO
59EWV,61VUE
235ZBA
200WZS
86QWE,27CTW
58AYE,50QTO
257XRY
211AHD,238IKV,77XVS
209FWQ,81GUM
258YUH
53YRS
275FZJ,119SUU
222FNW
251VVB
228ALH,239JHM,40ZQR
140KKQ,51TXS
149NED
98SIQ,68FTZ,262HAG
221DBR,133VVB
18AGP
39DNU
201YVP
36ZSA
4OIV
236TMT
114HQM,46GOV
186QNH
62XIG,29UFA
212LRF,206GBD,245QEB,120EXE
89TLN
271THC,146KNX
214CRA
57ATY,219JNQ
116EDD,197XJY
85RPP,169FRU
22BIX
237JHA,268QFA
21IRG
247FEW,41NGA
161DGE,130IUI
43FJB,215WLE
180PPS
202SEI
83CTG,199AZX
246HXP,138FBA
135RCC,2GFU
184MEL
35LMW
64SFR,147ZIW
267XFQ,66SEU
216VYY
0BAB
191EOR,48GEJ
249LJH,113QET
118UMJ,104TCE
270OEQ
47KTY,117MQX
121TGB
207FWP,261YHR
75XPA
128SLM
110MNE
33YCJ,102HAC
73MXA
96HVG,127RMU
30WHM
173ZGV
3GZF,132SFI,213FHF
90SXQ
277DYE
263CRQ,283ERC
6EET
151YXE,278INH
176FFH,178DMK
115RYD,49IVC,101UZC
92UNT
160AWH
194SCF,233QOS
240PZL,182SOV
103XYU,172ODP
15WWA,196UGA,155YZS
107WGF
175AAM,38MGX
84EKC
28BCO,25FFQ
254SZI
52ZMZ,5UHF
208NXJ
276PLI,12QYX
None
None
None
None
None
None
None
None
None
None
None
None
None
None
None
None
None
None
None
None
None
None
None
None
None
None
None
None
None
None
None
None
None
None
None
None
None
None
None
None
None
None
None
None
None
None
None
reading, running, checking time: 1792 ms