Yes
314JQY
211OAF,305YHC
73SHS,85QUE,195CQF
103MYK,5KKF,39BHB
139YOF,33CIC
141MZW
1OQK,74XBL
147JVV,361LMA
352WNR
92INB
50TTD
366WOP,225EMF
125YDI
75XTM
332RCB,149SAR,329WLC
208KGR
242NKZ,300YGE
72PXK
27IOF
187YZG
217URS
216UWR,138YNM
192JXU
337HMK,194YZU,25RRH
234HJW,111EFM
272GLQ,152WQC,236SVR
89YQK
310CWU,120EWB,331CHM,87SGS
42CWW,97VVL
96CBW,283QYL
340GXO
37JVM
294WGT,84IYP,260MLA
102FAB,58ZWX
10DSQ,140QHJ,301YTB
237MIF
53BUO
206TNJ
312PXB,322UYV
30OQR
61GPX
144ZZN
143KKH,107MFX
162WPA
341ZKZ
231TSQ
224FUN
207TSW
48KTD,276MNN
209EFF,101IZU,166NIO
327UBS
339DOK,253IAG
333OUX,273PRB
259SPF,258ZWC,219QJX
31WXG
311CCI,180CAP
175AUC
52BOF,214RAF,199CJP
86WFJ,23TRX,170MFW
122ZPH,0NSO
204FUV
326CRY
20QKA
142EGI
356XYN
137YFK
306CTH,57JYZ,290BSQ,160KPJ
254BRQ
174RQE,296ZXU,98IYO
77KIL,190RJL,165UZL
274FPE,359HWP
250FKI,154NZR
79PJH,368TXE
269CML,14EZO,44THB
317VBO,203RRI,293DRH
286GEW,15KSK
285LLV,210YMB,362JUX
232QIK
32JRQ
34LST,257MRY
330YHP
196GSJ,222DTP
189HRL
46NMJ
82BXE,287QHM
110MOG
201OBX,291VXQ
112YUZ,38XSF
267JYF
226VRR,94XEF
100UJE
186GGN
76LTL,118MYB
108XUT,223LCN
19ZJB
335REL
124HDZ,304SRW,183TEV
155TNL,47KSL
91GDE,93GHF
202YUM,135FKZ
11ONF
321ZNS
221LQN
309GNA
163ACZ
121AKM,343KIY
220RVO,288LPU
256LXR
83DWV
167XTQ,315JRA,131GJI
218PLK
78EVD,338LIZ
319TDN
90LGH,200PZP
171STL,132MCD
173CNE,127ITR,320JDR,313FVN
334SUY,235QDW
325QTR
128OQC,113YXK
18CFQ
230PLX,67JTI,12GKK
191NIJ,6KAU
349PLG
238QEU
193JVQ
54RPT
56IKG
344AVT,262MMJ
265IRH,299MYQ
229KIL
41GUI,146TGI
109TMG,277QVW
353BRM
26DOE
69HQI
71VEJ
126UDN
64SCJ
24CXO
178CGZ
68TGM
297GVM
239INA,248JFD
179IIQ,16NEY
81MYO,251VDD
244FQF,350SUI
150JYN
176SSJ
292LNF
63WEB
119YOO,255QEH
240CMD
351NNE,266UUD
59PAA,9VJN
358QMM
303YHO
264NBF,3LYI
271CGF,80BAW,95JOZ,104VLB
298OLP
21VEO
70TPY,342CRW
28UWU,8KVT
156JWT
60WRA,36XLV
2DYN
347YMS,177IRU
88MEM,197LYT
336GOP,284PEA
249ZID
7UNI
252VBM,278GWX
164ZYF
157UKP,51DFD,185OFN
35NAN
29UAY
364SDF,43BUW
115TKT,308SRL
227KER
281QAG
151FHD
263IOA
241QEY
182JYA
354QQG,357XMH
181CPL,279OTW
198RGB,280RBP
130DLK,348QNQ
4EKP
355DGM,346DZS
114FLP,188VNT,99DPP
212SRF
168TDP
245VYO
116KLR,49MSB
65GKQ
289GCJ,123HYO
13VXW
161GPT,261CDE,365KZA,136HFU
324SDD
172HBP,145NJV,246KBR,153AXT
45JRD,275EXI
367XJU,302XYG
205SIY,360RVQ,117GZM
62PPE
148JST
134GOG,55KII,228ZSE
282NAA,363VPP,133RFU
318DMJ,169SKW,295PHJ,247JAG
316YHI
159CXV
233XNJ,17MRP,307FTQ
66PXQ
184CPC,345XEC
270SKD
323UNA
106XXL
215PXG,22FHD
105TWB,328LHS
268CBC
129QIF
40OSD,158LMH,213KAH
243OPA
None
None
None
None
None
None
None
None
None
None
None
None
None
None
None
None
None
None
None
None
None
None
None
None
None
None
None
None
None
None
None
None
None
None
None
None
None
None
None
None
None
None
None
None
None
None
None
None
None
None
None
None
None
None
None
None
None
None
None
None
None
None
None
None
None
None
None
None
None
None
None
None
None
None
None
None
None
None
None
None
None
None
None
None
None
None
None
None
None
None
None
None
reading, running, checking time: 1957 ms