Yes
82YYP,37FSO,171LIG
87UFM
36LCH,70EQX
1PTU,41GLP
137SVQ,178TKK,16FDV
96KNA
195ACC,59WTR
182MCZ,166CTS,207OBG,209SSP
156WRF,126RYX,34ZXW
40SVU,58ILX,157AAQ
20LLS,21YNC,42QAI
130TZQ,90DRG
176LDB
158GYI
117MIX,51ZFR,77RJO
86NBU,155BVQ
25UQL,168WPP
200DPF
217LHB
97QNY,134QGI
110HKT
66FSY,177YMW
9EVO
111RDV
18YUL,47CVK
43HXJ
5TKF,44JTY,120SCV,45HRX,143ARZ
196CPM,152UNN
131XZE,191IZY,175FGH
69KLW
132PCC
67ETG,94LUT
138YLE,210MEH
73FNI,205YHA
80FYX,220NIJ
194WAQ,32LVP
72WUO,216OCI
212RDA,103SWT
64RBZ,55NHW,124OMD
92PRO,98USF,144ZPR
17OBK,162GUK
99CJG
181JBC,115TSL
167URJ,33LTD,214ISW
146MZT,91FBO
136IZM,89MZJ,0TVW
187RPZ,135YTZ,27WPJ
62YUO
154XAW,14BQB
153JFB,75NHG,113ILW,116LTX
215QBL,169EZS
147YYS
105LZA,35RTR
193HXW,3DWP
8ITY
13IDZ,208OFG
142PTP
140SOD,127HIP,107YVZ
186BBX,39XVF
23GYZ
184LFS
219YXQ
118DZV
49GHV,139PSF
150YIA
71IIN,74ZDZ,192YIG
22IAO,93GHK
46JYZ
26FEH
165CNK
213AUL,199ZZN
15TJL,10KXZ,180RRP
63GZE
29JBS,84ZOR
85IIH
204RTI,83HVV
159JYY,198OBA,161VYC
60SIC
50KER
218LNU
48JFW
76FMS,6GBA,148OII
128WID,100JQE
78KTS,24HOY,101ZQW
57PWR,188RLW,211IGM
202DPS
149NGH
206CCQ,203IEB
129TQK,12DWW
30HAF
11AWR,189ARD
201TBX
104GOD,133MIP,95XRK
68FFH,106STF,38QPZ
52LDM,122AOK
185PAO
7ZOE,102JKN
112YSV,183MJJ,190RZB
53CZU,141WMT,164ZBP,61BJA
2YWN
172BOF,19EYT
56QQH,28OCB
125ZEU
170OWJ,65GTZ
145DWG
121QRP
88RVN,108JMQ,31MTS
109KKX,163JOR
123PDS,174YIR
119MCS,160KRR
179ZZV,81ADC
173TGM,54XAG
197BXI,221QVZ,4WCV
114MJX,151KCU,79QHL
None
None
None
None
None
None
None
None
None
None
None
None
reading, running, checking time: 802 ms