Yes
197POM,135QMT,14ZMP,102UGV
32JMC,186FBY,124FWE
208YOP,137SXZ,24YRV
176GNE,12ILJ,188TGC,104UUJ,147XYV
159BQS,172DQF,53SVQ
184AUX,2JBI
206GGX,94XAA,43CJS,69XFP,57TYH
106XTQ,174RSE,13DDK,151FQZ,149SPW
173TIV,122TER,213OHY,72HBF
215CJX,86UXG,117ZGS,109PCL,167LPP
88AUV,210FGZ,1OYI
165NWY,127CNL,23WQA,200RUO,158PZZ
180YFM,217TNW,3RPK,118STQ,177HJF
182LLY,81KTU,20EZC
114FLJ,195YUZ,52IBO,123IBS,164VQL
46ONY,145REV,70XEC,207ERD,203HAA
199BTE,40BWC
80FVR,183YKR,73YDP,205RWM,191HSI
196ZPY,110XLG,218JOM
47XJV,15HUR,171WEX,93YND,99OLM
202VHX,27RIY,22BYB
36OEN,148AGE,142SEZ,105TSK
161KPM,178XIL,130KVS,4ECW
9EHY,143GMM,153WFD,78CHC,33OOA,132MNL
45ISB,163KDF,83NIO
138SKK,219YYX
10VXR,166ESA,125MIR,50PQM,100TKX,39NEX
169QKX,6DWV,155HJP,16VLE,185IVL,75BUI
77FQA,119UTI,51ETA,97JHH
84NTN,129VNU,35PID,96QYO,157PKP
175MPE,55YIY,198LPQ,0GKQ
68KCU,156IZA
168BYJ,21DOB,87BJO,107ELH,67BEL
95NGA,42XJH,56KRY,65RAS
5QGH,62JFB,91QGR
37KBA,211PHS,85NOB,189XDT
54UQO,11TBZ,193DQM,25CVF
115OVG,34GUI,103TAY,79NTA,17DGE,128PUP
19PEZ,192XRZ,134RFN,146OOO,214FWO,30EDN,64ILD
90IWP,29FGH,154PQR,26DKP,179EUM
212PIL,58DSV
89AQJ,111KJY,41RGP,139UII
121FTZ
48TRM,44BQR,181IOP,140IKN,28KVF,126IJD
82ELE,61PDT,7PTX,162PRG
152TQG,108LMH,194WPN
66GZR,49XEB,141GJV,136QQI
60SEM,8QDZ
18GUS,92GGG,204WKF,131QCO,160BPA
190IDV,170YPF,71ICM
63VQM,144GPX,201UOI
209FRS
150BND,116YQF,120NLA,98DNU
74DQH,112MNW,101IGF
113RQQ,216BCQ,31JLB,76WDX,38RTU
187EBI,133CNG,59SAU
reading, running, checking time: 180 ms