Yes
5SAZ,13KAU
54KJY,66ZRQ,14PFX,195TRZ
77CVL,11OHV,15MQX
226TWX,146OKG,44PZL,102EOK
139YDN
74IJP,31PDT
35YFP,107MZQ,220ZCY
194UFG,125KUG
150MYW,185WZJ,168NCC
228IPB,76QNM
0TPL,112VLW,215KQX,64VOS
221WSG
173RMT,207TQU,127KZH,147JES
176ZFT,101DIQ,177FAX,120NYM,223ZSY
179BPF,48BIB
155KDH,46EXV,129FGQ
136KQQ,232JDL,26KWW,55WTC,82NQG
118HST,167OTE,106OLR,3MFQ
33ZZL,87IKG
25ZJV,30MCL,117SQA,111OJP,121MMC,138WVU
1YAM,123SQQ,52HLF,224BVD
227TMK,164HDB
160SDM,93RKZ,53QXR
162XUT
37WXH,69KMU,184YEE,65RAJ
59WGE,91VOX,208CTY
96ZXR,58LYD
188JHP,210KJJ,49ZUP,62HKG,97TYZ,230ECV
84ZRD
104NYV,206JAA,178EGA,201OXT,63KGP
187MQZ,78MMQ,92LZM
154KOF,9FJD,170NIQ,68ANL,202LDT
98RBC,40QXM,219ILU,79SOW
70XER
145WCV,153DMD,200YVS
51TAI,166EJC
89BDY,175CMD,110WGP,156BBS
131PYK,214INW,122VRC,56HJC,186ETS
152DTX,137QLT,211LRI,100ELW,108HNG
38QQW,50SKM
32OHN,83PDC,174GQX,19BGG
113UQN,130GLT,171DZZ,165QRE,204WCV
212LJJ,209GMK,158LHI,29ILY
18ZBS,17CHU,80KER
172WTJ,133BSL,72MPX
151YWR,36PBN
23GAI,205CMF,225FSF,86LVW
157OXQ
190IXQ,189ITM,180JXS,126YPW
142BUK,43WCM
222KJK,42OOC
192JVF,85QCA,75ENR
20VSS,116YZO
4QWO,119LLW
181ZCE,94RUD
216WWI,95EZO,12FNS
6LPJ,182QPL
60QGW,16HUP,140YUG,124ZJV,196ICL
67BNG,115OBM,105VJN
144MSS,28DMO,47DPP,159OBY
88IIZ,193MSF,135PTV
169RRH,21RBL,90NLO
143MVK,148STP,39XRO
199BVB,22XPY,8BEP,128ALG
71DFW,141DCX
7TFW,73PIG,218XBC,103GIM
109GYZ,61LQX
134LYF,198UYG,57ZON,197REL
132FEU,2COC,161FTX,114CCO
183PBA,81MYE,229QHY,191FFH,27GSU
41HRN,99FSJ
24TAV,163YHP,149JNZ
203WMG,217MUH,34WZT,45MKR
213BJF,10GZA,231NIU
None
None
reading, running, checking time: 288 ms