Yes
225YHE,179HQQ
66UYQ
276PRU,217YTY,134QCH,248QIS
270ZZK
208FID
140TKN
290YOR,168TEB,310WWR
315IRG,100ZIG
84BGO,55NEF,211LHX,180FGH,206OIT
45AOE
242LHT,118YDZ
40OCB
0EMN
154QLN
304MJY
246KEJ,31SCI,293EOH,292TNB
305NHU
232VVY
296JLL
37DFP,198VZJ
219EYX
212IUW
94MDD
224EDS,9QBX
93SZO,74RCY
103LQJ
213TTT
336CZC,200ZRY
280OUL,50KQT
22SOZ,222LVX,273PCC
115BDV,127GQW,325IYR
274UYX
229VDA
309NOC
226LJA,177FLX,332NQN
78OSP
51JLO
328HTL
107ROC
139NKO,102NYK,167CJS
247YTK,266NDX,73YQA
190MAI
124PCF
210BNU
172CCW
35POX
220NGK
18SLA,279DHZ,194DBX
258MYD,47JQD
209FPL,250FKN,196KKI,144EQM
239RZR
238BSJ,165SCA
191NFL,68VBY
5BKO
326IDM
123CDG
33RAH,254HKY
342FJG
185TTP
307PAV,62YWT,300QUM
278AQF,111MPI
162BKK
249GLW,67KNI
11DRE
272ZXK
318TQO
151DEU
122YXU,203HAV
108CZL,15YUD
125EPS,299XZU
69WET,159KED
12POZ
136ATX
193JJH,173BMW
71KMW
112PAC,6IXQ
91RSW
235ILZ,97RZY
218CAD,298UWA,322DBW
119BZS,34KED,197HPR,268OKI
87RUS
106VGD,243TQL
251BHT
14TKQ,237ZCU,25UJZ
105IWE,49LEM,289QKN
260YGK,183WXD,54OQL
26RDB
236QNK
314LKF,259XLR
228CPW,319DPD,157EEZ
186XQD
138EQT,10LLH
271ORT,339YNC
13WTQ,95PNE
331SWW,337QDG
76QTJ,64IYM
282ZYJ,216YXS
1ABI
291EEP
264FOO
109BGL,80QYD
2DMH
244UMM
58IRW,141IOY,170HSJ
287QTD
20YJG
39JQM,131IBO,261VMC,133UPD
155XDT
340XNI
59UEA,142ZKW,223CIX
82AWS,96UBV
184DYE,205SVI,7VAS
23GCR
265ZNG,316RAE,156JSD,214KCC
75XTG,182DLY
308XEF
288MHH
153LJW,163KQW
117DWT
126NDG,121CQP,234YPL
275STA,53MPH
104WHF,303IKH,321BFV
36WXA,267DEJ
147UCR
77KPW
176QSH
207JVA
150SOV,284KGZ,178PAF
175ATU,252ISV
89SQG,313XRY
65TFQ
30LGM,160HRH
192RVA
262WSP,113SAS
98JIW,128WXU
41DHZ
301KXM,86IVD
70GNJ,83EKE
143HVV,295UJO,101TIK
137BSY
149LBK,99DUU
52RSV,120GIZ
48TLC
201PKG
241FDT,164CAP
341WMT,283KQB
92GUH
19PKO,188OFT
281KJU,312JOK
44OSI,161HKT
174LQK,317KTI,306MHE
61DFW
240HUY
166WYV,204YBW
233JFQ,199QMZ
145XAW,135STO
320MAE,330ZDD
187OLO
90YUM,302WZO
245YHV,335EGQ
29VOZ
202UPD
28LDN
129UIU,116XGT
215CPK,285NML
110KTW
114BDN
56LGA
181FPJ
333OOE,263FSZ
63SJZ,152SWO
72GDX
21SPC
294MUI,189QJI
57DRP,323CVM
231DBF,257WIX
17VUM
42SNW,169YOW,27RRP
221JNK,334DHO,277BAT,148ABY
269DCZ
286DEE,60LRS
146MLI,255OYZ
338YPN
43ACM
311HVG
4BIZ
3HXR
24ZOK
32SWA
297ZVW,38WBH,16ESV
324ORT
253BTT,130QZE
195BKM
327EWG,85SDU
171AKD
79WEB,46YNZ
230MZS,256DBO
132EVR,227OHX,158FCI
329UPQ,81ZDO
8XHK
88LEU
None
None
None
None
None
None
None
None
None
None
None
None
None
None
None
None
None
None
None
None
None
None
None
None
None
None
None
None
None
None
None
None
None
None
None
None
None
None
None
None
None
None
None
None
None
None
None
None
None
None
None
None
None
None
None
None
None
None
None
None
None
None
None
None
None
None
None
None
None
None
None
None
None
None
None
None
reading, running, checking time: 1505 ms