Yes
130EHC,182EOU,95NEM,38LEA,47FNC,196XSZ,28VXI
46CSH,201HWF,66FIZ,172XDI,173PKS
94ARO,104KRI,43OKC,157BHC,188OVM
101TQB,176HVN
8QUN,76FIO,103WNQ,142SRG
49CEI,5RJL,168YLX,193NSH,35GBK
53TUH,3TFB,0URY,160UKJ,191XOY
174NRA,44KPS,116BHI,36PZR,195FDT
186GQV,73NUV,198AAK
84IEK,17PFP,137MNG,87KGE
29PCR,175ZYK,9WFK,107WFO,62XHN
75MZA,65NEO,120PKG
20GVV,105RYQ,6XGS,68MOJ,166JUV
4FDT,89KHG,50RTO,91PDY,32JNK
140DKJ,86NZB,149GLY,12HKQ
83PSD,133HLV,2OEM,45YFA,14TOG,147UOB,27BCG
16XHR,98CZP,177LNR,25KQD,26SAH,90QRA
190MUO,134ZEE
112BLP,110SPT,56OAS,200DAZ
41UHL,33NAJ,15NDT,23GDC,22WLF
170BTW,150BNZ,10MHD,51XKA,171OAM
72XWE,93KRS,202RUX,37ZNA,153PZW,97WGL
77DRY,21BOV,145SHF,146EXI,34FTH,199JBL
96DSA,79RPM,19BUR,59VLA
152CUG,139DMX,192XGC,92KSU,178EKO,148MXI
181MEG,52PAS,40ADK,113GRF
125WEV,30LJJ,126PPL,64POG
144IYF,109OTC,70FBH,183CWS,74HHR
135GRK,121FSX,180XAJ,122ANC,129WFR
119HRG,187BMQ,7PBI
158ZOP,11PPA,31PDJ,136SMK
162IYC,63XKO,179PGB,165XHT,189HVZ
124XFU,128OQX,100UTM,163SXV,18IST
185GUD,82UWL,61QND,184JXV,80ECA
81YEN,69KJR,167HVB,99AAF,42YWL,58ACD
108XZR,102NLO,127IZG,67UXV,138KAI
85QGC,161JBW,164VXJ,141FLC,115RUM,24VTS
169QRN,111CLQ
143JAT,132NSM,117TMU,159POM,60OAB
106ABX,151MTM,118GYR
39ZCQ,48QDK,55VNJ,197FMF
71ODV,123EFA,54XAK
57FCO,88SBY,155PDR,1LMC,156PQO
154FYB,13DVU,114ECN,78LKZ,194FMP,131OKZ
reading, running, checking time: 121 ms