Yes
70NAE
42ISG,118ZZP
228LND,5EYQ
212IZF,159GSS,92NXJ
7FHU,202LVX
151MCS,128NYU
30OHM,69PVZ,242ZNE
177ZRB
61MAV,50BGA,6UES,144MXK
130AXP,26RFG,155AAC
207GGQ,93FEY
64FSD
95SIK
134BNV,182LWY
135CTI,179YXP,94GDM
35JDT
148FZL,18FEY,213UPP
54KOW,226ZEL,270DTV
91VVR,3PUM,230NBZ,107XDY
99ASJ,219WLM,244CLW
0HVE
127YYT,36JGV
62GFU,195CUP,181HJH
173TJG
224QUB
105IAI,223SKR
248WIO,139JGR
125XWX,142STG
49NET,214HWW
34ZOF
237ZBI,184LBS
126SDR,117IGF
72CZY,250CUY
28KAL,186WPW,141XYL
101VGD,131JOO,255ODG
41MBE,243MRT
111KLR,10QPU
76FUV,13AAO
110SKK,206FNK
203KML,53HIB,164ORS,20VGV
256QRX
39VJN
162TNB,15MUS
149SSG
120BWZ,267TRT
29SXR
232OWW,137ZLB,153MQB
217XZJ,86YRF,71JUL
200WGH
98VEP
23WLH
136HOX,90JDF
51KCL
220THB,188LYF
156VIE
191BNA
89PPB,158AGQ
100PWK
55NQF,146VAB
80UCH,58WJL
38LWN,221CAN
4KPD
150CIW
40PQA,253RLG
268DUR,132ARS,60CBG
1EHT,9IUB
67LYE,74JHU
45TEN,189MXN
82VEC,231HTY
63AQG,264BQT,83GQB
129BLE,240UOL,48AZU
163AFZ,22MSV,75UCX
147OYR,109FYR,143IIX
84GYN,266TKQ
138INW
171QOW
222ZHR,234NDZ,190SPR
261TIA,152EMI
227ARG,21HDT
180BQL
172NBF,198CUD
154BZX,259YTZ,205RTF
168JGN
199AYU,16EMA
215RXP
229FSH
103FWO,201YBF
31XMD,78GVU
114GEA
116WAI,79ZHL
113PJS
2PWA,260WQM,262PNG,209COM
178XWV
27WAI,197RSO
133MEA,257LFM
124BPN,106QGR,170UNT
208BKH
85TIN
37NWE
160LOW,169XNY,272TMR
65QGL,17JYK,57HAL
263YMI
216YIB
32UZI,258PKD
204GNO,97LSI
44EMP
11TMO,254IYI,211IFS
165ARG
187XDH,185EFB
19ISU,12ASR,193CQM,251JJB
115GTR
81SOP,241SVK
46PAQ,52ZDP,104AMX
176NVJ,265ITL
196YHF,121ONA,33WLP,235AHX
238XRR
88SNO,68UAO
174OKB,192MGU
73KFV
245JPA,140ACF
210SDJ
218WWN
25CXD,96AWS,183JZH,249CXC
239ADB,66UGP,77QAG
56LPB,145BPG
175MGC,108AND,122UIL
161RDX,47FUX,119VZQ,112YRQ
194ZQA,233KBQ
59ODJ,225FBM,157IJG
102GIA,123ZPI
14MKK,271YNZ
24TTK,8QUL
246HHA,269PRH,167VOM
247DYS
166MDA
252BTW
236SMK,43WXC,87BWO
None
None
None
None
None
None
None
None
None
None
None
None
None
None
None
None
None
None
None
None
None
None
None
None
None
reading, running, checking time: 484 ms