Yes
49RVP,181NEB,254VME,53JXO
147WHN
264JLL,236AVK
269LXC
304ZIP
363TQK,356DZX
335AVE,90GZM,297NUP
291ELV,54CBW
197VPJ
183TDT
350HJO
369FBH,232RDA
361SNT,247AUH
331LZN
194DXR,241OJW,412OBM
373NVY,285KTR
182EDT,407QXV
302CPX
109CQL,71JYY,202OGB,166LIE
397NMT,359IVR
97SNJ
118QON,88KPE
218LOL
400AAD,125UKO
271PRU
238PHS,251AJK
172HNA
158BEX,295XXG
344YFS
102VHF,127WTC
22EGJ,270WIG
196LOB
370IEL,223XEQ
55UBS,92AHM
84WYD,123NLV
239JGL,416AOC
63UJD
142GKX,315BDN,152TOK
273ODA,383UAY,307CJT
10BMC
61VRC
190FKF
16VXF,235JWH
216SDA,233PCW
371AGN
300NEE,219LEO
37RLY
32QWP,135OXV
274BFR
257FEN,69BCP,117QTX,203HPX
220OIB,250WTB,130QKI,255QZO
267ZPK,8IPQ
227SJI
113YZK,159WKD,52AUM
65YHA
27KUY,377BNU
424WZD
154ZFL,229ZEF
145HNW
353SBT,391DAC
334VQA,346FCE
309JPL,106YVN
419BUG
372EKE,213RAF
2YXJ
124BDD,260ZSK
393SWZ
349VVN,332IEK
301WNG
157CPK
6QKH
292GMA
318VCY,230PGS
249JST
367MTU,5ZER
308NSY
352TCF,103CVE
234JPE,405RBM,290MBG
39HXA
402MSQ
242XUA
107BKS
417AEE
388PBQ,306LOI,316CFA
410IHA,33SQY,284TCW
120OSD,282QPU
328NUP,126TVP
17ZQQ
409XDJ,134QWO,286CFP
112WXB
381TFX,169IKK
320LUO,288XHD
94CHH,360QOP
28ZKQ
185UAG
44QFG
215SSW
156URE
211AWE
173KCF,336DYB
175LGE
66RGY,141CZD
192RCO
413VMH
46VXE
392SPQ,237PBG
329AZS
262FDD,114ULM
64JCF,305HCU
225UPT
111ADM
96YIH
179NLP
343YJM
425KXZ
365QFO,77ELX
404MKC,78JNS
51XNT,26IHS
378MYZ,279WRS
184EOD
327BDS
99CNO,382NNI,207IFR
187EAP,303IMS,313HFC
385IPI
406VTO
163JVD,399ZNY
100NPM
228OHG
217LCY
67FYL,188KBP,299SHA
358DTA,40QSH
56JNM,57IAM
337HVX
191AEM,398WEV,321XRQ
18XMW
24ZRL
357WRZ
323QAY
195TRI
171CEC
342IKU
362NDW
376BKM,355COB
322LIM,25MHF
15DKL
85WOW,80ELK
265THZ,401SEA
110NZW,210FQQ
104QJS
283NLI,293OKC,276WOV
121ZLS,252IZK,139HYW,411FGS
133TWF
129XDV,214WHD
132HCH
34WIT,199BMN
0CPN
368BTK
280WTY
70LBW
14UCD,221IJJ
415ABK
259EBJ
351VHW,256CJA
151NAU
330GFS
35IVV
128TIB
47THT
48RAB,310SDX
278KYK,42BUA
50RUF
168OWH,58DMG,272QBC,89UDR
93DGN
375DMV,206CMO
364URH
60VCT
317PGX,374IMO,9XBL
319UMU
333RTF
205LFB
12GIW,208FWH
68YYM
226BMP
387BKX,240DWH
212LOG
395FOW
82ZPL
7NOT,296TJF
178WOD
180JPX,311PYX
379RLM
1DSF
414KIO
29OOR
38LQI,421TET
98FYT
162CRE,122XWL
366GPA
275HDN
76WKV
345UBR,266GKO
200FYI
164MZM
422HPT,408FOT
116NTQ
165WNN
281AKV
403GLC
119IJX,176VTZ
396LAP,146IVK,289BBP
287DKI
137TXY
354LBT,174MVV,340YLM
150UIH,298HXE
81MNT,204MXA,253YNI
324QWH
246SLF
245KRK
261JOH
244RYR
11LVK
394DXJ
418HNE,325KJV
386PDX
86UZG
224LQZ,148TQX
312EAL,115UFX
170GCP
384EHT,347YOT
294OTO
177IAP,263QYL
160LNN
143OFJ,72UWY,30VZE
248QEH
101XPV
167IZA,79ZTF
3PUK
4TLY,277XQD,423RRD
348XKT
140OCJ,87VTQ
41KHO,149YZW,62QOA
222XKT,198NUR
314YZG,108ZWY
75LED
74CPF
21ZHF,131CDU
258VNO,19OFZ,268DJW
201DTI,189SYK
155PWR
36ZKJ
59UXH
380ZLT,243TDY
420ZOJ
231PJC
144DUZ
339NRR,390LQE
138JAK
45TVD
13KWU,209MZG
20NYP
136JWT,83XQG,95JDZ
326MPI
161AOK
43NIG
91BZN
23XRT,153LAH
73GWO,338TWL
31WFJ
186FJS
341PBS,193XZU,105BFC
389NBN
None
None
None
None
None
None
None
None
None
None
None
None
None
None
None
None
None
None
None
None
None
None
None
None
None
None
None
None
None
None
None
None
None
None
None
None
None
None
None
None
None
None
None
None
None
None
None
None
None
None
None
None
None
None
None
None
None
None
None
None
None
None
None
None
None
None
None
None
None
None
None
None
None
None
None
None
None
None
None
None
None
None
None
None
None
None
None
None
None
None
None
None
None
None
None
None
None
None
None
None
None
None
reading, running, checking time: 3597 ms