Yes
65DVV,130RHF,184GCL,198XPS,144UOD
91SQH,140UUF,87RHR,187NRI
139KZH,60BCJ
101FFR,76LPT,57PIT,107MXN,172GZM,69UXH
168FLO,117FLU,112PGS,49LQG,46HDQ
151CCR,11AVR,110MBZ
54PID,164HWS
189ZAG,12VVS,90SLJ,89ZOG,83OQK
52XUG,113XFX,195NXL,30QEJ,153ZGX
100KLI,2WOI,127AKM
131OSV,190UJS,72COE
174XXH,162VOX,80DAC
118TGX,24PRD,124SAM
39PJM,167BNQ,94VCJ
181NSP,16LMQ,44BNX
18LWW,196EKT,29FZH,129YGJ
22CKN,99LBJ,67LFC,149BSC,178ZVX
104WPQ,81CIL,33ROK,1RID
48NUJ,122KBH,10HMN,155NAA,20MYO,4ZSV,61UKZ
95CSV,177NHI,64FMK
88EKU,109GDH,32YEX,126ACA,147OCW,115ZWO
21XYV,15NYX,25PRT,183ILM
77OYH,71ZNZ,194URY,119ILJ,192JFB
3FYA,53PUK,105UJV,102IUD,74NQL
26FTS,152AGB
145JXV,9XLB,66BUX,154YNI
142AEC,158JVK,51IQD,191YFF
114EOH,35OUF,134XFV,7QPG
125BWY,78BTO
68YZO,73SEQ,62CVS
93VQD,169AHS,37MIO
75GNT,121KZK,23OQS,128ZUL,82WRC,160EOM,34HVD
28IPA
132OOF,70ESM,170OBX,133YJY,185MPF,137XXT
156NPV,136WGH,188BSW,50ZZV
42GZF
197OFH,38YPU,0WPR,175TJB,47TEI
8MTT
56MCJ,17FSI,173ESI
97LIP,141CPH,27KER,106WQE,161RYE
111DFO,19EUM,186XNY,45LWU
59RVS,171EWC,5CLU,96PUV
92TJB,182REK,116FPI,63UNW
86UTA,85YBW,108WQU
166SHR,14ZPO
84DJZ,31DBZ,148HOW
13SQC,143PJL
43YRH,165KXP,98JVG
193VSS,138AHJ,6KPZ,41JIU,159ROT
146SQB,157WMB,79LXQ
58DWT,180EBO,123WMO
179ASK,36PKR
40QSI,55DPV,150MWH,163LRC
120QMG,103QAC,135BWS,176DHT
reading, running, checking time: 136 ms