Yes
192JCQ,77UJV,102UBP,170KPH,117VIO,84NJX
78TJG,139OJU,196UPF,181LVM,156TPG
142NHY,0OHE,129TOC,203UGV,31DGR
144XIM,54VGD,4BQD,88MSX,95IZE
140PGA,27JHQ,18XAY,106YCM
2KOP,138RMB,125CXV,137JII,45QJV,171TIX
32VYF,86OHP,42LRQ,33PAW,182HVZ,71LJA
52FSW,126MET,5VOC,133EZA,131ODY
165UUW,82FXY,94TOE,87LTV,153HAZ
173POZ,148KGK,152UIX,146BKZ,179FUV
169UJK,198HSV,55FXV,97UBO,157ILN
62DPS,96FUV,7SZA,22LEE,136YYR
154UWR,99OME,67WCB,135VEC
100FFC,143BZC,48PIO,114ZYR,155VYC
76NVA,75SMA,49EPL,158VSC,120IDC
199HNF,141GUJ,43XKG,19EQD
183VEI,28FRE,36PGE,177HCD,11RYR,16AZP
91OUG,124BHC,21FCM,3RDT
30CIR,58WSK,17NCL,108IWU
119BXD,176LTA,85RZQ,9ZJJ,15UWY
151GZC,190KXK,174NTG,50VID
92NTY,130YWJ,161VTJ,128VXP,172OLM
63VOX,60EXB,83OEU
81TNQ,34GKW,70AYT
39FNP,159IEV,134FMN,53ICS,122YRN
180XSI,178NMD,186ODL
79CZZ,160TYF,200YCU,59LXF,189OCS,191UAN
167OJM,116SQE,26WUA,89OJE,105XPW
149IHR,35PYP,47VAA,65YQC,197RWC
72PMT,103HYW,61DJO,25SXS
80ZWN,112OJA,187QZB,164AQN
118CPF,6GTN,150WXW,163CZY,113WSV,115KIB
66AYZ,175PAP,40YAH,98MHX
10GIM,51KMM,23OGU,145DTZ,104FSX
110BBJ,12NWR,127LNO,57MIH,44FMI,166OCU
73PIX,109QBO,74UHZ,56OPW
188HSA,162NGW,29WRO,93JIG,68GOT,121DRY,20LMY
132CZQ,90XEJ,38ZAF,107GRC,8CXR,193MBO
185DCN,41TMS,201VMT,37XBG,195KHK
46WHN,202ZQD,1RJX,13LHX,14FLK,64MUV
168YUQ,123FIC,69DAM,24SUV,147RRB
101KJZ,111LZM,194FOY,184NAO
reading, running, checking time: 132 ms