Yes
139XEZ,215GHT,108FEM
82GHQ,134JLW,198JLO
205EMX,119AEH
11LKW,203QMI
152PJR
0UYR
76NII
58GAE,26NFQ,101WFD
151FPF,150GOX
85HGE
184HIY,165LSV,37JTI
79HMF
213TNK,102HWH,10CCE
173JVH,136LIH,124NGL,121RIZ
161SXO
81EPU,114JYA
189FMD,159NBC,216GOF
185LPP,217RKV
113IPR,73EBS,21KOB,16WGO
170RPK,172OXG
23CTO
100OLQ,4BSU
92DPI,25OSO
3CMR,115JDB
130GXI
75UZM,143ARB,127UPQ,84RMM
131FHV,14QKI
80MBR,50EYT,207CPM
22KER,146FCR,57BJX
20ERN,43TIF,171OSK,54PID
87WHM,18DRC,64HUC
83NMQ,214MKS
110JJS,105JEG
201LBD
91NIE,98SCX
94DCF
158RGI,125WOX
8MTW
219RWP,180ETW
142NCX,88RTZ
56RJM
141NAB,52YRK
182GHV
33OAV,175UGD,155ICM,89BXI
144WSD
61IAF,166ZYT,164LHC,138RQZ
104ESY,177UPM
222RKR
118WIM,28ACV,218SMW,63MQE
206AKB,162ESV
197RBZ,183KJS
24PXI,62GGI
32SZY,65WBL
181GGR
97KRR
210ZVO,160JPW
148GVC
55TSQ,200LPX,111QHA
133NRR,179LXI,202WXG
60QAA,71TEZ
212PAI,196CSM
156XKR,103SVK,39AWJ,2NWI
70QUU,120XGD,7OTF
190ZKB
220JRY,34LAC
42HCO,48FVE,174XIT
69HDC,123LHE
38CQW
99IJU,211EVV
96AJI
53YPK,68QKB
95GYB,194IYJ,157BTL
74WYI,49KJC
51IQT
15LEH
149MNM,31KFZ
46EBE,44XRO
5OKJ
122LMZ,13SLO,132FYM,6XPI
90NRH,35XPC
208ZFB
128WUA,59PBS,167PDT
187VRV,78ULZ,19NVS
163BBU,129RTQ
153VDT
169IZL,67SJY
192EZY,86GSI,147POW,17LYJ
126ZVY,112QRN
93PIA,116SWX,66CBS
178TWV,209UWM,193KIJ,195BNZ,107OUX
145FMO,45WXX,9NBF,12NNX
40BPV,140YQW
1WJM,106NTS
109QNX,199MCS
72SEL,41GRM,47YNN
135NEB,154MHB,204MEN,221YRQ,191URJ
137XEL,30IXM
186VMZ
36JCM
117JLO,188FAA
29PYD,168ZXB
27PFT,176PCJ,77KVP
None
None
None
None
None
None
None
None
reading, running, checking time: 253 ms