Yes
293BVK,89FAX,191NLW,37MEU,378MSQ
116MYP,323SOE
359TOV
418NKQ
153YQD
111LQM,50AUF
211LYR,222FCC,151BHL,369KFU
362QFO
274CRV,343FNV,356VZX,78BXG
394PAA
183PPJ,355SMP,58ARA
28CHM,63PAQ,84QQO,365SHD
296TFS
396SKF,304SFX
202YOD
194SXP,199RUP
69LAV,400KKF
297TFK,162ORA
232UQW,366FUZ
205GAR,148ORD
144PFW,259VBL
77OGR
126UOZ,404LJY
11ARA
203OVA
226PPG,134DGL
120YYU,312PZK
255XNE
62MXM,15LXW,316HFT
181UGP
376LOF,29CMY
59SPR,92UNG,330RRH
385MMH,276VHT
87SIG,142CKB
168NAS,310TJP,45MGX
21WOX,155PLL,374NMP
206YSZ
230WJX,7CWY
152IZF,128VGW
1HQH
188XQI,104KBR,156YIQ
308RUU,95DDL
220KHQ
285NPE
387PSI
31OPK,231DKG,249PMQ
321ZJR,352GKZ
353BDK
165FYK,171IXL,82DFA
76IKX
18HVJ,234UOQ
279XFH,221OYL
207IUA,196VCE
135RTA,8NJM,177EVI
189GJX
258HKJ
251LUN,392QUL
237GKV,340YWN,36XMQ
305QAF
239LRT,44YRE,64OSZ
233GQE,358FYE
54GEA
100VEH,47LZM
71EZZ
242HJK,141EUJ
157NLM
66DJC
209HIG
65UNW
179RWE,252OWV
169MIZ
248LDF
295JOD,223BPR
39UWB
388ZZV
42ZCU,413UNJ
197KGQ,337KZJ
372VZI,94DFS
415ULM
283RVF
73FGA,40YHY
244KQX
13NPI
123FWH,393ROH
83VKV,377SEJ
322GOT
150FAB
91MLM,272HPZ
241XZI,370WRB
399JES
344PMI
287VZQ,55JAO
341JMV,48OWE
317VTN,166TYE
38WUB
397NQY,33LKE
298RSU,271KAJ,138GHH
187JJT
290WIY
113MAY
56OWE
178PSV
154ALI
345NMB,5MKT
147QDD
268MXO,391VZM
360UIY
269WOY
224RXG,417FTO
112HHJ
235RKY
133QNT,180BOK,390VLD
163HWT
96VWL,243SNQ
127DKY
109PEF,173YME
386ALO,357AMY,363APL,398PHJ
2XLH
389JKZ,140UMI
35ZLK
212OQK
19YYS,380LIY
137VJI
99MOC
186YKU,145JRG
229TDQ
382JNE
346XLA,102AJE
97URK
294KDD
80WVF
407MUV,172BDS,130TOZ
375MAP
43CMN,405CQZ
281NDE
315HQF
350LBR,200RKR
277RVV
216IPA,367POP
289WSX
245HLM,307NLN,143VDK
51EJE,309YDM
278MRR,325JPK,218JBC
195HFO
338NDX,412KNP
26MPB,208XIS
101RTU,219FWK,260TDD
22YFD
326FBU,103EUZ
301LNH
170FDW,114DJP
85MNP,161RWM,300INW
368SUW
164PBS
351ROI,160QTL
121FVK,361MKH,3COQ
122KTL
201PFS,238JCR
254YRM,136MSX
303ZLB
14YZH
329BCB
81GWS
214IZK
20DXC
105SQB,217XSL
118UGL,228GGQ
124LSU
72JXE,10PYK
401OYQ,57BUM
119CGH,225NEQ
67EJS
414LON,175NJD,282EMG
52CLS,288GLP
158KZL,60TVJ
117WYH
184SXV,263PQO
0UNS
347RSI
334DAU
395BTA
267VAS
46UPY,292DDS
236VOJ,88KVW,131YDE
32LCQ,408AIN,34PMY
193OFY
174NCU,284HFC
354JXG,12UIP
61VCI,331RRE
327JVZ,110XBD
306XFP,261KCQ,373ZHA
182VQC,348ROQ,364UQY,70VMJ
336GEM
383EON,273WEP
324HUQ
299QIW
149DYE
176STE,313ANO
6QSX,256HKX
159LKY,318LXB,265BJB
402FNV,319OOD
339MLJ
23FDG
132PCP,409HSZ
335HSJ,75KSW,250IDF
190ABA
146ANC
291ZZI,27UKO,320SFS
86VRK,227RXY
93QAM
246SXR
381JUD,266VGU,253VOY,106UAY
125EUI
262ZKJ,270UQJ
314JHI
384EPZ
210LBW,107PTO
139VJO
213PPZ
74HXI
98GOQ
328CPF,25JAT,24EAJ
49PPP,16OVY
108YRJ
79KKV
167MLW,257GMQ
286QYY,192TLV
41BAJ
403MAG,198HOO
280NOS
9NDY
90SSE
379MPE
185ONY
411EMT
333NAH
275UBS
406NIS
302IZJ,332MBV,247ZRY
204DWC,349LCZ,410IDG
4HNT
17HTF,342GKB
53EMI,264DPD,129SFP
240BBS,416QSD
30KMP
115HDW,68FTT
311XTA
371UAI,215HXD
None
None
None
None
None
None
None
None
None
None
None
None
None
None
None
None
None
None
None
None
None
None
None
None
None
None
None
None
None
None
None
None
None
None
None
None
None
None
None
None
None
None
None
None
None
None
None
None
None
None
None
None
None
None
None
None
None
None
None
None
None
None
None
None
None
None
None
None
None
None
None
None
None
None
None
None
None
None
None
None
None
None
reading, running, checking time: 2203 ms