Yes
253RPJ
268AMA
11LMV
61IWR
360UKQ
79SGD,368MZF
146QPO,120JCW,173UGV
26BQD
312OHG
38GPF
227WBH,96ZFZ
323QVJ,160JIK
122JEE,308SOW
8IPT
108AFK
24EMB,280PDH
189HYE,119WOF,356VYM,289TQW
202GEF,155PAI,212LLX
364XTX
270AMG
36VBI
66SNG,221JVI
197OZN
6YLP,302FXZ
210SYB
16TQW
163NJZ,331ZGG
110ONQ
94XNW,251RDA,52PIZ
357FKZ
50WEU
266LUJ
29CLT,230RCQ
204OOY,19OVF
14DHE
288JJD
374EAP,348JPU,260IWC
305RAW
136CPO
150OWV
367YHF,167BLR
219MHK,27EJT
53LGC
300XCM
156VBG
104PKD
278POH
350NIY,222DMI
198FFK,80FTA,132MCR
1JYD
309HHO,265AGE,97QPW,325GJV
336OEU,208GAD
318DFU,47ZAX,327BZU
247CWI
369XFQ
320XPR,127NMY
71BOZ,20SEJ,67FEU
154TZA
194DPD
301DWD
55ARF,178NZJ,48XWU
366DYR,236FEJ
315OPP
63HAN,263SEN
332NTE
145BWO,376AHA,317DLI,103ZVM
125JVQ
215XZT
105FJP
139YRK
73TUO
293ASO
283GGI
117UWC
351HSO,242WDV
346SFQ,223UFU
291COH,13WLD
128ZDB,303AQC,306ATW
179HGC,169MCR,220TRM
343LBU
123PHL
228BIV,118ZHF
87RQU,296JOY,40YUQ
115LBU
243CZB
15DMW
316MOP
21YGM,257CIZ
95GFN
200GVE,262JWH
335TPC
23WZC,43NYW
7QWV
231IKU
232RIY,239WKM,183RIH
187SBR,304ZRQ,64GKX
249XBC
17PMF,143AZV
90LQN
65POT,377GAC
75TJJ
298CXF
297BVW,93MPG
168GGZ
72RAE,112RMD
286RCD
313XCB,285YGC
130WWW,86QDQ,214JLF
51CWX,252TQY
57IDH
181QWY
191IWH,133OJZ
359GUQ,182HPQ
209VVS
193WAE
39LEY
328LVQ
365RNS
114ICB
5WGE
321MKQ,370TBX,294BQG
31TMM
153PJJ
205VZI
261MOO,147ZYT
0RBJ,349GQR,111NNO
199RKU
18LAG
22KUF,326GKQ
76GTJ
126SCJ
137LCF
276WAK
49XLM
157AEM
151ZNG
341ISS,256JSG,161FWM
45VOT
186SOA,207WFA
70NSB,134XEU
54NKL
34CEJ
91RON,172GFK
60AOX
74PUV
282CLP
275FQQ
264UPP,41NJA
206THX
180SWN
267PBD,246JCE
44MXS
233OKS,342HCG
217OQK,116ECQ
259KEC
158GTS
250WUL,358SCO
81OVC
224VIQ
109GXA
162UEC,113UNW
310WDD
290WZY
322NKS,69JGV
174KEG
184OBU
339KQS,287TAY
164WZP,344KIR,92TZO
216QNM
195NPR
89FMJ
185DSW
83AKB
241DME,235UCM
3ITK,352PFW
140ZOY
271NDO
30CXC,237ZZR
330FFF,85UDA
56ZVY
226WZQ
248EGV,4DUG
354QPW,176OWK,307SJY
361KVJ,152ISO
362GKO
299VTS,334AOE,59WGH
345MOX
142LLH
10YEP,175GTI
218DSH
124LKC
244ORL
353YFJ
177IPJ,12OWB
107CSW,131VIG
292CAU
314AGO
33XAL
129GKZ,277IUC
46HMW
98RSP,159KRL
141RCD,170EXU,166OCR
144RFO,190ETM,58SHD
171UAK,234FRL
284HKI
338LLA
319STZ
62GFD
281DDM
138GJD
25GJA,324MLD
68LGI
272ALT
371IMY,333YLB
165IBV
78SMT
295SSR
100POM
238JRI,211HSX
106QQQ,225LBA
373OYN
245OLJ
77ETQ,2RUP
196WFU
35IUH,279EFW
311TVO
254SZP
121EFV
269WMP,274IMP,135BNR
192ZHN,258POH
9TSA
213BWV
372RMI,102OXJ
201QTL
229FFK,273VAU
28CWM,203CZF
255RIK
82SYI
32ARQ,148VQU
329LCS
363IAA,340EFS
88OUA
149ZWT
37QEI,355TXZ
101JZX,99YTI
347RPD,42LCN
375PKT
84YMV
188ZDR
240JFM,337IFM
None
None
None
None
None
None
None
None
None
None
None
None
None
None
None
None
None
None
None
None
None
None
None
None
None
None
None
None
None
None
None
None
None
None
None
None
None
None
None
None
None
None
None
None
None
None
None
None
None
None
None
None
None
None
None
None
None
None
None
None
None
None
None
None
None
None
None
None
None
None
None
None
None
None
None
None
None
None
None
None
None
reading, running, checking time: 4184 ms