Yes
15ZSX,91VLX,147EKA,73FDA
127RCQ,171TZB,87BPM,97JBF
28JCR,95KOH,202KOK,69KQA
20BQH,110JPY,138SYE
125MYQ,100WUS,63JRO
22MKZ
216QPQ
223GGC
196HEA,46ZUO,157LAD
33EAV,64WCO
122MFO,191ODL,58RXF
38ZOO,17LYE
86WSE
153SZV,113TKU
176UWQ,160NNU,173YQM
48QIH,41VYC
10OJC
66CXZ
135ZYB
201VAV
109HAH,0MJD,56CQF,98YDM
23TRW
136WRD,220MKE,32OUD
145EPV,21ESY,42OFO
199LHG
43CQQ,68TSE,158HHW
5WEF
188SIY
94MMD,13VGE
170KAL
55FTI,200BRV
141NBD,45LLV
7CXD,118AVG,50TNY,212JIN
121XTR
190QAL,149LUZ
99VQF
12PFB,106XFQ
142MVC,184RZU,123LQR
19CPW,139NZS,204HAY
215UCR,16NPO
175IPW,166ELX
39QQZ,159LMK
218TAF,61HWQ,182PQO
90MHD
140QGQ,36IWA,150RVA,183BUX,178JEN
54CAN,65GXH
57AEF
128JDR,120UZB
24WNE
35GEE
6TUZ,211JCQ,11VOJ
78LSQ,60WHQ,9WPY
143PXI,49YXV
180LNB,67YIN
221OJN
84XIE
164YSE,193NZC
205QWR
207RPY
115ELK
18IKV
174ZWF
101QFA,103NMY
194CGC
4GOI
47ZHY,119CRK
83KBG
161AFA,134ALA
81VSX
111MUW
82VPH,195VPB
29KDQ,169IPS
172SHG,107OQQ
77GGY,25HAN
114YDL,124MEF
137TRI,8XVW,76PEH
30MBX
217OLQ,70GJY,152HMW
181LCY,40RHN
146SNL,3LKV,112DDV
219DUL,154XNM
222PAR,88UIL
79YVU,129CJJ,104IWC
105HCR,133ARH
185ITL
151GOZ
168YBY,93NVQ,71UBH,197DVP
34ARS
177IZR,186KOR
102IEN,14NBZ,206DQP
116THQ
192OXK
132MBS,210JZZ,92QVH
117QJD,75GUO
165BCF
62RZR
85AVE,126MKM,209BIS,74KNK
31CRQ,144ROA
203WMJ,208XHJ
179RQX,213NJN,44PQU
130ELR,189EPJ
187CJK
96TJT,1IZS,198JLW
163KGM
72PEI
156HPQ
27EIV
89NHA,52NHF
51UII,26JJU
162IYM,37FHJ,214QZF
80BKE,59BNM,53DTS
131WQT
2OUA,167BFU
148UFZ,155LVD
108VDQ
None
None
None
None
None
None
None
None
None
None
None
None
reading, running, checking time: 552 ms