Yes
99KWQ,228BLE,210SZF
48YAF,225QPJ
43KPN,196NLR
105GLE,7WHU,68JNX
207XNK,197AHX,37KXN
138RKK
170CPF,97BJJ
49OYI,35NVU,51FPI
101NOJ
59RWP,141GUM,3GCD
92ZTB,24EKV
67HJW
25FGI,60BHK
69CPS,183VMY
6PQL
142KYG,188XUN
19BYD,95PXK,215QBE,88WDC
234SIC
106AYY,165YQU
57QLA,232RDW
118YGE,218RIY,58GLJ
227LES
0BCJ,169FVZ
117JZX
13TVZ
107HNY
164MTG,56YFW
205TDO,173QPG,154XNB,162XLP
155OWW,82BHL,8YWV
185QWC
194FMU
120CDK
178YLY,63RCU
26DYH,167AXQ,146ZMH
136AAZ
85OUE,144UBS,94CHO
131DIT
54TTE,204PIX
163BXN,122TBT
151CUJ,55XQS,139DXK
206HPZ
214DHJ,221DXV
50THN
100ZDR,145QLM,137XIR
133ABK,226AGG
160UIL,75JGD
81ORA,158SPV
46HNG,159PMM
104HOF,83TRW,4PBI
180NZD,73LBX
41DMA,40SWK,175DVV,195KQQ
61HWY,193KSL,72TYX,34XMJ
52EXM,90OJW,182IRI
119HSP,179XKH
190FQT,45XLX
76LWL,134XCQ,224WHB
202IWF,127VSG,129XWG,199AEO
201BCX,126WDR
113NCX
123GYC
5YXG
78EBN
115CDJ,147DCM
14NND,177QWH
28CXZ,71YPM
110VWV,157ZZN
111QTR,47TCG,203NOJ,22KFO
109QJK,116GEN
200UEP,220NUN,2WMD
10TNT
38NCK
174NRG,148JVQ
12PTA,128DNT,231WFA
18KWQ,168ING,96TAD
191EOO,171LKE
156RKE,216WNL,132HPP
29AGU,102RDF
112KGK
219FJU,153HUT
23ROO
103MIL,229RLL
212KEH,87UTK,209EOB,11JSB
114GFG,230JPV
108MIJ
42EXG,53APJ
20JRI,89XAG,70ZSN,124BWT
77AGY,186UZH,91NNL
217WTG,66PWK,152PRA,222GIF
74HDI,166IUW,15WJV
143NSL,150FKO
64RDX,198EGV
44WCB,172BYK,27KZO
161BKT,208KQP,79CHT
1NHL,125XYE,149DLJ
36MXC,211YNW,84GIR
98BBB
33FFB,16VBB
80AVG,181NEU,121DLI
21RNG
184TVI,17PFP,135FID,140JUX,9VPH
31RAI,39WZX
130DUW,176RIH,223RKF
233OPN
93COO,30JII
213KQO,65HRC
189VLE
86NWP,32IWN
62YTZ
187HTM,192DEK
None
None
None
None
None
None
None
None
None
reading, running, checking time: 633 ms