Yes
210BIH,214QAL,190OIS
30TPE,63INY,116AVM
94RUZ,175FST,28SXJ
41IOR
46TMG
125GAR,73WDX,229QNK
230MJM,213MOW,60TTO,70KQJ
247VEI
123DBN,127ZSZ
157JVF,146MWU,273QQG
235YGG,158LAS
90OHE
238LIY
145LPY,248LPR
215YCA,231RIQ
168GLB,206UTH,207FAY,89JIJ
182PCG,39JGU,270IJT
23DXJ,71ULN
18LIL
254PGU
165MLK
108DBS
183VJB
253DRU,255BSH,236EZX
42ZOO
279KSH,144LKO
51LFT
121XFL,179KIJ
29FHD,83MKJ,72WQX,99LXM
110FKK
196DBN
180AUB,101FJJ
20HXU,117WGE,53FUA
12IES
243EUM,81IMV
107HKG,109IHN
34PXG
173BZC,134SBC
217VYA,167EGG
277ASL
267ABP,221XHG,91PZX
133WVX
105QEG,245FRU
69FZL
132QWH,128DIZ,61MDK
163HTE
1UXB
271AHH
52ODW
118GVI,13QVC,171OTR
74BDH,47VXF
209MFY
75NRT,150DZL
227GLM
40EIQ,156AHQ,8PRM,65NDR
261YAM,140PQA,256SHD
226UEG,100VZG
111CUU,17HHA,131WER
278IOM,178LBX
174LQW,97TBI,31IDF
5PGI,9CGG
212KBZ
240NLW,88WRD
205FVB,280XYZ,234UWZ
193MKL
281FSY
2EPY
32DDW
151AQJ,120OAT
14BGF
135BOA,155QVT
276PXD
21YLR,54LPY
225QDE
86NWO,36GTJ,257HDD
4SUL,241PHB
274GDX
44EOV,113AYT,265BQW,103GYP
11VGF,33BCN
22ZAZ,82TZB
249SQN,58KEC
188QYL
237SHX,139VZN,202IBM
137ZDQ
218MMR
169QUG,3IKW
219AKY,48FNR,78QUL
57XMJ
159HKM
24TAS,162ZGZ
38GVM,244HLR,130KLO,269GUO
79BZO
152LZG
177MCW,194OEN
170NNZ,115JQP,62ZGQ,119IIY,184GLL
172XVE
275KCI,84AHL
272QCC,232VYR,187GXS
106WVR,252FUF,204VMS
45KSM,147KHX,153VWJ
142KQL,136GSP,92JMD,25POP
64KPP
126SHQ
262YOR
49WAH,16DEH,264GQU,224JYY
259GUN,124EVH,242FEX
203LZN
95WZG,189KBE
6KMN,216IZY
148VWO,7GGG,76GYW
161UDX,195UQT,67ABR
68FTY,260EOS
228YBG,181WVB,185ICP,112EMA,104UYO
223GVB
246VOC
198QXM,164POK
85WVO,143KWU
186IKR,201UCN
43QZW,77GJU
222JBN,141ZBM,199TYS,239OEW
98IWQ
96AGZ,93GLB,251DVH,26TDX
19FQZ,55IYW,138IVM,154CML
102NBH,122LOH
50LZO,15MFA,37ENT
0EVC
197SRO
176QBP
160REF,208MOA,35NEL
266SMX,192XXW
200JAW,129YBQ
258CMT,149OXT,220HHF,263WBG
87GZX,166HVC
268DTV,66VVT
233PIE,27XDW,211XGS
56MFX
114NSN,10SZX
80UQQ
250QDQ
191LEM
59UGE
None
None
None
None
None
None
None
None
None
None
None
None
None
None
None
None
reading, running, checking time: 520 ms