Yes
202NGY,101MNZ
97HPG,112LLW,190HEW
174UKA,176JCK
39XBR
87CAK,138IPE,166ZAJ
3RPN,34JXN
107BQT
64VSZ,94ZQQ
96GHG,123ZHB
37OJD,50YDX,17VJN
80IFO,4SGD
63MLL
75KAA,71UGY
105MED,171LIN,65VBH
24PFD,18LSR,144QTQ
185JGX,55LSP,90CMB
188VPZ,14UKU
119QBL
26JSD
200VXP,136AUK
193BWS,32JCL,132ZUU
10UBZ,48CAR
156XKD,115HWU
131CZU
23EMZ,168BFZ
109QUV,2CTR,134QOE
130LHU
120EXK
91HIR,16STN,157IYL
161PMS
33KWA
201GMV,142MEQ
145TLR,117MJI,81CPW
54JSX,52VST,8UGC
74VAW
155NHT,67TMA,86XSM,125LHT
41LRH,53DRJ,13YVY
186NGZ
29LFV,38KYV,149DTM
28VNQ,151TTD
158EYB
22UJU
85WBT,199DRJ
30DAL
159VFY,44KUE,133ABN
51YRP
183YSC,84CPK,6NPE,135XHK
181NXD,70YUL,77ISV
184LXY,78AHO
126BKJ
162FVE
178ARR,147YDO,197IUH
15REX
167RYY,141CGC,89TYQ
60RPZ,118IER,45SDN
11MUO,113ZOB,12BBR,160QZW
196KNC,72OVT
143MBO,137PFV
173AXT,66UMV
122ZWN
73WHA,102PWO,20CND,103XCP
82VAL,99HCU
61BMO,19NGA,9EBC,27WQA
179TAT
194QMP,7EWT
129IEY,104VTE
114TCZ,175SCZ,191NIP,43IPO,106MRY
148JAA,146BOJ,189WYQ
111UAN
36GTI,154HKP,62HAR
152JLF,0NNS,110LOQ,100ZMX,1XEU
108ODG,128WHR
31RQX,163HZU
47KZA,127PPY
83EWU,76NTW,93TJW,203AJX
177TOG,5EYF
57ASQ
58XBF,153HVT,140OBD,25SFU
40BTH,42GGW
59EXD,56EXQ,98NGM
165YTE,180DWR
182AHW,21CHM
79EYW
192JRZ,92MWI
116SNW,150MYN,195FWD
124QTY,164QJD,187BVM
69ZDD,139TFH,49HKY
169YQL,88GGH,170SFI
121PYH,46AWG
198WOF,172VWN
68NOP,35FRU,95XBJ
None
None
None
None
None
None
None
None
None
None
None
None
reading, running, checking time: 210 ms