Yes
445LOA,287TDM
155GKO,136DMI,438OZF
177TTW
222JHA
163MVL,267WQB
26LWJ,78OIR,313FFS,295NXP
321GEA,148BQX
131UJP,415UPN
368KVO,402FJP
82NDJ
54EMY,17APA
288DXM
241AMN
416IYR
387JIF,225YHG
254QXA
347BWX,444CHB
358ZFI
137QZB,24VKL
157RPB
270WUF,367UFJ
272TGU
332BTD,280TYS
354AVO
194VKH
34CNS,236NVS,250PYE
210NHD,266CTG
317EMZ,385ACC
348ARF,324BNZ,65KCR
95XNJ
452QQD,265PTN,353ZWO
294BMU,99YKI
85FIT
350MDH
282VNQ
119RCM,226APZ
326HXX,153OFF
14ATI,160PHO,130WGX
284CLP,120OJS
283LHR,240XQI
337MMF
261ZPF,35CKG
106AUS
215ZTO,375WDW
258GMG
77MYZ,44COZ
388GPP
300REY
382KDK
275KPW
442IHJ,318EOO,43HRX
126QQC
323HOG,377EUD
245QQA,3MOZ
363MGB,376PJO,273JBC
29MHC
107BVQ
460EZB
199FCK
312XZG
72HMZ
393DHK,336GHW
461MZA,92SCE
396DSP
411YGO
458OWW,345JKQ
33OOD
259VBX,436GNS
276YSF
423OCL
188XPQ,268AWQ
159POY
366QKV
180NRM
46SGO,230ASW
205EQW,9BAO
248JXJ,12QBN
101HAY
252QWB,40QFQ,391IYX
394XJT
255FII
19KSC
25HWC
176VKL
71YLB,37RZC
243WQF
364QPJ,51PSN
441NYG
426SMW
187YAM,431YUH
392OFC
189KAK,104GUB,73JAG
403WLW
23SHA,418CKM
335SCB,181XYP,96HWY
15NRP,309NFD
118JKW,67HXT
407SIW,74FWN
211PLB
89BIA
428EQN,151SVP
2WAD
4NLC
60BEJ
362XSV,256WIT
459INE
231IKC,184LEU
64MSR
98DHO
59ERY,196YTO
68WGK,6LQI,361IXL
125ROO
66BOA,242OZR,234AST,213SUS
327MQD
410QAF
409YBR,320STZ,39RAZ
306TQH
109OQD,164LTJ
45PRQ,465VSH
57GQI
429KSP
191ASW
302FJP
463WHK
257IXN
81SMR
246RBM,310WAJ
150PEV,339CPE
425PYN,227PDR,156CFV,446IZH
279AQF
469COW,449ZCK,263LZW
167BJD
27YZE,370QBO,208LJP
352WXW
138QLB
206FHZ
111THB
328ASV
42IQZ
102GLU,69TWB
420DAI
30ALF,297TAW
372HWJ
371DLW
455NKJ,183EFE
21BFA
443AWM,202UMI
447GJJ,91VAN,47CQX
338MKB,308CQL,454MQT,340KEL
132KHB,311OIK
451DPP
56IBQ
121KGU,100ZCG,143PUH
466JRM,209FBO
220VSG,434DPM
61PDO
398IYO,470QKY,198VQX
88ZPO
356LEO
334ZYV,124RXB
224XAU
186LNG
322MKJ
378NTR,212RHI
22JAX
174RHW
117SZE,439NAN,16OJT
433LXF
162IOC,179HJC
11OCZ
437KMH
405DDP
271QTM,221PQK
28TVA
355IHW
389WTR
329IEZ
145ZXT
142PVD
456QKM
383LYM
114HPZ
10WEL
427SSD,123WLD
412KXY
237QFA
53VWK,239OFQ
253BXX
38CAK
319DGV
277RUR,293XKZ
149HZD
70WJI
399AIX
103TTI,139KVL
472XKO
395TAB
193KMB,63OSQ
58WGB
453WCW
462TNY,158YCX
200PCJ
144FQI
301CUH
331KQH,218HCO
214IRK,359UZQ
182GJV
1BYX,113NDK
146IYQ
281LUE
233MTO
207VIA,86QBC,397PHQ
390VMO
48CFI,369SLE,414XSE
32DTC,406UQE
135FPB
351GWP,464FTX
330VTL
380JCG
178JZU
31JTM
432QBO
84HHY
286JQO,165TUO
291JUL
129KNO
365ELP,197FSA
133PMC
468JXI
97ZIW
424GBE,278WSR
269DNK
262HRW
346PWH
190ACB
249MDA,440ANB
357NVV,307JES,400PZL
7GKH,112MEZ
314AXD,55USN,238PST
471WTR,76RDR
93UFS,305FAJ
217ZMH
247QSO
435RTK
168TBZ
41ZMH
94DPE
20QFL
457GSO
128ZGG
303HBG
169NEL
141JWZ,116DVQ,325ZHB
152TKZ
140TSL
360OUT
315ZII
232YYJ,122MRM
223JJF,170BQF,404RNK
8VQU,401AYP
430UMW,0NHA
384XCQ
290ANQ,386BZC
374UXU,108ZMF
341DSL,419AYR
87QMM,192ASP
235LKB
127JZO
229AKL,292XEP
115WWS
166GWQ
413JWQ
343IDG
172OGM,373JPP
13TMS,344BDI,173PHM
204KXT
75QUC,49XSH,379ILY,381PPS
421LUO
171AKM
299JUC
316QMG
296EJP
450QKA,147PFC
251NAC,18IWL
264IXY
175JLE,216WAZ
5RXI
219MUF,408BDR,228CLO
62XEN
110ERJ
90TSW
333YKT
417RDJ
289JTD
448EPK
422PUJ
80KDR,467XBB
203BFO,201ERB
285OQM,154QEO
50SBV,304KWS
79BKA
52ILE,342PWP
260WKP
274RJL,105FBQ
298XHJ,134MCZ
36MLH
244EZF
161CDP,349ZVD,195UYF
83WGC
185WIS
None
None
None
None
None
None
None
None
None
None
None
None
None
None
None
None
None
None
None
None
None
None
None
None
None
None
None
None
None
None
None
None
None
None
None
None
None
None
None
None
None
None
None
None
None
None
None
None
None
None
None
None
None
None
None
None
None
None
None
None
None
None
None
None
None
None
None
None
None
None
None
None
None
None
None
None
None
None
None
None
None
None
None
None
None
None
None
None
None
None
None
None
None
None
None
None
None
None
None
None
None
None
None
None
None
None
None
None
None
None
None
None
None
None
None
None
None
None
None
None
None
None
reading, running, checking time: 4066 ms