Yes
261EYF,308RKQ
73UTA,353AIB,223VJG,278IXR
42IXO
59XDW
340OLR,363QKE
188WVJ,255OYI,37OQA
184MFQ
346LUI
65WSF,118NRB
335LPP
139LIP,85VXX
230GDB
97ACM
111XUE
191KLS
136RED
200BTK,8SEF
227XIY
320YFS
22LRP,365CTG
305GTG,250HAR
112VAA
172AEL,126GAX,197RBR,154QZW
312LVO
270IGL,45AXN
16WGX
347IPM
71XTY,140BOJ,98RLB
210BHD,88BHV
120WIH
133JSE
13SCJ
315MKX
119MBE,78GMA,332CXB,30CKO
149HLE
217QFP
0XCC
27OOE,292NLV
319FPV,246BCC
137ZIZ,207AMT
233PAK
199GNX,211MPL
226OIJ
359RCW,214GLZ
158VHO
89YUW
367LKR
355YZL
288APZ
134PZP
232XOJ,316LAK
212DUY
193AFW,187UIG,75AQZ
162WVN,35IVA
295DVH,21QWM
260BAJ,358HZP
289BZL
87CAW
348BZA,206CRQ
6DZJ,273CES
58LPT
169CHA
43XBA,326ASY,272OPR
349ROC,164CZI
277TRX,54REC
80XCJ
62QUK
41THV
280FPT,298VPY
369ZEU,194ESJ,269IKL
79DEK,364BHW
275NDZ,203VZK
51ARQ,83WSB,159WII
321JAT,31VTE
165KPV
238OPX,213YHR,218DIM
330EJC,177HSN
1ZYZ
96UPO
345ZRV
147AEZ
242GCR
115AOC
248HGP,100RSJ
53PYN
360WKV,114WTP
32YYZ,257NWB
300BYK
235YHL,18YDW
239GYP,234BHI,10HIC,286GBG
338SIC,130ADL,56EUE
167CGQ,107YRU
86WED
354TZX
23CAW,15NIR
366HCC,290NYJ,317ECG
334XOG,39OOW,26QQZ
282CDR
4XUL,28JLA
142VCG,72SCL
304EAW,52QXZ
116VVF
46YTB,11LEG
108JDW,297AMF,215ULK
285QIB,144LMX
153DGW
192GVQ
198CNZ
266QYH,296ACG
216NFX,38CJF
161DTA
256TFJ,240YJL
195KIW
243PDS,66KPF
138MPD
117LBX,313NMX
101CAT
175QKB
337QJE,303IBR
341NWW,258RFR
2BBD
343AXS,106QTQ
93YYU,301ORJ
61EEN
166IKH,70HWD,311AJR
94OHN,336OMY,339PEL
156AKK
36RSN
370UWK,29MZR
67LPM
64MKS
20MIU
131RUF,68ETB
171OVE
294KYB,268LPO
90OPO,14KAI
249TZY
350JAN
263FKM,310EYF
135EDG
84HGU,325BWP
362WQH,168TUS
291OMX
110PAV,157RAT,143GRB
81JQQ
186KDS
92SYB
344NLL
356GQF,189ODR,196IBN,49SRN
371WXC
160IUP
173RQI
82WTK
109RDP,202HWY,245AJE
299DAO
60INL
208TLL,244WBN,103OHR
185RGR
76ECE,265JSE,55SZS
102NDK
368SFP
183NCY
228QOO,104GLA
50GDD,267PQV
99CLM
314RVO
148CML
237BRB
324GGL
333YVD
231VXT,122HSA
181LBZ,125JBE
24APZ
124LZB,180GTT,190OYV
33XIO,225CXY,3WFJ
252VCY,176LLG
113JKI,25PKR,221OEI
179CYI
331AOP,322HDK
328VMO
219YRI
259AEJ
105OXH,44ZRT
145MDJ,236KMY,57QTR,146CTD
127AGN,229RVZ
47EVZ
287VNC
40LBC
220BYV
48LOZ
182NNG,224TUD
95FTI
309BVY,12CDR
178TKJ,361EPS,254QRB
77BJL,318KXX
7RHX,281BZI
352ZLV,284JPY
323NEQ,327DMW
276AYZ,152THQ
329GOP
205MTK,150FUY
123JZC,293KSE
247EQO
251VHE,121UQI
264GHJ,141KGF,91PHR
69EZX
201ZZB
174WYL,283FPJ
222FOA
302JPF
241TYC
132GEY
342MAT
151QLR,262JSS,155UJR
351SYY,19CEX
279TMD,170YNX,357HBG
274ARV,9YSV
74WYJ
204YKL
209HQH,307PBQ
5BDJ,129UTP
253FHK,63HEX,163OMV
17PPB,128AFO,34VJS
271ULV,306ESZ
None
None
None
None
None
None
None
None
None
None
None
None
None
None
None
None
None
None
None
None
None
None
None
None
None
None
None
None
None
None
None
None
None
None
None
None
None
None
None
None
None
None
None
None
None
None
None
None
None
None
None
None
None
None
None
None
None
None
None
None
None
None
None
None
None
None
None
None
None
None
None
None
None
None
None
None
None
None
reading, running, checking time: 1460 ms