Yes
119YJK
142AGL,122OMH,98ECG
170OSZ,42VLV,164FSY,58YQA
39QYN,15ZRA,4LRS
202JDD,3KGZ,66DPS
196MIB,195HQP,96AUZ
161PHN,26LSW
181UTP
94CZQ,52FBC,19ZKJ,97BTF,190ELH
160PZY,93EGT,151FQO,34YFT
186YST,103CYC,200TTU,5DFA
209LNP,129ECO
150HIF,99AOE
187UQX,162SYU,194JBN,167SSM
37UXG,10GLY,182INY
69TJP
156PCL,159CJL,131PSC,35FQA
7KET,14ENH
183OWR,204FTI,128LFQ
49WNS,17YMT
192PRQ
0TWC
57VLR
61IRH
188WDG,193RXW
31TUQ,106YLS
189HNA
138TMP
68GKF,60TEN
155BGY,6XFT
84LDR
67QPC,54ZUR,169SDL,152NPZ
168ZBR,89DSK
18UEE,38MJF,108XWF
107OZP,120TDZ,41YEC
74DTV,79FEX,133FAL
123MSX,206ZXF,112RNX
83BCR,30JWE,36VCW
78CVQ,199EEE
111JLI,48LPG,139BNP
115LQF,77SIH,207FUJ
118HJK,208VIL,157NOU
127ZUM,56VSZ,211DTH
124UTO,179AXW
163TTG
210SGC,158XRX,144RNL
91TWE,55FLD
13GTO,113EDE,92SOH,136VDW
110VII
104AQK,53ZFK
87KDY
117ABZ,70HUU,173CSU,23HZG
47DJE
73JXX,82XHO,105QII
29EWG
141SSU,145MJR,126LJY
184QTL,153GZY,146PSZ
135WAH,149FTO,50LAS
102GZS
16IQZ,185WDF
174OZB
154DKV
178QAS
165WRD,51LBU
203ICK,148CXA,80VFV
45KNS
109CSP
100BDH
43JXS,59BZJ,25URP,88MKN,101HFO
72NQH,63OFA
65RBK,86TLZ,198RVM
28JZX
147VUV
32XYJ,132PRZ,46WDS
75GQK,21BXJ
114XOC,12SDY,180ITU
197LCR
76CMG,40FLW
166QRU,24NNV
44QPT,125BKD
121LDP
137TRX,143HNC
1UUD,171MGF,191MBF
33CXG,140PER,62JMQ,175MAW,201PPE
134EYW,71ECC
27FFM
90FFD,177MVG
116BDV
8TKX,22SQG
9USH,2GYS,81XAE
85ZXT,176AGV,130PJF,20IUM
11OPJ,172ZRR
205QOS,95EET,64QLS
None
None
None
None
None
None
None
None
None
reading, running, checking time: 297 ms