Yes
250VVX
8RKO
30ADO,245ZIA
207VNC
159QXP,125MRA,161RRP
162GAQ,180XPS
224CGV
253ONP
88BWD,222BNF,28LCU,185KQX
214HAN,105YLB
143HCN
79AJU
124YCI
306YWD,19XSW,144MQX
21UIU
219ENK
148ZEP,150EDR
62DFD,102CPS
50GAC,37MJG
174AWU
277YEJ
189HKR
104BRR,154XKO
251HTT,142OBL
145FZU,70SNZ
226ZOS
183DWL
14LMG
25LZN
173QKM,51MDX,110LFM
274MJM
45KDX
73FUL
6HPQ,289JWA,59ONJ
177DPI
304SMN
209GUV
297EWW,84IJS
196KHD
235QYF,65GHQ
75WYA,290TBT
128SDG,54MCY
114HIU
203TRR
157RFN
195NZN
7ESY
63RAS,41GSR
76QRL,228WFZ,46IML
10VIL
113PSD,237CSY
197RPF,134MGH,258MUX
192KUU
122FYB,15QLV
78NDU
17YLZ,52UGE
16QIM
236JVT,262MJB
13DYI,71ZPC
301LIP
176OQL,190CQT,90PMZ
57RKN
107DUZ,89QOP
172NPQ,130JJA
184MRM,181OXN
213KVH
64BTQ
24VDG
169AUY,202KNH
179UMJ
163YHV
247MMC
133PWO,12IDA
127UHP
77ZDD,38TNT
74QZO
283RQK,298JCF,149VAB
206PKC
56PHL,120GHB,276HGB
158BNK,18DXB
191MVA,42KWB,205ORB
232CZB
97FNU,285RVS,263CUZ
282TGD
175MYZ,186RJN
287HEV
101GAL,23NWD,244HPM
152PTI
32DVV,29LLH
5QHZ
99LVW,66GCU
271NKT
187HKM,279HLI
26RTW,126DJE
166KKT
136ELA,300UCM,72YXX
243XXU
86ZPB,121KYF
233ILX
44KIN,35NWM
68RTU,61SGF
33TEW
91HPR,117AEO
137HDE
48FHE
261DKD,264RVM
170SMW,123PAL
20IIS
93NSF,204GMH,299OUJ,254YKS
85ZUR,96TUJ
267HKQ
138LLG
69LGD
278QPY,92IEB
215WEP
178LAQ,22LYR
294OKN
27SII
280FOF
153YTX
135BID
156IWP,292TIV,80YKQ,198FPT
269TCK
49AHG
9CZX
242JCR
109WAU,284XML,119PPN
82RBE
118GHT
218JJR
1UII
132WZC
0INW
129RKA,168PPI
286QSX
182CWU,305EBO,4OCY
194BZO
87NGF,53ZRB,3ADT
165MUM
225HSU
47YLB
39XMS
193DNU
249WAT
141EKI,201RZB,2TVL
302FII,239CKP,216WYP
151APP
248VEI,288TXA
307WYL,221GZC,238WPD
230PUN,188WWH
100DEH,231JAA
160YDZ,303SFQ
223XYN,220BNI,31XRX
281SSP,296YYR
11AOA
275ITZ,111MYJ,58WHB
246TQW,40GCQ
291UMU,272VYK
210IVT,257SQU
146ZKU
229OEM,131AXW,95EJP
83MER,155RSI
34YSD
266WNK
139LSQ,241IJC
234MFG,164EZE
94CRS
293KRT,167OSR
260WXQ,115VJJ,43QCI
106VJU
103ZMN
252VLG
171KRW,81YHS,199TYD
208EWC
108IKD
211KJY,265FGH,255CNR,273IRW
295QDU,270GHS,36VKD
140CIO
116KLK,268TRO
200QUT,217SBS
212FPY
112EIF,60DQW
98GER,147QTR
227ZON
259EXG,55FPH
67DYS
240ZKU
256HRC
None
None
None
None
None
None
None
None
None
None
None
None
None
None
None
None
None
None
None
None
None
None
None
None
None
None
None
None
None
None
None
None
None
None
None
None
None
None
None
None
None
None
None
None
None
None
None
None
None
None
None
None
None
None
None
None
None
None
None
None
None
reading, running, checking time: 837 ms