Yes
173XKY,170CBI,76CFQ,192SWH,172DXV
128TOO,116GVT,60JNV,29QEJ,154CEL
26WEB,22ZNG,131JDC,54ONS,106TFK
129CGZ,155AAQ
82JFK,142NMT,205TZB,63LFO
7LRC,185VTC,124PTN,90YOU
189BKF,66FVV,93XWT
156BNN,112IEY,69ZHX
136VFL,38WUG,64MQZ,0XPP
127LRD,158YVU,55KZZ,84HIH,174VTD
48GIU
143JFT,78YQL,190QWZ
130DZQ,134EZX,193QZK
92TMS,57GZY,34OMV,204EZZ,15TLK
30HCM,71OLT,151RUA,214UWA
206CQY,178WXS,111DLY,24KDS,85XRS
14EVE
81KZB,10SPD
184HAQ,108ZIG,202XZI
41OJJ
97VUL,53HGW
191HAR,113MFX,45MEX,201BGE
147FRJ,187DWR,132GTI,31CPY
138NVR,198MOV,149MWC
161JRI,212KGT
101AQU,6JYG,49FYC,91DNT
167NMF,159VBE,135XWJ,197YAC
51GCV,88FFI,83ELJ,107LWI
109HEL,95RCJ,70EQP,65AJW,102XQO
47OYF,141PID,171DRL,73JJZ
39ONQ,163BET,18NEN
43JEX,100MBE,21BSP,9MUD
16SSO,133INB,52WYX,125TPV
11MVA,182ITT,77NZC,139OVY
37FDC,28VBJ,35IVQ
44SRD,103WXO,203YQH,168KIR,169YEJ
153MCI,166HPG,87FGO
210BAG,145HYY,118OJK,196ZKK
56YCF,165CIP,160VIK
115UGP,42YHG,40UOK
186DWS,195TZU
62HJL,179UXT
164EHU,207FVL,99ERU
5UHG,36CBW,2UUP,146PVU
148WBP,89XVQ,175LXF,50XYM
58TBY,123QCV
104QWC,137WCR,4YEF,183ZBK,105GXU
8NNP,17XKX,23LTA
120GAF,177UEG
122BDP,199WUV,19PXV,27ZGD,74PNP
67WOH,200XZC,162NNA,96XMC
72GBI,194YKK,152IVU
59HJD,1GGP,211IZY,213NQJ
25OXD,13WOW,150MID,75ZGK
98TQI,80TVR,157KNN
114KIB,86LNK,79QZQ,181NWZ
119CCC,94LJY,33CCZ,140FUA
209QKN,117PXY,68FJL,180OUS
110MGQ,3RKF,61RKZ,20FXF,32TNH
126NDM,188ESN,176QEQ,121QXN,144ALS
12GJV,208LOI,46WLB
reading, running, checking time: 192 ms