Yes
73ZBD
118WOZ,138JRY
239UIK
95IRN,145ZQJ
142VXC,150SYF
46TIR,14BCG
38HLX,162NCD,88OJO
198VGB,232SPQ,189QYM
191RSO
79XXU,240LAK
11ZOQ,92QGX,183WTT
262WWQ
21KTN,78AZA,60FYG
214LOB,2BOZ
45VHS
157NLG,237TIO
89SQE,30TLG
44NRL
156DEA
4MFC,26LXL
159OAI,98DQA
8KYD
63QCW
139QDX,186ONN,20JTL
34RMY
103RED,121IBN,129DNZ
190HPO
146DSC,27LIM,177ELN
43VSF,71IVW,258JLC,158QJU,29LEJ
236SEC,265HQK,205PXP
180RUA,219UOW
140ZVO
90HPG,233YLV,175VFU,216DOW
51UMQ,267SBJ
116UPU,252TID
131ESW
172NRP,58TLE
17KKS,36NUR
105QOK,0XDR,69CTI
218LPI
184IGI,107SDA,178YIX
40YWI,53MGI,161UCP
275QED
74ZVP,72MLY,19NME
133REQ
99CBQ,235YZW
13ZWZ,125MBZ,102YPM,271LTE
223UQT,227VHZ
28CBF,91YIU
274GXR
250IGI,201IWJ
270IGW,151KHK,22CMK
149ANO,213DVO
85EQT,135IHQ
170FQD,207RDP,57AGI,273UOS
268ZHU,141XOV
39LOM,76HRG
272HPO
164BVI
18EFO,185BYG
32AEB,226KGU
182EKD,67BOT,203WYH
174WUB
132YZS
197KLS,122WTH
24CVP,204PTI,199ATR
31WTH,127WKV
231ADP,200CQL
112MZX,33BKU,228RKM,137LED
35ZLL
241JXK,83MGD
179FTL
253XRR
113DES,249WJN
229PKT
152XMC
254BGO
163MKI,42HIC,245WOV
143TBF
80ECE,109AZB
166QAC
210BCT,52XIJ
222JVD,106DWP,12MMD,242GMR
160UYT
123MCJ,49MMY
224AOJ,124OYX
47FXD,181ZRI
97WCX,7BDR
25UXI,93XPH
192PLX,134IEN,9UGL
196XNH
255PVI,221ZGB
100YSI
260LZI
37FMX,81DIK
230DDZ,3DBL
193XAN,194IIZ,68GTN
119PJG,168MRX
70TVC
220PAM,167UCK
248XWJ,211IOT
269UIL,195QWA,54HIA
215FBT,114BUN,153GCP,144LOH
176UGR
111WGI
115BJR,61MQG,126GMK,75VQO
48VXD,82SPS,247YZW
208ELJ
96UEP,6PSX,266OAA
130HVA,234XEA,87NZS
173YSD
41NRG
16LQB,212SDE,108NIW
23YQD,256EKH,148TYG,171SMG
15LZA,56NXL
244WQZ
263VYA,257RJJ
261VSH,155LGS
86YBU,50TDP
259SHF,66XRB
147PUC,104YMM,202HMO
101ICW,165BSJ,225HKO
117VBY,209ATT,77IOJ
59ZXN,65BIZ,251IYQ,238DCV
243SSG,1KJX
64TDS
120FOG,128DBL,169FJH
264IWG,217DWP
187BUP,154BOH
5ZMF,55CQQ
94MRW,136ELK
246AXS,206FFD,10XUH,62RLL
188LRA,84UQG
110HKC
None
None
None
None
None
None
None
None
None
None
None
None
None
None
None
None
None
None
None
None
None
None
None
None
None
None
None
None
reading, running, checking time: 663 ms