Yes
374FTS
204TOS,318QTJ
314WIG,100LQT
255WDM
409SBJ
275DIK
75EHB,279ZTL
282ABV
276VWE
88GDJ,254QLJ
378MSV
165WOX
382DLT,2BAQ,73QNF
203BQZ,230NJW
37BVH
245UXJ
350WVO,77LRA
142XCA,91OBY
103OKB
199ZTS
117QBW
147RGW
197NHA,8HZM,236BFP,150BLN
269QAY,253TYE,79WJC,59NFK
104DXG
187LSL,201FDM
293PWU,181ZWH,202CJB
391LMU,325GLV
241BIZ
221FMT
93ENX,404BVQ,262DEY,370ZCN
27ANE,131NKK
412CNB
406IQV
153VZT
365CGN,223RQU
170ZLX
62PWZ
169PPG
32HAV
163MWP,225NWC
272LJG
342DTR
371GJV,132LOY
140UTI,234BUP
127XWT
69SAB
238SDT,87DLT
315RGI,177LFG
111BER
137HJT
192ZFO
356WGN,324ZRO,268KQG
19QUZ
296WMB
326BEA
13SNH
107AFY,360MTV
349GXK
347LJC,297FAY
171GIH,205NUW
306QRS,345HMU
26WKI,383YSF
33QKI
208ANJ
330FXG,123TZL
3DVY
358LLG,86QPT,6AFF
211LGG,35KCR
286KKJ,338QZE
154JLP,289PXN
304LRB
387ETD
38HKC
288QVS
373ERX
55FIL
317SMW,334GXW,319SYH,398JWK
14JHV
343TPK,251UWF
346XEL
122RWB
226QZC
405AXE,63EBE
138CNV
390VVL,109QQI
366KSG,54PWT
96MKM
56XXS
310WAW
65MRU,261RMZ
53RQF,232MDD
219RAH
407VWF,90IZT
339AJY,125GGG,94JLT
263GVU,176ZHH,36NOA
397DUX
267SRD
67KHE,84FXJ
369CRL,102YGS,381HAK,302RZS,386GFP
66RCS
101FNM,298RGX
144XNB,222AXX,173HDB,108WCH
246EQL,299UMZ,183ZJI
252ZAU
21ASR
18WEG,233CVA
193FYI,257EEC
71DVN,231VVM
50BAA,145OYT
151DSV,364DAI
322GJV
20ABQ,396ZYS
259QCH
393MMY,363UAP,46HQL
212KZH
287GPW,228NHG
316JLR,78CMA
399ZKE
179TSQ
271BHB
25HJT,337PRS,290WHR
89GED
44ZPK
168ZDL
80KBF
47ORF
52VMQ
112FFB
152ICJ,106SVV
45DNW
124VKW
92HMD,242VWA
249XPL,295NCL
291ARO
7WMS
74BRW
209XMO
161USI,9PXE
70HLQ,323XAU
31AKO
128YSO,206UIA
15TKI
216YSY,278ZTD
12LGC
39JMK
256TSF
384BRD
305FGW,155HWR
82RBU,213EMJ,76GOL
130PSD,134EON,207STL,215UVH
49ZGD,159DVL
311IKZ
17JLP,281AQY
294PRS
359NLW
264HYG,11AAX,274OIP
200CED
146ILY,218XZO
392QOO
194VEY
258MYU
379KEP
48JJQ,129PIT,301KPM
250RIT,300TGU,214CSH
284MVE
191IZF
114VDT,149EPJ,321FTL
135XFR,85OSR
34SYL,126QWO
355YIG
309PIN
410PQD
210XXR,341SGF,277QUO
283IMG
248JQN,229TES,303NJO
195TGR
184NRK,180JWU,156CSF
57HIU
172YNU
333FKA
182PWU,376WAF
336IFT,260PIT
166KJI
403ZBI
353VRQ
385ZUQ
118EQB
58VCO
185RAS,273EBW
292FPA
220HRP
351GNT
408DMB
375XAJ
224IEX,372UXX,189IGC
113EFQ,198YFA
394FUY,72FKC
148TYM,335HUU
331KYK,60BVS
97CZC,243PJW
43ABQ,10UND
143XVL,239LDI
157WZV,395RDE,285ENP
139ZFB
0ZIS
178OHE,22ZXV
401QTU
105HJF
411SQI
400VIM,388TSS
120ZXX,95GKI,266PJB
320SGJ
308ZIG
402MSK,64BQW
5WHI,115IZE,133SSD
61QGV
265QST,4KRM
307RRS
340QBA,24SGM
186HTK,98RON
121KPT,361PIB
280GXM
162GVD
116VSW,357KXL,348INK
190WFW
217ZKC,99VFV
16GUJ,68ZQO,28NES,352HZD
380DRP,1EHM
312RKO,167XJE
41HUJ
367TMZ
244OHQ
30UKJ
389FKP,368AZD
83RKA
329GOW
344LSE,136TRU,313AXV
362LFJ
42DYR,29SSG
227BFJ
332IXY,237VNS,174JNJ
23HOH
164YPM,247YUG
270DRI,240WEY,158VTN
175AGJ,81SQI
196LKX
188FJF,328JSF,141RWL
354CMA,327KRH
160IND
377FDV
51UGK
235UVI
110MMA
119YZK
40DJO
None
None
None
None
None
None
None
None
None
None
None
None
None
None
None
None
None
None
None
None
None
None
None
None
None
None
None
None
None
None
None
None
None
None
None
None
None
None
None
None
None
None
None
None
None
None
None
None
None
None
None
None
None
None
None
None
None
None
None
None
None
None
None
None
None
None
None
None
None
None
None
None
None
None
None
None
None
None
None
None
None
None
None
None
None
None
None
None
None
None
None
None
None
None
None
None
None
None
reading, running, checking time: 2335 ms