Yes
12AKQ,73CRT
3CUH,149CLH
88FYP,36LMM
120GIM,9PQM
233SJB,206MPE
162BAK,101GTG
137ENJ
119GKD,103FRL,196TBT
70GDO
235SOE,242BOV,126QIT
60VAP
188IIO,86GCW,219WFQ
132GEO
175VBL
17QIP,154BMU
210FVT,227VGH
16PBU,83IKH
80JUF
96SNE
27NKY
161PNY,13ERP
14MRP
130CFX,11MKL
38NNC,47MIJ
178BFG,63UDM
136QKU
214BXP
187AXH
123SFT
155NDM,151BJA
226TQM
74RVY,2AHP
138TOW,148XHR
157ABR,111QHI,43BUT
190PLY
244ACI,6ITF,62UPW
197UDL,146ATN
211JRJ
56KJZ,71ZBQ
5QOP,33WDX
208EBX,8QNY
174QWQ,93RYP,166HGJ
41GPP,186PRR
179VRG
61TDX,105YHW
234THC,239BYM
107DEZ,69UKZ,229NOM
158MIX,102HCP
216JGH
52PZX
147FPC,221USR
10TDT,77YWR,143ORV
106JYG,22KOF,54CQF
141BOO
228NLQ
15YUN,67EPR
142VAM,150JMV,48ZBZ
51VHH
85JII,64NUQ,145GZD,183QAI
100KEU
117YOW
152IRT,247JHJ
121AHD,34YXK,176YWS
231VXG
164CBM,39QAZ,20XGS
91XXY
218FWM
163KPX,109WTV
42TRU,135SAK
212TEK,241MKS
238FXN,128YLI
104PMO
133NKQ,57ODV
55HZX
82ZVF
232OZQ,32SXQ,184PES
165DDX,122KWN
200LXW,185TLA
220SGP,58QDV
209PCH
125SYE
1AUM,245FQW,66RVO,230YGB
115KGO
46DOM,140DFG
159PNN
173NVL,204AIF,240BVI
21LBG
23ZMQ,112MCP,169FEF
92DNJ
144NVX
194ZFY,65JMU
98ERN
97ZVF,28IWR
193QDJ,37AVH,84YXA
44LOL,81FMB
213QKN
215TCU
223TKL
114EVG,170UQO
189IMP,87BYX
203QTF,201MQZ,156BMW
207YVP,160BPY
108XAR,35AJC
40VAD,4LRI
134HJB,237FVZ,246KAP
225XZD
205EPB,89AGT
45QNL,199CTM,25PQL,59FVY,129WXP
53DYU,192JGK
167WXR,79VVT
180JDQ
116RRO,195VGP,153RYC
181PTH
94GPX
7NRC,76NSG,243EBZ
124DTX,19MIY
224ZAG,72NQZ
0CML,95BCS
78RMO,177GCL,110KSG
172TVZ,30NEU,202VZQ
182NIJ
236FKT
118BBY,68YOV
18XFE
75JTK
131PBR,31SZA
50WJK,191XAF,113KQF,168LSZ
26WUP,49ZGW
90WRG,198GAR
139RWP,127ATY
29SPR
99YAT,171WJA,222CFH
217RWA,24YDE
None
None
None
None
None
None
None
None
None
None
None
None
None
None
None
None
None
None
None
None
None
None
None
reading, running, checking time: 497 ms