Yes
234DQF
67MTU,62ZOV
60BEM,225EMV
150UYS
125NYS
197CTV,59AST
140WWX
141MDJ
29YKR,186MBM
8MGU,207MVJ
158XFC
178UQX
91BKH
13YSN
259WSF
26WCL
22FBU
191RIF
167VEN,110SVJ
142IJB,131LYP
108ZPX,51LWG
78YUG,19HZI
203VWL,219HNF
84OBA,169YLH,152AVO
149EUQ
79EFF,47TPK
190ADG
72VBM,246TLZ,163AXJ,174JWN
4YVK,162YJC
237ADY,195PES,65EKD,102BSF
57MEY,248AHL,138XIU
109TPO
224XYQ,50VUX
3WCD,43UTR
39XAI,230WOH
172CXS
128BZT,30TDM
175TNF,205NFE
239SKE,56VFX
134OBK
25UTI,20KRJ,69YPO
236LWY
254OUM,165ZUY
188RXB,148ULC
12ALH,145NHJ,75OEP
2YWN
194RYP,267YFZ,170RPN
151JVS,10YWD,159TQH,70YKD
80KPN
126PMD
192YHR,27HYY
161XXY,229RWN
5NYP,265VBC
216SXD,147PTH
136FGH,264DHY
143PHO,101JKI,90VUD,209RZY
95YIC,133RVK
81HBQ
21LZO,243NMM,135XYN,226XHX
38WEV
240GAL,112QTH
250TFK
15CPG,121XJE
36STG,253PJT,98HHK,17GWN
258DKO,212LCA
256PVU,83WYQ
122DQW,184QRA
242KEB
63NCT,262YMM,155AEN
238MHN,116DBC
218XBC
180ISF,92UYL
41JHI,23NEN
28ISZ
48HDI,241MEO
185TQD,127BVW
87YPT,156ZBU,137KWI
31WZE,255DEM
89JVU
58ZHW
157YPA
176IVE
210EMW
103IVM,74XUW
247PTW,187URI
251UUD,35CSS
1XJZ
231THP,55PWD,189UDR
215PYY,96VEN,111GUP
153ZMU
183SHO,252QFQ,245EUD
76XKS,235XLN,106JVN
64EWR
227FAT,42PCF
100SYU,82QFY
77ILD,154OYD
37EPX,202SOE
45NLZ
181FUD,261WKI,144QUX
132ARD
146JSW,211WTJ,114WUU
119YVJ,104UNK
208TXT
139KYU,257GAT
182PFF,199XKZ
179MBI,18KPI
52SWT,73OLT
33ZCT
88JZY,9YEP
232OZV,260WDH,53ESA,206OOA,113CWF
16RNG,34XOO,266VTY,222HFD,11JPQ
93JKW,221MLJ
177EZK,14USG,196TIZ,198FHT
160THH,204EBB
99JEV,220BGO,24EIC
228KOI,117KTH,123KYS
249AJK,86AUT
7FCJ,40SAB
171OIH,164JZJ,244JWM
54AYO,61GZU
71HSU
213NFS
173NWG,214WPC,46JXF,201RHW
217ECT,32VSB,263ENL,130XVH,115TCM,107SMX
66YYA,118OVK
129FVB
223GYR
105ILO,168GXY
268FZJ
120RKD
85YXD,68HBP,233SSY
94FQO,6NWC
44RMW,193WAI
124YYZ
0BBQ
49JSF,200QLL,97YIN
166FSQ
None
None
None
None
None
None
None
None
None
None
None
None
None
None
None
None
None
None
None
None
None
None
None
None
None
None
None
None
None
None
None
None
reading, running, checking time: 489 ms