Yes
101DIB,80XVI
1CUP,63QVX,161SIY
178AED,185NSL,84FVJ
81JAN,6BKB
78GJJ,113MUL,21GTE,116VYH
82XWH,171HXF,111UQR
29ILX
195CVR,104ABC,166DHC,148VNR
120ZAW,187DDX,43UPR,27GDG
18WDJ,92NNZ,38ARF,109SWU
28XZC,91AUF,71COJ
5KUS,191VRF
90FIE,128HEX,47SMH,73WRM
86IUQ,181LXT
20TEM,57YNP,131FCO
129LXM,137KZG
149SVX,60VXS
25LVE,150UPC,59RFK,124CAJ
179SHX,9VVF
35CTF,141RLC,153ZQG
154MHY,72ZIX,87CMV,24PKY
132BJH,68ISD
14CTA,7XAV
94ZJI,66EGE,15GEK,107LDO
180LKY,53COV,147MIV,190LLN,11IYE
39KYX
8XJT,172YZW
67VME,23TDV,70HWC,145JTA,89RDB,96MZO
197NAF,41ILV,93DFZ,26IWG
130HZM,138CHH,175YQI,3FZY
135KMM,168HZE,30AJW,95ZRX
17MPN,13MJU,10NRF
112URY,42TCZ,61FON,196LGJ
49PGZ,134PBO
158HDS,105NNK,139KLJ
34TKO,0ROY,173WQW,51ADO
85IGG,119QFE
125CMC,199SLY
170DJX
103WKE,97WIV,167BHL,99SDV
45ETA,133NGS
164DOQ,165ZHD
58PKR,102LTL,194VGG
160WMN,117PHM,54OFI
156KLJ,192XJU,64IHA,52VXC,110GRZ
144GMH,140JKY,198EXQ,100RNC,114YBN,136YXI,36AFD
159WBZ,37TKD,169SKA,76RJC
65JNI,151ZGS,69EUR,4JEJ
48QXS,19AOV,163GKB,157EVT,12LKW
177JST
32OZF,126RZS,115XFW
123NXD,44HWH,40YIW
50PAY,142UPZ,75VAB
77TMX,83NZR,182BIB,79ZMJ,31ITN,184MOT
33OZN,143UGZ
22JIY,62CWT,127GXN
155DTH,152LAN,176QRF
108CJN,174KXD,121ATV,146GVA
55BLS,106INV,118HMC,2IRY
16EVE,56PCZ,188KCI
183KLN,46NVX,98TWX
189NQD,193PDD,74DML
162ZGT,122XHE,88XAM
200IMR,186OFK
reading, running, checking time: 144 ms