Yes
81QCK,16FEP
240YFZ
50QET
51LCJ
93HGE
82VNK,95XGO,20XQF
206JIH,301NCM
144TGQ,180CSO
327EUB,261JFF,132CFY
306KCU,151RLK,67AMH
121XHX
193ZPY
323CIN,287GWY
30BKF,280KEB
201GAF
172VXQ,277DSR
185DON,41MEB
321SWL
44MAE
136QPQ
309ZZU,192VJI
207OQF,336CRP
254FRR,233AXW
65VCU,126HFP
198BUB,178GRB
173BAT
232KRP
204QBQ,203YBW
12ECP
272VDQ
28DWK
196EKA
83MTV
239FYC,52IIN,282MFZ
158WES,184CXI
122NCJ,150IPH,316MMQ,61RYE
43JAZ,337HDX,147POG
110KUB
129XYF,275ZEL,264CUG
64MIE,79HCO,266YSI,26MUX
142KOG,197ROD
115NPU
124VNJ,199WUI,18FDA,339VLZ
105HYT,89SER
276FEX,274BPS
143BFH
153OKQ,25KZV
114ALK
332TRV
312ZOI
242XRQ
32ZMR
171BNO
307OPR,221SHF
130DBT
330MUM
39HHQ
202THV
256JCF,174XUP
140RZY
163TPN
279QRY,335UMU
209HEB
1OBS,69HNE,268OFD,188TAB
177JYR,104RCL
76THU
13EMI
103AVM,273AKJ
338KJB,346LAX
238MQQ
260QCH
88TNP
269WXH
250GMC
19EQH
97KWK
211QAJ
298UVR
131UJD,109ACS,3ZNO
223YJU,235YNG
176DNA
87WMR
285RHL,191OGW
278YUM,2NFS
54VAP,57JEY
237MTO
152XZG,80ZMJ,194PQG
290JTH
229XZD,334IZV
310YVT
29DCK,6XUR
137ZNA
94QWA,190JHT
286DHI,244IOJ
324SQD,230NCU
167YEP
222OAF,168WBN
101YSG,200OCI
175OOS,169SRM
218VRZ
62KTR,253YFP
189DEJ,119UZY
216RWF,68KQS,112IYZ
123ULA
100WMQ,148ZWN,258SCQ
251QJF
297GKK
92RGH,294LFC
24GJC,311CTI
220CYP,289ZRF,322RJN
236IEU
106BBV,160FKE
84LAY,263VEA
319TDK,291SJZ
102HNS,288MPD
139EWX,48NJW
345OUG
170VHI,341MHM
267VFC,46PAY
231EWI
17KKE,72JRP
243UTF,255ORJ
162YTS,42EZG
58PQV
300QHD,292DOY
90EHX,318QQI
283APR
228QTT,15PBF
120FSV
96DNG,53HLV
182UKA
262GMQ,293TOJ,127RVV
304MXL
73WJZ,308NTY
86SYQ
66UVC,125NMW
164ZNH
108TNQ,70MWY
74TFQ
317LMJ
313QZM,305ZAF
265PSQ
117TCV,331HBB,22USW
36JJJ,187MRJ,31KYE
49QTQ
33AYB
342JPK,234AUN,0GSO
161REP,4GEJ
133NOJ
107YPF,303ZNF
227FTJ
55MER
14TKI,40TPB
165NSD,8FFX,77RQK,284KEW,34YGU
249MLK,146PEB
186DQA
11XXT
219UQS,21CAO,45QRM
246IJT
71QQE
35TCF,154AVP,315WLI
214MGH,99ZNW
224TGW
113LHK
247YPP,271EWB,225PGX,213BAT
296QAU,257JUU
195QWO,38YFA
181PRL
295ETO,205GNZ
159CTJ
98SYA,320NLU,343GOK,270YOD,134FSA
326JSJ,333DCV
9JQN,135WXO
27FYB,59MOJ
7LZB,157GAY
281FFM,259AJQ,183LDP,91MKK,63NQP
210YJE,37HZW
118ODA
10TJJ
212IUP
145KMI
217XJU,226HQS,5KNW,340QAH
179KWD,141PDA
111OHN,328PBN
85NTI,245CPV,75AVQ
252BAA
302ZEY
156FGO,149VZH
166SOY,329ZFV,248ZRY
314PUP,344GNO,47RRQ
299BHD,325IKM
208YZS
78VAU,128OLH,215OZK
241OUV,23UHQ,60HNI
138FKP
347SOA
116KSN
155IEU,56NWJ
None
None
None
None
None
None
None
None
None
None
None
None
None
None
None
None
None
None
None
None
None
None
None
None
None
None
None
None
None
None
None
None
None
None
None
None
None
None
None
None
None
None
None
None
None
None
None
None
None
None
None
None
None
None
reading, running, checking time: 1308 ms