Yes
88FMU,31DDX,224VNT
48DER
162XIS,382GXU
276ZEI
115BPK
268OSW,402HUN
294OGE,83NXX
15CMZ,38JCD
171WTO,151RPJ
425RHI
333LET,43EPQ,218DBR
57PWJ
320IGE
159ZSK,371XSV
209JGX
423LLJ
247DKI,456WIX
469WDP
24UWD
184OXT
221OXQ
45ZQQ
368ZAJ
381JHB,244EOA
20AYA
470ILZ,439NRH
212VZL,461HGI,353HIO
50SFK
90UFJ
241UYZ,364DSS
263ZGV,52FHE
367IBI,301ZKE,260XDJ,9PSS
417UWU
92IXC,312CZF
3AUM,316WSV
94JHB
350ATJ
249SQX
462PUW
227ZTC
136PWX
271MFP,107MAO
405GBE
442VSK
457TPA
153DNC
436HQV,222JJJ
342BQJ
28PMF,186UXI
339FPV,410QYP
2WUU
468GNT,6LTK
32IKW
93DTI,206PMG
326GXY
187YMW
145YOO
319VLG
49NZN
428PYN,302SSR,334HTF
385ORJ,202RIN
250LPY
330RKI,33EME
185YOR,282ZAN,230TVX
232WPV
283QVB,346YGV
104BAE,168NQK
240DJU,157QOU,440BGS
167LDA
37TMI,315XMT,338RKI
62TPO
277ZYO,19YLO
199LSC,95SSW
471MAG,51YRJ,54MVJ
298DDL
144EEQ,68ELJ,380GKR
120DHB
42ZWX,1XZH,80VPD
26ONK,361NMG
393GQR,105BKV
63WVG
318TPL,433WGA
122TXG
427QED
415XOY,220OMY,242XFY
445XZQ,65UTO
374UMT,73IZI
103TWO
310JEZ,279FVJ
194PPP,322LVF
404NGC,406UCP
34ZXC
407VBR
106XVA
253QYE
116FPX
236VVM
197PKE,176UTD
475RNT
324INR,22INJ
269LRO,29URF,317CIE
203ECM
188WXL
25MWW
373HVK
375ZHB,211PYL,467YMI
243TKW,377AVT
13GNB
127XDU
397AJT
290YPO,216FUE
108BRL,340FKK
348TQB
292SDQ
280KDD
238YYL
259TEN,448UQG
337WSV,228RPY
391GZL,156YPI,308IFP
11TYI
303UFS
56ARE,5SGQ
305SMM
139UVA
281GTX
35HJJ
14OKK,192GIX
343SBK
170VJF,258VIV
474HRT,266NLG
163RMV
235TBQ,79MNB
376WSG
304UBB,262UBD
409HXH
128RBU,213JGL
71FBV,452UBO
86TVU
257NMY
18GMK
255RFA,331UVC
286JLR,21VMJ,191XXP,8NLJ,411DWU
55RNY,332MCV
129KKK
102XCZ
352DTO,112PZB,274NXF,432MYI
473MPI,117FWQ,349UFF
233MCB
53RBS,219DEE
388SNB
472LVP,336IXB
441FMN
231FKI
366QED,345AAK
365SPM,210HKV
358KNR,126NAU
137YSB,379WSP,444SIQ,113TCL
434BWC,195FLT
75CJM
149QKJ
64DRI
265VUM,446OKO,160LUP
237XJL
438DGI,91VFK
459DYY
39ZAP
426YZB
248MGQ
329NTG
78FJQ,295MDB
124BXP,58DPH,133HBF
164FBE
422YFK,158BOD,121USU
130RCB
208NLL,182WWP
173WZY
449PCU
146YFI,70CWW,141AFK,30OLX
44YZL,148DAH
180FFS
395AMM,97KBI,424YOT
416VMU,215NHM,435FLT
408VSD
344UIM,421BMJ
460FGS,447EGH
7LBT,383URU
100DLS,387PYR
412ODI,328AXJ
196PYF
325TXI
134FCV
169JGS
254ZUL,150JMN,200EYG
110LIP,386TGT
306LVL,465FOD,464BVX
205DAV
155VUA,193NVA
179WYL
46AYD,399ADB
59WMO,119FCU
82IUX,140WHM
72HXY,166FAD
207BBA,403KCJ
181CTO
99RQO,174DDC
453VSZ
69RVB,4ZYV
245YLC,125RVF
314OZT
177ROT
398EFZ
273TDN
327QHL
390JAG
77KBO
359MDY,418WVU
357NCD
372RCA,225OEK
252YXX
142JGJ,40MHF
161IMR
27XVT
109IXD
360CUH
458JOY
81SEG
307LNY
431IAO
287ITJ
463BAP,354XHB,362SHF
285BZO,154ZXI
89SAV
229MSA
272JKH,321FZN
450RRZ
429LBR,414QMG
165OTL
226CFJ
0TRG
284DAK
296YCW
451HFP
300EGN
84JSU,454IQO,12HJF
419XMZ
66VXU
389BOT
189HKU,198LCC
378QZW
278VHB
85ILM
172GDW,201QTU
204PHG,138RYJ
111GYL
17SYG,118WCA,251QIW
223UEF
347QMD
363KYU,47MEM,175BLL
335UKU,131KKX
323CEA,443NXL
355EGQ,98UOD
217SGF
466SIW,23BOA
234LZX,76KXH
147NOH,178HID
264WOP
60YWF,132LCY
270MGZ,152WDQ,87OVQ
41DMN
400ZKD,10YIT
16DZR
311OIF
261LGN
420QUQ
293KBU,384ZVF
299GAQ,437NKV
74PWG
369CHU
356SWA
289LCJ
214ART
413GYP
67GPR,101QQA
239JOU,309YAU,256JOH,313HNT
297SFX
135URB,341WXY
123YXK
143CWO,267VVV
401UAY,392PID,396YIV
288TID,190QDM
351XNI
394YLE
61BEA,96KRV
455NBN
430NPR,183PJJ
114VHN,36PFF
291JWP
246LGT,370IGL
275IIP
None
None
None
None
None
None
None
None
None
None
None
None
None
None
None
None
None
None
None
None
None
None
None
None
None
None
None
None
None
None
None
None
None
None
None
None
None
None
None
None
None
None
None
None
None
None
None
None
None
None
None
None
None
None
None
None
None
None
None
None
None
None
None
None
None
None
None
None
None
None
None
None
None
None
None
None
None
None
None
None
None
None
None
None
None
None
None
None
None
None
None
None
None
None
None
None
None
None
None
None
None
None
None
None
None
None
None
None
None
None
None
None
None
None
None
None
None
None
None
None
None
None
None
None
None
None
None
None
reading, running, checking time: 2944 ms