Yes
190KKI,179FWL
79TAH,80IJX
88KDU,34RRQ
115LVI,172ILT
71LQP,106UQN
15ABK
92QZP,84BSZ,182JWS,0VPF
42ITP,121RQA,180BLW,69LYF
82HRL,178BLW
61LNB,132SEL,55DTQ,41CZI
13ELW,89VXH
130MBI,47VWC,14FDF
129LPZ,54RML,1MWW,125WXT
194JDU
177JKH
117DNC,4OGK
59DTW,165YHT,171NTY
197DDF,99XZP
87DVF,116GNQ,155GSY,166SGO
195DSP,64FVE
139OBK
133OXI,146SFK,176YFC
28XBV,112YND,39ULD,126TRA
109CEI,18DWT,154IQH
188LRU,91VLN,57XAG
17SNU,76EFE,12EVO
181XZK
68XIX,93GVX
85VXQ
86ANO
143YIC,2ACM,44BZQ,78BHW
30FKR,159CAY,174AMN
158LMK
35PFH,113EGL
183CSF,5JAQ
164IBF,184EUT
199IDV,32LPW
196DTP,65AOZ
20YLC
156AAB,25GPY
110UVS,142GLL,136CSR
10WIM,52WDQ
170YEK,8SXQ,105GCW
98PKJ,108ZRC,151QQV
6XLY,153LXS,48NJV
16LUD,128HQH,23ONL,37UNN
51HSK,27NYL,31YUN
63ZWW,100GDR,122PUB
75PTV,137HWZ
56WFH,118HKR
127AXG,192QNP
198FNU,103ZPO,123YLM
114BQQ
43TXP,83VYG
107WSJ,120HOU,96DYM,19LNP,157QWH
175HGP,144BUY
53THN,94LLP,104MLX
22GIO,90QVS
97MRH
185KKF
36JBX,150GQB,148IWK
33NCV,167LVC,145UJA
46JHG,29CCZ
140CBJ,40ZNV
66XZB,67CAY
101KSI,102LTM
9QKQ,162DVX
74TNG,60JAT,38UTZ
161EHT,21TOC
7ERU,152IGW
11CBS,26NBK,169CAJ
168ZEW,160EPZ,72QFY
95WOM,141GBT,77SPC
186TJA,138CWI
193MPX,124RUO,81OSC
149PCJ,189QDG,45TLS
187UKO,135XDI,62PYR
173SYF,191UQI,163QRW,147PFE
70VQB,134QIB,49NCO,58ODW
131EIT,50GDG,3ATM
24TAT,119QNI,73SCM,111DIC
None
None
None
None
None
reading, running, checking time: 201 ms