Yes
212CWQ
118PXD,131DGA
126IKJ,124CAI
238AMI
62UTP
55SNC
236XVA,116RSE,198PBZ,268BRH
107KMR,217NTE
202THC
245CLW,231CIO
216OIO
46UQG,4EXX
34STE,95ZYB
135FXB
85EVF
6MEN
199NCV
204WSS,182EUR
191ICZ,139ALK
256LLF,149OYC
209ZNN
38ASK
144UHD,153FRR
146GHG
207XSG,161DIH
172HXE,57JYH
254BGK
197RYE
184GOD,70EVD
174KJB,185GBB,158XEP,121JMP
48OFY
147SPH,167VXH
41RTQ,164WXD
78LIH,187QNI,246NMX,255QLE
24UIQ
203VFI,163QXL
159MUU
179VCE
120PRJ
220TQB,143MCR
233JZL,52AZY,271NOS,86GKK
140LAY
26XJV
74ONR
125TYV
169ZDQ,42TRN,53TBD
196QLH
27LKS,37VWS
133ESB,17XEH
112GLD
111HXA
250JXR,23MVV,36BPQ
201LKP,247XWW,98FLG
252TLU,25FVM
214QQT,183FRT,92QOQ
170VWQ,235OCN
114OTN
190BFA
33TKG,94RPE
267VIQ,105LEV,188UFO,12GUL,176LOO
60DST,200GTZ
225CWG
69QMB
273YSI,181SXD
109ZCC,49WPX
59EWE
228IEF,30UHA
76QAM,84VEF
249YVF,257KRD
213YEJ
219KHQ,248NCI
241EFM,39LEI
261CGT,22CVO,32MHC
72WZU,108GXL,264FEQ,206PLE
259DPJ,106DZK
151MHG
193PXP,89MPP
97CKD,101DYO
242TKJ,244YWG
50OSW,222AVS
115YUV
266FRF,148YJU,177LQU
168OFN
80KDZ
160RZA,58CIS
15YZN
262OFL,260WZU
265HFU,211MBW,35VKR
234HQC
117UZO
189JZO,18XLA
123TQS
130ITM
31KKN
88WSA
54TQN,104HOA
210FMT
91OTW,175JWP
154WVU,145NAN
28YJW,61JYJ,83WBV
45GLF
127ZOU
186KPJ,10AHU
100UNE
119LOE
272ESZ,208NZQ,75KRB
243CLO,20HTD
155GGD
67MVJ,13XJO
215GTN,239HHR,128PEX
5PPZ,47IES
229UHI,224IWI
195PMC
93THC
19LTM
223UDJ
263NBR,132VLX
157SHA,79UWK,258ILF,166UVQ
156IWV
138GSM
150ANV,0WUK,9IFF,103QBJ
73ITF,129ZEP,136JUY
253EXO
180JMH,7VBK
152YGI,1THH
218MKJ,56VLB,221FAT
21DKG
63MFF,65ADB
205RYA,162PGJ,99KGD,14NVF
165ABW,194QAN,96JZX
77INM,270YKU,66BNP,16SEI
269MEK,11LDU,227SPZ,226NRA
102KMM,134SBR
3CKO
8NLK
68KIG,110ONX,44BQT
40SWP
71VYT
137WCG,173GZT
113CDQ,2QHQ
141CAG
81LUA,43ZRO,192DHG
64PJI,122TKS,90JJL
178GIP,142GSG
237GJQ
171AOX,232QBI
87MDD
230TER,240TZB,82SIP
29KJO,251UND
51VWG
None
None
None
None
None
None
None
None
None
None
None
None
None
None
None
None
None
None
None
None
None
None
None
None
None
None
None
None
None
None
None
None
reading, running, checking time: 701 ms