Yes
251INM
173XPK,250LEM
207BTJ,282CGR
58WHJ,97DRR,163OME
64ZNA,12ILW
147STN
132RFM,136HFA
279GQE
119XBC,73IZN
277LHE,260ZLU,15VIK
180GAA
70SYF,48THH,68OWG
47AIR,199VJY,43ZJO
215WWX,126OZN
25RAF,92RIS,241PFR
176YYJ,285ZPW
253GMY,169EEE
16SID,181QDQ,30MUA
212MSH,183AGV,150LHR
206JEY,152RLJ
29PHY,96POG,41ECI,149LIB
102MUU
0CUK,91ZVP
261STU,134BLI
254WVX
121IQI
290RCQ,151IMY
56WSC,104STV,67HPB
85UGB,10JXT
95ZCL,79UVS
53OQC,166RIT
263EDU,3WLN
220QQY,230TCT
231QXN,223PKG
288YLE
168AMU
238WKJ
234ZKQ
125RRZ
280ZVY
24UTS,170JAK
195KUF,135DAM,270NFO
286HDY,172NXK
281XLB
186HHO
184DGB,112PSW,108WEJ
130HPL
19WDY
60YXD,153RZT
140LMN
177WCW,42XTR,265MAY
198BML,273MCG
127SXB,33KZF,23BYI,284BBP
51EQV,49CQD,106ORO
178SAJ
78EML
131QWN,139XFQ,54WQI
225MMM,211JTC
100OPO
107ZJW
248HJP,44QAY
63LGP
37RWV,31MXG,145WAN
81RHL
191QFR
188ZOY,165LLJ,278UZI
113NMS,154FOP,219NZX
268OQR,243JLR,35ECW
222SIW
17GVP
94LVD
22COS,217ZYP
123CDH
80SVG
201TFC,221GOB
34MKI
38HAZ,146UUT,26DUF
71DZQ
245SDI,291OXY,117IYW
224QSE
61MMY,259ODT
264JYC
84XYM
69IJK,32HSX
99ZEE
218SCU,205JXI
233WDG
213SOF
203NOX
66BAW,167TML
86IBQ
158TRC
258UQQ,101RQL
148CST
128BTI,87TSP,11QDC,240ETZ,110VNX
4ZUW
246WAM,194DFB,262LUO,77FWT
14KTW
105RYO,57SIR
266UBK
109XWW
208ITI,36LPJ
1OAM
116XEZ
8SHA,271GEH
45QSZ,256NHT
137OYL,274NKZ
20FQC,257WFU,227HOA
175NCI
27YJO,283AMP
164ETH
138GVD
236YPC,160BSQ
46WQY
13ZHK,50QXF,197THD
40VGW,82PYP
98OUX
247HYS
59SBQ,55WUH
159FHB
162RWX,118KHP,189EAI
237SIO,143JUZ
129UIT,226TOE,187AJI
156HMH,275MXE,255UVQ
76KUK
141WWM,232RLQ
65LEZ,9BNS
242CGD,171UPI,249UTS
229QCU,235HHY
190BSH
179VPC,5QKA
39TRT,103VXF
204RDC
124ABD
114TUI,21HDR
244FYT,202ZSG,142IAP
6BLA,289WEQ
276GZL,267ORR
228MMU
269TIZ,90MJY,72WPD
144SRW
28FKN,193ONG
52QWY,115YMN
292KIM
209JDM,111ABH
214IAI
287HMZ
75TZL,185PLC
196NUI
7FLV,216MEM,174SHG,2VPM
200SPP,192CYZ
122TFM
83GPQ
93CKY,157QWU
74SMI
161LHJ,89COG,120MTW
133HIU,62LSY
252XXA,210AII,239QGS
272CZX
18NOC,155XDM
182RXS,293GZW
88FDQ
None
None
None
None
None
None
None
None
None
None
None
None
None
None
None
None
None
None
None
None
None
None
None
None
None
None
None
None
None
None
None
None
None
None
None
None
None
None
None
None
None
None
None
None
None
None
None
None
None
None
None
None
None
None
None
reading, running, checking time: 813 ms