Yes
192CJB,97YYY
113BDX,145MZT
20LLL,6LJN
223KZH,65MMS
158XLN,239QOM
3MZW,84PMZ
7HXX,56GCX,33NBO
9HSR,155SAE,82NXG
79PJT,213OJV,161ENF
57TXK,121GUA,25HIF,23OIE
38TQM,117IRN,151XDP,43OMY
220MAZ,87RIC
94ODG,55MHG,18TCM
67GOL,194GHG
173VGQ,231XPZ,103OWF
29CWR,146UWJ
225JJY,42DHF,36DXM
105NSS,147VQK,195TNA
4IJD
22ZYP,205ZGV,53JMI,76ICF,86GPC
207HHE,140GHU,51IAF,45AUT
238XBT,180TUM
133ASN,78SMI,185WRK
73KWE
16RQY
137PGP,120JDQ,182HNN
187CXR,211TYS
208ORF,209RRO
39DTR,125AMW,215CDX
50JQN,59MDG
61PKV,2XBZ,189SQY,214ZNZ
217TFA,210TMY,10COI,198QSP
138INQ,14XYW,242YVB,34ULR,200BTU
93RQQ
236OGQ,88MOK
240DZL,26TQA,114LMY
150DXA,228LJP
95EBN
175PYQ,31HUA
181HRL,118QFZ,130UDU
83RMJ,98AOS
226JKY,90RXE
68TUZ
41FJV,72JMA,193ASI,71RAI
52QLJ,221ZJY,229PUI
202KDL
230MTB,100XNU
135ABW,179BRS,232BWN,186VQZ,85WDL
107BGY,149VOK,177TYS,136JBO
44DNU,60QRG,106VNW,144XWE
123USQ,222KER,27QAJ
129DPS,243WTQ,127YIB,46WLD
153DJM
170ZGL,142UUZ
164YLI,235NKP,174ELJ
162OOA,28DCA,74JFT
166MDM
77PXB,32MHE,21JHU
188WWA,64BGB,152KWV
237EWL,81LPW
224XIG,163YPU,218JIH,183XFP
160QQY
92FCI,0SJP,131UYZ,132KNF
159UGM,8OQG,233ICM
234LOR
40QLP
128AFA
134EBP
37GZU,49QIM,212QLX
75IVS,19DUQ,115SFS,206NKA
203NAE
30CUL
62RND,171XUQ,169KDL
12CPU
48VBX,13GIL
116KIH,17MZR,176TIP,5QWI
15GWA,241PXM
154FNF,184JGK
139MOF,96CXY,89ZNM,108ILW
167WXJ
148ZUS
197SOP,119NRK,69ADZ,80FPZ
109GBF,111QNE,143YXM
191NLO,58MKY,172TZP
63HHI,201OGT,165LID,104HAU
199SQX,112BKN
168ZYK,66FRP,70UEM,219KUC
101MPI,157XNY,47BSK,156FDW
99SVO,216ZGJ,190SSH
1ALU,204CVZ
196URF,54GPU,35UKT
141YBU,11RTQ,122HEA
126OKI,227RAD,110UIW,178DIU
24QTK,91ZBJ,124BGB,102GIQ
None
None
None
None
None
None
None
None
None
None
None
reading, running, checking time: 296 ms