Yes
61YMW
103LXO
187EVV
112RKI,20BAL
273MCN
194UUM
64BSG
97LDX
96CCD,328POT
259AAW,11IMG,171IZC,37AJW
31WSF,277CBD
100BQG
152HET,315XLQ
186BUM
317SXQ,111ZDA
121UUM,7LCW
60IWS
298ABR,95FFG,240IZO
35MAV,169BNW
320XNZ
205UZK
207YEI,229MGO
30FRP
195PDZ
301XKG,284RJJ,153DSX,118SJS,226HCW
119BEW,209XSU
192XNU
268UKH
230RHC
339NXV
275VAR
129QYR,254BHB
224EQX,338IXN,233NYM
92XHH
2OMX
17EDG,309DYT,40PPG
307DEZ,41EPI
271GSG,51ZQK,143SBU
104IDT,5UNF
276OVA
188WXN,285RML
296HPJ
247VCZ,278QYV,234NTH
300KJU
176BGF
79JBM
54QYL
27MMX,65YXL
76FPR,295FHO
198CTZ,133HFQ
333VPV
93ZQX,311CPX
59CUZ
210AML
246IUO,177GUH
178CXK
305HDR,147YAX
203PPB,219RDT,208QMM,99DMP
314WCU,318CVS
134FOP,49ZML
199QPE,244ZIT
145ULJ
78XMW,306SVN
33BZU,36PSO
114JCR,288OFC
86UAN,18PLT
258DNG,334NLE
257HUP
81ZLX
0JJG
181STP
225FKQ
326QUY,196CEY,312WSQ
58OJE
123JYY,117PAQ
287WRS,80BWX
323DTU
158REG
48WDF,115FZD,128ZOL,189CLG
156XNK
24JDZ,110RUM
232BXR
149QTS
184YKB
340QPG
249TQN
142WRM
1FPB
87DPS
159LUG,238DZQ
331GNA,50MRQ,324AHZ,105GBO
266CQZ,138FEB
297WWE
332UVP
19GUI,151DHK
193UIK
294JLU,63DGW
265GTL
236KCA
43SAX
228SOV,175DJW
336UUE,85YAN
173PRS,9VCZ
53RTI
146AWU,34ZPG
66HYS,325ZVW,23HJE
214LRF
206AZF,101TPN
256QEY
281RPL,155MKT
38ZZQ
316HKC
197YXK
272SFV,267FCS
220QAK
248ONM,280CAU,179FFM
330VCW,150HZT
302UFU,174NOG
341PWW
15HTO
42PPC,16ZID
157HYU
202KQX,67FDX,135JIS
154GRG
88OSF,52LQN
322SAA
167XVQ
72PXK
164BDX,180BPP,260XQQ
116UYA
212XQH
182GAE
274RVQ,8UBI
130WCM
263FPH
120UHD,126GDP
170XKA
227PLY
46UOJ
243OKT
279CHW,222QXT
161YGF
215WIZ
255BYQ
283TSU,235GFJ,94OIM
185RTY
200FNJ
250BRT
221LSD
237WCT,77KAK,47EDN
321JOG,327AJF
289JMT,10RBA,55CSK
29COY,4ZSP
337QCS
162LVL,22VUW,113JWE
13SIS
201OPF,75LJS
107KYN,213EMM
262QBE,291PKF
245BOX,269PEH
139KIY
290UHB
264WNQ
109HHN
3AIX,28VNJ,90FBJ
84NND
132MBI,73PIY
6BUU,144BFW,163ROE,218IQE
108QLM
310MKK
253GFP,74AFF,292ZDK
172SKX
329AZQ
313VDU
191XAE
166MEV
140OHH
308YZO
319HFC
217NNL
282BCJ,57WGB
137KOC
303AKC
71FJE,131HHM
12CFS
183QIB
32LDZ,241MLV
136TZF
286IXE,211EWX
102XVN,141BOS,62HDV,160NNC
83BOD
56AKV
239LZF,127KRI,69KIJ
98QLB
270NKW
106AMG,45HET
25VUG
165JGE
124CPJ
26GTI,304YLJ,251KVL
261ZBP
89DXZ
223BYU,125HIZ
252LJP
68KIB,70EYL
204CLP,231PWB
39YEW,14DBP
168WYV
44XJZ
21TBL
293VEH
335LGJ,91PKT
122GYA,148QHZ
190IES,242VOB
82ZCW,299RQH,216ICH
342SPF
None
None
None
None
None
None
None
None
None
None
None
None
None
None
None
None
None
None
None
None
None
None
None
None
None
None
None
None
None
None
None
None
None
None
None
None
None
None
None
None
None
None
None
None
None
None
None
None
None
None
None
None
None
None
None
None
None
None
None
None
None
None
None
None
None
None
None
None
None
None
None
None
None
None
None
None
None
reading, running, checking time: 1478 ms