Yes
86KEA
98OTY,248WIX
134TDK,215KXQ
164STI
137ZOZ,202HOT
115GMD,8HJF,99RNE
46ZLE,21HQB
0EVG,143MRU,27ZUT
265DQU
266ZWV,206UPG
200HLV,139GCZ
152OKV
35CED
260KGN,26DXQ,205YBC,232CJR
140RIN,176UFR,106MSS
100EIN,131SBC,22OPO,186YUB
113FDZ
276HPW
222VFS,17IVV
68YXP,197WSU
221SPY,145FWG
50RKC
85QUD,177VIA
95VPD,104BOM
109JXM
155HMT,251YAS,162BQF
103FRR
201UFU
165IPT,47LQG
92LYH,80CAW
228XFP,188OUR,219KVW
90CPT
65MIF,157LXD,181XZI
204QRY
243TIG,33CQT
9RVB,156SUT
10TBU
148XOR,72JKL
264QDR,12XFG,91BSL
159LTZ,252EXF,130IBJ
213CSZ,229SLS,45AIA
58JDH
43NYN,187XEY,144VTU
207DKA
225VYB
70RUJ
18QGY
153RFI,203YTS
169UCB,158NBC
56XLQ,182CCG,146VER
40ZOJ
234PSD,247SBZ
116EZT,128KDW
250JPE,41LJC,147TJN,175GGR
64PVP
245AFA,59BKE,19IFR
83VCK,39PKZ,94MFB,52XSR
107WRP
38SJD,185OMS,31WQX,242ARR,271OPC
253BVP,168OZC,14TYO,211FKW,199HTM,114GJW
102CKI
160IAA
32ETS,108QOA,261LTJ,216SBM,226BMU
183JQG,223EFE,69BNU,6HEM
73PFT,195XTM,79EHP
208TOX,189ZEG
29SAE
138UKW,16JKV
141OFF,238SBA
28VHT
105XCJ,77GIP
254VOS
96TXA,121ZMN,259ITB
224BBI,190UIE,179LKD
246CMJ
249RHC
13LTI,129KDC
209IGM,275IDR,133UWV
54WNU
172JCZ,235BYG
230JZN,237WXI
37ORO,75DHJ
268DIH
51NSO
101GIK
170BNK,118JSP
48MJB,49DUX
166UTX,132MFL
120BNW,7AKF,256AJT
112OGF
151TGL
167NEU
258ROF,110SEU
173IDH
53CZF,135KDR,24RKM,93LWV
233UIY,71BCH
194LMI
236SGX,23TYG,60JKR
63GWQ
142TMW
122GPC,66AMQ
161GZL,214EGM
62PGR
81DDO,119YGF
171REZ
30IIT,124VOZ,67NSZ
180HCW
270ABM,11DUB,217SBG
57ZOV,191OGB
231NAM
136TGD
78PXD,227LHZ,263DDC
274IDC
76HUM,154AWZ
111WXH
272HFC,61LBY,15IJW
82LKW
84LED,269RYX
1AIQ
239KDK,174JEQ,262AYZ
4VOG,42FIE,87FJQ
44LDQ,127BJI
89XRQ
25HRM,257HWH
74FNM,36ZID
3GWW
184EAK
126CYD
125KRA
198UAH
2GKT,34LQG
210VAZ
192VYN
123PGK,117FJI,255TIZ,218IVZ
267GHB,55TCJ
220WOU,178UKK
150LXT
273LGR,20UOJ
97BYQ,212NBJ
196FXM
88WZG,5NAG
240XZH
193RDE,241EOW
149GAF,244BIH,163SZE
None
None
None
None
None
None
None
None
None
None
None
None
None
None
None
None
None
None
None
None
None
None
None
None
None
reading, running, checking time: 596 ms