Yes
35LPF,72SOX,73IAF
42JIP,66DBM
208NPE,18CQB
25RFP,206HXA,99NZA
152BDW,161ASY,133MKR,144MBD
164WPJ,167SBB,217FTE
75REX
176XHQ,36GQN,113PXN
118AVE,21IIX
37ATD,109KFF,89BSR
28FYA,234DGR
77GTG,100IYT
58DKR,160ZFU,43NGE
124RQX,78VYM,202QJN,198HKS
122VOH,80SIN
183BST,94STL,24WAJ
136FHP,230OUL,232UFS,131XBB
233TMP,13GQO,125CEF
162GPG,90ALS
139TTK,157WAQ,191JXW
111MTY,116NCE
129TII,59CIU,150UUA,74EHJ
63ICL,5LZQ
7CDD,83PFL,128FQD
23NTJ
135KWB
173IPR,56DKC,138ZTH,119SEB
123XUI,81JYM,61AJL
212VNK,45XNP
239KKY,34LGE,84THY,226KFB
52HEY,121LNW
190CUA,141ZCZ
105PED,216JJQ,228RJX,126UWD,214LWD
180AVW,200TUG,205EAB,30WSS
107LUN,197KIT,146DED
53ZLA,98TTE
47FIO,68FIQ,117TVT
134WHF,10BPN
31NAI,32YNB,137HIQ,188ZNN,186MDW
108JKH,227SPS
55VBS,64GNP
169KHF,172IIM,229MNF,179OCR
3NAD,175PZN,93BVZ,166XEA,219BOE,215QNP,158KBZ
218YGP,174HIF,17XJV,60AUQ
151VHY,132EPW
1PLN,163JLC,237VPZ
102WNT
38BHF,39VWL
104JIY,221ALY
115NGD,223SUX,112NLZ
46GNV
140MMV,211TJO,194YXZ
12TMI,26ELZ,88APX,127FVD
171VAP,222GIX,184HZU
92SPK,147ZNJ,189UCA,97RXO,213YCM
51HSB,187WWD,181CNM,199JMR
196HZB,82KHR
14QFV,149PNU
15MZM,159KUG
57ZFM,148UAW,155FFY
195JDQ,145HCK,6WAP,210XJO
16EXB,86WTN,96AIQ
236EXQ,48STH,2LEY,207BHX
168WNI,110GVO,156JVO
50QQE,85QYP,8RVZ
235CWW,62WNS
142OZI
238LQK,177STN
69FOD
165MXL
33YSE,225MBE,224LVB
95XOQ,170CSU,41KAD,182QUY
76ZOS,49VXQ,103IWL
153MQQ
154BOS
114MWV,40GVA,120EJC
4III,65QUC,87XRC,178AZL
79BPK
192URL,106TWH
185TZS,9IGO,231PJR,203EON
130NSO,193BAG
143NVL,22ZXF
204YIE,44AHQ
19NLJ,27FTV,67IRS
54JBR,29QWL,209HYB
11ITO,20QMJ,201PZT
70ROZ,71WXD,91DXF,220YYS
101IZC,0DZU
None
None
None
None
reading, running, checking time: 292 ms