Yes
192XIH,241SYU
170CTX,221WMT
149SDC
5LOQ,49YEN
233MBD,73KYD,244EQJ,225BUS
186SBO,79ATO,55XIZ,26VSX
124AVG,36YMI
153QPW,144LTE,54HFR,159JZT
208FCM,111PXE,165OSA
89VSE,139UYO
147REK
64YFF,240MVU
80XYP,216DAQ
25NEQ
237LLQ,82LQX,68LJC,58PYR
155KKF,37IMD,77BHI
164QKZ,112IEY
63XAN,109WRE
229CRA,43PRN,169JSX
127SWC,125HHO,46ERF,56TGR
187ISX,74IFD,191TOE
104ZHU,166PLJ
19XAI,161MSA,38WAI
16MQQ,184KTV,94TRD
160FFC,66MXL,143QXC,3ZEL,136PXL
62LSO,12PXU
93FGU,85QES
206APA,189KJP,138JRM
234GJJ,131MLE
214JOB,245ZUK
158NFH,70RMC,212OYW
196DCW,23HPP,75OMN
231JOL,44VKC,105MXO,59ZJU,197ZJR
65CFC,223IGC
31INZ
232MBR,151MZM,207SLO
110YHE
156FUI
76LHD,179HIC,99UZG,130XEL
137GCA,228NLN
142VSF
35FBP,18AHL
162LYB,209RXG,92HTG
129JZI
148WJX
33OSO,0ZKT,107KBS,177QAG,22FLT
203QQT,102JSH
39PGW
1CYT,95XDP,167ITZ
29GQL
140NKC,20WAG
119GDM
172BNL
219PYP,185MSH,17AVN
173EHY,40TPI
13DZM,118MZO
171YNS
121TCF,21CMM,146VLF,132LGA
154CAX,163KOT,150SFY
152SXR
202DIF
174UPA,217MAA
50GZI,157SXH
126AVI
120YCM,178WTC,60EUK
199ZXW,97HTP,205FUZ,235WJY
180YNW
242UHJ
220TBS,183FWX
9OEO
108GVN
230OTP,48QKZ,61THO
4QDZ,7RJO
204WHC,71NKC
200FRW,69YTK,41UEC
28EEE
133POA,195KMH
190ERN
193JPB,227WIY
47CWJ,86ASB,57FSI
53ITN,134XKZ
215ZYR,168KVW,72PFL,32NJI
90PVW,123GFK
101MUN,91FQD,11FXX
2ANW,34JYY
42JID,51XWL,135LFR
114AJV
175IPP,210BVK
128REM
27YCL,113TOX,10KFZ
116NNR,181GXI,122HZV
211KQB,239NXL
218QKC,213AJV
222QZE,100LRJ
14JCU
194QKT,182ERT,78PHG,145NMA
106WRH
6SCI,201YIA,198BJU
87NWK,84BKT,188CNY
103ETB,15OPO,83OJN
176JBJ,243MCL
24ZGN,81XBR
98TIP,226FXZ,88SUH
238LJC,30MKE
224UIO,96ZEE
45EOT,115END
236OPP,141PZJ
52VYC
67EQZ,8QQK,117EMD
None
None
None
None
None
None
None
None
None
None
None
None
None
None
reading, running, checking time: 501 ms