Yes
177VNJ,201KSJ
210NMQ
79COS,2LAM
4TUT,118KGP
29EAH
83SAV,206UXO,184MLK
1ZMD,57DKE,272JJQ
56MZW,253BPK
113TXW
52DZW
115FCT
144DSW
165AXP
106TGT,159HAB
194GNV,262LYB
224YRV
28KUV
84GFM
47HOZ,116XPT
86RPL
156VPR
202URI,81TJR
150MSC
5ROV
266ANX
219RLL,213YSP
193PEA
145ZIG,9UBS
170ZSB,277PGY
94SHP,121JLS,132MUS
231BPE,212KSD,33NEC,245QXK
137TID
58JQH,7MHI,0NEL,178AMN
62RAA
261MHX
59SBC
41CSC
10DDZ
221IFO,169EUJ,207DWO
65XPZ,220ROU
95TOF
22EUB
225EBH
73NHD,39CYR
63SJC
200VQJ,251ZRF
198YLY
269WGV
176KGB,226ADV
237VSN,54MTM
110LJG
140OCU,260URD
13FFK
114PPQ
162HFG
205AZG,172WCB,93WTO
259XJP
192JBN
147ZCB
31LRR,187HEO
8WKG,264NPC,27TAT
15VZQ,125SDR
247QRJ,70EWO
82MCU,18JAU,256EGH
153CNC,189ASA,204SDW
32ZVT,146TQJ
241TEJ
268KXT,11LRP
98MRI,120MUB,100FPY,102CVN
16NQK
175BAN,199DOL,181WKI
80XJU
135NIS
104IOK
166DNB
254MDZ,71OMT
278BIX
273OWG,155RUQ
20OXN,230LCL
97BDB
133WVP
72QKT,217NNQ
158NIY
161TZO,36VMC
271XTC
208HCU
182DRA,40QGF,6IAG,232WAS
67WSE,75BBS
168TVV
157WCO,92EKI
136DTA
186SFQ,21BSN
265QJA
191ZEX,3QIO,274RVH
12BUV
249TMI
48OKD,240HMQ
64ZVS,35WBR
61YQD,123SEN
107EYU
238XFS,183XHY,85UAT
270MIE,101HHT,257ZMB
99SYA,233PZW
163YES
43UQA
50EHR
222DII
76ACT
88PBQ,51RWL,78MIV
173HBI
211FZT,74RQO
244AZO
26GHL,77NOU
111PPH
248MBP
34YYO,243OLI,141NQS
227GEA
246IFE
105BFU,38SFF
46HGE
49HDW,215KPD
68NJK,214NZI
112ZXY
229UWC,250ZDC
17HCT
119WNP,167JMW
151IHR,209MQP
276WES,108KRT
87CGD,103FQL,239IZE,134ZTR
126SPF
143UJU,128TCN
218XGM,190RYQ,195LDS,164LXU
174TUJ,263ZMI
275PEE,152GLA
228BYD
109OHD
129IPQ,180FZF,149RPF,45IGF
69MAY
196YCS
25AUF,96RDO
255JHM,216ZUT
252VOE,131XBX
185KMT,138LBJ
24NSQ
148CRG,130JTV
122TUJ
66QWL,235XGR
89UDS
37MTV,42SCB
179MRV
127PQP,267SMB
19IIQ
44PVT
91NIM,55ULL
154DMI,188HPN,90SXJ
117LYU
139KSX
236XZH
242OGJ
203VKI
14YVU,234CMW,23UKZ
142FBD
30ZAF
258PFG,53NKF
171YZG,197EIV
223GRV
124ZLV,160FOS
60LUI
None
None
None
None
None
None
None
None
None
None
None
None
None
None
None
None
None
None
None
None
None
None
None
None
None
None
None
None
None
None
None
None
None
None
None
None
None
None
None
None
None
None
None
None
None
None
None
None
None
None
None
None
None
None
None
None
None
None
None
None
reading, running, checking time: 683 ms