Yes
142DRJ,46RGV
50YYO
179ORJ,217WRD
192LFO,15NXI
42RSE
108NKB,203SDA,160OEP
10IDJ
191QYY,86MOM,224EZQ,74HHP,194DGY
170MSW
126DEL
146DCI
147HNJ,88RQD,106JZV,6VFD
89QKD,171RWW
41QPW,200PVH,44TSF,232LTF
207TTC,140FWU,172NME,60SPN
63HSO,99RPQ
173BLN
94EVT,104JFO,52RFQ
233RPI,208AEO,62XPE
150GLV
91HLH,97NXU,124AAS
5EEM,61WRD,120YVL,87MGR,109OEN
37KUD
64JTM,81VBK,47HZZ
143BZK,183SVX
69FHW
92OIO,39DJH
82TWV,197YFA,137AHI
132HBU,136REH
111YSP
83CCB,215KSO,139DZW,153RSL
119HYK
17DBR,19CVF,182IXN
95JTA
53XOV,204VOR
193AIW,48QAS,84TWR
144VVP,235VIV,227XCT
209SYL,127VEZ,229VJN
36VUD,138PET,51HGM,176HHG
222TOQ,221JOY,135FXK
130MGC,32DCH
152SPQ
98UZL,118WUH,199LUC
1ESS
181GTY,54CNT
216XVT,190DZV
185MET,85HTD,23KLA
33FWL,202IFQ,66QRN
72VFU
165GMY,154KJQ,133NDH,212RCZ
234DRX,13XSY,177UYK,188XMS,225LAQ
214FRT,114UBR
38BMX,210DOZ,12XIF,211ACG,14NXP
43KGA,29ACA
8FRD,28UZY
78RJI,220VRQ
201DCC,169DLU,134QRI
123GMO,166ZHE
163AWV,70XMQ
117BKW
156LTT,161PFA
18WIC
174HDM,148ADT,68AMU,22RFV
164ALX,155DAL,149EON
205QOP,24IPA,20REP,0HYR
93TVT,125LHP,186GDZ
218ANO,102VUG
30HCV,116DUO,196YSA
228KBC
184LQW,195WFN,59HDK
122ZRD,96FCU
157IZA,213OKQ,113IZW
79LZH
226RVO,73AYN
129NMY,27HHK
90XKD,151BUX
219AZY,131YQU
141JXU,101WUX,231HUJ,100WLJ,206FPL
145WWM,58NFM,49IWP
3ISH,80MNT,223YZZ,57NYS
7QZI
175FQR,159JII,162OUC,21VRE
128HYK,158YST
34BRJ
77PDG,198ZRT
178OFM,40DWI
167YLD,110XDF
55HFX
9LTF,31CSY,56PKS,16GRH,25RDC
107ERF,4HYY,112VSP
189QOS,67LVT,75CXN,76KTM,35AMS
26FTY,168ZCF,230UKB,121SJY
2VSH,187TJA
180KPI,65UZU,45GMK
11FUK,115XCB
71WKI
105MVO,103XRY
None
None
None
None
None
None
None
None
reading, running, checking time: 355 ms