Yes
223BOW
327DYA
123DNA,252HKJ
317BZE
162TBX,243HRV
212GRJ,65CGM
9KUH
375AJK
208IZZ,20XAD,75DVH
290XPW,68YUU
172JTZ
279NIA
79AOP
274VVV
321VYL
140GYB,320TRN
139ZHR,382VRA
215KAK
256AQM,193JFF
44CAC,107GJF,304VSG
56MLB
368ZUA
281DNL,60WKE,348GRH
66KRE,331UAR,88YEN,3HXM
352OLB
86VHQ,136YME,174ODC
349BZD,284CAD
342WCA,213KRV
175MKX,225XEL,108FGZ,369IPS,49HTA,240LTS
115CVP
70CHJ
130MVF
149DET,180WSJ
144CJS
76JAL,360XWQ
273FYB,379TOV
2HXA,361IAM
32JYR
266GMH,203HAQ
173VHW,322XNJ,254VGD
299JFO,206FTA
188JRD
164ZSH,230UNB
7JMW
166KDS,229OXL
14NJN
19UNG
64WXW,179POT
6ITB
99SVI,161ROE
50VTF,92QUM,306FOL,195MLG
234CEY
341NDI
122AWO,246KIH,58HRK
1GJO,17ZQF
381SCK
222VCJ
13GWT,329ETW,271XCC
31KQE
226OFM,48IAP
41KZQ,184GWT
268WSE
305BQR
167ZHE,29AZC
16ZHD
153RSQ,192CUB
83QXA
142IGS
190QYQ
335AMH
150LUC,277HMJ
245FIX,247QCA
248OLJ,53RZX,347VHA
90PSJ
105JDV
61SPN,238PGD
82AZK
220WBY
5YWW,263BNV,310JMM
45LUF
128LLW
103OXU
318SEV
89EVK
109HQV
59SBD
276RNT
242VYL
288UER
112ZKI,133ZGO
338SSE,257YDS,132MMA
302GKC,228EWB
241TJA
160FBV,272UYN,12EDN
380MOT
121GTU,168WQO,137KYT
156PJT,313NTC
355YCZ
269VRZ
358BBP
297OKC
100ASS,146TAZ
0BIW
47ULW
258IOA,303EYW
231LAD,372OGI,198EVI
165IIJ
46PMA,308FZP
129XRS
289OGC,356GXE
267HYF
328IUY
42YOJ
182WRL,43BTB,10SLE
63KJQ
39BAW
106BPA
114FYL
138DMU
250MUP
178RMW
346EAO
30KZM,324TVU
98FMP,219IEY
307LTQ
376VXF
73PTK,18IPU
26EMO
323YYP
15HCR
217COP,177ATJ,157IKK
72CUQ,113NDQ
11WZZ,292EMI
155JMU
95MSV,27MRL,218OME
102MMV
202NXQ
124YHR
261VZN,120CJE
278QGN,110MAN,262OCR
52JKZ
364ROK
296SRY,158BBS
67OAX
154NQQ,191KSH
239ZZE,148REH
38VUU,244ZXC
251JPY
51LMN
33SPR
125ZHW,197EMK
207AAK,353QEI
295OBU,340OYD
365GLO
135QPK
134KKF
40PGD
232TUH
255TAQ
235CBC
97WGS
55LQL
339UAA
330AFX,24JBM
351APB,325CHU
169KSJ
371NMC
87NFH,337XEQ,357JVO
200YPE,377NGL
237YRH
163LDD
185TQL
35ATX
316EOD,233GZT
315JJO
362WXB,343WXB
309STY
126QTD,216ECW
314LKR,28XTQ
350VBL
210KAV
22IJR,201KPV
131KZJ
287LGH
301PFV,294BHW
359HSV,183LSW,227CNQ
214IQX
370CSB
221DUC
344GUK,152YDH,270ATL
209XWP,96ENU
181IBM
34MNR
298UYE
143IPV
4VYG,194FPR
186VKJ
37YMT
8XLX
91NJK,21MFH
117JHY
54XFH,366VIY,189SQY
326IVB
118FON,170FJZ,94AIE,260PBR
104PYA,249DVV,336KUP,378EIS
62MYB
151XAX,127WHL
57VYJ
285FSB
311XRS
74TOX
101HAR
25QQJ,111ZEC
293YZH
374WJX,373WUG
334YED
236WEP,312RUP
363ALD,187GZL
69CUA
265NTZ,23WLA,333QEG
80JCD,224UTU,300BHE
286BGJ,211GPS
204TBS
145GHF
253MEY
81TLZ
199SHJ,147NWF,259PGD
283KNW
119OUL
205KGU,84OCP,77GVR
275DXR,282ZIR
71MFP,171ZBT
280LGJ,36FCK
176ZZT,78VJO
264GGB
116FSZ,141HDI,332PGX,85FON
354MVI,196EFF
159ASG,319LUM
367IIQ
345BVI
93NBE
291ERW
None
None
None
None
None
None
None
None
None
None
None
None
None
None
None
None
None
None
None
None
None
None
None
None
None
None
None
None
None
None
None
None
None
None
None
None
None
None
None
None
None
None
None
None
None
None
None
None
None
None
None
None
None
None
None
None
None
None
None
None
None
None
None
None
None
None
None
None
None
None
None
None
None
None
None
None
None
None
None
None
None
None
None
None
None
reading, running, checking time: 2401 ms