Yes
289RXL
115GDC
300OWX
131ZCN,352RTL,168ZQM
387FZY
342DDI,13RAH,86NWN
397XJE
91AHH,260AXG,199IIX
11VHS
45VLR,312TVA
343WYH
274RCR
39KXR
35ZQU
347WVW,358LAA
132IHE
145OUS,72ZIE
126BFQ,374AVI
114AGP,55ATM
80GLA,112KHH
195JBS,88YPP
119VLC
54ATF,15QFU
336PDL
66ZFT,202MJK
171OXA,373DUN
410OHO
255VVA
398OYH
118FHL
228XLZ,23RPB
318QYD
34YDE,287VII,241XHK
93KGI
285JRP,256RHS,238AZO
244YHA,187AFK
97WHL
332GOL,331XJY
160QHG
178EDQ
299JHM
249JFG,420LLR
339NOB,113ZYC
392RVJ,9FEV
172RYG
213EHP,94KUJ
395HUA
136OLA
353VHN,116AMU
223FTZ
229YDZ
69HVS,316ZKX,182NJB
92PJD,412EER,82OWV
280RCS,304ZCT
366AXI,261HKU
89HDM
384WWN
252BRI
18RAF,364PQL
133RTR,153BXE
282MZR
297FHX
322FEO,101QEO
60YPL
183DBM
109WJU
305UED,110IZN,400NFM,327KRI
350NVV,164PVR
271SMS
67UOD
426BNQ,179LHY
307MJF,219TPP
40TXM
209JKP,393FUP
368HWV
181JIT
124TDL
4AWB
330TLU
292NLW,204HME
232KYA,146ABV
53DPM
279PBQ,108PTE,325RVI
281YZF
251MJK
394HLV,21GTA
48TZY,71TGW
314KLF
140PTN
77LDO,372ZGY
121RER
369MVY
198NMH
184GXP,158BSS
321MGT
215OEZ
389JQK,308FZW
44YHD,163RQH
236JLQ
326VHD
61BOQ,422BHT
295TQH
378NYJ,169ZLF
269UCB
225JWZ,152NWX,344BYQ
76APN
154UHK
211JPV
139XRD,70LPV
31GEO
212VIR
83YXF
361ZGV,399CXY
104FDG
243WSV
200BLL
81ZLR
298HIB
230ZRI
309SJD,220WME
226BLO,411ZFA
159KPA
338SLC,192NCU
334MNI
379KVC,288KOW
74OND,424JTY,267ZUS
275BKP
315RAC,371XYN
148WUS,214SEY
303CFQ,203UYL
345BVI,129KWF
130KUD
414BZY
180EKE
28WBL
111DWC,224TYZ
134QYL
176UPE,365MZV
64HBD,240HHN,417HJR
258MJX
273FCI
12ALT,363HFI
37HVS,63LHL
185OFS
418TDB,253UVC
310VSF,207EOF
415KSG
188JNP,190MFK,293XFE
416AXO
377CBB
362ZRH,354EYR,294LFA
170ZKT,150FNN
135NYC
355YYW
351IER,51MAR,301DRH
2ZGR,217ARE
408RUI
259GBN,73NMJ
75AVY,122MPV
246ZVI
357QCJ,68LGT
174ZVD,17UIY
151AUP
142EIS,14NVP,216ULN
386UIK
7TXF,409OFA
402VMU,404EPD,197LEL
376FUJ,0VWC
302ORF
263VCL,360QEJ
313QGF
120DRD
84YDM,231IPO,201IAE
8MAN,264NVB
138QNP
16QEI
25VUD,265GOS
58KBO,242YGS,62SRU
291LES,32YPB
3UMI
284YMN,47YFQ
189KSV
346JGD
56JYN
99ZZM
324GZL,144KZX
137GIY,50DOA
382SDD,421VQR
396EKL,311NMU
405VHG,276KYA,383EQB,24IMA
143HJP,65EUL,191ZLY
10HQY,196JZG
162ZFU
90XZL
270MYO
381YMD,254QZV,206VDI,277BSD
328CVN,127NYH
425YBG,107CXR,33SIB
173KQM
317DHQ,341VDG,57BNC
156TXG
227POA
375KWU
167MSW
147OAB
1ZCP
41GHJ,235RYB
286OCW
323WXG,98IBA
210WDT,296LWF
79GZU,283HKR
319TEK,149YYU,123KCO,193KJD,278WSP
102AHH
78XEE,272BJR
390SNK
177PAO,43ZIO,52EGA,36VSI
423BVQ
95JSC,388AYQ,333HFE
257UFQ
391YFP
141TPO
155JCT
96GVZ
419RBJ
100UFE,22KTL
87DBL,157UQU
250RNJ,105PUG,356JOM,234EXB
85HSN
103LRO,268XTW
117DFQ,406WBS,247JSX
128HYM,401WIY
59STX
233GNA,237MWB
320WND
29UKQ
208VFN,348FKH,221GPY
370NRH
367DJS,385BAN
407URK,194ZML
106HGF,46EBC
340KCY,175BUO
306DNO
161RJQ
266MJO,262PNW,349LMM
19HJC,165AMH
125JCV
26WSL,380EFA,403RXF
248YZW
205BKX,38VXG
239QGC
166UUC
27JHL
359CNO
245OSD,30EEC
20THV,218GIG
335ODT
186GJX,329SDY
337DUW
413AHC
290PCV
222TMT
42ZHR
49XZV,6LOU
5GFO
None
None
None
None
None
None
None
None
None
None
None
None
None
None
None
None
None
None
None
None
None
None
None
None
None
None
None
None
None
None
None
None
None
None
None
None
None
None
None
None
None
None
None
None
None
None
None
None
None
None
None
None
None
None
None
None
None
None
None
None
None
None
None
None
None
None
None
None
None
None
None
None
None
None
None
None
None
None
None
None
None
None
None
None
None
None
None
None
None
None
None
None
None
None
None
None
None
None
None
None
None
None
None
None
None
None
None
None
None
None
None
None
None
None
reading, running, checking time: 2651 ms