Yes
154JBH,33QAV
116FDK,175XPT,216CQL
109UJZ,205SXZ
5UTY,174MTG
114JKO,133BMI,29MIF
214JRS,132MQM,48AZW,232DEP
222GTN,145FUI,203UGF
197STQ,200TXR
224LLS,62FQJ
75VYG,139YPV,220UWD,32AYF
118THO
64YSH,86QWY,57FIE,180GHC,245NOL
85FWM,71FZU,28FUB,104KVO
153SJH,30CDY,246UZZ
225HHF
16GDD
131GAD,70QFS,157TOQ
219VPB,105YZU
89XAV,46IUG,201NQI,238JNH
14JMZ,4AZA,184CAJ
66QMC,34BED,158JYN
135ZZA
52NZH,91FMH,247DGF
229WBA
187VMC
24BUS
142SIF,68PFO,35JJU,121COL
120WGM,53NGK,7RAA,161GYX
20BZR,199QQX,8MYO
59IMQ
186HDR,92DOI
111IOH,138MYT
11KRH,98CKB,95MEN
108EVH
130IYD,63MXD,36ACR,119PNZ
12WHK,1DXS,244XXC
50GMO
103OVX,0YAB
155MWT,166NMN
137EJF
122BRQ,73NRM
147CZZ
39NRT,173CJS
41QNG
77NRU,233QKF
218YPT,26PMU,100IOV,141AWW
177CXS
172ZXJ,76PZQ,163GQG
88INM
143ZDA,72VJC,196UPP
217RQH,43XSW,162FMN
107SVW
18GTG,96GJU,112UFN
234HJL,51NNE,106NNZ
83KLG,239NBC,176BZQ,179TFX
113RSR,240IIU,140GAQ,82MOS
128YFX,6HNY,223UBN,191CKQ
185MMX,227VQN,231NAV
40FZB,226OSS,209PNW,150IQU
211ZXU,160IAX
13UMM,80DZA,230YLA,78GJU
74XWK,110XJP
164OEK
182ZED,170DBM
221LJP
2OWX,188KYB
129RJC,204CMS,210HMU,69MZQ,189NGW
183TCY,228WHV
19KYX,94HHS,81LZX
206TWG,17OWY
241MYK,79RIR,168JQE
23KBO,10TJA
67FAT,38GXF
15WVS,102VTP
99NUB,55WRF
101JEG,44FNS,22XAI
134YRZ,192BPP,208HPN
115NZK,125PNE,165HEA,47XDZ
31WOS,194FRN,25JTT
54IBA,190QSC
60ZXH,123LBM
195KHW
169SBI,56QBP,167CYH
148EEA,127UUU,198BKW
42LYH
181WJB
90QAE
171XSI,58TBE,126AXT
212JBL,144DRO,178XCW,117LDJ,235IAQ
65KSL
9OBZ,248WJJ
27QCD,242PEH
152LXS,61ZOM
49YTF,146EXD
3JVQ,207ZKM,236CYL,243PLY
97NSE
45LKK,213HAL
21LWG
37KQX,149BXG
193RXK
159TTL,136ULJ,124PAO
93QFU,237JJM
151WKP
215GHC,84MHI
202CWV,156LNU,87DGE
None
None
None
None
None
reading, running, checking time: 355 ms