Yes
97BXY,2HNB
91VQU
198ZYF,144VEP
63MXG,224WZW
106APK,11LBP,123MGC
9PNZ,112IOA,53HNK
187NHZ,201PVD,44GYD
210UOO
65EIC,200QRX
223NLC,62RGN
54MQA,206UMV,16YIC
103BMG,186XWN
51BGU
49WRU,133VWM
122UAL
64LWE,137QFP
151JOW,216LAM
184DQG,148BBQ
115ZSA,185MBJ
39CPF
66SQU,197OSF
117JFX,47LCX
82HIR,89UKM
105BXF
157SBY
178MRN
0GQJ
26EAT,72KNG
159NVZ
77OER,96HBK
107HAD
143MPH
85UND,79NXR
23GBR,134KXK
42DGT,138RQZ
5ZCQ
108JKK,131CJX
207OVL
14HNM
213WHT,124SRE
45HPC
169DVN,170GQV
162SYV,18XPT
218AMU
113RAN,111MFJ
78HOE
215CRP,183POL
20VYX,158IYH
4YXS,182TEO
152GGE,222OFU
81BKM
214DOL,17KLU,19NUY
150QBU
175RCC
6SGD,191IAW,71VRQ
37EVT,36FFB
56QCW,52SMM
118OML
114HHG
176DCN
221ZES
94YZI,193LIH
149VHO
190MCJ
192TQZ
32MND,171VDY
84IBA
220YSV,70RGM
208CKA
219SMJ,3ALF
8JSK
121VAG
116CGO,181PFQ
165EVN,40MLL,80MBB
27SOQ
204IOC
109VCR,136WSO
163NTZ,46KGQ
156VRX,166NHZ
93OUK,60EAE
212UTX
209QRX
67UDX,211NHF
48LQB,110HKZ
125NSI
22GUN,21MUG
58BDI,146KVA,132IFL
73SCQ,98KLS
104APX,50KPB,99EBY
127QQD
142BKK
139MZE
177ORM,12DJF
1BAN,167BAJ
202EGF
38RPD,74KOZ
189WNT
34ZUF,160NFL
68BME
199HLN
75ZFS
90MLT
154XHW,174BQV
31BFZ
83XUE
101VDD,147JBB
129OQC,29OLE,55LJY
126ZVI
10ZBG,130ODU
24APU,140HCO
168THZ
43RFY
188GBD
88JHR
161HDB
172QPT,195BCH,69FMZ
92RUY,120IQS,155BGT
30XVJ
180OFO
217ZXP,33JNR
41RSZ
95IGD
15OHT
141UOJ
173ZQJ,225DKE
25GNH
76JPY
135CBF
128YHK,7CHA
86ATE
28LGS,164JKV
205NCS
100JNY
61GWX
179QUZ,57ZMA,203MMZ
59XHW
87GUO
119CVB,102BAY
145ZYZ
196BVY
153GWI
13CDL,35JVR
194SYL
None
None
None
None
None
None
None
None
None
None
None
reading, running, checking time: 1391 ms