Yes
158LSR
117PME,79LYI,174KJP,197AQH
93FJM,136GEP
169XYS,108WIO
100FNH,74HSE,259ZTR
112EQK
59KQI,251XOI
17ANB
250NWO
58ILH
247EFZ,220RBE
53TPA,171CBC
119LAU,163YVF,146LHN
30MVX,170SQI
162BUL,202WYI
193JVW,124MNN,233GLA
132TGZ
38XQG
246ULO,263EZF,123NMX
1PNH,81KOB
228DLJ,40EOM,224CRW
82CFW,249OKK
141FJH
106YKH
12WGA,68EKH,96DIF
180VRL,172NCL
256CNF
45TSM,217RPT,128IYR
267HSY
10GBS,116TIC,0VFU
168TAV
104IWX
47FOA,46ELM
11JWN
234SHR,181TGY,213JJR
253UAV,102WGO
231ZJZ,221RHD
190LQX,48ISO,186ZCP
149WUM,61GJU
258FNI
185QKU,87XRY
153HXN
92KHE
15DTU
154BPC,205KHE
150VGK
187CEI
2YZT,35ADW
225UKR
201QKY,229HTF,31SKP
255ZGX,199ICY,88YSA
9MXN,57RAC,210SNX,125HFC,44VHX
5HXF,209FVK
60WWI
98YZM,159KMA
72BOM,54QEF
114GAT
214QOA,42JCY,89ZUL
62XFU,200JHC,37EGT,211ENK
75MJL
32JKZ,118UJU
189QQL,51IZR,13RAZ,73HYL
24BXG,151MKL
28XEW,207KKP
257XXD
192AZA,156ZBU
182BHQ,244TLY
14VYH
265FAU,63CGE,130FLD
157UCS,22BGL,50GCY
80HXA
90GRE
142MAT,145ZGX,178QRI,120IDK
56MZY
65UUD
135NEK,237GWL,183SLC
110PUM
241VIW,236MPF,252OWO
188VSH,34UYM
121INZ,262QDZ,161KNG
133PWH
122CAU,23OCI,69FKZ,109UTS,176WDQ
226DBE,165VUR
7FYF,152GOV
196UXM
260AEW
66JZH,95AJV
91OLD,264BPT
177OPZ,164ZPH
3JWV
84SFR
232GFE
76QPS,222XZX
126RDX,16WWB
111ESM,235UKQ,155RAL
191CYY,239VEQ
41ILD
139RXX
215TYI,78LTQ,55RDC
245TIT
67KXJ
64HKO,144QKP,218GTM
39ZTY,18EWH,43UZN
99WAR
134HUI
243IFC,83CRI,8LEM
143FIZ,36OBO
115NUO,49UJK
113UPI,129TNS,147QPD
194GLD
94WLR,248RDA,33MLM
4OWH,85JQU
179OKO,204XZQ
173FML,20NWL
148VBR,216CTZ,71ZBH
238TZS,266RVV
21MYU,97LVR,107PIQ,103AXG
101IIW,254TGX,127MLU
219YME,261ORB,25HEW
208XNI,19XBD
140JLN,184FYN,195JKQ
131JNT
166MWJ,105NTF,160ZIK,230WCB
167SEI,29ZMX,223LLT
203IFF
6XAA,175HIQ
206XWJ,268ZZL
77ILH,138AHM
137AKN,198PUT,52KXI,212HCK
27RWG,242DOL
86MNO,227FWB,26YGW
70QFM,240WPN
None
None
None
None
None
None
None
None
None
None
None
reading, running, checking time: 482 ms