Yes
103GER,33XRH
105RDE,156HJY
37QRG,132QXE,100RXZ
118PMR,14FIV,85UTH,162RUH,212NVD,154LIZ
131UMZ,83DNP,194QVT
8WMP,5LJO,17FAT,127DSS
68NCM,20LXD
120WHS,145CRN
121ENC,97UFS,179ZBJ,197DVG,140RRM,19EQW
151LPW,11NTM,78MXP
99SHW,137XIW
12CJQ,64PCD,39CPI
1WJK,7CZB,141RRV,63XOG
149BFS,195DXO
47IXJ,32BUN,9RGE
172GNC,81AUM,90ZXH,205DLR
143RKI,142FKQ,198UCH,175LXQ,60MMK
196NSM,155TLI
21IUI,96JFB,91DJO,128RZV
160LXR,123LZN,4ZRD
59PXO,74BDV,28DZZ,130BCP
144DWY,150MPB
114RGY,61OUH,45HEN,52WDE
92NKL,164DLI,80DEJ,75TXI
167TJR,204HMO,43AGU
182JRH,165ABO,108HIN
82OSP,189POV,26CSA
209SZS
25XWG,88PMT,148VTE
49VAQ,2NKH,183OJJ,23VBC
13ANO,58AZA
70NVG,206ZGJ
202HPT,62GSJ,180VKS
168JJA,98ROQ,57XOD
186WPY,93ELF,44QVB
87GSV,119JFY
174KWI,147VYQ,36EUI,159AND,208UHQ
30NCU,176IXM
199QSK
173ZNW,55HEW,117IID,95KMF,210SBJ
50LFP,107GGY,166JWD,77KRH
102VZF,161WRB,106YYF
138MSJ,3XMM,66VUR,71LTC
22QUZ,54CGV,112QKM,207HFH
185MRJ,76SYF
86XEP,110IJO,190LBK,188PUZ
122OPV,116HMD,0JXV,16SNH,163CAI
178IOZ,29XMU,89GJY,31DUR
72EJS,24JEG,203AOD,157QGW
181TYT,133FNF,69JUO
139KSL,170VKX
73QNR
6RHB,34TZE,65OUJ,124ZBN,153FNK,111RBW
146IKE,184LVC
48ENI,187RTX,56SIB,18FLQ
109POY,191XUP,152AEP
193DQQ,158FDB
129PXZ,200GIO,51MMN
177GFC,27XVA
201SYG,115LSA,104IDU
192ZGG,15OBD,41RVN
134UIO,126LAW,135RNW
113FDC,79IVA,171HIB
67HKM,40ELG
125XBK,101GNH,35KSQ
169VTK,46WOY,211QYG
53ZDT,10WPI,136QLF,94IIX
38NPF,42OMA,84XOS
reading, running, checking time: 193 ms