Yes
31TZB,64KXJ,170YPO,4JLZ
138BAS,221HWW,143RPC,195ICM,23HTK
90WKD,43EKI,114QXS,36QDH,69KLG
88UMX,136DRV,156YON,78DAC,57BTE,83PFO
58BIW,104ELY,15EMK,175VWN
140XTY,115JMS,194OPU,211XYS,190BIT
18NNH,77JTN,180DAR
210YPA,41OWC
51BCE,92ZPH,213YVH,109TFO
184TWX,101ESV,49YEF,96NKV,24GTQ,80TPX
34AKX,87WVC,127HDF,22GNM
11OPQ,68WTL,151HAW
225SAC,1PQS,39HWW,144XVI,125UJS,222JQW
198EEN,139OVA,75CDB,122FXB
14BQN,120FKC
112KPO,74VTE,158KVY,13ZVN,146NHC,54RNZ
193QQC,204ZPV,188QPS
19OIM,169FFU,79QBD
164HWR,48WEV,2BTI,212LMV,148CYN,176VFB
135LPH,121QJX,191RKX,33LWS,111NCY
99URN,42LAC,6SIP
29EWL,214HBH,166JQM,85ZAJ
123RXO,154AJI,38KHU,220UOP
72FGP,192ZXL,60AMK
40TIP,52VNP,26FMI,165HGL
215YMV,171AME,0VFF
110FZI,56RFP,201EEQ,118RQO
35JYN,131FWT,17TXL,25CDZ,53TYD,224PXB
163QET,5MNK,65OPP
47JEU,209ERD,199QFB,182EKR,218CVF
117FGD,226QDT,162LEE,8NXV
3RWC,67FOJ,183WJX
113MZQ,149MQJ,98QLI,119BDM
103HWI,66PSA
189BEI,28EWI,223OEL,134XWL,130HIW
27QYA,203JVS,44WYD,100HBN
142HAD,59ZXJ,197AUD
219HHC,20MTU,45ELT,91ESQ,147PFO,167MUO
216CHF,94HSD,70KLG,55LBX
63KBX,30EGH,152XID,9ATM,126FON
95DSO,37WWF,141AGO,93ILR
73LKB,196FTM,61AJH,76UVW,208GGE
50DSL,46KSC,155FLP,71TLG
102SPN,82KLI
186VUV,179YDK,106OBD,129OHY
200TFY,181EOT,206ORD,89BEV,86EXJ
10ABG,150XRQ,202XDQ,185ZGY
116JXG,205AOZ,32DJD,168CAC
84PZD,7HAZ,159LOB
217HWV,105OBA,97VKJ,12GEF
132WIK,124EEF,145YXA,62OOW,187UEA,178DPJ
137TRW,16TAX
153VMY,81ZJN,133PLX,173PLV,161TDJ,157ULR
107KLM,21XUW,174NVE,160TJS,108OPZ,207JWD
177FSF,172SYZ,128JKM
reading, running, checking time: 184 ms