Yes
324XAA,23GIW
138XJW
116RQK
162GAG
411XHZ,391MFF
336ZRD
146LKW,395EMC
118CEN
226MGL
61GHI,313JMA
8QDI
11ITO,211HYP
335KPI,419TAJ
458UNW,43AQR
361JLT
349PAW,239ILB
110MXH
314VBD
253RDX
265TOY,247CBK
420NEQ,46CML
15XAM
268FMN,201TWH
358WDL,215EQI
214UGM,68OPA
84CUI
441MXT
36AMQ
40IPY,119WYE,80YYN,294DAT,397RWK
206UQG,360VEP
140WXU
198UGA,0CQP,345VTR
123MJB,337GBK,94FUN
451ZVF
31QSJ
156WDK
180YUB
438TEC,457RVD
49KUG
270SQQ,200ONN
164AYB
315UUO,398CBB,273IFL
133MPI
283NRY,191EZD
69MTX
350KVI,172HAS
449SUH,72NZW
203DHK
81ENY,301RLG,154UAK
333GFX,128VYY
148KXB
418OOM,149WOX
175OIZ
272VJR,325RQN
372JNN,223VDW
436JKV,233KNX
65BKQ,259DXL
224PIY
249PEP,357JFZ
281MTC
115QWV
329DFA,196FNC,136XAA,63CSE
6GMR
33SHD
195ODR,131EIC,67ILF
289LLC
165FBA
331GQM,390ASQ
10PJS,380UCT,248XQX
246UIP,236ELW,207TXG
137NFC
369DHZ
173IHR,394QKP
129PIQ,410IDL
126SFF
53CIJ,1BRH
222WZQ,205FBW,359HXV,216HKZ
429VIR
44SMW
439JIK,435TRO,280EKX,238RRC
309YLU
220VQU,292NQA,98TRQ
392OPG
144DIC
300NGC
404ZJD,112RVV
446NXM,318BZE
382TMU,124TTW
29CHI
187TCA,42RPU
452GAP,174TWD,291BUU
120GNZ
221OFH,171YYV
242QMS,342DLE,426BUF
108CPJ,145DEZ
368WCR
386NSW
340SZE,85RZD
35SXJ
229INL,39OCS
157ALS,130CLP
401UUU
159TGZ,454VTT
240OXS,93WLK
3DNX
442AXC
37WMW
142EJD
303PYM
266CQT
455DHY,27AKC,74SWT,218BFU
406EAG
403SWV,125DQT,243YUU
258TZE
170WCX
59BDA,256DJT,99GKN
213WTC
252WVU
370CUI,307LGR
22SRY,21RDI,88WAQ
363PKO,354VHT
277ZGU
287LLT,366UUH
66BTG,415MFX
181OAR
338CCU
7SGO
440GXA
41LYR
139KCU
377SQT,55DRB
91RBP,327OCS,60PTN,193VNK
417VNZ,71NAG
405RZW
150AEZ
328EGS,293LIP
132TTU
339KQG,387JBU,241FRL
217WMM,271YLN,365DJR
20KAM
194DXS,356DUC
237UNW
18UHF
320KCY
50DXA
24XYQ,447SRW
332PFE,428BOF,143ZJH
450MDW
107TDM
64ULG
77TDH
341EVX,225RFF
235IWM,351GHM
26OZW
286EFF
155CDF,17YTL
95NRM
209GGM,184SBU
96LMN,103JSE
321BEE
416HVY,459YNA
373BYY
192CRM
101PQM,197SBR,347JJW,90XCV
57HMG
34UPV,431UMP
13PNF,396MEM
76NCZ,25LQL
384NEO
430GHL,48ALX,412WVB
161PFY,285BXV
414IIN
379MEB
445FDV
311YKM,122ZCJ,355ZNM
169WBS
219KGG
232OBP
70XOA,19ZGC
82SIY,306KFF,158FAM
54SEA,62PBT
407ITO
375QJU
381CXW,202PYG
121JVR
261WGU
102ALG,160URT
402NVS,322CUI
231HIQ,308LEE
183CKY
326CTF,305JPJ,127XCR
352BEO
362WGQ
177PYG,2KIM
97JJA
109NYK,353FFC
371LZM
276SLC,178XWB,188JRM,163MNW
100CLM
275KVX
295BTU
316BJF
176ZXA
86XJS
383GNG
52IFB
330GKY,234USU
421KCK
190ASW,448VQY,344CPV
432NQZ,267PXH
117KZR,73LMI
409EFK
38ZBH
348BDR
79NQK
389UOH
257XJE
453XAS
376WYI,9BHN
30NPN,45DNA
167WHD,14KLG
461XBZ,89MJS
312KTW
228LYI
12ZIA
111GRJ
408GFV,282DZI
262XUU,104HLM
269TEI,288ZKR
367MIO,378VYG
424QOG,212SPP
16DYL
388EJY
78DLQ
413YLN
437FYY,152RQL
423WAE,87WYB,135NUL
182JHF,153SFT,185QJN
114DNV
260FSF,4UXD
310VEG,304SLT
278RWJ
227CHH
297HFR
274CPN
427NLU
323EJV
255BZD
28PNM
230ZFM,189RIC
264WBT
444NUP,134YWG,393SHE
147YDD,263MAH
105BWI
290VNB
244ZVS,166JTU
168QKF,106QDH
199LOX,433TNZ
456YNA,346ZVH
179SQX,210JBF,151MJM,254CJZ
58GQC
374ZOO,399UPC
284RBO
75BRT,317TPH
32KFP,113JIR
385BKH,208YOD
92AIC
251KWX,47GVS
296ZZW,400ZRP,51EIF
83JHV
334ACZ,460HTJ
186CPG,364FAV
343RDV,302FYT
279TZV,319SIP
141LKO
56XVH
250SNL
5YTM,443CPH
204GRT
434HPA
299YXB,298GUB
425DGE
245JID
422HBI
None
None
None
None
None
None
None
None
None
None
None
None
None
None
None
None
None
None
None
None
None
None
None
None
None
None
None
None
None
None
None
None
None
None
None
None
None
None
None
None
None
None
None
None
None
None
None
None
None
None
None
None
None
None
None
None
None
None
None
None
None
None
None
None
None
None
None
None
None
None
None
None
None
None
None
None
None
None
None
None
None
None
None
None
None
None
None
None
None
None
None
None
None
None
None
None
None
None
None
None
None
None
None
None
None
None
None
None
None
None
None
None
None
None
None
None
None
None
None
None
None
None
None
None
None
None
None
None
None
None
None
None
None
None
reading, running, checking time: 3196 ms