Yes
14RVW
172MAG,75DTI,181SNQ,21DZM
10PCO,164LLK,213KYR
188XAI,177AUE,175IJA
86GUB
37GSJ,101KVK
45ENI,95BHX,166IRQ,61BAF
24LAH,160XWU,113ZMP,89KDK,140HOK
16TFH,203WXG,202AJU,100WLD,209SBA
17RLY,54QLI,91YKE
103BCM,7VJO,72EZA,187BYH
146XVT
124SEC,189CZX,97HRK,56QZQ
68JZF,36BDU,212IYO,127WMN
117QSH,98BVD,170DHP,173TWP,76GRK
208IUO,15RSO,12JYF
70FIC
90WXF,155RZT,3BSD,5TSW,111LFM
73BQL,79DTG,154HGV,163VBX
74HVM,107ZJL,211PEP,199AFD
144RBG,65LSH,34EYJ,23IVI
77PZJ,214JHB,83GSV
132ZQA,94VFL,158BSB
108GJU,180SEI
87EMG,104CQO,200HHQ
192RHA,115GON,119SJN
193WPY,85LDM,78YHC,197BKP
102IVD,39BCF,122THE
120NPU,185UNJ,60ELD
179VNX,57BQU
136ZKG,194AST,148WMD,82GTN,191CVA
142KEW,48QOM,207CJX,141FMU
134YUU,210UTK,47DDI,110LZQ,52GOK,186PWL
153LQE,18MDJ,1JBJ,116PHD
6KSI,123TCY,67TST
46EJZ,8RXS,205QTD
174AZF,106LPZ,171CKY
58HJT,196SWW,66CFV
22DBT,133HQK
59TYF,32YFS,195FNB,25PTR,125DAF
112ZGC,206PKD
165XYO,151GQB
96FXB,38WUX,184ZKX,43ROW,71SKD
49JXO,152SSW,13OMU,150GRG
42JJQ,53AIX
63KTO,128LPV,126MEW,190BOG,130DOL,64OGL
109UJU,31IWU,139ONZ
137UYL
41HKK,215GKB,118XKF
93WDU,19QCT,4FQE
20HLX,81PFH,40CVZ,2BGF
27DVN
156RBC,183MXX
176LGK,33HMW
161NJA,182PED
35OLU,62HDY,143FGQ
99FPW
178XCA,11YIJ
147WDR,50QNI
201MCO,157USE
9ZTH,28RXG,168BXN
69DBT,131GSZ,105KJB
198TJQ,88DUN
138GXP,51LAD,167YMM,30MKD,121RPV
162SBX,114FRJ
26RZB,145QDY
204OVS,149YXK,29SZY,80YTT
169RSN,92WXO,44ESM,55XBL
129OGN,84DUY,0HDN
159QMN,135YDE
None
None
reading, running, checking time: 187 ms