Yes
23ELS,141ZVE
46WNM,111AXP,150ZXL
253BDL
243YVM
254LRE
157XWK,257KYB
44FEG
246UHZ
250KQD
352WIM
42KCB,304ZES
329SYG
197GUW
72QPG,190DFH
242ERR
163CVG
328JUM
179CUA,298AIQ
56FVC
1UFZ
91HBR,220BVR,113JTV,330GBJ
356OWP,168ODP
295VBM,265XZA
97TUK,177GFF
193GTS,263NDZ,297NXA,140ZIA
232UJV
40ANW,199GVC,280RZO,37GMA
35RCZ,19CDQ,221ZQH
219SQR,228ZQV
122TQP
169CPU
28FCJ,236HZH
229MFU,100FQO
104OCF
139FKR,134OCV
353HBW
36LXN
234GYP,216WSR
241PFB
300MEG,202IDY,112RAO,64XTS
319ZAT,70VXM,321CPC
21HCC,274KPR,230DBZ
205NIF
309PEZ,258ZPX,285DUG,318JLE
248FHP
310FMH
334BKM,284KKL
12TFD
106KMG
71JIO,77WND
358CXW
224IMN,62GMF
105NAS
211NBF
101TXL
10IRT,98LPL,43KDO
8BVY,117JMU
308RJB,247DEO
249ZBD
65BBX
41HMM,0DKO
342FEX,348JRX,80EVV
255MQK,189EAJ
283VZB
154VXG,276GBB
267JGQ
88BOJ
14VXI,74RAS,7TIU
184VSP,268ION
200QJI
288BVY,167MFG
204REO
138NUC
68LRD
9LPB
82ZEI,115FNO
275WPG,136HAY,102YSU
282WWN
281KKW,315BUA,145WLC,58QXF
251RSV
233KRD,215TKG
322XKT,76DKI
279YKH,351XUU,206RXA
327RGU,269ALA
213VRK
143EPI,339TDJ,126WJU
17UXH
262VAV
51KQS
277BSP
217CNN
27ZHF,346FHN
173NVJ
307PLX
305UCY,183REZ
226SQE
153OZO,196PLO
291UIG
160MXX,185DVT
69UUV
261QMF,259EMY
151PYY,109UPM
86QPW
114FMH
350RHM
83CVS
124JHN,6NIN
152QCG
174CZM,78YOT
314HUA,181BSU
131XLM
311LQV,209GNR
272FRB,135UDJ
201WAV,103DEL
223OQS
289XWG,32WAO
61YJI,331UZU
130FHX,90HQS,188XLC,73ORN
95LQX,96UGL,54GDL
271KAG
210QXI,166GLS
354DBK
203BMN
302XXK,355LKW,178MVY
158LRZ
347HLD
132CAQ,170PAY
18ERJ
222JIM,292PCK,317CHR,192LHW
125PHE,93BXB,325DHW
110EWA,343LNX,345WGA
127GCF,4PVP
266SPG
256BVF
333VKS,171JAK
313MHX,303DAA
25XCB,63XJA
59ZKU,53HCN
60XTF,338MOP
81KCK
159VYY,3LPA,186QWX
299OSV,278ICC,34WKK
2FCI
156KDN
16BWF
218OIJ,231YHJ
85ZJB,320MRS
349HRL
22QKI,66EQP
120TIO
30FJQ
240ZKX
57PPI
214KAW
146YIQ,294TYC,340TLX
33KRR,208HVU
118MFV,198PBI
337UCQ
48XAB
172ZOE,293QSB,84QXY
137YYI,47MRU
29LNV,108RZJ
191LGM,75JUM
316ATF,89VSK,15WEA,144EVY
142JAF
335SEW
133IMI
11SKL,165VBW,357DKK,326TJV
270ZIO,286LCR
207JCB,87ZRI,20YVD
149HNC
155RSU,119WUO
301BMS
195APN,128XYQ
238OQS
24ZQR,121KAG
5NFB
55JAQ
52FYQ
273LON
332TUJ,45YNP
187NAG,290UOW,344OSF,312SIT
225DYF,212HOY,341YSJ
235ZBN,94CAG
129SIK,99NED
245DNR
260XJW
306LEQ,296IRA
176NRN
79PXZ,92HMH
123VHT
164PFJ
182YEL,237ZKA
116ALY,180JYT
227NKY
107HJK,26TZR
67ZMR
161IUP,50GSW
38DLW
287IAE,31BNS,39RFY
13UVN,49BYU,324XPH,264UWB
336ESC,252HLV
244FVI
162ZEP
323HFS,239WZB
147NGL,175PVE,194RZQ
148NZR
None
None
None
None
None
None
None
None
None
None
None
None
None
None
None
None
None
None
None
None
None
None
None
None
None
None
None
None
None
None
None
None
None
None
None
None
None
None
None
None
None
None
None
None
None
None
None
None
None
None
None
None
None
None
None
None
None
None
None
None
None
None
None
None
None
None
None
None
reading, running, checking time: 1287 ms