Yes
75UMV
164JHW,118PKP,137AXF
133LDA,6WYO
41KYP,84KVG,67USZ
49WCW
24INJ
210OYN,197GRH,228MHL,142IZW
36HTB,173HGE,27GBS,161IAU,121YWK
107INZ
166FRO,190PSM
219AUQ,47OPJ
216ZFZ,157RGU,1VKK
53WGJ,83JHZ
168EFC
165ZIP,209RIO
225YCS,30UYC
178QNQ,204MCP,188AWS
91ZZW,97HWP
171CNT
223PRR
104UOK
146BMQ,208ITE
77LAA,220AQP,177FPZ
69OUA,202SEH,46RVA,180TCJ,22WMI
125NBU,114EVN,14CYE
52HYC
2NIE,101LZU,169EFV,110AYQ
86FYG,154HHM
185IUF
58ZNH,31ILH
200PGC,123KGR
3CUD,34OQI
88IGF,95ETI,195PNE
189BMC,48DJK,103POY
221QOO,163FKJ
205SWY,174ZTE,113GHO,155GTN
26GMT,144JAE
62VTE,112JRD,8UZW,100WUW,143GAT
215WFR,135OQW
194UGX
32RKW,92HTD
99WGK,201ZNV
39APD,7UJH,89MMP,18BOW
172RXL,224GLZ
120EEM,212HWJ,4OPB,65ZHO
131FGK,203JVS,127AER
82TTK,147TFJ,150BNF
129WJI,79YWQ
151VPD,55IXN,68BYO
29ONQ,35YFV,9FQA,182RTC
85DXY,138LPB
74OEF
108LCH,159WQO
17LTF
106LLN,136HWP,198VMJ
60IGD,73FLW,211EPH
181TMA,96NBF,5INS
20XCT,130HDM,63MXW,207PZK,93TUJ
33XRO
16LBH,227NTU
57CNU
78FQJ,162JQM
186MNV
149KLG,50AKX
23NOG,148ROL
214HKR,43NBH,158OSV
19RGF
105ILP,28CUG
128RWA
38GAQ,184FTT
87DZB,15ATE
90ZWI,191DGA,21GZY
196DXQ
117BGZ,170CMG,94OOH,140BAT
64XKY
126WXU,222RVJ,145BWD
218QMC,111KUX,213ZKW,115WAS
192XSV,153CIT
217QUF,42RNF
98VED
66PHD,0EOV
176XRH,25NKX
81NVI,70URN
12VAY,45BFU
139ROB,187IZA
76DEI,141ILW
61OMH,152GTY
206HJE,226OWI,199EVU
160RXJ,80ZCC
193YFZ
51ISS
119EEI,40UUU
167TDD,54ZDP,56HDC,175FFZ
132KYN,109NTC,183UQD
37KYW,102TKX
10TLW,124YLQ,116MQM
156IXL,59YMH
179JUX
11AWS,13HZD,122TUY
44HPW,71PQQ,134XZR
72WTT
None
None
None
None
None
None
None
None
None
None
None
None
None
reading, running, checking time: 215 ms