Yes
180XSU,127OZK
205WLO,161GQM,42HFM
141LGG,189AQL
57CHL
84GJB,145KFG,198RLY
14FAM,85RKZ
25WTV,102PEK
222JPH
200BXZ,26SXX
97YLH,4JMV
80YJS,144RKL
188ZVY,1WKF,130LQS
81QBX,109HYT,225XGV
79REV
21MVS,128NSR
219USO,19OSD,204FCR,55IJZ
53TLU,94CRI,116QPT
113OGL,2ABV,121WGE
168OUC,38XGP
39QCV,105IWX
193DQB,91ODQ
47RAB
15XSO,179LHG
8TLQ,156TIH
146XHH
115AFM,71YVN
78HOK
28PNF
61QGR
206TJD,139SRL
66DRK
149NWA,31GMO
83CNB,183IXM,199GPW
96WAF
52IWU,6YTD
203YQQ
45RRJ,172RQW
171IWD
176CWO,202PSI,108CNO
185NSC
157EGI
17FCF,36SMI,100OMN
208JBJ,99GSS
95BUQ,174MIB,90PNX
93FHY,152NRQ,46XDI
151YXG,104QXH,114LDY
124CQA,143ZOB
227LDW
165FFE,7COD
177KBN,125GPA,166NXW
112QIL,44WOY,75SDU,33MOV,192YND
160JJN,12ZBC,150LTV
11MZF,74QZC,20QYW
0PAB
65RED,214WMK
22QMH,154HXA,170LSQ,40TXM
197YAT
196WNC,164RPU,16CJY
27JSL
129VFW,77FLC
163EDB
111JTW,119XUS
191VFI,34MVY,132MIE
142XXK,153IFM
110YYB,50FMY
64VYQ,37BKA
159CLM,190ZWV
131LFP,224BTF
217GJF
134JIP,167SDU
140TKJ,195RKS
29PQV,3JLH
9OYD,41AJK
48PYK,86LOG
182BBC
43AJP,133MKP,101AQS,173KLI,158IHU,117LZM
120MVR,69HBQ
175JMY,226ALN,68DQZ
209FDX,67RIW,56NFN
35RCW
207WXG
223HJM,58FMH
59XDX,88GAE,24WEZ
73EFR,63KGF
13MIH
87KAY,135ONT
54PKQ,218MZD
213FAM
23JMY
147HJB
216LIG
148HBM
126KMV
184QVT,194ABZ
186RAK,220YQG
210KNN
187YGB
118BEW,155QXS,30TAU
49HWB,60SZG
98OIR
138MOA,70WXJ
82KQL,92VZO,32OGO,62JKL
215CMR,18UDO,103YYO
211LXB,89ODL,51WIG
122XCL,106MRT
72WOK,178ENL
181RNB,123MAW
76THO,136YOI
169DAS,212DKS,162KQJ
10QPI
107RZM
221POO,137JZX,5OAB
201BDM
None
None
None
None
None
None
None
None
None
None
None
None
None
None
None
None
None
None
None
reading, running, checking time: 296 ms