Yes
7WRZ,173FIM
223OJV,57NXO
46EAU,201WTL
9XCF,97DMI
267YHC
164HMQ,208RWZ,83EMR
103GMX
88ZJB
53HZY
190SEX
257DUG
275OXI
50FIJ,98UQV
195QRC,176PYJ,145LQZ
165IHS,31MXE,258FXI
269GHS,196NSN,121KRH,250QES
157WCV,237ZMY,140OCF
71JQG,170KOT,59KXJ
221AWD,254XTA
107CLK,161XQT,154SAB
104CPO,10RET
137MSF,45FRC
159UEH,214CAO
33IAA,122WSD
242YWN
51LGY,276NWV
149UWM,49AND,210HBU,58CWZ
117VKV,206TJO
200BAM,41QJJ,224UYA
180RKR
80IIT,89MVN
74JUS,263XZZ
91SQU,76TUI,202MWZ
56ZBG
231WHU
143XCT,168WVS,241GDK
75SRO
228RHB
245XJO,135FLJ,139VSL
186RUU,217MBU,261PMV,101MWA
106DUU,25BVZ,128GCI
30QFE,129SHO,189RRR
124DDN,262QQL,22NUB
235GRO
16HJC
79FLO
92AQV,175EGB
86YZJ,21SQV
132RJQ
260XME,48JEC
28XUL,87TCZ,90JMJ
150BID,270NIX,251ZAY
273OQB,35ILM
274ZQC,24GGS,34UAH
44EBG,138QEG
259XZJ
209CGO
126NWB,69WZF,94ORE
68HBF,215ZKR,63KSW
268ZNN,246LJU
220FYE
60HSG
27TUT,23HCZ,109HGR,167QKJ,3NOO
183WLG
99URA
52JBV
5NMW
85TBO,93IDY
197WUT,62HXR,213ICU,116BPH
108ASH,134NYB
174SVO,199QGM,272HDS
247PEO
225YJT
232ZME,207ASF,252PCR
182JYO,233YFC
169YFN,18QFY
114NBL
130CCB
172RBC
244CJP,219PGC
236ZBZ,248BTS
193SSG
96JTE
265ETO
192IQL,255EAM
177DQP,32PTC
181UVZ,84YJY,256AJK
4NSJ
39GEL
266PJP,6ZJK
146SXO
95MLN,204QNM
226VSK,212TSM
133LBT
17QUO,142SZA
279RON,70JRG
78ZBY
148VJO,11FMA
160ZMJ
222UNF
42WTH,152TDR
13KKY,185LMT
1HFX
61VWO
120DWR,119LLT,191JCX
141CWY
144RPK,184NIF
82XME,240VXS
163IIH,188XAE,171VYO,0FNM,47LTV
54HAO,64BFQ
153MDT
162XIW,43BKV,2KEB
151XAE,81WPK
238NTR
230FTE,127CRM
271DMY
113JKE,26RIG,8AUS
115EUM
102QDD,40FYG,203PYY,111ZOQ
38BFW,12EWU,158KRE
253XCO
123KSN,73KAP
136SRS
249CEP,155DCG,110AUN
198LVI,234IKX
100JLP,19RTO,156GCB
239AZL,264LKQ,194GQF,112TOF
118NZY,187EDC
147IJI,14FJM,218SRF
179CPL,72UWN
20CMX,125QLO
36PVL,66DAT
15IPV,166UWV
105MAY
211UHB,77VHR
205ZNI,277FDJ,29URN,131DXC,278XKR
216TVN,55SNR
67XSS,243ROT
229CZR,227MQQ
37OGP,178RRX
65FHF
None
None
None
None
None
None
None
None
None
None
None
None
None
None
None
None
None
None
None
None
None
None
None
None
None
None
None
None
None
None
None
None
None
None
None
None
None
None
reading, running, checking time: 655 ms