Yes
91FHH,195MXQ,116HYW,189DOW,12SAR,8MTG,123TXO
200ZNM,83ACB,100EMH
178VJK,72BOB,155SKB,14CHQ
224QLV,55LJK,106JVE
110WWI,11TVR
142BHU,5RST,220LGZ,4DPG
71WDS,171SEB,30SAV,74QYV,43GZJ
112UJU,119NOQ,183AUT
52CSG,190PLZ,34ITN,209DWJ
10OQN,138XWK,174SOJ,179IXB,219MOP
186UTQ,162PNM,165QZO
184REJ,37FEM,41CPY,88GEA
150UVK,23EXO,108UBY,82LZC
39XTP,192LDB
181ZIV,156YMA,80BPM,25WPK,143SXP
148RWU,208WNC,175IKJ
202RUZ,27ERH,158GDW,38ZNJ,147VHF
203YJC,84LKA,135LTY,206IUA,3WMS
76JFL,73PSX
26MAQ,95BPD,36WTU,85DNX
57YZQ,18IGR,120WDS,103NBO,60UDM
217MHA,137DJE,225ZEZ,166VBK
28BZA,146QIF,126HZS,129COI,210NTF,121SGK
188PTG,207HEU
127EFJ,140ZVU
139WDO,61NGH,68AVD,104PAF,2ITT
97DLU,89DHD,48UPE,77EJP,86PLU,136RKJ
40HHV,180FHK,16XCK,22NUP,221BSR
172NIG,7VIR,218EOR
115YDF,131ALN,182UFK,6FQR
53ABR,101NGO,199WNX,128AOB,35VZF
17TGP,170EWX,105JYQ,33YMJ
176JVI,185HME,196OOD,19YAD,130ZIS
24YRX,109ZDH,62GLP
164IHY,152WWJ,90NKS,102PAM,50BEZ
0DOA,32QFC
149WTN,96SGZ
58IUC,216ESE,118NKJ
46PVO,169ZGR
59QJB,67XCA
173EQT,93DTB,204BXU
124ORC,215PJG,197WDO
66ENF,144KRQ,213TBY,107CYG
201SZR,13SSZ,56JPB,69TCR
51CIZ,98ASI,29PBS,70DAR
42PJZ,63ZGA,160ACE,133BKX,47UDY
212QXK,45NWR,113TMW,20PLZ
141XNS,163FOJ
205YIP,65HVO,99PDA
151SNC,159CLG
161IMS,193BNB,222WPG,157MQQ,92DFW,125JVJ
21XKV,211CSD,167ITM,81CDO,154ZGC
134EJT,187GUU,54GFQ
145UQP,79ZHZ,87HZG,132YQH
191SJI,111YXD,9TLY,177YYV,75UOU
198HXJ,78NXU,153QUY,114JRJ
44SCT,194NVX,117XSR
49EGV,15LZM,64EVY,31IEF
223GSQ,122XZU,214ZRS,1XAM,94NQI,168JNU
reading, running, checking time: 198 ms