Yes
31FRI,118FTP,27CRL
145WTT,54ZUN
103EOA
167ORX,151BDF
5CEV,100OJF,131JKM
68ACH,21SSW,18KST
208TUA,48DFQ
96AFL,69OWR
169CIF
110ZTB,160RUO,130OKR
38AGH
194JIS
124SYR,198XKQ
216UYW,132XTV,157HYS,156GCW
149DTY,123QSQ,142AJK
229VJE
182DDQ,228LBO
181LDH,79AGP
71LQZ
4YYX,192TVM
114YIK,92WNF,195BON
47VYI,34INR,108NXU,8KQZ
49ZUE
144BPV
67LIK
33VSB
15JGK
19IPC,115BYZ
84SAG
180HYE,209DJY
90XIS
94SZW
225AHE,146VUA
29JZI,227PYL,62SOZ
165QEJ,63ZEQ
139RHP,188VMD,30EBP
140TMO,184JHK
89RSQ,201EXS,191YKP,43OIY,10PFJ
23JKR,202TQF,171CLK
136ZCA,78HJI,212ZKZ
154KBK,86RWR
24QDM,199KKN,166EEC
58SXY
173TXQ,57VFS
186QCN,42NOT
175MNV,52SIU,64DMT
190QIT,200KPB
147JQU
65FTI
164ZOX,179PVR
150JKQ
153MAK
158SMW
36TYA
219SYT
218XPS
11OIU,138JGM
3XVB,46EKD,28AZE
152CWG
183MIJ
73DVA,127HBE,148VFR
13VFK
26TBH
9CXD,77QAV
16FQK,137AVJ
177IDS,196RNT,220VBB
215RUY,85GWU,119UAT
205RFJ
122OEZ
60YQH,53QHL
223YPJ
204OMS
1SBW,224MLN
133RUS,72TVQ,88MPB
56EUN
143KFI,109BNF,12EYK
129UTR,168TEN
70DKH,25YFM
20PMZ
99JLM,174MGU
45IOC,41CIR
163PPO,61XYH
80HIZ
59XYT
211RAW,76CEZ,162SXV
178FAR,155BAV,14LRL
87LDC
44NTH,75FFT
222MHV
187ACH,83KEB
91YYZ,39RQE
101ACE,7VNT,203DSU,135RFB
176FFE,106WZF,51NWV
74LDV,50LZG,141TTG
104ZPJ
125VYJ
221QUA,161OUY
32BIW,206KVD
93ZLZ,112KMI
0ODL,35ZFE,117KEK
217ZPW,116JGG,6BIA
214KME,197DLS
134XWY
37MLW,107IIB
95FZV
121OGX,66XWJ,170RGN,105YDP
81PLG,189OBE,17PBO,226VFH
207VFK
126PKR,213FIF
231VXI
2JMQ,82HUG
22JDK
230GSR
111IYE,113ILN
97MKT,128LOJ
210USV,159RCW
172VCT,102MII
40SCN
193ENI
120WGC,185NDP,55VVX,98ZAW
None
None
None
None
None
None
None
None
None
None
None
None
None
None
None
None
None
None
None
None
None
None
None
None
None
reading, running, checking time: 418 ms