Yes
6LWX,37AJV,109AUC,208JLB,2AMB
45SSX,101VUU,128DUN,108YAZ,123YNO
89ZLN,168FXI,62PWF
10GFA
178BZM,29VCW,225BPE,105TIZ,124DAG
24DDA
221GHE,229XRR,111CDL,141DCG
47IIB,23RRQ
243MOC,59AVY
181VAX
180QEY,28VNK
96AKX
17HDS
110MZX
193HCF,22BYL,21VMJ
33NXZ,206MIV,197MMM
232DSH,140QSZ
228NYS,46KZM
135ZQE,202EKA,98NMV
67SSH,118KCO
132DAP,236PFH
192NFD,173FTK,224UGM,9XLV
134KFB
76UTH,11YUW
167IRH
241YDY
203ZCB
1AUA,244LHZ,115IVQ
79HCL,56PFW,106LHT
227BVA
40VPM,160BRA,49UWD,4LRQ
130BNM,38SBG
149MZW,51CDL,157QPA
92ZHE
87CRZ,57IIP
129OUK,161ZZC
196SHU,172VKU
230JYK,120LYM,217EYT
74IOE,220HKE
20RJI,185OHB
151KBV,223AOR
186RRR,190SON
19OGY,235EFU
60IZP,3VGL
42CGP
66YYL,219KOY
75PTA,248UTC
16XNV,166HDC,26HYA,68BSR
251SMQ,179AQB,43TUF
71WBQ
119NDW
204TQY,226GDI
95QBR
36AGA,64PQW,50MJU,126YPT,184OXH
246MLR,48GZL
133EFS
65QHT,39XNP,143WPO
163QWJ,41NDQ,249NJX,61LJX
13LWZ,240WJA,148QUH,93VNY,198JDW
114ZLP,14OIQ
170TCP,131THM
32MEH
15SNR,127AGK,100RLE
113KPF
171MGE
238WJS,58LRM,175JFZ
216PML,156ZCL,162PDH
54JHZ
25GXV,72UPG
142DWE
253EYO,34VEP
91RUY,55OFL,30ECO,139IRN
187OST,188GRZ,252MLG,8OVU
138ANI
85DNV
158KPU,152NVI,200JSF
117HNO,80KFP,12JXN,237YPD
83XGJ,0HEZ
169RBU
27IVT,215RGZ
247AMQ,154TRT,70VDO
69XVW,99VEP
146PTG,164NWW
209MUO,86VBQ,239JDV,107BXZ
174MCK,44APS,73TTE
53ZKA,165LBY,150HJI,63OXW
78HNT,250NZS
242BMC,182DXK
177BKN,201KPZ,121UIO,81SEH
176JGK
147ERV,153TXS,104XHF
212WTK,5YGC,218YAD,183KPF,191VOV
233ODR,231GJZ,102MAP,116NBK
84GZC
245IZX,77WRU
7ZSU,125GWT
35TID,189YJK
234XLR,199QCR,94QJE,88OSY
103ZSV
122DPH,210CAE,205FSG,145ONY,195AZH
136PVK,112EBZ,194PVO
211LGE,137RVC,18XQP
207EPB,90DRS
155LXC
144RAB,52DNZ,159CTD,213TRQ
31ALE,82AZE,214RKH
97LTY,222GEQ
None
None
None
None
None
None
reading, running, checking time: 324 ms