Yes
24AOG,77PMH,35PBJ
127RHO
174HOC,204FFB
38SXU
21KIA
8MOJ
166RIL,292WVY,232LMK
92USL
312TQH,161MNT
305MHS
162BIX,313USI,43CIW
254XLQ
85IAK,234MFT
145NHP,134AOA
296XKQ
182RVL
102NGG
157GPM,276ZSC,115FQK
273GTS,269ELD
285FCH
0XXA
34VWP
120JHV,314IKG
281LAG,294EDT
193VFP
19QCO
104XDD
57CVT,126EJA,47DTI
75TSH
132JCT,172OPJ
29MNI,31ENM,311AWN
11URF,278BBU
69PII
251XOE,59SVM,229AQQ
64WOU,241NBT
110EOS,95LFB,117HAG
124XZO,315NME
293STG
217SHB
165KIQ
96FPA,194QWB
222ROO
9JCD
180KWT,219KGZ
175RWX
67OWO,196JUG
220CZY
98BKZ,48RSF
210EPZ,185CAF
15EIG,61GMS
167XJL,81LYV
214WAQ
50ERG
17SIP
197FJH
248POY
262DNX,242YCV
45KHM,300GAD,142CBL
42KAH,289EJY
53PNU,128GUF,73NOY,158EAA,306OMM
51GMB
140UWM,66RQN
72UFC
65YNZ,203MWO,188IAC
156ANK
279EJU,250KMM,287DLS
291GSM
268BOX,123VCU,41SZX
181ZSG,284LDS,151NEU
170XHY
71DEK,286FTC
22IIM
297OIY,146EEH
301JVD,106TCQ,191GDF
147LMA
223QUZ,7UOM
103WPM
282IYN
33MHF,247UKU
201NVE
1YFV,190XMV
271KWM
200LMP,148CEL
202QTA
114NKJ,205KBG
159BNR
54CRU,118CIV,3JRL
263KAK
173HEQ,12JDZ
4DUL
277CLQ
274VIS,272GHO
56XZQ,139AKB
113TMW,183ZWZ,246IDK
310VNA,308INC
78ZPS
25ZDL
226HRH
84NVQ,280KKM
30KOV,36ICI
211PZP,288IWQ,215CYI
154ZRK
107GNZ,136GST,228ZKS,195ROB
212LJZ,93EMG
119EDZ,221ZTZ,62NJI
213VUJ
90YSK
80MSV,163OFO
235CXE,199RHZ
49ENT
207HXK,192CII
152JHP
100POU
155IFC,82JXG
44NEF
133LHV,240JXU
83BRF
298KWQ,27LOC
58XWE
224MJQ
138JQT,245FOJ
187RGK,105RXJ
189WNH,168ZHZ
230LUI,135RXW,178EBZ
144CMD,149QGG
237LWL,206PDQ
52WTA,125XRO
259OJM
179LIV
46YCN
5HER
26HOY,257TGM
225KSQ
309HRL,239VSW
176MEM
216KCQ
209VPK
60CLV,227PVX
88LUG,299EIP
91HKD,303GZM
137GGX
143BRK,304SDN
253CWJ,316KEG
18TUC,295KFD,23FHE
116XJY,249PEQ
87MKF,258FRF
208KOE
16SOO
243AQE,130EAE,63AQM
89DXW
260NTY
171LGY
244DIO,238JFN,186GAF
2GLI
40IZP
184WIE
10PEM,141ENL
266CSR,270XDO,231XLC,283XNL,275YYR
14TYK,236MMK
264YNP,261NJC,267CGA
129NCQ
255ZOE,13IRB,28YWL
131XLK,198HNY
160QPX
108HEG
76SYC
99HWR
37YLB,101ULS
109DEO,79WYS
164YLZ,6PJG,307XCC,68VUX
20LLI,265LPE,233SRK
86GEC,111XPV
94BBA,39WEH
153BHO,169CLG,55FRM
112SLX
97QFF,74HSW,150CXN,177GXA,256GVG
302KPL
290XAV,122NHE
121UVJ
218YIF
32AGS,70BXJ,252OGJ
None
None
None
None
None
None
None
None
None
None
None
None
None
None
None
None
None
None
None
None
None
None
None
None
None
None
None
None
None
None
None
None
None
None
None
None
None
None
None
None
None
None
None
None
None
None
None
None
None
None
None
None
reading, running, checking time: 1162 ms