Yes
89,69,266
263,238
215,291,171,45
18,158
50,200,68,226,11,154
56,84,30,5
129,251,254,202,206
58,153
223,275,244,67,112
245,15
137,247
210,189,120
243
188
28,92,66,106,191
265,98
121,276,116
218,71
252,6,151
295
292,197,308,280
211,113,148,79
164,278,75,72
299,48,96
216,298,256,236,86,207
127,109
183,312,272,273,150
136,100
65
87,141,103
7,306,182,274
31,77
213,23,4,248,104
285,286,257,110,267
62,118
51,2,190,145
155
315,241,73
10,146,224,270,230
192,140,78
231
21,293,303,187,16
214,82,302,233
139,60
264,132,134,294
135,20,175,147
29,95,36
227,53,9
161,57,46
125,119,90,169
102,64,179,40
268,301,63,186
26,22,12,235,43,208
290,221,17,157,203
284,232
108,32,74
0,124,199,225,44
310,184,311,41
25,167,152
38,170,70
52,168
212,176
93,305
165,242,314
198,258,237
174,14
181,253
177,309,117,277
24,55,54,37,42
128,185
279,47
217,39,34,262
271,250
131,287,193
138,88,300
255,313
178,307,162,83
269,239,149
101,229,94,114
8,123,317,3,144
133,282,304
222,80,99,234,201
288
261,85,19
316,35,205
27,172,160,1
296,249,76
130,194,143
59,259,240
166,115,91,49
97
105,33,107,163,228,126
195,111,220
180,142,13,156,209
281,81,61
297,196
219,283,173,159,122
289,246,204,260
None
None
reading, running, checking time: 557 ms