Yes
7,12
26,187,200
195,60,197
253
105,186,221,162
277,64,185,149
146
4,242,8,239
222,96
127,32,255,232,2
261,132,39,248
31,157
14,142
192
215,283,65
166,294,61,114
288,245,118
214,268,278
69,70
143
56,179,99,163,322
50,161,223,273,159,44
319,241,9,41
193,174,73
178,11,121
130,194
299,181,98,125
298,0
317,82,307,97
218,139,318,15
210,123
24,191,45,326
113,116
301,106,1
10,40
51,291,302,303,251,188,238
59,109,6,16,49,72
58,295,308,66
54,164,115,306,202
25,289,110,257,182
286,292,92,140
254,112,234,46,263
21,120,34
228,167,36
135,180,250
87,102
95,296,279
20,29,155
216,213,274,79
264,183,220,151,203
262,266,207
89
177,94
304,150,324
134,247,175,236
201
217,133,129,176
84,184
53,243,19,233,144
219,287,158
101,325,206
314,271
117
136,280,111,48,267
22,23,290,37,208
316,152,235,237
160,171,170,229
62,83,173,33
297,67
141
91,284,305
107,276,74
103,272,13,43
313,312,172,88,78,76
147,81,108,63
138,269,55,252,168
27,86,196
240,18
212,281,68,256
309
258,230,77
119,259,80
93,199,270,85,47,5
282,198,244,38
285
28,124,57,145
52,249,90,75
128,311,227,204,71
131,265,300,148
30
310,246,17,169
189,190,154
104,205
3,225,323,321,122,126
137,260,224,209
211,231,320
226,100,315,275
293,153,42
35,165,156
None
reading, running, checking time: 607 ms