Yes
265,317
313,301,66,177,148
213,44
217,14
128,48
210,50,86
122,176,65,46,320
20,272,184,233,43,68
167,242,63,69,76
260,146,241,250,4
192,37,35
89,308,187,194
132,296,277,88
23,292,118,99
24,59,18,208
121
214,30,161
134,280,199,102,11
137,300,180,97
78
275,109,234
91,64,223,143,72
84,36,1
131,263,83,170,71
193,85
287,181,115,67
160,103
283,262,52,158,278,41
282,259,2,315
95,293,113,114,206
222,34,229
133,116,16
271,311,221,12
195,267
189,310
255,175,314,235,230
257,248
53,164,80,92,253
147,6,279
178,182,140
174,108,101,188,13
56,244,111,239
226,19,232
319,94,142
297,15,151,154
3
28,87,207,305
211,312,60,203
212,245,204
135,295
218,156,209
309,100,322
93,141,316
136,33,224
238,79
70,168,49
55
25,38,172,225,40,169
231,77,75
22,197,261
289,269
219,81
298,185,228,237
123
27,117,112,321
299,171,125
306,106
294
258,240,243
138,7,105
307,247,220,273,159
162,54,32,153,74
286,266,5
256,39,145,290,236
51,9,205
186,201,96
284,270,227
252,251,150,45,149
17
139,21,58
10,155,120
281,200,47
216,291,274,183,126
8,163
29,110
26,190
166,90
179,165
130,285,196,173,119
107,104
0,127,268,61,157,42
57,62,191
129,198,31
246,254
215,302,249
124,318,73
303,288,144
264,82,98,276,202
304,152
None
reading, running, checking time: 602 ms