Yes
26,60,65,202
56,93,147,99,45
82,309,235,100
137,320
130,292,19,116
285,254,275,70
177
260,185,8,68,263
111,304
267
213,22,302
239,248,151,175
97
284,35,9
85,243,204
29,308,231,200,74
259
271
135,294,242,31
283,193
136,75
210,28,52,67,229
166,104,117,225
129,319
219,58,88,240
95,79
131,318,258,186
39,94,123
179,154,277
114,78
24,286,176,257
30,18,16,142
261,314,256,157
255,282,112,73
165,139
216,276,180
120,299,199
178,181,160,124
218,149
140,107,310,278,203,41
195,221
105,11,15,5
268,291,249,113
196,172,158
222
211
38,168,238,206,12
132,92
110,307,279,209
300,98,148
297,303,228,234,233,1
102,145,106,155
312,288,227,121,122
127
103,2,62
215,59,273,201
40,207
91,253,313,315,89
21,87,244
23,311,36,46
20,287,301
262,51,162,14,143
280,188
265,194,49,71,47
281,163,126
220,146
190,250
13,296,167,63,226
269,252,96,144
317,174,245,77
183,306,150,232
118,81,7,159
34,316
0,50,246,37,189
214,134,173
212,25,108,61
4,141,223,86,208
197,224,237,76,169
128,152
54
6,272,17,44
10,205
217,298,115,170
264,42
138,119,48
55,164,161,236
241,66
64,184,192
230,43
133,293,3,171
84,125
57,53,247
27,266,156
80,251
295,187,90
109,270
33,69
83,274,153
289,305,101,182
290,198,32,191,72
reading, running, checking time: 655 ms