Yes
15,216
24,171,65,169,160,52
37,330,225
342,117
109,204,209,255
131,180,202,73
332,86,11,323,314
123,229
340,34,234,85,289
198,87,127,360
197,9,259,159
93,96,115
195,25,155,157
274,238,29
334,281,58,112
357,224,43
276,68,55
194,275,361,300
326
124,313,50,303,306
348,193,17,47
23
149,228,49
191,39,249,325
344,89,248,76,59
6,14,286
170,16,217
0,206,168,261
104,173,316
272,178,364,61
335,21,63,67,151
331,285,227
333,140,246,304,48
143,13,60,165,213
78,64,267
243,18,258,266,53
36,352,253
199,233,133,208,125
337,185
294,141,358
97,44
105,176,322,3,305
341,91,182
241,162
130,82,320,66,284
295,239,26,19
271,92,119,154
163,57,309
139,350,359,114,152
250,282
257
136,218,283,307
346,298,32,146,328
292,94,232,310,268
291,35,205,83
336,148,161
30,186,166,110
192,106,237,319,223,150
33,188
296,273,138,75,210
144,135,172,251
290,38,84,189,120,158
347,343,260,222
22,245,315,288
98,1,184,254
132,79,318
247,321,324,201
90,27,167,111,45
312,287
181,74,263,118,226
297,101,179,153
242,70,308
107,200,56
203,362,363
108,100,327,121,5
235,71,365,116
137,80,329
338,2,366,256,280,51
299,230,356,215,302
103,354,353
190,236,28,221
349,196,69,265
77,72,317,264
278,62,269,54
31,219,262,220
187,212,156
345,7,177,252
293,277,279,142,175,211
102,122,355
174,129,351,301,41
231,12,126,46
270,81,244,113
339,147,134
99,88,128
240,311,164
8,42,40
95,145,183
10,214,4
20,207
None
reading, running, checking time: 772 ms