Yes
219,35,31,261
293,173,222,89
165,113
319,79
95,262,63,153,200
38,34,187,196
249,99,11,116
7
112
134,4,88,92,234
283,80,220,70
288
3,224
141,64,8
138,146,179
260,140,100
133,308,168
269,282,202
37,14,66,207
68,105
24,74
131,253,209,208
287,147,311
281,228,180,150,230
104
56,276
251,177,258,19
218,317,252
50,101,312,71,47
135,106,148
286,175,206
197,81,102,250,274,96
51,272,152
227,259,295,159
49,42,142
243,247,162
214,98,78
279,145,6,164
9
91
52,181
292,171,166
72,270
125,58,132
213,254,30,65
216,129,299,244,16
25,289,192,15,237,87
127,278,321
139,86,126
136,12
318,60,44,77,267
128,183,182,1
67
297,108,103,123
284,229,156,48,43
137,26,296,69,172,82
22,59,201,203
211,124,264,290,111
130,300,302,245,190,204,205
93,85,271
176,75,2
114,305,236,73
315,178,151
215,265,291,170
21,29,161,155
188,238
303,107,110,45
248,246,186,97,239,263
84,225
194,174,5
210,120,169,18
212,28,294,115,320
36,90,46
223,304,40
307,10
122,185,83,144
0,167,298,233,121
301
257,221
189,277
163,199,195,119
57,309,17,235
285,268
109,231
275,255,306,154
27,55,198,240
217,94,117
20,160
226
280,314,273,191
54,310
23,53,13,76,41,266
157,149
184,143
256,62,232,193
242,39,61
118,241,33,313,158
316,32
None
None
reading, running, checking time: 666 ms