Yes
30,1,11,12,308
139,86,16
194,233,187,226
34,54,110
278,83
81,179,201,59
348,6,141,134,173,170,315
147,149,56
105,132,184
193,331,92,189
244
99,95,212,261
247
100,231,126,53
273,279,248,204
94,28,80,128,256
299,245
234,116
35,236,254,218,45
97,67
24,246,303,229
29,288
298,188,129
175,18,313
171,319
130,312,66,157
235,286
238,239
138,72,8
314
344,294,136,304
143,85,162,9
202,211,41
339,169,49,46
342,148,160,152
102,20,121,164
270,144,168,161
96,155
316,167
292,108,109,101,98,123
140,23,17,284,119
133,200,282
190,137,216,267,223
84,2,185,317,224
180,127,309,227
340,318
192,69,163,281
232,21,324
107,31,36,26,209,260
103,68,150
275,206,257,285,222
48,42
345,311,289,52
199,32,186,71,125,287,302
338,131,258,219,262,153
276,333,207,75
62,225,156
230,280
135,89,7,243,213,151
277,37,332,203,60
343,182,13,300
271,33,325,208,63
335,44
296,334,320,326,252
22,181,120
197,249,327,124,64,259,115
237,283,57
274,146,215
295,293,70
290,39,263
272,159
25,65,268
336,310,255,210,228
82,329
240,15,55,51
241,264,301,307
27,78,220
79,118
330,328,250
341,337,91,111,253
90,251,269
346,176,172,205,166,305
0,198,145,142,177
10,58
347,196,265,5
291,106,88,4,112
74,306
174,76,3
38,50
14,19,77
178,266
165,158
183,323,113,154,40
73,114,47
87,242,61,214,43
191,117
195,322,321,217,221
349,297,104,93,122
None
None
reading, running, checking time: 654 ms