Yes
172
275,308,38,62,46
10,305,241,171,44
166,82
67,304,249,169
35,181,19
127,18,207,262
306,37,252
307,175
192,276,228,159,147
240,103
13,227,88,34,271
52,296,300
20,78,142,263
199,30,144
294,278,115
295,186,189
177,255
244,118
121,302,187,279
111,5
155
21,3
194,206,104,114,60
256,36,41
281,80,6
264,298
303,66,180
131,101,16,45
190,116,126
297,291,242,100,160
93,173,168,49,43
23,260,236
282,254,188,149
183,280
247,259,202
212,274
210,309,95
211,301,178,205
25,226
170,163
257,105,229,273,113
218,234,201,270
248,221,153
122,51
11,1
215,261
102,246,165,73
134
198,64,69,97,48,40
214,179
135,146,258,89
120,268,75
223,123
203,42,209
138,108,238
290,98,150
151,74
0,39,225
8,287,63,156,86
193,243,288,231
65,239
87,110,232
219,59,84,94
222,15,235
213,265,81,7
283,119,77
204,70
125,55,196,185,158
24,117,99,161
137,191,272
71
293,176,107
109,253,266
139,57,92,145,157
162
299
129,292,68,230
284,269,140,245
29,167,50,267
26,83
130,28,195,141
152,76
54,200,14,17,233
133,33,310,112,72
289,124,9,47
217,58,143,148,96
286,32,174,184
22,56,12
128,85,106
27,91
132,197,182
31,61,237
53,164,79
285,220,154,2
216,136
250,4,90
251,208
224,277
None
reading, running, checking time: 603 ms