Yes
57,272,73
269,53,88,67
91,200,339,206
265,111,238
184,188,46,47
107,256,320,89
165,149,76
128,274,239
210,301,14
296,243,167
309,11,327
80,104,13
129,3,270
289,281,112,181,220
211,312,100,35,236,230
314,77
313,164,162,227
201,101,97
215,263,173,92
31,1
25
117,152,40,326
61,171,153,142,75
316,141,336,194,277,232
93,48
218,136,253,321
286,41,124
308,109,302,338,331,166
297,208,72
290,114,251,204
209,328
22,294,266
292,85,16,49,118
222,159,231,144
21,116,258,221,43
322,5,71
140,241,145,175
293,278
271,248,182
134,26,63,196,19
295,303,245
6,237,45
58,250
20,176
224,30,189,279
177,197
147,96
307,330,0
84,178,187,233
130,56,310,83,168
125,50
133,27,66,74
228,99,15,122
261,42
298,37,186,273
81,249,160,154
214,131,94
300,240,262
242,8,90
103,60,17,323
291,315,183
127,318,150,119
268,38,65,151,9
317,18
216,95,132,185,205
28,39
198
285,143,324
213,7,334,170,44
34,252
311,179,225,155,36
288,325
86,174,329
137
276,244,259,169
306,33,108,172,158,126
257,255
113
219,98,193
52,254,163,12
135,337
199,247,78,148
195,246,123
287,69,203,191
54,304,332,106
283,299,335,161
212,87
29,333,82
264,138,23,146,79
4,10,305,70
121,229,202
284,115,234,120
55,51,190
139,24,2,275
319,110,156,235
282,32,64,192,207
223,105
217,280,102,62
260,267,59,157
226,68,180
reading, running, checking time: 703 ms