Yes
8,317,68,219,304,153
39,237,322,313
135,138,257,165,303
7
299,250
236,73
1,89,266
61
2,4,268
332,19
247,176
106,21,123,312,315
3,258
175,115
102,163,284,307
180,12,59,83,41
187,302
32,142,111,225
26,240,201
248,74,162
0,71,121
292,335,72,217
82,319,66,265,119
293,288,264,158
6,69,226,47
144,140,243,10,229
294,131,27,81
279,238,134
23,325,280
245,63,50,154
90,241,161
196,193,126,259,48
171,166
239,129,54,151
37,168,167,114
298,91,232,327
149,113
233,14,208,150
338,207,156
203,221
141,253,44
199,105,321,122,318
94,40
101,93,25,110,45
24,316
272,235,206,227
296,182,18,128,58
276,35,28,308,46
38,98,185,283
340,177,286,5
337,330,137,80
341,291,49
310,224
295,29,88,67
172,188,202,55
336,289,306
120,157
139,305
331,147,242,11,213
230,87,170,254
108,65,218
191,33,205,204
190,9,228
222
79,267,269
84
290,197,215
244,70,152
16
77,311,160,117,112
326,200,256,43
107,95,255,282
324,53
343,133,136,183,281
99,209,159,42
194,339,189,212
252,155
277,30,34,169,301
251,262,223
22,246,320
143,20,184,300
92,124,125
198,97,173,13
342,271,231,132,76
96
192,287,263,220
104,334,249,285,261
297,181,329,60,57
278,333,85,309
274,103,31,174,62,328,210
127,211,118
195,270,275,178,314,116
100,130,64
234,78
15
145,323,216,214,260
109,146,86,179,17,164,56
51
273,186
36,148,75,52
reading, running, checking time: 681 ms