Yes
326,204,265,116,110,222
10,201,163
321,128,49
84,324,115
270,333,332,249,176,17
70,264,269
107,97,20
104,99,205,66
93,256,302
108,178,52,305
239,132,18,283,220
342,349
86,243,13,229
341,74
252,258,226
274,11,150,42
37,0,23,7,221
294,83,5
195,141,263,153,152
278,217,284,58
164,219,113,118
276,232,136,286
318,223,47
85,317,117,45
295,277,149,72,307
181,121,282
242,327,64,41
134,126
135,12,167,309,300
94,237,139,22,213
299,124,67,251
234,186,161
131,207,306,158
345,38,254,59
208,255,288
39,29,260,51
339,25,76
275,231,122,312
24,182,328
102,14,259,53
348,279
340,198,197,241,287,301
194,106,179,175
21,177,206,267
247,188,325,68
235,185,203,55
192,224,43
334,1,246,228
346,343,196,73
109,331,233,322,352
174,323,75,112
199,54
69
120,129,212
209,77,71
230,281
31,133,19,289,63
297,338,184,79
28,172,183,169
103,236,138,244,2,40
273,320,257,168,48
35,87,202,160,266
137,26,313,314,114
180,316,9,262
125,355,210
290,272,92,170,155
148,78
166
191,337,315,65
335,127,357
36,330,130,15,214
82,311,56,154
336,146,123,225
88,353
344,165,157,159
33,95,238,144
310,354,303
100,32,4
248,50,156
142,80,253
189,350
98,173
81,245,46,44
171,261
193,96,89,3,308
105,356
91,240
292,8,111
90,162,215
60,351,218
271,30,143,319
296,291,27,211,304
293,140
101,147,216,285,227
16,329,280
62,119
347,34,145,187,250
298,200,57
61,268
190,6,151
reading, running, checking time: 672 ms