Yes
23,146,111
178,196
297,150
158
28,280,283,185,88,43
166,4,121,268,322
3,48
213,7,305
116,278,35,183,142
123,184,162
70,261
264,85,194,99
211,31,169,96
296,101,105,175
295,251,165,86
97,155,71
263,293,93,209,76
84,0,15,225
291,141,65,204
63,330,113,36
69,229,115,62,44
294,334,78
287,119,259,180,82,79
222,190,181,316
103,106
292,300,159
53,237
318,243,248
52,140,108,173,74
282,151,332,9
311,177,170
245
49,72
256,179,277,327
130,29,258
21,66,182,153,234
212,269,81,246,317
306,252,186,267,125
54,61,220,207
285,10,172,75
94
135,27,319,171
138,284,124
18
303,197,221
279,64
122,208
265,80,307
33,202,11,83,323
210,136,104
58,203,161,2
289,160,68
272,39,249,205
216,312,37,206,41
298,241,34,89
26,238,112
219,198,226,149
137,56,309
215,22,233
239
167,223,228,328
164,275,326
60,168,5,126
227,193
315,91
32,120
199,270,38,30
100,335,201,1
118,59,224,42,77,47
257,109,236,45,260
139
145,67
301,329
129,55,200
143
127,254,163,117
240,8,250,147,144
20,281,266,299,308,302,17
57,192,13
255,46,320
310,273
133,24,253
131,304,244,156,230
191,107,152
331
247,148
276,232,231,321
102,325
313,288,188
174,92,154,90,16
218,176,187,98,110,262
271,242
51,333,157,235,73
195
95,87,189,14
217,128,40
134,290
286,50,6,324
214,114,274
132,25,314,12,19
reading, running, checking time: 563 ms