Yes
292
269,169,239,77
92,170,117,112,126
121
135,268,198,255,5
300
49,143
258
93,116,48
89,225,42
138,277,18
218,174,220
211,228,75,73
87,98,90,203
113,157,236
33,250,254,186
301,96,36
290,204,144
216,165,114,145
245,105,78
283
261,303,237,45
194
212,99,10,231
229,19
215,296,187
13,91
227,278,279
214,265,31,179,125
28,293,199,79
136,8,266,66
191,102,247,149
123
20,243,101,106,60,280
257
127,130,226,120
58,177,182,185,235
159
59
27
81,208
207,181,249
29,272,164,72
172,32,176
69,88,206
297,2,275,150,76
24,195,238,83,86,1
282,129,295,193,271,122
108,64,43,161
274,244,11,230
264,189
285,67,44
263,160,209
50,115,80,246,39,152
26,104
192,288,15
103,251,273
57,234
23,190,34,109,61,168
22,128,53
107,62,260
52,197,154
276,240,41
146,173,205
38
55,224,70
213,286,180,140,74
210,153,40,118
219,21,166,162
259,302,111,202
132,147,248
0,291,196,151
110,188,9,270
305,221
139,294
137,37,63,97,46
35,142,17,16
3
133,56,178
94,54,299,232
304,6,47
267,241,12
95,51,30,183
163,141,71
134,25,156
84,124
119,158
131,65,256
155
100,167
289,4,287
14,148
85
242,253,184,233
217,284,252,175
68,201
298,223
281,7,82
262,171,222,200
None
reading, running, checking time: 450 ms