Yes
7,67,32
35,16,326
319,92,246,112
210,50,292
133,47
109,334,187,149
211,13,55,79
282,263,192
85,188,159,41
64,75
176,160,158
296,238,125
38
212,3,198,301,248,12
95,298,272,33
287,274,36
223,121
213,249,46,78
54,66,222,230,40
31,275,322
245,186,62
199,118,206,277
311,323,327,276
218,27,30,119
130,253,320
28,102,333,1
11,235
268,228
264,24
88,150,144
82,179,189,232
219,93,108,169
239,44,208
183
20,110,106,17
161,164,2,89,43
262,15,321
289,123,59,308,166,116
0,285,203
295,157,335
25,265,184,312,48
303,288,317,220
286
309,325
139,167,53,171,4
8,52,330,96
217,307,229,224
273,314
142,72
257,175,9
63,97,328,126
83,76
281,244,331
136,200
214,137,221
154
114,111,69,68
135,153
168,151
51,115
26,247,173,190
284,185,14,141
128,99,201
165,255,337,236,45
107,193,204,234
297,37,94,261
318,316,254,310,163,74
132,146,304,205
56,305,280
293
283,194,177,300,145
182,260
216,22,241,258,225,279
5,178,231
147,113,65,170,237
215,131,134,57,197,19,155
91,191,34,336
29,259,181,172,49,120
266,127,291,174
251,195,98,271
256,103,278
105,250
140,252,90,329
267,313
117,180,77
80,270,207,124
84,202
302,332
61,6,18
23,122
243,39,233,209
129,10,73,71
315,242,148
162,58,290,227,324
21,86,226,156,143
87,81,100,152,70
294,240,101
338,60
138,269,104,42
299,196,306
reading, running, checking time: 672 ms