Yes
2,204,317,216,53
133,13,121,65,306
137,51,228
11,125,259,303
293,37,222
277,54
142,27,17,40
98,171,188,158
50,110
33,34,0,328,300
320,70
344,331,187
175,76,286,224
147,143,10
297,177,151
341,233,130,242
39,330,69
190,276,21,325,200
198,140,124
206,215,118
109,337,131,256,160,150,45
332,240,209
335,95,25,167,4
289,280
299,189,16,115
292,31,1,261
272,181,249,219,153
22
251,162,113
82,322,321,52
12,154,42
172,74,64,212,43
295,192,324,205,287
80,314,288
201,72,66,163,159
294,132,75
60,112
282
197,334,165
184,71,285
195,270,134,47
296,99,232,139,264,56
290,101,146,323,255
93,148,85,252,58
179,185,78,122
100,333,269
345,136,267,225
35,301,223
298,144,24,318,48
283,55
338,243,307
123,319
230,178,73,253,229
340,96,29,173
6,86
89,180,202,116
336,135,183
246,309,44
316,61,157
26,250,166
279,145,128,63
36,236,84,326
274,88,311,310
32,7,248,3,262
194,81,312,257
107,164,263
103,90,97,15
291,176,79
278,92,149
191,38,315
104,239,20,161
186,305,226,41
346,275,129
343,220
237,9
94,18,327,281
235
170,208,268,83
238,28,174,67
8,260,59
273,106,111,227
87,247,14
231,245,114
199,284
258,254,213,156
77,214,218
62,126,57,221,49
339,210,211
105,241,169,5
108,234,138,127
196,266
342,91,141,217,152
193,244
182,329,120,265,46
30
23,313,304
271,207,119,308,302
19
102,203,68,168,117,155
None
reading, running, checking time: 559 ms