Yes
63,166,82,201
137,22,263,19
261,81
32,255,231,48
138,225,126
41
171,306,43
91,169,153,75
198,308,194
55,174,180,316,12,77
164,98,44
312,223,307,69,317,90
165,85,159
213,298,117,242,113
287,268,167,114
294,104,271
275,3,185
311,300,304,9,203,122
25,53,99,83,322
273,182,184,73
50,204,72
228
260,274,243,258,120,234
285,179,92,227,156,145
218,61,320
118,209,80
87,64,326
297,192,45
303,186,152
58,7,222,239
132,2,151,71
108,37,34,142,47
217,96,251,175
20,265,269,291,240,207,267
216,23,183,51,42
28,173,244,10,36
65
214,131,160,17,86
26,124,103,224,143
134,0,13,119
318,30,232
29
100,324,266
89
57,170,40
128,59,325,161
60,18
105,14,323,79
314
210,101,106
33,254,189
94,278,93,206
97
135,295,39,76
211,27,299,6,229
129,172
181,107
280,293,196,282,257
302,188,148
212,296,301,147
146,150,270
127,178
133
21,190
162,292
230
115,141,46
290,220
24,259,177,221,70
95,62,233
140,249,238,112
139,245,256,279
8,313,226,116
130,283,319,200
246,310,78
155,49,262
52,176,31,158
11
264,157
286,191,305,35,123,5
284,199,237
215,289,16
315,252,248,163
247,202,110
195,4,168
321,1
253,187
121
281,88,111,149,144
15
136,241,38,208
309,66,277,235
276,102,197,236
68,272
54,250,288,205,67
125,56,74
219,109,154
84,193
None
None
reading, running, checking time: 664 ms