Yes
281,124,51,97,163
4,190
271,242,257,253,82
101,204
319,187,150,239
98,158,43
300,31,186,44
284,92,245,194,126
219,20,29,260
60
288,73
166,322,47
21,267
137,295,110,117,228,143
69,103,247,34,36,233
108,19
61,273,9
224,80,164,10
306,202
131,64,208
269,279
266,304,95,222
196,192,77
8,58,6,113
25,268,66,157,42
213,68
121,39,258,185,74
195,278
283,315,180,114
135,161,56,226
309,38,71
54,272,232
133,287,305,154
22,120,100,311
13,206,15,76
111,12
26,53,65
138,7
78,144
128,52,118
282,119,250
134,293,2
165,310,122
91,132,244,153
24
285,115,254,308,168
105,320,70
125,184,88,148
136,50,99,193
296,252
130,220,48
212,298,290
175
313,318,198,32,182,274
199,75
217,160,312,171,230,40
28,174,89
215,62,237,46
211,81,238
214,23,11,236
299,317,67,142
85,16
145,149
30,5,262
87,102
243,90,140
18,155
33,256
291,203
139,162,55,307,106,169
216,116,303
227,277,255
302,141
264,294,146,123
172,107
286,59,173,112,83,72
167,235,147
314,178
84,183,45
63,231
57,1
94,176,263
210,14
265,189,229,225,152
218,241,321
251,17,151,41
297,200,249,181,159
127,316,234,49
261,292,27,188
197,223,156
0,129,259,37,86
179,301
276,104
240,109,207,205
35,221,96,79,270
289,177,170,280
93,248,275
191
3,201,209,246
None
reading, running, checking time: 579 ms