Yes
212,130,62
29,58,63,273,154
161,75
116,278
113,119,203
0,259,272,149
124,183,165,97,44,142
292,231,240,175,221
123,304,249,180
228,232,40
194,155,237,280
296,88,326
102,178,187
21,260,14
245,176,205
317,65,99
51,318,173
139,290
297,301,262
160,39,171,6,79
316,10
283,157
210,71
315,89,103,282
4,127,92,156
254,222,17
216,305,111,49
312,82
13,145
285,121,261,109,181
50,11
27,253,313,192
147,309
134,166,197,191,46
286,291,172,236
284,55,241,208,73
81,98,42
136,59,32,185,77
8,53,226
28,265,319,70,163
207,3,84
23,293,76
323,122
314,12,238,325
135,87,150,153
137,233,118
256,209,68
308,302,321
264,279,152
138,112,206
129,61,90
91,300,169
54,252,141,144
274,271,96
303,247,189,229,164
133,234,277
219,257,146,41,47
213,177,126
131,95,108,43
20,294,174,223,140
115,16
182,202,78
255,66,248
24,158,148
211,195,9
125,268,299,306
26,196,246,184
269,56,201,170
110,38,83,235
100,15,320
101,258,1
31,36
190,34,188
244,159
218,251,72
242,33,186,151,204
281,263,199,225,48
215,266
227,167
74
220,243
287,80,86
22,298,106,276
7,307,310
52,30,239
25,35,193,19
107,5,267
57,69,18,143
105,2,120
214,250,230
289,198,104,288,324
114,322
117,64,311
128,295,67
85,37,179,45
217,132,168
162,200
60,224
94,93,275,270
None
reading, running, checking time: 660 ms