Yes
298,204,86
289,7,73
269,52,39,239
8,77
199,196
297,252,165
286,195,257
319,176,186,227
111,207
81,302
249,169,143
122,164,243,271,79
197,148
264,246,60
85,303,307
21,191,154
130,171,98,13,322
216,33
215,25,36,78
28,293,247
27,177,108
89,231,104,82
119,34,149
102,109
228,3,235
283,16,44,5
146,152
219,131,162,90
221,46,208
22,4,38,6,93,67
304,156,267
306
318,253,18,203
37
313
265,268,242,185,250
173,100
83,87,170,30
29,292
181,112,266
310,188,1
128,241,105,66,237
270,187
223,278,305,65,11
136,251,189,42
214,308,10
217,238,202
138,53,206,172
287,300,145,126
277
137,284,51,190
296,64,150,74
24,26,281,117,103
256,14,201,96,262
57,114,160
99
285,168
62,123,142
139,61,273,161
125,56,314
213,63,40
54,312,88,31
240
59,58
210,121,234
291,198,309,15,157,205
132,23,55,194
94,140,12,153
279,45
167,274,118
301,245,317,48
110,107
124,288,71
280,276,43
120,106,321,144
91,299,261,232,9,2
115,182,180,233
263,97
135,225,35,275
200,236
295,84,141
80,175,229,116
282,70,163,68
17,155
95,32,147
20,179,316
211,258,72
212,260,315,320
127,69,222,113
49,41
75
166,220,158
0,192,224,159,76
133,244,248,183
193,272
226,101,174,184
218,50,290,254,151,47
129,294,178,255,209
259,230
134,311,92,19
reading, running, checking time: 630 ms