Yes
145
151,73,124
217,122
134,54,177,255,75
26,119,169,14
287,205,65
284,227,294,101,188
269,238,45
24,297,74
120,63,34,251,163
94,296,259,142
257
229,2
132,25
299,17,43
212,295,306,236,5
247,192,190,274
262,197,207,156,321
0,313
114,1
85,12,158,147
7,258
198,157,42
130,293,116,232
178,164,200,189
248
283,254,239
22,316,115,209
307,233,121
218,250,70
56,202,225,234,230,86
128,310,19
194,143,150,126
213,311,222,77
201,308,305,49,324
231,271,46,72
80,256,118
52,105
137,83,185,252
245,36
298,191,140
160,221,152,113,280
21,300,96,123
139
183,228,89
211,129,57,204
226,320
66,166,153
285,322,327
28,117,162,312,15,270
133,170,182
291,302,48,325
20,8,273,206,184,154,16
315
35,78
210,37
51,278
219,92,288,261
13,171
268,58,55,103,9
138,286,68
260,110,317
319,242,6,223
131,88,47
108,106,224,148
50,3,155
87
23,125,181
90
276,244,253
272,33
246,79
282,161,107,39,237
4,60,249,91
281,59,314,30
53,82,304,38,67,31
111,176
93,69,180
136,277,165,76
196,40,41
303,179,208
241,167
290,102,98,326
10,62,44,323
309,61,193,235
267,318,279
216,127,172,220,149
264,265,146
240,187,275,159
292,243,11
95,289,81,64
104,168
174,109
100,203,141,266
135,29,84,263
215,199,112,71
301,97,18
173,175,186,144
214,27,195,32,99
None
reading, running, checking time: 592 ms