Yes
286,173,223,113
269,59,51,243,209
193,60,176,1
26,268,65
56,258,123
245,19,153
214,221,167
130,300,188,189,162,149
54,50
105
164,118,85,226
199,250,45
121,272,248,175
10,235
212,166,238
291
134,125
34,152,231,78
129,30,177,158
81,244,205,232
120,53,274,233
136,260,208
139,192,0,15
22,296,183,187,165
179,156
253,17
155
213,24,159
69
27,289,287,241,73
84,290,13
128,74
211,151,42,71
25,282,119,174,247,180
104,16
93,170,79
147
55,140,33,76
198,254,246,278
52,197,83,89
92,98,18,115
196,207
271,161,230
210,137,201,3,203
200,97
132,145
190,6,275,87
217,150,146
215,43
267,7,2,122
70
172,181,239
261,90,80
63,249,236
20,4,281,301,277
133,283,305,256
8,306,240
127,293,273,178,143,111
64,251
23,28,285,295,234
21,304
57,302,38,107,184,9
135,195,202,169,262
37,49
106,39,77
252,116,94
99,163,279
109,72
298,101,12,124
91,270,242,103,255
259,114
218,100,75,68
299,292,31,257
288,194,11
266,14,280
303,86,41,46
32,227
284,112,44,263
185,157,62
222,168,225,237
29,206
307,102,141
67,144
297
117,35,66,228
61,186
131,229,154
294,171,88,96
191,95,5
264,224
108
138,276,220
160,110,40
58,82,36
48,148,47,126
219,265,204
216,182,142
None
None
None
reading, running, checking time: 635 ms