Yes
24,168
135,56,311
66,172,187
150
214,222,53,144
238
210,226
51,88,274
26,21,50,74
123,265,162,114,16
134,157
57,312,202
292,272,208,72
290,241,224,188,277
29,306,61,143,118
289,58,80,112
212,182,159,280
37,64,100
239,67
283,286,89,321,9
242
227,304,234
132,55,167,154
117,164
294,276,13,5
8,59,310
20,126
178,221,206,71
52,295,34,62,320
291,301,78
266,271
317,68,230,44
318,69,73,267
54,30,207
285,316,250,36
197,248,179,76
309,148
11,270
147,314,94
185,99
245,220,1
81,175
28,243,176,40,209
269,198,180,205
261,173
82,252,190
138,282,107
225,102,253
213,103,231,49
136,259,297,260
211,275,232
319,104,43
296,93,305,229,204
287,3,244,256
124,249,191,75
139,195,300,109,181
120,174
84,33,247,98
170,313
203
22,101
48
281,163,201
133,246
303,307,255,233,262
218,90
128,228
217,86,278
189
4,129,273,18
83
183,111,141,7,308
268,15,322
10,258,119,45
91,85,302
251,145
194,14,96
264,219,131,25,17
137,42,2
38,32,254,235
257,155,237,279
298,0,160,12
284,315,171,169,200
223,97,116
121,127,77,41
6,60,236,125
63,65,158,47
31,122
288,192,151,149
199,186,161
27,105,166,19,142
299,240,46
177,152,70
216,215,110
165,113
196,35,193
23,184,79
95,115,140,156
293,106,39,92,153
130,87,108,263,146
reading, running, checking time: 561 ms