Yes
219,34,121
293,151,76
285,265,299,81
87,44,71,326
68,187,229,70
213,286,268,222,116
103,180,96
33,221,142,16
137,294
102,6,40
133,91,43
292,175,248
224,155,204
54,199,73
240,316,146
56,153
325
210,134,284,258
278,30,288
58,55,85,63,110
296,49,323,260
217,166,201,178
241,64,12
1
123,127,160
24,3,141
125
216,257
276,203,13,88
26,117,252,79
122,176
295,36,324
59,259,314
23,57,227
319,168,19,328
112,327,77
157,145,126
107,232
226,302,307
310,190,230
317,92,31,5
109,108,65,69
25,119,37,184
136,17
212,104,253
28,84,249,228,14
183,271,115,300,67,74
303,306,194,186,188
192,106,39,9
140,251,97
32,161,236
270,243,197,169,46
27,50,177
53,309,118
304,330
287,159
163
20,147,312,242,35,41
93,114
143,274,124
211,129,308,66,148
215,264,21,189,233
111,322,235
130,8,267,156
90,311,10,15,321
48
94,174,61,220,62,78
255,72
272,173,113
289,263,52,98,158
185,239
214,273,208
297,162,18
247
254,329,149
281,244,101,2,225
4,7,238
132,305,181
275,38
82
298,195,315,193
245,280,261
22,182,234,120
196,200
262,167,80,290,99,45
131,269,256,202
218,100,86,320,144,83
138,301,105,313
179
139,198,209,11
283,170,191
29,128,165,250,42
266,279,152
206,171,60,207
291,164,231,172,154
318
282,51,205
135,223,246,150,47
95,0,277,237,75,89
None
reading, running, checking time: 603 ms