Yes
273,189,3
343,39,248,129,312
109,170,16,310,211
297,85,176
95,134,168,44
324
333,20,177
267
6,185,218,224
62,41
101,81,76,161
178,180,216
278,140,261,115,42
104,94,237,265
255,118
21,28,200,79
290,37,125,156
272,116,47
244,59,227,155
338
335,223
254,160,154,43
344,143,242,206,315,163,111
298,32,49
99,327,209,122
195,196,239,246,319,282
133,203,158
294,97,25,69
131,22,172,318,251,51
38,132,127,54
308,157
136,13
12,210
17,322,72,226
120,213,309
90,323,167,110
339,91,137,10,260
245,249,4,112
93,27,126,169
34,23,63,300
105,337,233
197,61
336,86,164,58,221,83
98,73,311,53,229
130,128,258,225
295,292,107
102,236,74
243,68,162
71,45
334,14,201,78,66,159
173,166,153
235,253
190,187
31,232,8,5
277,204,307
139,165,288,55,304,220,40
325
328,57
341,148,26,202,252
88,174
147,241,262,52,150
293,230,15,329,212
271,50
84,9,263,301
138,87,321
29,306
275,144,7,283
270,89,184,208
182,205,269
191,193,145,257,280,151
106,46
231,305
194,19,256
332,183
199,142,24,179,64
0,188
141,80
11,121,316,250
100,181,124,313,119
345,1,266
149,302,48
192,238,234,186,222
276,35,207,60
108,247,259
299,198,331,330,326,75
92,320,70,289
175,65,268
77,314,219,152
135,117
279,103,2
340,291,214,228
146,281,113
296,96,287,286,264
274,30,171,317,284,56,114
123,215
342
67,217
36,18,303
240
33,82,285
reading, running, checking time: 746 ms