Yes
339,187,14,17,264
24,170,189
140,152
31,241,188
196,7,243,174
205,166
275,335,304
333,21,23,126,255
46
177,16,325,262
332,133,82,200,79
292,282
131,312
100,94,72,157
279,233,123
148,181
30,232,22
86,87,15,60,111
36,323,221
296,291,102,93,235,223,153
343,99,98,20
107,329,168,55
193,218,219
276,80,76,163
147,70,310,217,263,42
132,240,320,204
277,109,47
336,83
143,322,121,49
272,326,162
341,295,145,84,247
138
58,228
257,301
346,311,286
0,194,62,266,309
34,249,8
331,27,305
302,151
274,268,44
69,118,158,112
136,13,51
37,142,171
315
345,283,300
172,307,41
298,105,149,186,12
159
270,202,289,281
191,239,261
314,256,254,287
130,242,43
199,183,129,269,45
344,337,134,78,214,4,154
32,91,317,9,265
88,73,128
290,167
90,321
230,120,288,57
180,285,63
278,101,2,3,215
103,216,156
271,19,127,164
175,185,212,224
89,11,227,150
192,65
297,38,92,81,178,122,225
39,238,28,29,246
18,201,206,74
52,253
258,113,220
234,248,179,222
190,318,313
294,141
104,124,61,54,114
108,319,68,250
330,75,316,169
280,50,308
338,182,208,125
197,96,231,245,119
26,210,229,226
35,327,252,66,116
6,95,137,165,5
106,33,64,160,284
77,115
244,176,71
198,203,209,251,211,303
293,273,236,328
146,184,59,53,48
97,25,40
237,324
144,10
1
67,260
340,135,267,155
342,334,213,117
299,161
195,306
139
85,173,207,259,56,110
reading, running, checking time: 654 ms