Yes
23,244,34
227,332
3,177,279,263
307,9
211,188,322,147
183,164,173,2
135,267,35
223,104
28,96,74
127,290,319,276,229
215,81,315,157
50,278,73
289,111,156,79
199,159,49
136,297,60,48
291,303,39,66
221,17,36
133,255,242
22,161,10
83
285
100,121,261,124
57,162,238,46,144
304,6,91,320
154
283,105,12
293,318,192
52,80,180,11
217,184,323
69,252,197
160
132,269,110
114,141
115,186,16,5,327
165,218,122,106,0
216
63,107,142,19,326
240,14
178,71
92
138,58,256,202
287,125,275,163,204
247,253,189,169,329
214,129
270,82,118,41
70,205,72
20,241,98,40,78
26,193,103,31
213,4,55,226
171,153,143
288,298,316,301,88
295,260,150,112,230
257
137,25,67,233
131,8,274,330,251
272,38,97,207
200,85,90
120,51,158,42
29,56,196,30
172,168,47
123,128,170,313,190
284,146,198,305
282,53,65,89,76
134,245,182,220
309,13,149
195,191,148
75,302,109
262,209
299,250,248,151
286,179,310,93,325
187,203,208
185
108,32,314,152,236
130,194,254,37,18
145,258,181,15
311,277
273,33,1
268,84
59,292,101
119,174,246,333
212,117,64,249,62
21,243,331,175,231
265,54,7,176
281,99,224,324,126
24,222,312,116
308,321
219,271,232,45
206,201,266
210,95,44
280,86
27,296,87
264,102,259
155,234,43
68
139,294,167,237,328
113,239
300,94,228,225
166,77
317,140,61
306,235
reading, running, checking time: 627 ms