Yes
127,1,267
316,61,42
93,284,51,33,5
199,162,225
223,32,83
283,285,173,120
132,64
272,324
299,180,86
298,165
318
308,248,107,66,320
194,105,18,157,236
215,300,145,181,183
85
38,73,71
252,48,46,9,123
216,10,244,27
80,174,155,237
264,84,306,90,144
91,54,193,2
57,168,8,200
322,35,44,208,149
207,209,62,17
122,279,240,250,266
67,312,164,154
171,234
253
128,302,249,100
161,108
217,26,119,257
289,129,255
94,169,96,326
287,275,323,321,201
269,59,243,152,158
290,186
25,113,150,202
138,319,271
136,160,278,68
268,89
110,256,262
270,179,45,41
213,95,231,40
56,259
21,53,31,189,206
265,304
115,12
314
281,282,109,247,178,191
219,58,65,36
175,97
52,16
280,117,15,204
139,20,146,14,159
19
260,245,242
133,274,185,177,182
212,172,39,230
303,74
195,241,163
188,238,43,205
261,82,192,325
124,7,75
92,156
143,126
211,69,184
190,151,276
104,196
102,49,140
50,29,203
313,3,220,47
28,311
130,167,197,273
125,116,229
23,291,118
137,55,88,187
228,103
297,112,30,87
121,296,76
310,222,98
295,224
63,141,307
210,315
135,301,176,277,235
226,60,142
227,293,317,246
309,232
22,198,251,221,78
218,24,263
4,106,166,111,239
286,254,11
81,305,170,0,148
114,70,77
101,37,34,99
147,233,72
134,288,13,79
258,153
214,294
131,292,6
None
reading, running, checking time: 462 ms