Yes
96,185,217
191,270,141,80,189,320
234,86,186
346,273
143,175,2,75
11,162,300
31,25,89,210
290,17,18
275,106,21,259,215,305
94,47
130,183,125,267,56,309
291,27,203,166,284
193,135,250,156
194,146,117
341,272,182
6,7,240,328
10,15,202,69,224
0,77,289,4
67,219
338,337,87,51
35,92,126,157
99,120,57
342,34,68
198,278,93,81,9
279,30,264,306
295,319,165
335,85,247,72,150
339,131,256,308
37,174,216,58,50
196,32,334,1,170
195,325,350,223
248,188,307
28,242,13,127,317
239,201,207,252
26,356,151
82,316,357,214,227
294,164,160,155
330,123,318
134,171,358,111
244,163,44
299,104,132,353
345,293,38,238,110,46
192,79,261
347,268
190,108,172,254,352,218
180
105,168,159
292,147,66,266
211,115,304,153
197,233
321,71,311,287,49
336,16,122,303
276,136,119,112
97,327,205,70
107,187,209,78
199,312
245,314,41
277,139,116,5
237,62
343,326,286
322,63,114
298,109,333,236,184
230,137,73,43
235,138,22,179,258
149,169,269,222,40
20,84,65,351,42
39,145,206,302
296,231
178,177,315,265
271,282
212,263
274,103,83
349,74,313
29
101,148,200,354
33,249,45
340,281,285
14,288,253,226
301
98,257,158
144,329,55
297,167,283,225,152
204,64,53,228
133,181,129,161
88,220
246,19,61,229,221
36
344,23,280,262
102,232,12,208,60,118
323,76,128,3
243,52,113
173,121
100,331,91,142,176,213
348,255,355,359,59
95,24,324
90,140,241
332,310,54,48
8,251,260,154
124
None
reading, running, checking time: 725 ms