Yes
59,317,315,306,32,229
164,55,312,321
81,166,230
127,105,223
214,270,196,87,115
226,2
266,304,162,114
287,52,179,314
281,190,143
109,66
207,186,48
259,199,177,98,92
239
134,104
137,4,172,31,160,10
136,83,146,77
67,300,320
258
49
131,278,301,328,147
29,303
0,182,324
23,206,307,15,82,141
273,233,231
132,194,271,159
138,54,123,40
222,280,140
263,236
217,25,311,165
26,290,251,36,204
94,252
299,295,246,150,74
57,291
93,99,113
173,180,187,277,234
268,228
124,51
305,30,256
69,116,288,323
156
111,108,125
248,18,73
130,19
285,244,65,188,70,100
296,88,332,44,142
254,89
39,34,272
211,327,262
265,106
310,155,154,122
318,171,322
58,243,282,17
216,112,103
247,195,13
198,313,302
192,193,78
139,28,319,152,76
50,241
218,149
5,235,209
85,316,47
210,8,3,308,117,9
298,145,168,267
212,21,129
289,260,102,72
283,275,224,86,329
128,97,174,64
219,24,22,68
203,181,184,153,46
294,221
225,269,178,45
170,257,197
35,163,90
286,121,41
284,75,33,61
20,16
227,80,151
175,191,220
261,118,185,325,144
71
215,213,7,240,79
276,37,63,161,157
38,183,238,232,148
201,60
135,96,297,1
292,200,119,84,245,279
53,189,14,274
242,167,249
95,333
27,101,331,330,120,126
293,62,253
176,158,237,202,208
107,6,91,11,326
169,12
250,42
56,205
264,255,110,43
133,309
None
None
reading, running, checking time: 587 ms