Yes
130,7,106
206,328,79
290,304
213,83,246,65,179
299,2
286,63,67
198,116,251,78
263,55
285,5
255,165,261
110,86
178,85
62,4,151,158,161
28,296,11,148
302,32,6,160,236
275,249,252,152,146,266
197,90,324
25,23,114,12,230
96
53,105,49
210,189,233
305,37,231
13,267,181
297,254,300,16,153
269,58,301
125,293,185,117
276,226,222
103,168,208
123,170,71
129,98,94,46
201,118,202
227,101,203,317,204,149
288,57,10,325
122
50,34,186,66
214,68,159
257,155,239,72
51,318,306,100,107
284,287,320
132,81,124
95,319,307,273
38,188,121
200,17
39,60,171
278,154,279,76,41
225
262,250,253,184
131,196,314
20,177,180
102,145,315,229,48
29,274,174
215,31,280
241,187,42,1
91,308
268,259,258,40
191,143,74
216,310
112,243,221,238
59,309,35,312
87,84
283,92,224,89
138,193,64
142,228
133,69,294,15,18,322
298,47
172,247,19
119,0
56,14,70
163,209
135,24,240,45,321
303
139,260,99,111
218,113,44,43,73
166,289,282,264,126
212,183
137,93,109,77
281,120,97,147
26,27,54,199,61
8,82
33,326
164,237,115
136,22,327,272
291,176,182,313,157,232
217,52,169
162,192,80,242
316,244,156
127,194,271,173
219,265,88,220,234,140,75
256,108
223,292,167,150
211,128,277,270
295,190,144
195,245,30,323
21,207,311,36,9
248,104
235,205,141
134,3,175
None
None
None
reading, running, checking time: 503 ms