Yes
310,214,218
172,123,229
73,285
286,119
146,81,86,85,164,267
181,12,322,76,159
293,336,87,128
170,184,258
238,140,323,53
197,98,29,17
16,324,150
237,252
190,278,241,209,51
277,332,71,311,40
347,316,226
18,67,69,4
274,96,262,259,303
232,350,50,300
38,127,9,151
244,163
335,329,250,52
30,131,153,158
193,39,312,165,353
0,32,35,240
291,210,261
196,133,42
108,36,94,138,166,110
340,130
31,22,23,169
147,11,77
211
124,160,55
90,141,60,256
339,230,125
91,137,183,56,43
334,204,217,260,114
107,37,174,186
272,345,201
246,248,175,48
176,129,216
299,275,100,25
199,337,319
270,313,302
97,116
106,104,187,15,58
212,156
33,188,5
234,74,49
191,120,255,223
296,27,171
273,208,307
341,26
198,331,88,78
242,219,117,224
271,20,75
177,10,309,304
139,328,126,61
34,203,63,269
342,236,321,254,46
143,205,115
279,144,2,3
326,68,54,45
348,235,161
306
80,243,59
333,95,113
349,292,28,263,152,154,47
21,82,281
178,265
173
195,276,14,79
102,338,149
251,213,118,301,44
344,207,283,264
103,93,62,305,112
215,228,155
298,24,247,222
290,145,266,227
297,109,101,105,189
180,325,351
295,7
343,6,1,206,314
168
192,327,200,318
185,64,354
346,330,320,352,289
231,65,57
8,121,282,253
179,13,72,167
99,84,157
294,142,89,220,41
239,148,268
135,134,315,287,308
194,245
92,19
280,284,111
132,182,83
136,249,122,317,257
70,162,288,221
233,202,66,225
reading, running, checking time: 705 ms