Yes
300
247,171,239
107,115,62
128,251,246,228
261,56,90
206
265,312,252,125
97,199,271,155
138,289,310,307,67
105,174,0,279
303,64
147,203,89
130,13,31,86
127,25,55,273
58,191,187,75
104,173,72
301,241
42,123,50,116,74
190,197,98,169,16
308,100,235
226
20
95,172,182,150,48
242,88,260
101,110
99
291,17,157
137,9,140,79
268,170,106
168,71,154
28,257,160,70
227,264
295,12,158,278
57
217,21,178,224
180
51,82,109
211,134,27,223,69
133,184,96
214,81,4,185,161,18
267,256,30
284,35
131,159
293,193,229,277
139,253,85,7,188
87,118,237
59,60,41
49,1,47
38,220,44
282,53,299
77
240,65,153
32,176,164,209,122
254,205
22,10,119,207
196,238,272,250
306,236
283,143
210,103
23,114,309,102,142,165
297,195,61,233
132,183,244,249,200
245,181,221,156
192,149
167,292,83,112,126
216,177,14
213,275,179
276,204,40
296,175,92,15,151,262
80,304,163
215
129,294,162
144
218,121,113
219,76,73
280,120,8,66,230
212,117
136,274,259,145,43,202
266,255
24,93
281,146
232,78,2
198,34,152
29,270,3,108,39,148
141,36,5
94,186,19,225
135,194,243,111,45
68,263
290,6,234
91,258
286,33,46,231
222
285,311,305
287,52
269,54,84,124
166,248,189
26
11,201,208
63,37
288,298,302
reading, running, checking time: 605 ms