Yes
80,186,164,228
89,243,167
82,7,189,122,111
278,244,127,315,113,306
238,314
36,187,115
194,16
96,135,263,225
233,147,29,203,312
239,175,323,261
108,23,62,216,283
93,130,78
198,103,320,207,56
293,199,19,120,256,160,59
137,176,220,153
334,110
109,304
295,274,332,250,254,269
21,87,200
6,257,260
57,116
277,288
31,234,84,165
192,255,222
340,125,46
107,330,61,259,305
336,210
270,236,230,28
316,215,118,308
292,193,106
71,68,9
195,335,1,143,8,224
299,142,208,282
275,181,166,58
148,18,229
296,102,121,83
162,48
290,39,72,285
25,179,177,52,44
249,53,5
149,325,76
14,169,161
237,86,49
342,13,128,159
30,85,182,327
173,70,60,163,45
35,204
297,32,338,317
211,280,309
329,69
38,245,11,50
178,172,183,151
171,184,286,155,47
339,27
26,328
34,141,10,319,227,157
146,134,326,284
174,129,289
265
0,221
273,242,218,281,152,43
298,15,321,123,258,301
24,185,310,287
99,144
37,131,20,253
276,240,124,54,112
331,133,55
136,73,64,156
212
333,232,4
65,67,213
209,311,264,307
197
231,180,41
190,98,92,145,114
337,74,158
139,22,267
205
191,94,217,214,154
33,77
90
101,251,302
294,226
271,132,241
81,2,322,206,79
75,313,63,119
105,266
246,17,300,40
252,168
291,95
201,303
196,279,91,88,248,223
341,235,170,42
272,268,150
188,12,324
100,66,219,117
97,140
104,202,318,262
138,247,126,3,51
None
reading, running, checking time: 608 ms