Yes
94,251
52,304
126
127,289,290
69,33,37,79
104,247,185,231
87,310,228
131,8,220,195
281,108
313,29,248
50,117,85,16,121
115,301,47
118,209
68,168,77
216,83,245,111,72
295,270,237
133,153
265,273,173,15,205
61,175,184
53,159,279
22,28
147
194
269,201
170
26,122,193,230,45
34,277,144
130,283,300,88,165
285,174
217,4,309,163,235,1
190,38,179,19
2,229,13,225,141
92,250
123,56,280,120
135,286,266,296,206,67
297,294,192
311,249
200,196,243,221,125
129,203,197,161
114,258
214,119,48
215,132,109,71
128,116,44,73
25,291,60,43
211,57,148
282,149
227,164
284,298,275,103
287,207,303,156,158
261
210,9
7,151,155
59,89
152,208
102,259,288,183,70
24,10,167
240,35
90,234,260
139,276,254
14,78
0,58,18,31
212,264,36,239
256,178,76
136,246,181
82,100,160,143
180,17,49
268,3,46,40
198,145
23,252,238,236
177
176,255,169
124,81,241,253,157
54,51,271,42,267
137,30,188
138,91,312,86,75
299,97
233
27,95,55,63
113,74
66,107,162
96,142
191,189,98,112
134,199,93,41
293,172,106,171,12
213,20,305,306
166,226,232
224,6,99
262,186,187
64,65,257,202,154
223,62,5
146,84
308
302,182,272,278
292,307,140
274,39,32
263,80,244
21,105,222,204
218,219,150
242,101,11,110
None
reading, running, checking time: 527 ms