Yes
138,181,322,67
333,65
339,231,318,257,162,263,58
108
274,105,33,24
175,64,269,43
74,160,266
271,273,242,40
93,144,203,122,310
18,71,69,255
343,183,3
317
6,328,209,216
303,112
34,332,98,19,63
278,239,135,261
340,201,77,68
270,32,2,161
290,35,14,164,215
172,324
254,167
29,326,60,213
99,140,245,120,127,168
345,146,128
141,17,125
200,206,121
100,244,246,259
341,217,280
252,210
299,36,174,329
0,70,52
275,53,44
79,46
57,41
232,85,241,262
103,170,319,282,50
198,31,238,75
173,316,281,115,300
291,190,96,149,301,158
95,15,250,286
39,336,139,260,305
91,1,129,251,224
179
94,207,166,56
10,73,267,154
195,101,133,205,256
331,289,159
7,189,311
30,163,287,220,42
37,26,327,123,308
296,268
118,306
80,177,265,223,221
169,9,222
293,136,247,72
279,81,288,111,49
192,218,114,228
219,59,5
233,211,309
272,337,92,88,51
347,295,276,147,184
194,22,16,315
344,334,130,126
12,119
148,253,155
87,78
106,21,48
298,277,165
342,20,11,151
176,323,314
199,236,240,188,325
38,76,313,283,113
237,82
230,131,243,248,153
346,13
294,292,234,178,312
142,62,54,304
330,55
109,307,156
204,66,117,157
61,302,45
182,47
107
90
338,132,134,25,84,152
335,4,285,229
137,180,212
27,86
191,249,284
197,185,202
28,187,264
102,145,258
297,226,150
320,124,110
104,208,227
235,143,89,8
196,23,321,116,83
193,97,171,186,225
214
None
reading, running, checking time: 651 ms