Yes
285,124
212,138,284,169,163
269,85,108
11,154,70,41,125
29,298,174,167
139
265,104,239
50,82,142
136,271,0
223,91,206,88,149
153,116,238
273,61
132,262,230
121
80,67,5,72
24,287,246,248,150
296,280,203
63,226,188
264,251,62
199,232
268,59,254,30,145
213,270,202,155
196,94,1
292
52,81,221
131,160,15
286,100
83
157,96
65,146
222,295,152,44
95,290,103
220,192,40,148
200,35,182
54,31
58,177,276
245,78,261
129,55
122,176,205
128,297,204,279
283,92
291,87,101,2,147
7,243,247,64
34,178,14,277,140
56,191,158
215,193,60,46
300,66,36,42,231
294,12
57,118
214,4,159
173
8,198,161,89,110
301,171
259,48
281,172,228
20,120
289,240,105,38,263,123,47
207,151,79
33,175,49
84
190,187,9,75
249,185,43
10,252,144
168,166
109,186,189,224,209,71
278,256,111,236
275
37
210,6,98,229,114
218,130,90,141
241
217
165,19,73
164,179
69,170,97,162
299
266,3,250,13
137,102,227,234
22,45,77,74
216,25,51,119
23,28,288,267
235
106
258,117
282,237
26,194,225,244,184
201,181,39,180
211,21,260,242
293,112,272,18,156
27,253,99
274,86
195,32,115,76
127,53,208
93,255,126
16
133,183
219,113,107,143,233
135,302,68
134,197,257,17
None
reading, running, checking time: 480 ms