Yes
137,198,205
93,37,67,232
7,153
214,242,186
133,286,124,150
213,280,158,9,121
131,3,241,157,236
335,234,16,202
135,151,272,72
130,298,307
199,190,251,92,104,156,49
306,18,206
39,69,181,90
51,35,161
212,210,287,164
20,87,175,184,112
91,116,200
10,317,70
160,288,113
249,230,142
139,85,333
128,61,170,159,75,73
289,261,86,36,233
264,273,78
270,84,247,99,148
107,334,165
136,246,324
33,257,237
218,311,97
59,323
24,21,162,155
309,8,208
195,81,185
100,182
217,263,62
103,140
271,168,1
265,327
279,122
129,304,31,252,315
57,65,74,41
293,120
243,207,180,98,152,76
176
80,63,178,177,174
64,188,235
295,301,228
50
282,259,173,48,44
305
330,167,204
25,23,52
38,316,220,115,231
215,290,108,187
134,274,209
296,292,244,331,171
172,126
95,56,294,32
53,276,308
0,239,325
219,82,141,255
313,283,260,314
262,269,101,144,47
54,94,118
27,22,28,245
225
127,310,114,149,68,96
299,227
29,6
240,250,43,320
60
216,105,224,322
297,145,248,183,221,42
284,226,194,258,79
302,34,15
277,169,11
192,267
179,266
285,332,19
318,275
88,254,303,163,166,5
102,123,119
4,14,46,83
211,281,312,300,154,146
26,191,189,278,203,2
138,12,117,238
193
268,291,106,229
71
222,111
109,17,143
125,147,13,45
110,329,77
319,201,256,253,197,328
55,321
66
132,196,326
30,223
58,40,89
None
reading, running, checking time: 714 ms