Yes
305,34,176
93,258,48
208
53,83,42,266
155,158
217,256
307,92,76,79
120,175,12,236
290,69
8,276,250,95
196,159,224,74
191,189,277,90
57,297,115
199,200,192,105,254,87
136,281,86
81,99,1
214,112,255,14
63,227,221,226
134,121,282,70,181
20,123,164,111
131,138,128
267,294,152,40
132
283,252,61,68
22,204
303,174,77
288,300
286,125,295,198,207
220,113,201
108,145,185
274,119,235
237,71
163,98
114,251,263,205
91,244
28,51,84,101
284
26,129,292
127,58,183
257,302,96
7,150,126
304,104,275,151
243,187,49
210,247
141
106,169,94
273,245,259,188,153,209
296,182
219,240,38,253
25,45
103,0,278,44,2,161,261
177
293,291,170,124
271,265,62,72
133,248
110,179,11
107,142,148
289,4,231,73
211,88
60,228,262
82,36,41
59,298,67
212,190,116
24,37,180
10
32,66,97,162
306,64,178,6
197,89,233
223,229
15,149
216,19
137,269,268,33,173,156
167
285,168,154
146,171,241,35
165,225,194,147
102,249,16
203
301,184,239
29,56,5
160,140
118,85,39,279
270,172,17,143,78
264,139,31,157,144,202
130
50,193,246,232
135,55,238,46
299,100
213,23,272,234
65,47
30,18,9
27,21,117
222,80,206
215,109
195,242,43
13,54,186,166
287,52,3,75
218,308
122,230,280,260
None
reading, running, checking time: 563 ms