Yes
250,151,78
212
269,53
264,130,80,61,98,48
279,302,255,208
23,276,237
59,117,111
6,97,8,1
88,41
135,58,300,304
52,109,108,229
309
120,160,148
123,34,145,9
119,248,126
252,11,83,144
124,231
116
91,305,244,32
128,297,162
112,60,77
27,146
192,115,233,200,260
218,228,207,149
211,105,19,273
140,141,150
114,253
182,161,239
68,189,110,159
291,209,247,256,236,263
125,174,270
219,87,173
134,311,92,10
227,2
283,249,224
137,82,122
28,280,298,71,154
191,274
33,69,238,262
139,16
287,147,45
167,65,168
136,62,90,76
284,43
29,186,155
133,175,75
57
296,39,183,93,5
265,85,301,44
275,185,143,202
184,225,79
129,54,14
121,294,35,99,282
194,169
292,240,66,156,47
290
20,18,205
170,46
132,177,38,258,49
131,138,50,84
81,232,40,96
164,277,206
214,15,157,36
259,235
217,25,293,178
215,89,226,223
257,86
216,24,285,306,12
281,242,103,180
261,63
289,271,179
56,307,246,267
94,196,102,220
21,113,152,42
272
245,254,221,142
165,201
312,243,106
299
166,7,251,204
26,22,190
195
31,30
0,127,55,198,118
17,74,72
295
199,171,64,100,230
163,101,188,158
3,308,288,13,278,73
4,303,104,197
222,203
107,187
268
213,153
95,286,172,181,310
210,51,193,67
241,37,266
176,234,70
None
None
reading, running, checking time: 540 ms