Yes
121,55
212,228,118,208
112,168,18,82
245,109,91,12
302,16
222,188,153
219,23
218,140,70,88
127,120,194,30
131,58,177
107,202,147
216,170,242,236,207
296,175,181,154
284,286
317,37,182
217,283,104,105,10
213,183,83,270
274
285,160,8,76
235
63
192,279,102,39,239,263
125,294,190
24,265,124
115
280,196,159,90,206
253
305,46
167,117,40,75
250
164,11,62
27,200,225,163
166,53,85,7
185
310,322,169
289,17,79
43,1,149
20,223,178,249
215,141
243,255,197,315
199
226,309,89
269,298,290
22,227,172,6,97
132,50,292,19,261
51,95,230,232,86
299,273,144
123,36
138,220,74
193
264,52,256,313,189
267,221,111,204,260
308,174,145,205
4,180,49,73
28,312,184,146,262
295,319,31,110,155
122
157,231,2,47
268,64,266,41
287,171,44,5
316,14
210,150
59,100,101,258,69
293,248,61
133,21,128,93,81,65
136,26,56,300,314
13,103,246,72
303
198,119,0,148
211,278,87
106,98
34,165,224
282,203,179,238
57,32,186,158
139,129,276,209
130,80,271,15
301
214,68
201,113
92,187
137,33,45,77
29,320,9
297,116,108,229
173,241,35,234,78
96,257,233
307,252,67,152,42
134,156
240,142
311,94
318,84,176,151
281,195,162
275,161,237,48
25,304,143
3,321
54,247,259,272,126
306,244,277
135,251,38,66
114,191,323
291,60,71
288,254,99
reading, running, checking time: 603 ms