Yes
278,38,139,49
173,183,200
313,218
273,249,305,224
137
9,284
144,126,266
297,101,252
276,366,64
342,195,35,170
204,365,214
132,176,79,124,256,355
109,33,174,315,225
18,116,113
36,135,26
337,333,185,13,71
77,285,223
361,166,351
96,236,289,48
230,149,89,282
237,312,168,216,152
347,309
75,120,251,160,163
191,112
295,242
28,169
292,78,369,59
232,133,358,268,307
146,148,127,212,45
105,189,259
181,247,15
202,65
294,193,102,323
1,364,61,263,151
34,179,209,123,4
94,84,253
341,243,11,47
201,301
90,175,117,229
291,129,164,356,52,114
107,8
136,42
104,70,302,46
332,88,241
39,7,213,43
142,359,159
99,235,130,321
140,264
279,231,255,228
182,180,12,326
81,14,324,217,222
298,296,6,207
196,103,92,67,41
340,290,192,24,157
270,275,143,208
262
93,311,210,260
299,138,322,329,72,63
30,320,325,76,83
338,238,145,22,62
31,27,306
95
330,91,17,60,119,220
25,86,178,283,111
184
108,147,80,215
331,206,121,68,352
349,233,314,3,165,162
187,16,128,219,261,57
194,271,274,239,20,368
125,55
37,97,234,73,115
21,357,265,269
131,244,10,66,153
343,190,308
310,254,53
277,98,155,40
272,334,156
339,85,172,328,58
348,177,327,54,227
100,319,250
106,345,203,161,211
32,2,74,316,158
134,69,350,50
346,186,286
198,246
335,336,367,288,154
300,304
362,360,257,44
141,240
199,245,19,317,221
87,287,118,226
344,29,171,353
197,258,281,303
23,167,5
188,205,122,318,267
0,82,354,280,110
248,363,51
293,56,150
None
reading, running, checking time: 690 ms