Yes
30,142,133
173,305
279,187
232,175,120
341,196,88,242,210,260
319,55,43
299,323,215
38,0,329
344,262,300,220
93,186
174,184
143,288
244,125
269
139,25,72,301,222
291,107,14
20,163,213
347,140,29
193,330,113
349,11,117
277,337,124,303
33,7,249,166,115
195,334,116,158
103,206,208,310
42
81,167,281,110,221
149,24,22,79,282
73,289,156
188,201
90,8
267,306
64,304
355,353
132,181,61
298,39,70
342,97,246,52
101,36,96,214,285,265,224
194,335,63
276,109,339,245,250,41
271,106,325,160
185,258,60,44
333,89,87,328,66,50
233,74,261
84,202,207,128,162
275,35,23,13,126
190,338,182,122,283
92,1,144,180,326
16,169,53
37,129
189,75
91,227
98,252,68,69
138,62,256
297,86,203
217,280,59,253,49
198,327,71,286,58
104,80,15,263,118
99,240,268,47
27,171,204,225
331,322,218,229
192,239,318,150
2,205,223,157
348,26,19
296,32,209
294,135,320,311,164,212
161
346,270,354,51,45
95,146,123,309,228
108,76
340,272
176,254,287
197,191,172,308
78,67,168,351,284
82,316,259,46,40
134,183,18,155
85,177,313,4
121,127,65,211,112
312,317,352
137,54,114,154
141,219
170,321,315,257
105,230,130
290,274,57,152
247,216,226
6,131,255,307
17,77,153
31,12,314
241,350
199,278,102,332,94
293,100,266,159
21,179,356,56
295,237,243,9,119,48
145,251
292,336,234,236,148
343,147,136,151
34,238,10,200,83
345,28,178,324,3
235,248,111,5
231,165,264,302
273
reading, running, checking time: 643 ms