Yes
294,104,249,150
129,109,11,157
62,183
283,61,151
180
247,171,234
167,190
8,145,125,110
101,205,140
127,128,54,92,42
0,223,231,46,143,149
226
217,319,235,72
230
211,304,242,97
212,29,117,325
93,333,60
28,84,207,103,94,71
215,20
295,318,237,232
213,16,156,43
281,300,106,233
285,310,82,116,172
90,256,192,239
23,12,113,326
161
268,307,245,98
277,88
246,66,315,75
218,204,9,78
334,184
297,69,10
287,296,195,203
216,22,199,191
105,35,224,19
284,272,308,65,178,323
328,244,322,169
86,227,153,147
131,266,4,280
134,289,132,293,173,221
255,305,273
179,327
262,298,311,261
200,194,5
56,31,64
271,114,330
214,21,314,95,96
30,188
222,225,49,320
282,55,182
291,331,279,79
193,81,290,208
166,243,189
299,115,159
122,317,155,209,142
270,220,152,47,126
63
292,89,253,14
130,50,201
265,32,144
219,176,107,112,1
269,83,257,274
260,3,99
52,240,73
51,316,148
162,202
164,57,276,17
91,332,252,124
138,309,251
267
186,250,120
24,306,335
301,74
136,198,236,67
303,196,141
58,197,238,87
118,175
53,111,7,45,321
174,168,121
137,302,258,288,44
177,33,278
27,119,80,329,48
25,59
259,85,312,34
18,40
146,102,2
170,15
248
210,26,39,70,313,324
139,275,241,76
263,100,181,6,185
108,158
123,36,68
254,228
286,165,154,77
135,187
264
133,160,38
37,229,13,41
206,163
reading, running, checking time: 549 ms