Yes
261,183,198,324
264,51,152
211,174,156,231
201,188,17
287,317,160
184,91,221,235
94,265,128,110,14,126
219,192,39,159
227,61,69
215,105,118
58,55,306,18,320,47
129,169,10
25,100,151
63,318,200
135,117,46,96
50
137,273,82,278,83
127,283,57,277
20,309,45,73
24,248
210,291,88,5
146,121,266
281,268,299,84,238,141
166,222
260,42
312,250,86
27,257,267
285,87,207,180,239
4,262,123,258
21,302
167,193
298,254
139,307,315,163,158
93,247,255,288
29,36,44
217,53,104,34
111,242,13,143
153,142,205
8,70
136,204,72
195
81,181,113
212,206
286,32,30,189
19,116,234,236
216,218,308
131,26,282,56,220,40
22,54,295,162,12,15
33,187,223
92
80,305,175
226,60,173,154
213,297,245,232
243,16,49
67,185,316
310,168,43,322
182,48,120
138,11,89
130,270
161
194,304,246,323
107,150
214,284,191,6
269,249,78
66,75,41
134,115,35,157,114
179,165,321
0,196,303,186
178,170,122
292,311,1
251,272
52
177,252,314,77
133,280,176,275
300,259
23
296,190,2,229,148
224,313,202,144
290,102,172
112,147,145,79
3,31
253,97,233
289,241,106
124,279,9,71
59,103,155,209
132,240,38
263,164,319,301,237
271
225,274,90
85,244,228,325,203
199,119,64
197,276,109,37,62
95,125,65,171,99
28,101,98
294,149
293
256,108,140
7,68,208
230,76,74
None
reading, running, checking time: 587 ms