Yes
130,129,172,307
127,284,300,188
181,60,250,233,321
93,310,170,97,226,13
294,203
92,302,101
20,55,56,35
308,16,78,124
212,241,204,126
219,110
164,274,178
136,134,162,249
165,245,115,76
109,246
304
119
69
254,79
25,114
57,144
51,243
8,158,145
81
58,95,230,149,121
270,31,236,48
139,200,258,229,278,148
295,208
285,146,232
303,185,209
317,18
171,6,99,152,205
50,277,195
163
313,140,252,169
118,53,65,147,1
26,68,47
23,242,168,238
262,83,141,257,12
175
184,191,201
289,67,301,102,123,45
177,253,231
263,174,240,122
21,273,228
218,75,154
54,36,328
166,180,88,324
293,248
197,305,89
299
227,272,63
85,251,173,94
318,120,116
131,259,296,290,34
82,167,14,125
103,225,221,90
216,281,255,43,40
193,7,196,207
128,44,327,206
135,29,297,176,288
265,322,41
244,49
22,3,38,98,62,279
28,0,325
264,306
215,276
211,267,30,108,190,74
186,179,320
132,84,5,9
223,261,160,237
32,161,156,73
214,133,150
87
217,137,61
117,315,220,159,280
222,104,39,111
286,256,17,42
210,27,80
298,107,105,155,113
106,11,77
283,52,291,316,275
66,239
269,59,37
192,10,86
271,100,91,235
268,292
314,189,112,96
33,187,157
287,266,247,323,326
224,234
15
153,143,72
183
213
4,260,2,202
319,312,182,329
24,309,151,46
138,19,71,282
199,198,70,64,194
142,311
reading, running, checking time: 599 ms