Yes
228,238,5
126,138,33,19
278,92,61,259,157
199,112
3,224
101,163,205,122
272
10,305,307,64
227,176,87
295,173,71
134,251,79,161
159,96
129
166,265,195,250,221,44
125,299,243,143,42
50,241,226,142
21,152
130,136,177
269,288,12
135,267
170,220,235,141
217,104,17,16,9
263,43
84,247,8
285,88,110,40
57,114
169,90
268,175,266
146,160,186,13
131,139
4,302,270
306,82
140,124
117,70,230,232
20,172,231,14
26
58
55,179,229,36
15
29,105,249,41
108,150,83
197,184
35,234
25,89
27,255,253,147
212,171,181
291,156
54,76
128,198,271,239
91,145,2,18
202,68
56,115,155
194,66,185,162,62,1
284,286,275,303
95,123
279,85,60,189,196,49
116,75
53
258,201
63,191,274,34,178,98
210,164,167,119,73
133,240,113,72
0,277,80,183,97
120,59,200
289,193,248,252,254
261,204,208
24,298,153
280,282,292,187
264,304,37,236
223,51,32,203
283,290,244,109,225,233
296,102
180,94,45
297,67
47
215,211
100
242,99
93,168,207,154
206,182,148
214,22,121,192,245,151
216,28,6,48,78,74
69,81,301,30,273,46
174,256,65,158
137,132
103,237,77
165,11,209
219,118,300
293,39
190,276,111,144
213,260,127,86
218,287,7,246,149
23
294
281,38,31,262
222,52,106,257,107,188
None
None
None
None
reading, running, checking time: 441 ms