Yes
299,235,144
333,93,137,78,121
62,289
32,132,180,60,51
276,106,188,73,285
297,67,214,220
338,238,52
344,148,149,86
313,212,261,222,40
192,278,37,324,329
317
292,272,139,65,150
341,160,217
89,316,119
232,85,74,70
120
170,352,282
24,110
143
226
25,189,251
342,141,3
103,95,326,265
39,81,229,112
105,165,227
293,147,27,69,257,162,113
208,123,64,283
271,1
302
244,280,224,47,42
90,134,166,159,43
140,79,312
127
279,230,146,14,320,301
31
340,108,107
295,197,248,200,305
277,136,174,77,152,158
22,125,281,309
242,202,66
245,5
17,353
243,182,216,114
334,7,185,254,221
335,176,183,205
191,104,239,20,322,48
330,11,8,46
273,98,323,258,264
96,163,59,304
102,321,252
84,249,126
348,294,171
187,129,53,223
343,274,87,57
101,173,76,49
296,241,9
339,92,130,18,58
196,142,29,260
347,237,315,61
325,169,213,268,115
349,30,145,184
122,164,262,300,153
116,308
91,138,80,207,156
194,97,175,328,128
314,168,210,267,157
131,72,218,288,306,41
319,311,161,351
225
337,234,177,318,154
45
255,350,307
99,88,16
26,21,23,117
179,209,55
100,203,286
50
178,151
19,256,155
195,270,336,332,240
190,36,34,181,56
38,167,4,284
28
275,35,201,206,63,253,44
345,68
124,266,259
233,133,135,15
211,111
298,291,204,287
33,82
71,83
109,12,228
346,327,310,269
246,250
193,6,236,2,10,54
0,290,199,247,219
331,94,215,303
186,75,263,118
198,231,172,13
None
reading, running, checking time: 680 ms