Yes
139,25,271,179
22,308,150,147
133,221,149
132,27,60
26,230
80,207,35,163,36
67
217,171
211,283,292,174,305
84,249,44
197
213,170,6,40,5
24,268,260
252,226,116
141
298,88
21,38,76
284,190,85,3,66
199,198,47
227,247,124
135,195,97,18
55,251
269,98
309,274,86
266,112,118,2,152
264,279,61,185,83
4,8,91
215,15,238
289
57,194,169,89,156,161
37,107,17,246
299,19,96,79
134,303,164
14
127,202
166,200,192,203
204,45
119,103,220,46
214,13,231
130,23,95,235,41
136,28,193
59,300,49
54,296,196,153
254,275
224,285,58,175,126
123,50,304,259
102,151
294,176,62,237
267,240
191,100
257,70,183
51,65
270,242,39
218,7,250,253,77
293,307,209
137,245,223
248,206
282,48
212,243,31,236,140,154
295,272,104,109,71
216,287,125,162
52,205,160,167
265
177,306,10
219,281,291,11,201
258,168
92,277,43,115
158
53,256,93,225
288,99,82
273,255,186,148
113,12,117,280,74
290,241,142,73
81,172,1
138
101,33
244,108
297,114,173,184,120
182,234
131,263,228,276,233
302,157,90
278,34,232
146,0,106,68
111,16,75
210,187,155,9
32,30,181
301
110,144
159,121
94,105,208
165,20,56,310,222,143
189,229,78
122,129,180,239,72
286,63,42,261
262,69,64,87
29,178,188
128,145
None
None
None
reading, running, checking time: 589 ms