Yes
194,278,66,110,5
295,87,185,201,284,260
167,113,49
199,332,97,234,210
322,122,55,308
338,261,223
88,245,123,311,160,151
109,188,310
181,303,227
12
84,205,305
140,86,156
272,161
326,165,153
139,56,51,154
297,100,144
343,275,98
346,349,277,354,289,283
294,13,252,166
145,316,250,217
352
142,361,83
89
331,19,70,357,263,304
149,25,127,3,212,266,150
293,137,27,65,300
233,207,251,163,116
334,8,282,115
32,24,184,211,155
107,200,362
22,57
335,14,213
108,20,209,118
339,99,247,124,267
291,17,202,53,229
106
274,138,225
340,292,94,79,315
296,1,328,215
196,324,4,58
198,92,130,76
197
131,80
71,319,158
246,241,253
243,186,10,314,54
342,104,317,47
39,248,175,187,265
148,61,67,281,224,42
231,249,15,360
232,262,221
177,73,72,256
345,85,206
6,23,355
192,170,356,359,46
321,203,119,48
102,125
68,111
193,103
235,134,171
133,77
191,30,37,11
132,174,172,351,117
298,96
141,41
29,189,258
347,299,34,74,353,228
302,306,220
290,276,313,280,43
38,75,162,59
91,2,164
341,147,178,152
0,176,323,312
31,337,327,114
273,36,90,64
330,230,264,269
271,95,82,268,307
195,239,21,240,350,50
146,325,329,128,168,169,40
63,222
105,242,183,219
190,33,237
52,301,44
93,318,363,214
344,81,288
238,7,257,226
255,216,157
348,236,218,112
101,333,135,78
18,254,9
26,28,286
180,62,121,259,309
279,60
35,208,126,69
143,179,182,129
136,173,204,358
320,159
270,336,16,285,287,45
244,120
None
reading, running, checking time: 760 ms