Yes
248,125,212,222
80,314,63,217
283,46
160,260
297,294,26,27,320,154
172,68,250,224
90,183,257,302
328
291,106,144,313,309
197,146,135,16,117,220
128,50
65,253,42
178,312,267
0,74,254,305,156
96,138,164,55
333,79,113
337,174,327,223,150,44
191,111,307,229
147,139,259
85,214
196,276,4,308
99,170,216,306,221
31,317,262
208,120,161,282
272,91,97,142,329,209
279,107
290,24,258,285
36,130
238,319
339,252,166
29,181,72,213,157
184,324,45
104,34,88,287
132,10,155
271,237,149,57
179,303
296,20
269
325,255,284,53,41
92,180,48
332,140,71
341,95,2
94,204,311,66,281
298,189,19,47
342,242,152
137,75,210,286,116
340,335,177,165,115
299,84,60,62,56
93,82,202
109,103,28,251,151
193,105,25
77,73,78
112
275,100,32
133,263,227
336,1,23,121,123
145,322,9,118
240,243,219
316,315,261
195,158
293,247
38,37,35,61
33,6,304
236,87,268,226
233,7
321,58,43
292,119
277
102,122,3
334,141,241,326
22,245,176,18,5
231,13
270,108,331,40
15,64,110
173,256,300
330,239,168,218
192,274,89,288
198,86,206,318,264,83
182,163
162,159
273,30,187
12,169
295,17,215,265
11,207,51,114,225
235,134,52
14,67,69,266,59
81,200
136,127
101,39,171
338,232,175
126,129,289,301
186,323,228
234,148
190,230,131,249,203,153
21,76,124,54
278,8,49
98,244,185,188,201,211,280
143,246,310
70
199,194,205,167
reading, running, checking time: 618 ms