Yes
288,241,41
217,268,255,186,86
112,304,33,160,124
51,290,65,228
210,58,181,230
251,19,79
27,286
52
24,169
137,199,92
270,207
132,93,140
29,59
28,7,189
25,299,196
287,278,249
109,154,36,40,148
295,119,209
122,53,18
151
216,254,152,156
125,145
114,248,236
139
265,12,71,260
246,176,253,183,188
50,99,162
296,101,69,98,224
218,191,279,301,74
135,10,266
21,273,302,157,75
60,202
219,280,87,96
26,283,284,272
115
226,102,107,118
104
213,8,2,225,17,153
214,294,258
22,129,190
264,108,5
106,203
4,201
198,39
274,113
221,158,261
80,1
91,175,90
289,34,64,174
244,32,31,187,47
147,232
55
211,3,277,200
67,245,38,70,11
194,0,159,208
223,44
83,73
123,240
127,9,149
133,57,291,195,177
161,263
164,30,76
193,192,37,121
259
281,293,142,68
61,170
267,247
63,89,42,144
146,117,111,234,231
285,85,172,243,35,238
130,242,15,143
97,227
182,184,235
78
215,88
128,126
95,116,77,46
303,155,62
167,204,239,205
262,84,100,271
269,163,237,48
6,168,13
23,179
165,56,82,233
138,250,150
212,298,141,105,257
256,166
131,171,180,229,120
178,222,94
297,49,72
292,206
275,276,173,43
136,197,66
134,185
20,300,110
54,252
282,220,16,45
81,103,14
None
None
reading, running, checking time: 484 ms