Yes
296,30,136
344,116,302
195,187,217
224
101,333,163,219
122
240,226
334,237
13,263,54,63
290,39,242
197,210,48
349,173,117,118
87,15,266,223
106,35,131,18,62,319,269
175,77,168,55
298,186,17,261
295,331,16,165,160
326,66,284
107,105,335,233,129
93,134,138,2,59,51
146,81,185,166,211
276,7,248,204,257
14,329
149,251,167,260
89,10,125,150
196,103
345,343,99,212
268,306
199,272,155
235,178
109,330,239,281
341,172
104,88,316,3,64,53
40
85,256,9,303,225
180,265
346,299,247,12,162
91,90,246
342,174,312,159
1,27,324,201,318,215
275,277,332,241,264
198,92,121,61,285
270,338,336,238,115
234,322,8,315,220
108,216,289
232,171,124,283,287
24,71,313,164
102,141,321,351
143,130,249,183
348,245,126,252,350,58
148,110
140,79,120,50
111,253
340,314
244,75,250,213,222
182
33,52
74,267,156,41
23,327,304,49
271,95,311
297,191,176,320,301,42
94,142,11
317
32,214
31,28,218
193,200
274,100,6,203,262,46
0,205,307,153
135,22,310
38,86,184,161,47
278,37,133,169
145,139
294,25,243,206
347,36,254
181,259,228,112
323,60,113,157
273,230,179,70
177,202,286
231,127,114
292,170,258,5
236,137,21
123,305
208
291,194,188,45
97,144,288,280,57
158,83
207
34,73
128,229
279,132,308
29,72,68
19,221,44
293,147,82,78,4
96,26,151
98,84,209,67,56
189,65,152
20,325,119
190,192,80,255,227
337,328,282,309,300,43
339,76,69,154
reading, running, checking time: 567 ms