Yes
53,308,253,97,47
283,134,176,172
210,83,248,144
272,305,175
217,307,48
16,237
133,87,302,244,88
298,294,103,0
287,17
211,195,304,61,202
113,254,122
123,309,168
214,52,32,76
265,153,140
286,240,158,86,126
151,1
137
261,141,276
107,94,11,279
290,303,43
155,159
18
24,306,35
256,238,266
69,291,246,157
252,236,201
268,295,197
96,50,259,74
26,100,63
8,232
262,186,46
297,102
284,81,15,111,68
242,251,224,206,270
139,245,162,161
7,178,42
166,101,184,124
132,185,229
130,129,85,177,173,170
56,39
196
131,70,187
10,31,203,89
182,223
62,67
258,14,9
65,143,49,73
29,54,275,189,112,235
213,116,231
27,300,154
164,152,41
219,80,38,204,79
2
267,3
23,183
99
216,125,109,147
277,105,72
165,118,227,108,78
194
190,104,64,6,220,234
292,92,273
135,138,119,226
33
4,59,271,37
55,205,114
198,228,149
289,207,19,208
269,293,106
146,233
288,188,209
215,199
301,30,156
241,160,40,5
181,225,221,230
93
25,71
136,191,249
264,299,278,247
115
34,45,12
128,98
250,117
167
212,169,121
21,22,51,243,282
84,255,75
239,148,263
90,285,120
192,174,60
95,150,36
274,163,91
222,281,58,44
127,57,193,13
20,28,200,82,145
296,257,260
179,180,110,280,142,77
66
218,171
None
reading, running, checking time: 601 ms