Yes
287,129,191,105,18,120
113
215,139,69,117
43
158,277
316,115,78
24,154
59,334,47
260,56,318
68,171,204
90
218,224,251,328
122,182,184,156
217,57,304,187,5,266
121,257,77
93,173,273
130,241
263,290,151
116,244,12
172,150,82,239
200,177,83,101,337
213,250,13
29,229,230,262
161,85,32
197,245,333
183,190,60
162,256,126
132,276,152
141,255
135,124,265
216,297,164,332,317
296,65,275,322
280,284,338,222
22,281,291,330,64,225
127,26,142
219,88,176,71
188,279
314,118,329
30,41
259,295,103,320
293,44
194,155,235
99,272,207
202,36,45,327
110,309
306,109,185,76
75,27,2
112
303,104
315,234,49
308,201,165
119
283,58,168,203
0,195,140,324
100,73
214,174,39,38,8,147
125,240,238
243,336,237,206
28,271,114
25,63,15,325
3,300,160,149
95,220
23,51,186,221,169
166,286,175,146,145
136,20,34
268,228,192
54,84,301,205,321
252,66,159
212,81,7,231
128,50,102,258
87,208,72
292,331,40,89
106,180,19,67,144
298,302,97
17,86
138,96,55,179,236
52,319,178,4,62,42
227,299,33,249,163
21,189,167,209
111,233,123
211
285,35
10,313,323
278,157
37,311
264,270,196,91,11,153,232
310,274,247,61
53,199,254
134,289,294,170,107,181,335
210,80
312,16,143,79
326,198
267
137,253,193,70
223,242,98,92,261
131,226,305,248
288,48,94,148
1
133,269,282,46,74
14,307,108,246,31,6,9
reading, running, checking time: 638 ms