Yes
280,291,111,307,223
134,29,243,32
47
212,27,57,167,271
38,246,173
213,93,293
24,112,174,104,225,11
20,268,84,230
199,106,41
218,285,241
240,242,209
219,171,74
67
263,244
316,317,82
217,26,229
231,308,101,119,143
214
191,256
226,176
310,315,92,157
277,73
210,253,234
124
77,205
0,164,60,228,144
115,109,45,142
295,37,258
206,97
303
287,290,151
22,318,305,95,72
55,117,197,153,75
34,203,78,141
128,301,178,182,169,89
21,162,19
235,40,140
28,86,207,108,196,12
211,283
58,80,68,232,125
281
81,44
255,155,267
91,259,100,14
122,156,9
160,257
53,306
269
195,99,110,43
131,302,249,6,227,239
266,245,183,201
121,147
198,30,159
63,13,272,233
215,10,186,2
311,3,270,193
70
25,296,200,224,172,152
276,165,154
133,132,251,163,18,279
264,254,149
69,54,39,98
23,51,146,175,49,79
135,177,170,189
130,103,48,262
284,288,1
123,56,238
194,180,192,208
83,31,236,118
59,17,145
222,221,204
292,8,220,148
4,33,114,168
94,187
184
289,297,15,126
137,314,181,247
216,139,282,85
129,250,120
278,105
275,76
50,299,312,116,42,261
274,46,96
265,166,179
273,102,190
286,300,64
88,158,16
36,237
66
202,62
298,107,35
138,90,260
127,309
313,52,7,185,71
304,61,150,5
248,113
188
252,65
136,161
294,87
reading, running, checking time: 573 ms