Yes
100,337,213
295,106,136,63
270,96,307,229
330,149
343,62,205
193,80,170,207
277,91,248,251
331,320,169,266
98,142,166
22,326,327,76,223
199,153
143,164,261
6,44
342,332,84,206
137,175,201,265,58
172,329,202,74
37,314,111
299,17
18,57
216,55,112
29,60,258,262
204,67
105,339,338,130,173
230,147,323,218
30,232,82,219
146,85,188,4
131,87,9,269
104,26,123
196,86,14,311,65,53
235,120,162,221
34,209,214
97,241,161,288
102,41
313,160,110
291,0,282,49
345,10,70,227,42
296,99,128,129,260
2,72
35
95,135,81,187,210
335,182
93,238,89,280
200,281,225
38,43
107,239,118
134,20,8,3
32,168,215
94,316
1,16,268
195,319,305
294,79,78,157
325,312
244,12,50
39,174,124,255,283
109,246,184,46
276,108,177,152
273,300,150
278,167,264
145,141,19,328,75,61
198,90,56,51,304,45
132,126,165
240,127,54
293,25,171,257,226
179,324,40
341,315,284,159
234,237,7,254
271,138
103,176
233,139,212,114,5
190,317,68,154,158
340,140,247,121,256,163,222
208,253
290,101,88,15,252,263
297,71,117
231,289,113,309
298,36,249,66
122,285,156,48
13,250,286,308
133,185,47
33,21,69,228,155
191,242,189,77,125,287
292,197
11,220
272,245,178,321,116
192,274,243,52,303
217,115
336,24,211,59
27,310,64
31,180,119,224,151
322
279,28,183,203
334,333,236,181,302,83
275,148,186
194,92,306
144,318,267,259
344,23,73,301
None
None
None
None
reading, running, checking time: 738 ms