Yes
0,96,170,264
124,319,302
1,182,288,116,43
340,100,212,282,49
126,261,115
27,53
235,87,314,68,220,159
85,173,309
104,17
101,88,321
145,325
76,306
165,158
276,35,21,23,241,163
317,303
299,39,123
22,15,125,152,154
291,75
202,161
277,94,97,148,16
33,120,129,167
105,332,153
174,208,286,223
296,246,179,209
2,79,160
335,328,301
216,287,229
138,20,13,205,71,56
293,134
80,4
347,171
344,25,187,308,45
172,327,329,206,311
270,136,175,322,50
258
196,99,239
193,274,130,248,12,166
346,61,269
236,315,226
107,139,26,189,128,156
345,256,350
234,233,11
82,73,251,119,157
290,34,284,51,221
198,273,262,58
190,127,255
201
348,263
93,77,122,110
197,30,224,222
244,318,168
95,184
349,304
10,72,305
37,132,177
92,281,260,118,151,48
312,9
109,185,18
32,186,78,257,47
342,84,252,307
98,231,141,3,46,41
275,334,267,111
230,144,142,178
295,180,203,66,40
337,63
330,238,237,147,70,121
298,131,188,14,324
7,215,225
181,112
191,81,289
29,245,247
199,102,333
36,240,54
162,227,44
294,67,42
341,135,86,204,8
331,249,323,55,253
243,64,210,155
339,336,149,326
6,232,176,60,83
271,278,91,90,52
108,62,65,213,218
133,207,114,117
106,228
292,143,19,211,5
194,272,140,219,283
343,28,250
137,285,266,265
57
89,300
103,74,169
320
338,242,268,113
195,38,183,310,214
192,254
313,259,150
297,279,146,24,164
200,69,280
31,316,217,59
None
reading, running, checking time: 736 ms