Yes
293,184
290,318,274
258,220,250,239
291,70,43
218,244
22,223
206,101,142
4,284,168,324
215,104,189
289,140,227,114
201,319,310
55,279,96
315,204,90
283,150
261,125,241,196,18
80,245,63,93
121,112,107
217,91,109,202
212,137,273
171,13
136,27,269,183,175,152
323
147,275
300
88,144
295,307,221,156
23,228,234,232
95,14
133,313,176
317,3,19,141,79
287,106,71
271,242,249,45,266,326
314,111,119,105,113
170,173,143
214,28,254,31,153,238
87,53,164,301,306,203,86
135,312,66,159
298,199,65,10
85,172,32
305,161,74
303,16,76
286,52,82,158
180,151,48
222,296,257,195
226,308,163,42
134,192,272,126
37,177,179,316,231
167,292,103,30
262
285,92
219,252,288,75,270
26,54,193
120,299,194,321
58,304
253,205,169
124
190,182,229,40
294,38,178
129,256,154
21,116,68,2
130,225,264,327
0,56,200
118,188
216,278
6,251,162
77
89,39,94
60,280,207
127,34,49,1
185,230,44,41
213,248,197,209,263
20
131,281,110,33,236
235,237
29,246,165,157
325,78
11
117,99,224
132,97,9
282,59,57,64,122
25,265,12,322
311,309,62
8,108,69,186,187
268,191,15,17
297,160
277
81,73
67,181,208
61,255
139,233,148,267
24,174,145
50,240,83,260
211,36
123,302,247,35
259,243,155,5
115,102,320
198,276,72
138,128,84,166
210,51,7,98,46,146,149
100,47
reading, running, checking time: 471 ms