Yes
136,13,85
2,112
180,204
216,266,147,80,197,10
159
170,162,238,236,233,260
173,30,189,262
52,314,255,106
251
289,226,7,66,207
139,129,100
313,308,177,12,77
269,84,56,312,42,9
105,31,200
93,310,119,151
34
69,291,240,191,280,323
81,92,305,74
138,59,38,330,185,325
252,156,5,324
256,270
264,299
295,107
178,201,148
281,296,32,60,316,274
108,166,234,155
294,152,76
242,196,224,235
220,19,232,145
29,126
135,25,91,277
306,167,329,41
160,87
284,293,193,194,327
247
268,49,320
311,184,205,70
288,186,153
131,182,36,82,72
54,68
292,3,161,47
195,33,181
287,301
89,37,229
24,111,303,228,48,328
267,190,183,98
97,275,122
278
261,315,157,73
209,331,272,221
137,192
134,140,245,109,203
283,230
16,75
40
130,4,6,50
218,243,276
27,172
127,26,113,83
219,58,317,257,88,206
271,43,239
198,115,1
212,213,67,101,163
210,231,322
120,103,246,65,175
53,146,149
174,154,45
290,307,187,11
282,39,99
211,51,258
133,21,55,125,35
286,61,202
285,57,150,143
215,248,249
319,300,241,179,158
223,199,114
20,110,309,250,164
14,297,79
227,123,265,94,71
222,142,0,18,116
62,298,304,90,44
132,128,273
95,318
28,144
254,168
176,263,253,208
279
169,225,237,124
22,23,63,302,326
64
259
17
8,165,102,78
217,118,141,244,104,171,46
121,188
214,117,15,96
86,321
None
None
None
reading, running, checking time: 656 ms