Yes
274,109,250
25,282,92,241,8
213,191
51,177,100
285,269,64
220,62,235,236
121,112,186
3,103,35,229,122
4,59,242,89,207
13,255,2
94
23,261,258,68,203
136,60,147
264,298,78
304,30,202,149
287,17
34,251,194,277
85,302,37,11
215,63,169,116
127,228,19,49
259,294,10,152
172,110,9
284,120,38,96
218,41
189
170
66,278,48,209,70
200,206
303,39,288,279
24,223,311,208
260,83,174,156,72
219,286,75,263
307,253,187
297,275,7,232
234
305
268,107,185
227,129,195
290,300,157,239,1
210,28,237,74
171,246,73
221,86
265,88,31,18,150
160,82
212,20,198,146
167
130,32,180,67
91,199,140,245
21,80,108,182
135,93,280
283,98,141
126
115,254,143
273,87,106
114,306,154
22,190,231,142
216,124,233
27,238,77
193,272,123
289,61,164
173,46,148
201,101,95,16
293,301,12
244
84,42,145,266
56,6
132,58,175
14
104,159
137,184
128,243,15
270,309,247,310,158,230
139,53,40
52,296,178,271
105,79
161,256,204,262
26,226
217,214,133,312,183,99
165,276,176,179,76
29,33,168,224,111,113
102,118
57
196,257,71,47
240
138,197
252,69,90
131,81,36
50,144
211,0,248,225,45
192,249,181,267
163
125,119,155
55,65,188,97
308,151,44
134,295,166,153
292
5
299,162,43
281,54,291,222,117,205
None
reading, running, checking time: 535 ms