Yes
58,234
24,177,39
265,115
158,73
222,256
95,268,273
91,3,302,243,62
226,155,236,144,279
33,202,19,261
36
266,94
174,254,100,42
227,239,71
153,154
267,277,84,189,225,143,207
168,262
246
63,85,103,186,93
217,120,12,31
26,301,170,184,179,96
109,47
281,304,242,76,126
284,269,53,252,97
129
300,183,141
286,247,162,40
136,22,160
51,296,190,249,250,148
54,295,191,116
210,282,11,233
59,244,34
132,293,198,30
121,52,230
0,280,125
134,23,176
161,45
298,275,231,108,16
290
8,99,157
92
216,272,123
197,83
193,240,169,235
299,89
131,283,209
147,101,259,1
167,68,72
303,65
114
43
87,66,163,13
135,10,124
127,90
211,133,258
195
215,69,60,173,187,228
171,7,107,271
288,164,67
245,49
130,55,192,276
212,201,117,208
223,106,263
57,253,44
122,88,224,150
138,28,178
119,199,86
4,32,112,113
56,270
285,196,37,6
137,264
294,203,205
260,146,79
104,232
194,172,257,152,41
213,98,14
291,61,251,151,75
165,175,18
219,140,145
80
166,188,48,5
25,182,46,9
139,29,128
180,142,159
17
50
297,241,102,185,238
248,200,77
229,110,118
255,2
214,35,64
27,181,111,70
292,278
20,287,105
15
21,206
218,274,237
38,221,204,82
289,81,220,156,78
149,74
None
reading, running, checking time: 483 ms