Yes
144,64,160,211
195,193,140,137,18,319
333,216,308
299,30,86,266
240,186,66
273,169,286
277,330,77
241,166
88,212,218
141,246
293,336,123
270,39,24,125
337,322,124,256,51
278,31,146,75,288
290,179,59,44
194,172
331,283
89,225,5
21,188,261,118,300,307
310
296,94
128
340,17,289,50
199,197,36,234,236
276,84,182,207,70
291,252,152
339,95,13,321,326,324
239,251
185,72
102,60,113,253
42
37,133,177,204,250
230,232,171,201
304,83
97,135,134,7,327,203,71
164,281
173,262,53
233,121,117,222
196,190,1,132,305
145,175,120
105,130,329
148,4
98,280,301
237
231,309,112
200
61,47
91,180,317,314
295,332,142
65,221
191,285,55,40
342,170
104,22,23,73,282
335,93,68,110
209,67,215,116,153
109,114,155
275
294,85,129,219,151
272,115,226,159
29,247,249,10
238,311
183,19,205,228,220
34,82,325
131,318,264
271,90,41
143,15,76,157
138,80
58,56,46
176,189,63,229
178,150
103,235
198,192,33,26,187,202
101,313,259
248,323,167
6,14,8,168
149,27,242,257
297,108,38,181,174,328
106,96,20,122
255,287,260
62,74,127,265,302,303
126,3,111,156
341,279,210,54,158
28,119
107,224
243,11,254
147,162,263
12,16,320
245,315,269,49,45
163,284,48
0,32,161,217,268,306
292,206,78,69
81,208,52
298,100,338,136,267,43
274,35,92,87,316
334,139,214
244,2,165,223
99,25,213
312,9,154
184,79,258,57,227
None
reading, running, checking time: 624 ms