Yes
130,174,185,259
108,104,142,111,305,225,46
193,97,114
23,170,8,215,43
191,334,61,264,63,308
205,153,158
98,11,68
195,172,14
103,313
196,244,74
188,281
87,85,287
34,90,154
138,310,315
184,59,55
198,39,149,186,260
340
299,171,70,258,257
35
139,17,250
30,168
26,75,316,156
230,318,165,280
336,240,312,44
19,5
22,52
278,144,20,118
231,261,117
101
271,137,122,66
91,166,226
252,218
93,7,254,265,223
132,135,162
21,84,248,3,9
106
134,326,79,256
292,37,234,320,120,119
295,92,141,42
328,255,49
95,148,307
199,335
109,327,159
190,94,47
147,64
128,151,48
2,77,72,217,150
182,13,127,319,212
146,81,164
102,330,245,18,129
331,96,76
262,306
277,32,323,57
179,189,67,161,285
133,16,286,50,220
247,242,317
241,214
294,232,131,60
36,333,183,228
204,167,269
298,69
297,239,208,110
140,176
107,78,301,303
192,338,73,71
291,219,53,253
197,88,249,175,10
194,325,209,288,267
342,270,31,213
238,236,180,322
337,80
332,1,229
0,125,157
187,283,51,309
341,173,314
293,33,284
206,222,40
279,6,82,123
177,62,324,201
203,163
296,321,65,83
290,121,4,266
29,178,216
105,99,27,89,227
273,329,268,300
143,136,24,202,207
275,25,243,54,56
38,12,116,113,304
86,160,211
145,15,200,45
237,181,126,263,115
274,235
100,58
311,224
251,289,221
339,210,302,152,112
233,28,282
272,246,124,155
276,169,41
None
reading, running, checking time: 646 ms