Yes
287,50,174,229
127,179,12
27,31,71
177,239,230
87,32,146,73
275,300,68
293,158
281,298,151,13
4,92
255,102,181
206
284,75
94,222,262
1,209,123
236,74,41
286,194,8,203
212,199
210,299,164,84,185
282,59,240,149
190
268
283,176
134,138,172,66,110
215,89,83,279,48
213,81,85,238
269,171,15,126
29,14,204,237
97,2
63,82,6
296,169,223
22,294,263
135,184
33,207
131
25,267,167
217,139,114,257
21,100,64,175,232,40
274,233,5
99,157
211,128,197
101,153,46
130,141,178,165
28,129,30,163
20,264,301,266
95,285
216,80,225,18
219,113,254,221
120,52,16,124
258,208
93,104
251,35,10
39,220
260,228,38
58,160,278,234
265,159
60,253,180,152,78
24,280
241,49
133,244
121,3
295,200,37,107
57,148
227,117,156,147,72
54,11,150,155
55,305,277
86,76
91,202
290,118,188
109,271
291,196,162
132,166,191,45
218,0,90
205,273,119
214,145,96
137,195,245
161,51,65,143
106,187,154,70
23,115,303,17,19,43,47
53,79
67,242,34,61,224,36
292,226,7
173,231,276
201,183,235,44
193,9
261,112,140
192,62
247,189,142,122
288,182
111,186
302,116,144
125,259,170,42
105
26,289,297,270
246,252
56,108,69
198,98,272
136,304,168
243,103,249,248,250
256,88,77
None
reading, running, checking time: 510 ms