Yes
80,33,41
295,159,86,327
139,27,304,99,208
222,243
23,231
104,237
81,195
291
124
216,39
10,274,158,79
119,239,232,45
129,108,149
265,109,66
290,252,180,87
309,328
137,240,48
130,4,202,152,233
292,248,64
138,101,6
167,308,271,90,156
53,35,115,17
29,230
127,63,207,169
247,246
213,223,31,75
128,50,300,305,182,146,70
21,298,193
294,178
172,205,144
289,227
317,118,61,187
287,278,238
135,270,145,126
293
136,69
212,26,324
183,55,228,272,72
204
190,91,322,1,263
170,258,321,260
211,22,181,76
319
266,54
218,84
166,65,310,160,147
198,254,249
85,162,19,113
131,25,189,143,224
318,37,68,220
280,301,2
229
284,242,273,82
184,163,267
3,175,250,9
179,46,77
59,32,185,151,148
28,141,176,14,157,40
8,323
132,199,62
56,201,38,161
268,296,0,97
217,214,285,245,43,71
313,89,225
276,83,36,314,155,206
58,140
210,134,302,107
122,307,34,168,49
94,325,329
219,177
288,103,116
269,15,142,209,47
283,312,197,73
192,30,186,236
105,60,316,117
194,5
13,67,42
93,261
24,299
171,191,121
200
7,303,98,203
256,78,112,277
215,174,226,257
286,125,255,11
57,259
52,315,92,44
253,235
123,16
165,20,282,234
164,241,154
264,196,150
110,306,244,100,251,88,111
297,106,153,74
120,51,311,12,18
133,114,173,320,279
221
95,281,102,330,275
262,326
188,96
reading, running, checking time: 538 ms