Yes
53,102,160
217,178,272,278,109
261,194,247,74
259,295,186,17,18
251,185,120
298,319,119,182
241,88,15
296,254,106
275,304,38
195,180,11,277,79
223,110
30,202,227,169
216
27,231
314,226,100,13,9,78
303,39,312,149
281,89,249,148
135,198,42
287,199,85,65,220
35,191,190,315,165,44
144
134,73
56,184,82
285,255,70,222
215,258,179,143,232
164,240,175
291,115,230,280
214,260,306,156,124
137,263,51,37
8,193
57,279,181,12,262
177,145
245,163,225,126
91,138,23,0,6
93,268
21,155
265,104,236
147,43
128,77
129,146,242
54,203,221,41
118,60,68,96
174,49
3,125,64,321
16
162,300,103
294,99,235,233,76
133,58,293,274
127,107,48,86
309,45,320
59,257,4
266
130,66,62
243,166,122
305,98,142
210,55
2,311
176,113
131,207
153
158
87,270,159,208
218,152,238
299,234
276,187
284,40,47
211,307,170
95,246,150
229,114,250,237
157
139,22,292,75
29,308,301,63,83,201
253,168,14,239
313,271,71,154
80,244,33,252,192
286,317,273
267,108
10,112,32
310,188,189
81,248,61
283,101,90,72
197,97
121,34,205
26,28,46,123
282,52,290,224,172
183
69,67,151,36,116
136,322,140
212,288,117
167
94,264,206,31,1
219,289,318,316,256
213,5,200,204
24,20,171,302,111
297,7
84,228,19
25,209
50,141
92,105,173,196
269,132,161
reading, running, checking time: 600 ms