Yes
49,200
303,34,173
132,285,7,247,315
174,307,155,321,9
133,28,296,266
94
198,39
125,54,299
192,185,142
213,167,97
222,199,250,327,75
300
80,91,279
83,160,163,46,323
289,58,298,305,36
175,153,203
209,71
229,90,86,79
191,3,278,96
217,139,166,43
113,140
193,169,272
308,171,158
274,244,16,144
294,201,242,63,77
194,311
212,151
309,146
187
211,195,33,67,205
256,245,258,11,10
275,119,37
29,259
138,129,319,110,118
216,287,233,42
25,101,248,226,152
224
107,8,156,73
246,14,231
223,264
68
182,239
23,69,253
215,168
210,64
137,30,40
177,252,230,207,47
284,84,204,74
127,51,312,188,148
55,112,82,313,202
88
15,124
183,290,196,234,149
165,268,241,320,145
13,255,232
219,293,179
50,100
26,292,150
130,57,310,306
162,53,109,178,184,114
228,103,221
269,322,120,126
27,172,170
134,5,143
267,297,157
304,2
81,180
102,251,4
128,147,220,19,76
276,18,273,236
283,60
280,227,176,238,154
136,32,65,317,206
38,288
106,316,325
282,121,161,72,98
260,12
35,99,159,324
302,240
122,85,66,48,1
214,20,270
141,326
301,181
265,115,243,45
123,164,208,70
95,281,295,277
93,318,186,17,31
21,0,197,237
131,117,108,314
190,44
286,263,6,225,92
189,116
22,52,104
24,56,105
218,261,41
87,111
59,291,254,61,235
257,78
135,89,271,262
249,62
reading, running, checking time: 660 ms