Yes
216,14
312,246,94,324
285,11
283,115
210,240,228,111,41
167,177,185
27,296,87,243,184
171,116,224
55,181,124
269,162
180,117,232
212,107,202
265,318,301
52,250,254,144
93,143,40,328,71,326
218,37,188,118
190,231,203
193,112,307,208
319,315,235
206,151,146
17,325,329
244,278,79,89
53,19
137,306,163,262
187,42
22,282,96
222,8,292,221,229,2,47
16
30,5
135,99
276,192
308
23,103,170,46
136,195,272,311
302,303,304,74
25,166,142
57,194
127,259,200,227
58,257,86
220,13,152,36
12
28,239,45,126
39,275,159,123
263,150,141
139,121,245,156
155
214,33,173,320
20,32,157,322
50,100,189
164,205,207
295,78
134,56,273,148,72
160,70
138,21,293,67,179
183
223,84
129,299,248,233
289,61,316,98
125,80,69,253
264,15,237,323
215,130,255,172,168
294,291,102,105,258,147
140,101,252,44
92
286,174,175
34,63,186,90
271,18
133,119,68,49
165,230
317,81,145,60
85,288
29,314,6,48
95,279,270
199,226,88,97,277
213,4,109,176
77,76
309,178,10,62
247,154,204
284,161,197
104,153
128,59,158,238,122
260,201,191,280,1
219,131,0,274,7,64
211,54,241,43,321
83,9,73
298,110,65
26,256,249,113
261,38,196,209
297,82,3,242,327,169
24,268,91,66
281,234,266
132,287,225
290
313,51,251
305
108,114
217,300,236,75
267,120
198,310,31,35,106,182,149
None
reading, running, checking time: 545 ms