Yes
219,10,302
312,38,97
128,78,111
279,166,231,143
50,300,93,155
286,319,322
301,232
164,327,145
131,119,34,253
45,87,320,47
21,228
262,200,303,273,71
288,221
260,177,167,157,235
249,121,267
215,138,196,202,36,329
51,165,174,140
299,204
268,199,256,305,238,46,203
22,129,162,159,237
258,182
52,85,6,18
19
265,317,328
108,62
225,330
193,7,105,40
29
306,70,82,239,96
58,185,169,86
181,14,236,73
170,175
209,187,154
289,274,242
211,134,318,112,226,100,316
309,234
213,8,104,64,313,326
201,254,158
113,12,15,156
297,178,220
139,151,230,84,9
127,81,233,183,276
285,275,257,186
103,114
4,195,49
120,172,35,107,76,68
55,60,208,205
240,243,63
57,227,43,41
192,74
23,42,77
24,176,109,125
39,184,116
287,247,229
135,292,61
26,278,307,331,1
255,161
264,150
27,110,206,144
123
282,248,246,149,48
80
124,314,321
0,173,163,315,88,75
217,198,251,13,152,323
281,296,89,308,106,94,83
207,179
271,223
160,311,252
25,102,324,325
33,171
28,266,259,65
91,20,146
137,298,118,101
295,115,153,5
212,92,11
216,188,67,126
168,2,261
31
280
290,189,98,90
291,272
56,241,142
218,72
210,294,304,66
141,30
117,147
214,133,53,293
222
37,99,148,79,263
269,191
122,3
283,59,54,244
95,32
136,224,270
190,180,17,44
130,132,69,310,277
284,250
245,194,197,16
None
reading, running, checking time: 657 ms