Yes
287,150
295,311,307,118
312,225,159
135,122,90,271,88
272,7,322
54,296,38,277
85,235,79
133,20,268,69
170
274,234,142
285,318,247,11
220,201,102,103,321
264,51,35,257,9
165,325,208,2
302,187,197,227,149
283,315,162,14
216,115,81
319,113,152
76,68
211,136,261
185,66,5
218,223,194
63,297,84,105
294,151,61,275
212,131,56,45,146
93,3,253,147,75
192,8
180
127,138
128,290
120
137,154,16
259,155
309,171,167
59,306,108,65
241
28,64,6,43
210,111
104,186,72,267
82,300,301,46
265,226,246
125,58,87,188,126
291,116,178,86,144
164,304,32,10,169
313,21,244
222
112
251,140,49
100,148,73
177
228,308,303,189,273
284,262,80
134,139,281,317,97
288,233
172,96,36,266
110,145,255,141
200,256,121
298,15,40
23,206,70
22,282,278,232,47
168,67,83,276
199,310,193
129,316
101,33,205,12,44
130,245,94,320
286,158,323,77,1
173,209,175
57,39,99,98,326
106,196,156
215,29,55,50,179
289,198,231,240
292,242
182,163,42
107,60
0,248,153,270
124,252,19,18,143,62
91,174,236,41
279,250,328
260,221,229,13
181,238,203
249,183
217,26,293
132,37
299,160,230
214,176,31,184,329
25,327
195,202
243,191,224,207
24,263,30,314,157
161,239,324,78
52,114,305,34
4,190,204
95,117,166,109,89
280,237
219,27,254,123,71
53,48
213,269,74
119,92,258,17
None
None
reading, running, checking time: 627 ms