Yes
56,271,321
57,297,292,234,76
177,159
210,53,6,5
121,83,338,161,327
269,45,70
59
7,312,204,82,207
103,18,314
274,71,1
135,261,69,257,98,209,67
137,141,252,279,77
285,195,104,94,155
119
284,243,335,10
58,273,78
216,173,170,65,188
89,240,147
198,251,49
319,46,126
302,62,43
120,194,276,84,304,206
264,3,334
132,315,19,280
27,64,0,158,113
166,162,329,74,262
185,79
107,145,106,189,118
127,260,68,250,36
101,246,93,186,75
55
151,157,96
8,253,224
333,44
226,300,301,332,112
214,124,254
128,85,233
272,277,303,165
92,187
38
289,291,200,88
23,190,236
172,245,228,163,156
212,20,61,181,326
196,15
109,33,60
293,114,241,32,97
25,258,66
28,80,176,11,154
29,225,17,42,73
283,164,205
108,282,116
215,87,244,317,169,142
41
95,54,193
100,337,256,148,2,266
115,175
160,295,324
133,286,50,182,180,223
211,268,99
24,340,86,171,153
275,249,150
219,139,306,208
22,290,48
21
117
138,265,307,322
26,174,263
294,323,122
30,47
218,136,318,330
288,230,149
309,247,320
125,52,305,248,227
37,235,202
217,299,146,313
31,35,203,229
134,51,12,13,110
296,242,325,143
213,281,183,298,90
287,140,34,197,144
39,328
199,102,336,221
310,231,232
131,4,179,16
278,81,201,267
339,238,237,72,270
129,192,255,184
167
178,123,9
222,220,316,308,111
259,14
91,331,40
311,105,168,152
130,63
191,239
None
None
None
None
reading, running, checking time: 644 ms