Yes
280,178
122,266,293,276,62,16
94,107,174,279,147
252,186,185,163
214,236
128,30,238,86
286,167,181,322
288,268,50
101,32
216,200,76
97,294,309,324
22,197,10
54,207,96
24,175,168
189
219,263
87,7,102,310,5
44,149
135,311,253,8,205
66
127,95,65,13
80
332
20,237,112
289,187
304,39,334,150,320
218,153,40
52,109,243,202,277
130,84,93,124,125
81,115,105,68
28,270,255
281,227,259,295,330
217,131,56,51,203,14
318,256,38,201
231,193,151,235,43
313,156
210,133,25,110
169
126,228,306,328
119,0,140
285,17
226,204,278,143
269,117,321
164,333
89,103,190,162
23,262
296,34,173,275
327,329,72
33
27,300
146,114,273
282,308,249
215,64,99,18,74
223,245,73
108,144
98
316,171,206
83,45
248,180
42,26,192,75
137,121,264,3,191
184
136,307,182,90,46,142
165,21,254,106,104
267,158,116
211,284,111,141,303
299,88
152
195,170,230,41
265,305,4
312,155,100,261
247,177,194,160
290,31,1
138,129,292,315,60
132,291,242,258,79
297,179
59,82,244,12
134,6,77,260
220,48
176,224,157,36,325,326
287,331,274,120
85,154,145,208
302,37,35,118
283,69,198,221
213,166,2,91,49
113,67
212,233,47
139,271
319
272,335,250,78,71
29,58,172,301,70,323
183,241,63,92,11,232
298,239,234
57,317,61,257,222,314
53,196,225,9,148
251,240,336,229
123,55,246,161,159,209
199,15,19,188
None
None
reading, running, checking time: 748 ms