Yes
291,245,37
132,255,158,100
215,281
4,101,221
165,206
210,284,32,46
292,105,288
178,14
266,55,192,151,159
219,42,320
295,87
133,91,183,188
29,238,321,279
174,184
294,92,148
302,333,83
290,170,47,267
7,167
120,54
269,228,114,88,241,5,71
311,10,277,323
211,198,172
317,330,66
84,203,224,73
126
136
336,17,49
296,110
51,240,19
22,129,115,193,225,40
256,271
131,264,199
95,134,304,76
162,232,9
80,169
177,48
3,300,33,205
173,223
119
276,117,123
85,30
138,319,113,332,202
121,297,18,75
0,298,244,242,116
93,247,337,61,257
68,70
195,164,163,154,230
227,64,249,144
289,99,152
150,74,234
306,78
315,252
278,185,204
283,161,86
226,273,307,310
34,8,155,327,96
128,308
274,220,15,82
56,324,79
314
50,53
25,190,176,313,187,200
285,303,38,6,168,89
94,109,186
141,250,191
137,260,299,243,175
318,147,102,104,182
214,305,149
130,24,181,143
57,90
27,97,231
248,12
13,194,171,208,67,112,263
286,124,301,312,316
21,280,251,140,270,326
26,62,209
28,201,328
166,146
275,60,69,43
216,265,189,233
218,11
135,325,262
23,107,322
196,98,16
212,258,153,329
58,108,236,72
254,222,145,41
63,118,35,335
213,77
20,268,39,125
106,331,65,2
156,272
122,207,180,44
282,59,259,160
246,1
197,309,103,157,36
217,293,229,261,111
287,179,235,142
127,139,52,81,334
31,253,239,237,45
reading, running, checking time: 766 ms