Yes
135,101,2
289,198,140,107,42
139,294,149,161
127,106,66,157
257,152,158,78,201
287,264,11,76
122,242,239
159,233,141
4,200
50,33,65
255,39,151
27,271,144
94,206,5
22,207
246,263,150,48,41,126
293,260
21,266,187
23,57,13
128,45
274,104,229
52,98,231
269,32,31
296,247,99
24,286,108,103
97,1
9
118,145,89
176
215,228,105,14
295,84,85,181
25,26,279,60
232
299,276,184
172
284,208,70,47
116,46,44
120,249,178
124,30,16,113
185,168,236
110,278
10,102,156,74
218
297,253
199,67
93,230,205,267
245,61,119
58,190
167,92
268,63
146,12,111,148,154
29,38,49
95,171,142,71
214,80
86,209
131,88,300,182,222
138,55,302,69,254
134
174,225,83
288,115,258
133,136,82,241,125
211,192,179,6,220
290,186
240,175,170,204,73
277,114,221,164,238
212,281,252,112
285,189,100
180,163
173,237,203
137,183,223,75
91,244
3
224,270,77
28,292,64,90
283,191,251
54,194,272,153
217,265,87,62
147,226,250
195
216,193,275
19,143
196,177,169,261
210,96
20,262,123,243,0,17
280,7,37
298
227,301,109,121
166,43,79
219,132,56,72
59,53,8,162,36
15,155,235,234
291,68,40
130,129,259
51,197
165,248,18
282,256,273
35,117
213,81,188,202
34,160
None
None
reading, running, checking time: 530 ms