Yes
134,21,93
51,292
210
281,8,319,305,36
23,28,308,303,39
267,30
135,160,187,224
29,286,265,14
22,313,192,156,86
185,110,74
215,138,240
218,131,67
276,118,197,221,203
181,142,232
99,72
123,150
63,188,227
220,62
65
307,191,239,87
272,80,38,158
85,152
290,270,81,167,12
24,289,179,146
130,25,322,5,145
241,170,189,13
34,148
20,169
82,194,153
219,293,103
120,89,243,171,168,206
261,268,299
2,41
255,77
301,143
55,172,263
58,202
26,69,177,111,238,235
275,225,46
277,254,144
106,113,200
285,128,318,104
199,15,40,207
97,164,173,196,320
295,105,236
3
217,260,112,230,44
56,84,108
216,100,19
147,256
95,129,161
213,136,248,228,49
316,1
96,35,223,279,205
37,90
91
57,246,252
264,306,76
101,61,184,278
119,32,0,117,149
139,262,226,309,178,6
214,127
59,54,162,98,321
212,33,249,233,71
133,284,291,195
4,75
312,258,155,126
311,125,17
183,83,186
296,297,31
190,18,159
175,165,280
310,273
132,116
288,283,9,73,124
27,52,114,79,121
294,231,42
245,314
242,48
137,315,115,16,122
211,222,198,271,247,11
53,259,7
287,50,70,193,45
300,94,250,251,157
269,253,208
282,66,154
141,237
266,92,244
140,102,68
304,10,43
302,176,209,78
166,298,151
174,204
64
107,163
88,182,180,229,47
60,257,234
317,274,109,201
None
None
reading, running, checking time: 550 ms