Yes
32,178,154
298,329,316,164
273,146,249,308
137,179,313
15,217,261
10,221,5
148,68
198,274,144,64
34,339,69,160
106,338,282,265
98,134,23,168,281,63
4,266
195,41
185,209,223
143,127,253
275,38,248,67,116,150
84
277,8
190,26,312,117
237,139,27
333,79,47
290,170,300,49
24,16
314,216
37,25,184,320,324,306
136,165
270,285
295,245,201
181,189
166,9
328,72,213,226
29,310,307
297,108,247
193,326
115
104,337,322,305
20,125,311,280,287,119
162,214,54,153,155
39,236
292,95,80,206,70,169
147,86,321,289
334,173,120,111
342,76
17,255,288,110
194,135,210,220
36,335,187,301,227
343,2,224,48
331,246,256,113
197,332,318
128,151,40
272,319,61
241,251,229,228
231,174,161,118
232,18,56,53
258,57,156
296,325,225
19,73,219,114
102,11,129,218,157
28,7,204,123
293,199,283
279,330,138,88
278,238,77,167
149,75,212
235,1,126,45
92,22,180,205,315,309
33,130,65
299,101,239,171
0,250,262,50
340,294,240,215,44
341,100,131,78
103,94,96
91,93
82,327,122
140,177,252,304,158,112
196,141,55,51
35,85,203,286
145,142,207,208
317,58
172,323,3
276,269
105,90,87,211,263
107,62,284,267
230,163
233,257,303,43
271,133,268
99,175,14,59
264,52
192,83
132,302
291,21,186
121
97,234
89,244,159,46
336,183,202,124,42
81,176,12,74,71
31,243,60,66,222,152
188,254
109,6,242,182,200
191,30,13,259,260
None
reading, running, checking time: 595 ms