Yes
293,189,224
308,257,111
116,152,206
26,286,278,243,99,76
86,34,227,203
213,304,197,110,322
93,56,194,181
4,268,298,105,192
59,166
242,175,169,9
195,107
214,54,234,231
140,220,79,121
29,315,321
161
139,284
130,52,103
299,319,193,225,47
178,98
174,229,239,280
122
23,112,170,182
313,11,46,70,126
28,55,295
264,33,83,72
69
283,164,81,36,236
141
306,176,256,148
265,230
160,31,153,48,149
120,84,303,277
128,39,42
288,187,144
312,263
287,291,171,156,71
53,80,309,273
260,65,184,238,235
19,113,73
67,100,205
219,300
16,22,129,233
294,45,40
292,255,317
115,117
269,276,92,246,253
262,251
279
134,275,248
1
138,289,272,158
250,179
85,244
240,143,49,204
0,108,252
216,78,131
281,101,6
114,221
27,296,290,172,35
210,21
307,38
61,168
200,32,310,151
127,301,118
297
157,237
8,104,147,207
123,305,30,232,146,261
173,226,94
125,186,142
135,163,314,5
217,63,106,185,320
201,12
87,119,208
223
215,222,191,37,82
7,89
177,247
136,25,285,282
258,162,202,97
302,96,17
267,41
274,167,18,77
199,66,15
137
133,88,188
132,245,209
95,91,58,249,183,159
196,90,44,124
51,190,60,74,154
62,316,165,75,2
218,102,150
20,198,109,241,155
211,311,64,68,43
57,180,13,14,271
212,50,3,145
10,259,270,254
24,318,228,266
None
None
reading, running, checking time: 590 ms