Yes
196,18
174,234,49
160,289,81,6
67
275,207,150,74
165,172,166
276,147
103
26,227,173,71,79
210,69,104
29,302,151
53,306,176,181,179
268,155,236,328,205,148
285,57,240
190,315,34
24,284,123,256
219,141,171,321
298,300,322,201
265,319,107
122,68,140
33,180,310
27,21,186,90
135,59,86,255,305,206,73
202,157,267,125
286,269,30,66
84,278,208
51,303,163,121
136,243,101
244,228,270
85,307,249,114,272
299,100,246,98,261
222,11,62,279,16
129,168,75
130,238
164,224,220,72
8,128,117
318,37,65,0,221
138,253,191,76
95,258,250,182,113,9
288,7,280,42
134,83,193
54,38
156,46,126
133,292,12,154,233
39,237
282,87,48,89
287,314
162,332,178,112,36
294,82,32
216,199,3,102,110
153,235,1
213,111,64,326
277,187,149
137,105,259
317,41
198,242
15,88
55,177
45
131,296,175
262,56,146,245,327
35
295,40,325
266,308,316,44
161,323,144
159,118,145,70
331,60,203
124,257,189,152,329
19,239,230,263
313,97
217,25,311,232
192,61,226
127,31,320
115,142,91,116,158
197,223
225,10,274,43
132,283
120,93,241,194,324,209
28,281,254,170,271
214,22,23,293,99,17,96
14,200,229
252,251,260
264,143
273,169,5
4,109,92,167
13,63
2
218,297,185
80,309,78
211,47
50,231,304
301,248,330,204
52,247,94
184,119
20,58,290
215,139,195,312
291,106,188
212,183,108,77
None
None
reading, running, checking time: 625 ms