Yes
51,199,102,254
23,270,93,123
250,181,75
221
111,257,13,67
42,155
134,61
214,113
30,255,311,233
200,31,162,209
306
267,57
285,165,78
146,185,189,169,205
222,296,194,225,230
59
131,178,116,262
110,186,220
253,1,144
260,291,276,5
289,206,69,48
54,183,235
218,197,203,45
58,224,207,71
133,27,258,90
252,115,46
25,99
56,303
215,127,53,231,259
287,39,158
10,295,145,0
28,128,109,66,153
266,191,251,302
130,226,184,228
176,274,79
272,188,36,234
20,95,290
26,141
180,2,124
89,147
166,52
6,92,17,40
192
217,63,173,167,168
108,106,16
138,301,245,14
50,279
284,140,308,105,37,11
281,38,19
265
288,107
24,98,148
29,223
136,21,202
293,88,12,86
248,70
213,55,309,280,68
211,247,49
195,190,305,34,9
269,294,244,112
264
310,82,243,177
97,193,273
241,62
3,300,18
129,100
35,246,160,60,72
65,174,208
91,238
249,41
132,297,161
268,198,15,236
299,118,237,43
114
171,159
261,196
22,143
304,240,163,117,263
139,8,121,80
283,4,126
151,187,277
175,182,149
103,275
216
84,96
142,229,83
212,81,73
210,119,164
271,33,94
170,242,101,172,87
282,204,201,76
137,307,74
292,239
120,7,157,156
135,85,152
32,179,44,77
227,298,104,150
64,278,47,125
219,232
286,256,154,122
reading, running, checking time: 595 ms