Yes
289,96
26,224,86
131,200,245
52,270,141,103
294,109
15
244,11
195,14
143
118,263,261
287,183,257
10,12
293,194,48,149,77
218,260
284,299
215,28,7,173
51,81,66
314
126
120,311
213,24,167,46,147
58,62,272,76
30,248,237
122,297,247,72
106,182,267
137,23,285,100,290,97
216,255
57,114
292
184,235,232,42,75
132,205
127,16
301,304,117
286,231,108
29,280,105,170,180
198,196,176,98,277
305,188,154
25,152,78
91,174,33,31
27,125,17,45,73,266
160,44
128,197,288,234
121,69
226,61
133,169
164,168,13
8,6
111,302,35
135,49,206
178,219,291,271,83
210,82
273,208
53,116,89
179,310,228,112,36,5,262
163,199,161
19,236
212,138,307,159
4,165,282
140,241,64,47
220
54,254,303,155,146,203
185,39,222
175,239,233
252,144
85,104,99,40,70
22,88,251,253,41
92,38,1
162,313,279
32,60
130,258,296,189
21,209
268,192,276,113
20,93,242,225
3,243,187,148
300,37,250
264,274
50,124,67,227
0,275,18
102
166,55,119,171,230
211,129,256,107
214,157,2
94,309
283,306,110,158
134,193,259,172
59,186,151,204
71
281,190,308,201
123,265
95,84,229,221,150
139,56,80,101,9
217,312,153,145
298,87,249,246,43,207,74
269,191,278
238
295,240,65
136,177,34,223,79
115,68,181,202,142
63,90,156
None
reading, running, checking time: 590 ms