Yes
11
113
285,172,227
128,293,290,115
159
135,86,67
112,304,200,148,74
131,288,206
213,211,75
243,116
137,274,263
58,247
120,266,160
147,275
139,254,301,38,32
219,8,286,279,117,41
69,89
14,54,71
124,242,221,97
164,87,114,171,18
33,30,184,233,149,267
287,37,203,49
226,65
29,57,230
141
23,283,51,237,70
176,234,236
55,209,105
268,192,142
10,107,256
25,0,282,7,175
223,177,151
264,241
215,295,101,251
92,155
20,53,144
123,198,106,158
292
118
255,111
134,257,156,40
182,231
94,36
294,302,2,189
229
281,108,143
309,259,99,205
127,91,3,12
270
126
133,59,196,186
110,188,6,150,157
252
81,84,13,153,201
183
146,193,305,248,48
261,297,300,66,224
136,39,220,152
197,162,44
31,43,96,122
138,22,190
168,15,262
130,95
129,1
214,163,166
50,258,47
119,240,78,76
132
80,308,306
289
217,174,169
199,195,140,246,154
260,125
299,273
170,19,45,145
52,307,245,250,180
27,272,104,278
28,181
34,222,249,165,277,232
194,191,103
82,109,178,204,9
21,185,167,90,46,72
212,42,83
218,93,88
24,85,187,17,207
35,60,202
5
291,179,98,228,239
56,303
284,61
121,64,253,238
173,102,77
216
296,271,16,225,79
4,265,298
26,68,62,276
244
210,100,161,73
269,235,280,208
63
reading, running, checking time: 449 ms