Yes
35,45
273,209
137,111
227,21,168,161,143,146
182,141
323,324,204
198,7,250
217,290,231,1
214,51,117,321
269,309
23,85,38,170,277
288,283,123,223,276
249,181,327
63,178,176,114
165,39,151
222,106,232
52,3,245,30,149,74
216,177,109,42
212,311,225,144,96
305,101,157
55,291,93,2
113,241,103
84,107,77
139,263,56,228,91
62,238,120
134,94,97
153
27,183,173,37,258
219,25,57,82,203
155,230,205,78
167,46
9
108,125
4,50,240,325
22,102,246,122
261
272,31,160,41
199,310,303,15
211,295,81,175,72
298
215
296,255,274,237
289,142,90,44
284,171,116,158
286,197,226,154
294,271,68
280,287,162,17
265,99,315
210,105,11
281,285,156
19,75
164,192,80,243,10,322
104,247,66,88,150
316,282,5
190
299,259
135,234
112,152
73
130,95,121,200,301,239,83
207,185,186
59,308,110,16
29,266,191,33
133,292,87,206,326
138,236,48
24,69,244,188,147,208
248,32
61,65
166,319,184,270,124
218,267,60,36
20,58
128,193
264,297,43,126
136,119,262
127,100,224,220
194,34,253
132,47
268,115,196,229
242,18,278
318
300,302,174
163,201,195,254
252,317
28,86,79
293,92,312,67
131,40,145
26,8,233,70
53,189,49,169
304
14,279,256,12
129,257,64,13,71
260,0,314,89
306,221,140
213,313,180
202,6,98
251,179,159
307,187,76
54,172,118
275,235,320,148
None
reading, running, checking time: 540 ms