Yes
307,321,148
295
268,134,304,182,144
24,55,105
269,111,175
198,1
128,62,82,142
164,271,46
42,31,221
301,195
266,248,117
90,35,34
165,177,103,60,48
210,0,317,322
132,294,330,238
139,8,245,188
306,241,37,150,278
211,219,133,299,170,147
311,12
191,325,125
18,151,86
7,303,243,320,208
216,29,109,246,44,45
124,53,115,279,64,196
23,222,99,280,49
262,264,236,74,121
215,257
213,200,247,224,314
202,220,209
4,285,122,58,290,329
57,106,16,207
104
50,54,146,141
185,190,233
94,71
137,67,14
26,36
212,22,95,153
254,255,229,230,326,76,261
281,327
289,291,237,126
178,318,143,2
85,300,77
284,102,251
218,239
293,189,78
123,113,308,161
242,263,234,324
91
160,28,265,98,169
288,231,310,162
244,30,277
80,140
214,56,240,17
275,84,252
136,256,312,79
118,10,41,9
135,88,249
292,316,309,267
283,319,152,155
119,250,61
313,100,68
38,176,184,228
286,3,158
192,201
87,93
114,69,107,15
129,179
27,187,226,156,272,72
297,223,193,235,96
39,172,168,73
51,205
167,81
206,258,253,157
138,183,171,149
20,199,227,270
282,13,232
120,112,203,47,276
66,225
217,21
296,6,180
25,181,11
302,186,97,116
40
127,163,43,204,75
166,92,298,315
273,260,89
287,5,328
174,33,108,65,19
52,101,32
323
130,173
59,197,305
131,154,83,145
63,110
194,259,70
274,159
None
None
None
reading, running, checking time: 497 ms