Yes
132,307,221,99,169
133,311,7,141
284,104,162,203
268,248,64,280,70
212,131,83,81
214,223,282,58,63,15,232
54,181
278
288,56,198,304
292,291,190,105,18
55,125,180
168,16,94,9,71
257,239,41
201,275,204,270
219,130,242,253,118,205
301,241,106
231,14,113,234
57,122
76,279
222,79
183,251,177,303,96,46
137,89
286,315
107
227,68
217,29
274,243,111,44,277
199,173,185,175
109
258
283,31,45
129,296
22,276,156,49
179,98
53,272,312,152,78
309,256,19
150,5
124,147,90
59,34,91,236
176,1
139,17,314,47
189,246
195,313,74
69,295,103
310,202
210,32,273
250,247
163,238
184
281,261,92,143
108,229,48
290,75
211,269,33,267
60,146,154,263
302,126
119,66,249,2
166,164,194,191,226,186
245,240,67
138,20,289,287
134,82,174
151,144
123,112
298,207
50,244,65,110
120,306,255,197,157,230
28,114,153,200
196,155,237,148
117,102
95,265,73
299,235,86
224
4,192,187,161
52,80,178,0
26,266,294
6,43
121,11
115,100,142
87,252,160
128,84,12,159
213,36,35
216,182,93,225
264,140,3,259,233
308,37
254,30
293
24,23,297,85,97,149
215,165,88
170,305,220,260,262
8,116,38
25,193,208
39,171,145,10,77,72
218,21,188,13,42
51,27,101,209
172,228,158
135,285,206,271
127,167
136,300,61,40
62
None
None
reading, running, checking time: 536 ms