Yes
228,185,200,148,234
61,112,90
244,242,48
285,296,99,230
269,297,295,201,231
287,158
184,186,14,118
197,247,92
32,2,124
54,80,85,107
81,162,1
91,58,255
69,50,155
213,27,278
283,260,100
122,165,10
215,22,121,110,17,126
130,108,167,253
150
216,132,271,232
160
70,237
170,238,75
291,226,202,262
268,6
292,196,97
151,65,220,159,149
134,125,243,188,157,239
101
288,13,5
87,73
236
166,25,270,102,9
286,30,66
138,163,146
279,205
211
98
96,191,47
141,178,84,74
274
139,299,82,153
219,39,203
26,245,204
127,293,252
281,52,298
190,169,144
176,83
63,195,258,256
140,7,168,116,209
4
156,154
53,240,249
284,229
93
64
189,11
241,38,41
147,19,143
218,59,68
131,16
135,301,304
264,119,34,49
289,250
28,51,290,103
35,164
172,60,233,12
55,72
128,40
0,104,224,206
136,183,120,62
23,95,267,259,275
198,273,254,300
133,57,192,207
173,171,179
94,31,76
182,42
227,180,18
137,174,33,272,71
208
56,251,248,261,142
37,89,161
29,111
294
45,123
212
210,8,152
277,222,36,235,79
263,199,88,109,181,221
214,265,145,78
24,20,257
276,105,86,77
280,67,246
3,175,117,46
217,129,194,114
187,282,15
193,223,113,43
115,225,266
302,303,177,44
21,106
reading, running, checking time: 458 ms