Yes
87,317,275
110,32,258,8,94
245,248,96,36
93,322,142
280,61,17,77
132,190,244,222,73
289,162,154
282
58,273
20,158,9
10,124,128,113,257
138,271,102,35,204,153
217,193,164
54,318
63,108
165,39,167
188,42
253,238,75
178,52,1
308,233
315,303,101,232
30,173,40
122,246,12
234,224
189,239
26,81,160,324
264,107,18
265,200,327,328,143
262,205,250
33,171
291,80,263,97
287,65
50,2
135,22
286,13,229,78
261
23,195,34
56
281,119,186,11,116
137,146,274,123
139,120,260,272
216,226,231,49,118
228
29,237,79
69,252,235
214,198,3,304,175
182,15
24,242,174,201,72,125
236,141
247
159,148
243
130,170,67,99
197,7,60,19,150
85,37,323,209
313,299,6
59,295,196,121
53,292,114,259,311,48,126
215,255
136,57
82,309,14,68
219,86,89
210,206,176,225,267
111
172
129,278
0,301,16,325
297,240,181,185,144
269,194,203,140,149,76
249,64,220,66,117
131,112,179,74
266,290,319
211,199,202
187,115,71
300,302,152,320
105
55,177,47
38,90
268,88,256,221
134,127,307,45
305,288
207,109,312,156,62
184,277,279,230,145
227,163,147
104
27,283,92,43,41
51,192,306
212,21,44,329,270
4,254,241,169
91,155,46
285,31,183,98
100,106,5
218,133,25,191,103
284,180,151,208
310,316,326
84,166
95,28,296,294,293,83,321
157,161
251,168
213,223,298,70,314,276
reading, running, checking time: 514 ms