Yes
240,157,40,204
80,7,271
300,103,105,160,49,77
283,92,145,141
63,308,180,82,67
214,28,106
21,87,243
255,247,100,237
312,190
223,146,206,165,79
84,279
162,202
23,142
129,221,140,71
248,224
257,102,88,152
262,104
265,69,166,229
131,192,169
217,294,241,15
147
314,61,41
11
32,108,70,97,163,117
281,268,297,246
215,171
137,91,198,38,30,16
197
220
132,52
124,288,153,43
263,296,311,276,151,2
254,143,274
167
285,59,253,230,74
210,307,89
195,277,236
95,125
22,249,196
289,60,154
134,101,37,6,46
50,272,1
133,66,175
199,120
286,183,18,155,159,208
54,109,185
26,29,260
13,245,144
209
111,17
24,39,172
189,227,234,280,119,42
298,226,75
85,62
193,231,203
58,33,252,45
34,194,149
8,259
99,98,275
164,256,65
222,309,150
126,31,76
182
83
112,302,177,113
219,269
187,78,261
25,128,310,36,48
123,266,174,116
292,118,250,44
290,305,239,94
136,301,232
27,191,14,238
212,127,57,86,188
135,284,161
225,264,299,3
20,10,291,176
53,114,168,158
242,35,64,90
270,110
81,258,72
211,0,184,12,73
216,304,156
170
139,55
5,121
4,179,200
228,9,47
251,19,235
130,293,273
244,173,68
303
287,295,313,115,267
218,186,201
213,122,178
138,56,107,93,148
282,306,181,205
51,278,207,96,233
None
None
reading, running, checking time: 582 ms