Yes
72,71,63,116
230,214,285,265
334,210
279,31,86,67
338,234,24,205,289,282
108,100,82,264,47
38,142,280,118
198,98,14,126,261,53
147,179
247,50,83
162,284
141,189,16
296,104,327,258,122,251
26,77,313,57
277,178,309
148,68,266,259
207,315
274,92,22,23,314
272,333,281
88,203,66,156
348,194,105,30,123
149,242,155
275,4
336,25,21,175,10,69,49
298,109,113
291
345,7,65
56,226
127,164,288
99,239,208,225
91,328
35,177,326,74,302
293,2
170,17,51,220
144,143,40
11,41
278,322,317,9
97,238,248,301,304
195,70,211,267,306
103,93,228,224
346,192,252,163,216
290,135,89,64
235,246,269,115
196,139,166,213
342,6,28,181,161
299,95,180,129
186,18,75,217
341,12,323,73,253
229
197,332,305
329,316
347,310,215
237,140,307,46
102,101
233,20,150
130,240,227
107,39,96,257,160,43
33,188,206
231,29,61,219,45
297,128,300
335,330,312,283,262,114
344,36,260,152,158
191,183,308
190,236,146,254
182,256,117,159,44
271,255
343,106,232,263
321,318,119,303
34,134,76,78
273,136,124,60,168
241,173,121,3,62
295,167,212
138,84,324,55
59,111
52,110,153
137,174,185,112
0,171,204
199
94,244,151
292,337,15,268
145,245
131,87,120,5
270,81,184,13
294,85,176,319
58,42
209,165,286,157
90,1,200,311,221
340,193,79,54
37,249
133,172,250,48
218,287,222
243,125
80,154
339,331,132
8
27,223
276,32,19,325
202,169
187,320,201
None
reading, running, checking time: 637 ms