Yes
194,15,158
230,66
343,292,329
193,82,73,128,356
96,139,248
298,104,235,326,260
84,185,61,113,40
24,317,164,223
98,180,77,214
13,323
109,127,155
190,103,177,165,217,222
32,308
70,169,159
108,137,241,268,51
171,188,350
80,55
175,8,319,117,157,5
249,12,121
33,144,328,122,364,46
94,26,170,11,14,161,282
0,143,206,211,303,83
338,285,59,119
7,362,160,220
291,252,48
297,2,201,208,74
349,92,19,307,221,42
135,50,114
244,60
299,233,179,207,76,123
145,79,365,116
101,38,149,209,311,224
237,88,174,366,68,213
21,355,229
148
336,289
105,286,253,47
140,226
29,189,18,367
332,187,258
106,65,118
218
368,357,306
97,10,302
64,288,264
295,236,310,363,162,163,228
146,247,242,69,41
279,333,212,281
273,275
293,269
198,37,173
339,153
30,99,181,245
342,31,16,327,58
136,23,361
35,6,200,318,216
344,132,131,325,150
100,53,45
129
91,27,352,267
346,337,316
278,78
272,71,309,112
334,231,182,255
81,186,219,49
254,287,63,154
191,257,261
294,320,56,304
89,250,280
75,315
195,335
25,87,167,353,283
36,93,20,256
331,330,85,168,166,57
3,266,110
277,238,172
197,369,43
271,240,259,305,225
347,348,95,124
341,39,246
296,178,324,72,4
340,142,312,156
290,28,322,358
130,203,202,125
270,274,183,204
359,265,115,227
196,234,243,184
345,210
141,360,301,151,44
232,133,62,215,300
192,147,138,321,284
67,54,152
90,1,205
107,86,263
102,126,354,52
199,34,313,251
17,9,262
276,176,314
22,351,111
239,134,120
reading, running, checking time: 799 ms