Yes
80,301,62,76
337,111,77
190,250
193,231,320
292,172,167,329,71
307,18,79
330,171,0,75
267,259,35,276
217,247,239
281,297,87,44
211,146,249,196
288,300,242,101
165
56,296,294,304
132,147,227,70
265,186
214,38
59
268,103,336,221,68
263,66,311,315
134,108,203,237
284,58,52,34
131,316,98,205
298,308,74,121
258,90
128,195,11
139,83,125,149
222,285,141,306,104,235,324
192,15
175,187
264,299,84,3,64,184
260,245,6,183,1
29,286,271,254
257,46,322
338,61,31,110,278,140
129,240,151,145
117,273,143
106,17,201
53,92,177
30,168,41
107,228,72
213,317,241
289,122,230
166,50,275,277,180
127,57
173,272
269,274,33,321
331,19
305,114,229,126
319,313,185,328
4,14,42
216,21,116,43
133,78,48
194,12,40
218,25,26,119,312,112
164,20,22,93,279
303,233,118
45,208
252,99,36,73
210,69,251,270
24,238,5
39,234,144
123,170,159
67,124
47
163,150,9
130,246,65
282,109,224,220
28,244
262,318,82
51,86,182
7,179,236,148
287,266,55
54,334,333
212,253,188,200,206
181,162,88,280,323
295,335,152
223,189
137
176,198,102,37,49
291,207,153,157
23,290,154
60,202,225
160,332,120
158,326
243,161
293,197,156,204
314,309,310,339,169
136,85,302
255,105,327,325
135,81,155,2
8,91
16,232,209
113
215,138,115,94,256,142
100,63,97,96
199,174,191,95,13
178,32,248,261
27,283,10
219,226,89
reading, running, checking time: 689 ms