Yes
211,69,55
312,246,234
213,166,194,87
300,96,48
131,146,5,140
29,268,170,164,46,270
174,277,76
262,58,54
297,67,309,41
136,135,26
104,251,223,221,314,327
274,177,43,77,125
56,68
109,241,40,2
127,50,271,245,66
226,248
215,218,308,47
199,247,94,49
263,73
196,157,239,233,74
260,147,81,188,83
283,102,181
107,98,126
138,195,328
0,291,3,193,6,36
298,280
63,86,209,72
133,285,232,276
256,114
210,243,18
128,53,141,322
254,111
21,293,288,278
24,299,44
106,145,208
222,304,275
292,192,80,225,12,79
287,60
34,92,205,122
129,116,325,149
286,295,159
313,230
59,305,231
39
216,319,302,123
261,264
118,15,143
119,329
113,84,189,71
91,266,172,120
139,30,121
315,320
93,186,167
217
110,7,103,179,321
165,61,64,19
23,16
4,32,187,99,238
160,255,183,224,200
168,11,152,236
197,89,158
265,290,85,75
95
212,176,301,62
130,14,185
22,272
171,108,37
161,101,88,112
282,190,31,252
311,316,169,204
10
25,318,240,105
207,206
296,35
137
20,191,65,97,117,148
134,269,151,201
198,45,142,154
27,310,259,90
214,124,9
178,257,182,250
8,180,317,155,324
281,258
13,242,70
227,249,323
229,267
294,303,78,163,273
173,184,17,153,237
132,220,203
244,162
33
28,57,100,235
284,115,150,156,144,1
219,51,306,38,253
52,175,228,326
289,202
307,42
82,279
None
None
reading, running, checking time: 628 ms