Yes
239,87
191,270,238,19,326,83
196,274,35,185
33,6
266
330,231,57,221
192,345,183,289,284
318,66,69,260
197,84,126
340,194,139,26,85
299,292,329,313,163
184,204,61
271,93,97,75,314,263
317,286,155
291,90,148,70,110
198,134
232,24,200,129,63
2,124,217
106,30,86
254,307
296,338,121
278,14,211
105,60,285,59,52
189,319,315,261,225
34,316,224
141,328,250
273,243,287,259
0,109,10
208,160,268
104,337,202
140,201,120
342,279,236,223
293,195,234,12
193,54
145,242,13,17,159
334,324,161
39,95,213,281
133,29,125,112
332,94,176,310
36,122,152
102,113,46
80,164,44
103
331,20
28,305
101,27
272,55
32,130,7,215,306
341,190,258
321
339,180,227
98,8,168,301,153
177,127,262
138,79,257,115
290,92,182,205,45
76
100,333,162
128,4,264
117,222,150,40,41
175,174,210,116,111,154
230,249,207
143,88,81,308
275,137,62,77
89,229,157
146,186,188,71,265,226
295,108,99,233,149,22
344,25,158
179,216,220,47
31
181,244,18,253
235,320,206,312
335,240,327,252
132,23,67
298,322,73,288
37,203,251,255
172,74,9,119,156
78,283,53,114,300
1,131,323
277,107,237,142,48
297
91,65
82,187,309
325,267,50,302,42
294,3,64,165,43
245,173
276,136,209,123,256
212,56
248,311,118,49
135,170
346,68,218
144,241,169,219
199,96,246,214,303
247,178,228
343,147,282,51,5
15,16,166,280,304,151
336,167
21,171,11,269,58
38,72
None
None
reading, running, checking time: 686 ms