Yes
63,182
270,303,60,186,231
281,292,243,195,322
171,122
202,90
8,132,111,167
92,44
87,159
253,112
282,220,306,280,324
25,177,121
297,39
24,108,246,96,328
51,31,99,155,232
287,123,339,163,277
219,250,152
26,117,300,193,205,78
32,336,333,17,157
58,295,33
22,104,126
236,238,16,148,161
214,262,7,334
29,242,332,183,267
283,34,235
127,207,248,47
218,54,110
315,76
133,298,86,107,156,239
265,176,309,98
215,288,229,233
178,153,100
168
237,9,1
335,180,15
10,72,190,125
179,67,252,189
50,88,149
197,192,160,185
261,129,174,102,321
142,83,329
208
210,290,316,275,114,209
284,66,206
200,68,170
138,286,56,14
97,227,36,81
134,21,91,338,196
201,115
130
135,139,151
289,53,291,0,120,19,230
57,140
313,11,2
162,101,276
285,266,221
164,263,113,226
305
257,145,144
191,143
211,147
247,109,271,70
308,188
59,150
217,301,154
105,37
213,294,241
85,141,6,314
23,278,65,228,225
319,318,337,75
95,124,181,13
212
136,43
307,18,158,71
62,299,256,311,41,73
293,199,274,234
296,69
317,258,79
198,175,4,82,249
244,326
310,80,260,204,45,89
172,169,12
28,187,5
94,106,35,323,146
264,269,279,173,77
194,273
216,84,330
20,268,38,30,46
255,320
165,128,312,302,304
103,272
131,166,223,118
27,52,93,116,331,222
245,42
137,184,325
3,49,327,48
251
240
259,224,119
55,64,40,74
254,61,203
reading, running, checking time: 690 ms