Yes
132,199,31,181,202
214,307,253,92
238,148
318,68,1
280,19,145,73
146,256,159
291,196
81,103
161,207,244,152
198,330,14,250,75
288,173,8,232,328
269,175,279
296,246
297,32,191,77,96,126
116,82,162,327
340,293,321
247,30,67
147,109,325,149
266
93,60,115
124,245,233
263,104,41
34,192
178,324
58,228,335,190,200
95,157,119
218,257,254
39,63,174,222,0
138,287,275,15
56,258,65
135,290,332,156
129,61,113,48
249,45,208
165,51,151
312,304,240,158
251,9
265,239
317,182
26,21,276,235
139,306,331
53,300,108,193
252,40
107,90,144
4,322
164,3,301,106,333
274
74
22,97,142
242,336,69,282
134,128,203
260,127,241,188,163,224
91,59,166,89,36
86,272,78
302,17,329
38,201,71
298,99,118
131,286,243
133,25,271,66,231,5
10,85,223,339,337,44
137,23
136,319
54,255
184,42
289,313,314,11,205
295,111,309,189
20,177,179
316,315,2,120
209,102,311,229,100
186,183
259,197,105,160
37,35,141,262
176,292,155,278
29,94,153,46
281,83,171,170,185
219,112,187,225,125
6,326
50,172,180
217,55,195
88,64,277
212,52,98,12,72
24,194,236,122
305,168,237,140
216,338,226,323
211,28,268
210,284,101,334,13,16
261,117,43
143,150,267
130,87,221,230
84,18,123,320
215,33,204
303,248,169
121,154,79
213,283,299,308
80,62
27,70
285,206,7,220,76
57,294,310,114
273,110
270,227,234,47
264,167,49
reading, running, checking time: 612 ms