Yes
276,34,48,9
102,317,113,40
136,150,321,77
242,252,116
53
132,54,294,307,229
27,56,118
23
310,244
55,93,79
171,103,46,149
148
85,306,31
282,41
289,255
104
127,180,202,17,267
219,201,141,203,190,145
210,108
271,111,62
135,68
228,240,168,44,147
24,296,226
249,312,74
247,175,15,19,117
250
59,309
211,139,35
284,298,164,181,122
20,13,169,45
256,235
65,324,209
29,291
80,156
51
213,281,286,52,191,7
28,270
30,66,49,144
4,305,179
261,195,39
176,42,154
61,142
212,319,173,258
311,234,263,67
214,280,300
124,58,253,16
288,151,155,47
120,121,245
110,304,278
25,26,21,129,198
224
185,158
172,94
273,279,115,302,152
218,183,153
299,76,126
6,254,182
260,86,64,177,193
97,11,237
128,33
114,170,220,36,78
137,293,60,323
215,160,63,88,233
0
264,3,100,105,187
174,303,10
166,318,197
259,92,275
106,12,143
257,162,72
178,90,73,2
269
216,91,315,188,221,208
292,200,251,112
95,239,320
217,194,277,140
268,57,70,96
138,266,101,8,119
189,14,314,236
134,37
22,290,272,1
295,274,107,125
69,18
313,82,165,243,230,146
297,248,99
131,83,231,205
130,199,316,89
241,227,232,325,262
301,32,225,238
87,322,75
246,222,5
265,159,71
192,207,184,123
161,43,206
283,81,157
133,109,186,98
285,196
167,308,38
287,163,204
50,223,84
reading, running, checking time: 647 ms