Yes
129,273,150
298,80
222,325,112
299,225,16
290,302,71
296,159,234,44
26,99
183,51,274,67
6,197,154
244,66,153,116,329,143,279
7,309,237
139,292,248
187,185,9
181,40,231
137
11
24,4,247
87,141,305,271
312
82
54,315
186,75
133,134,295,117,104,230
284,318,14,235
193,171,32
92,301,39,262
3,241
131,281,103,105,280
118,174,306,334,79
294,35,272,323
202,124
108,18,31,41
259,327,126
268,178,98,68
191,119
215,275,300,250
13,166,203
33,257,313,184,189,238,5
164,109,304,168,90
25,29,50,227,270,328
61,125
291,255,333,62,209
121,176,245
311,240,43
289,140,258,224,324
83,303,253,196,113
287,100,229,110
148
114,194,149
28,52,330
213,21,251,169
335,321,72
55,319,320
200,170
204
22
308,27,106,317
0,59,160,331,260
212,136,58,45
135,256,175,163,156
167,20,269,276,278
214,297
81,101,254,2
84,74,205
128,226,228,223,236
132,283,207,96
210,130,265,233
115,19,261
219,243,111
151,142
107,88,76
173,36,206
161,86
172,97,192,73
188,158
198,263
120,102,63,155,49
94,46,147
249,179,91
267,37,145
57,56
211,285,122,314,307,157
316,42,146
217
38,277,232,1
266,182
165,282,69,65
216,123,239,208
10,15
8,195,34,177,180,221
264,293,190,162,48
127,218,288,17
246,252,64
30,220,322,77
93,95,201,310,78
70,60
286,332,12,47
138,85,89,144
23,53,242,152,326
199
reading, running, checking time: 651 ms