Yes
130,255,228,160,202
42,124
133,51,110
150
183,166,5,329,261
217,293
84,249,200
59,254,104,175
271
277
123,56,199,325
280,151,185
272,82,34,250,2
107,229
24,3,78
287,332
135,245,208,121
195,12,328,144
310
131,240
176,152,239,77
173,38,13
218,95,79
262,264,288,48
294,145,274,203
326
219,22,80
281,118,106
111,163,41
7,108,168,237
220,66,311
39,91,320
197,181
198,234,201,169
53,164,257,321,72
286,331,233
211,94,186,273,75,1
21,162,235
26,28,206,18
285,101,188,189,148
92,32,230,270
63,238,76
128,291,252
267,292,117,156
137,147,171,88,155
308,248,109,159
113,322,204
138,89,224
289,246,165
125,11,143
275,15,43
93,231,243,179,16
258,47
122,304,184,157,87
303,244,242,74
54,67,61,68,36
85,301,193,114
120,290,315,178,167
212,309
25,221,112
129,295,226,313,192,17
27,283,19
215,247,35,170,153
223,0,269,52,194
134,284,58,70
227,319,241,327
174,177,330,180,324
57,50
296,30,116,266
305,40,126
214,210,119
127,314,102,9
142,10,45,140
216,6
263
253,323
69,103,62
299,60,49
136
298,90
139,265,317,276
268,81,98,154
187,209
312,83,64
86,251,256,279,73,96
37,14,236
190,300,44,205
20,29,31,278
306,232
318,33,182,196
23,222,302,99
146,100,172,225
282,8,46,141
297,333,71
213,191,161
207,260,259,97
4,55
132,115,105,316
307,65,158,149
None
reading, running, checking time: 600 ms