Yes
219,108,62
109,187,326
286,271,152,329
289,245,332
223
63,252,236
83,178
69,327,249
218,24,128,256,206,242,228
123,81,336,107
8,56,200
291,84,7,110
35,156,233
118,196,163
211,264,288,5,71,78
164,191
133,97,335,239
269,221,49,203
268,246
27,284,295,205
287,322,321,124
57,111,189
134,21,51,99
94,12
136,294,207,202
26,58,13
285,170,204
95,231,48
275
53,259,186
210,257,307,93
254,313,155,9
262,292,250,235,16,276
311,308,247,37
300
318,310,316,46
190,153,144,169
217,61
293,65,98
32,273,100,323
52,151,157
281,176,193,244,150,112
283,142,40
298,180,270
173,36
119,127,319,304,42
224,279,237
50,38,330,194,266
0,91,1
201,333,60
104,168,18
22,290,251,140
165
248
305,89,172,325
167,6
135,23,334,208,41
317,15,43,324,263
54,103,75
185,331,72
265,181,277,121
212,166,297,116,68
199,154,44
213,132,267,74
296,188,4
139,120,261
192,80,106,232
130,29,59,85,320,209
159,230,280,149
67,102,225,77
309,258,238,234
255,179,90,141
160,243,148
282,88,14,272,274
64,303,161,17,183,45
226,92
25,122,3,315
147,2
215,137,253,19,278
20,198,33
222,306,11
105
337,87,73
115
214,195,241,240
302,34,314
28,113,162,126
86,184,229
227,328
138,55,117,39,145
66,30
182,220,10,76
131,312,114
125,82,171,174,146
299,301,31
260,175,79
129,101,177,47
216,197,96
158,70,143
None
reading, running, checking time: 510 ms