Yes
223,268,259,300,203
288,101,88,208
10,293
199,225
252,282
313,165,239
298,308,276,42
105,316
58,292,304,62
93,23,144
250
206,314,96
139,22,264,57,14
287,191,112
138,81,61,184,6,232,209
296,253,64,189,235
318,66
212,24,53
39,31,161,231,76
29,109,186,156
25,275
291,92,125
163,198,202
87,176
70,227,280
19,238,234
195,145,151,147
130,290
319,251,185,15,111
164,48,263
67,38,71
168
84,188
207,106,140,77
127,200,86,34
295,172,181,197,124
131,265,98,261
201,11,233
274,226,170,13
100,35,160,16
26,255,305,97
122,312,302
236,1,126
94,243,150
54,317,306,247,99
219,120,262,266,309
123,132,43
215,133,180,152
166,107,196,116
297,278,246
204,49,205
307,83
12,146
60,254,90
5,249,187,78
177,175,224,44,40
162,258,72
286,272
134,108,229,17,89
294
192,115,119,68
28,32,157,237,260
8,182,315
216,218,65
289,159,277
211,167,7,149
257,18
217,241,248
50,110,113
103,142
178,183
59,117,301,169
135,114,79
102
137,4,270
174,33,256
95,143,148,121
104,41,75,2
283,271,3,245,222,154
214,55,153,9,141
136,91,36
21,190
128,171,303,194
80,69,155,47
213,27,230
299,244,45
311,74
221
20,281,269,240
267,51,310,85,173,228,158
56,30,37,63,320
210,285,52,82
129,273,179
0,220,46,73
193,279
284,118,242
None
None
None
None
reading, running, checking time: 667 ms